DV Lab, NTUEE, Qsyn 0.3.0
qsyn> ver 1
Note: verbose level is set to 1

qsyn> zxm -on
Illegal command!! (zxm)

qsyn> qccread benchmark/benchmark_SABRE/large/sqn_258.qasm
Note: QCir list is empty now. Create a new one.

qsyn> qc2zx

qsyn> zxgp
Graph 0( 16 inputs, 16 outputs, 14714 vertices, 19157 edges )

qsyn> zxcopy

qsyn> zxgadjoint

qsyn> zxcompose 0

qsyn> zxgprint
Graph 1( 16 inputs, 16 outputs, 29428 vertices, 38330 edges )

qsyn> zxgs -fr
Spider Fusion Rule            4 iteration(s)
Identity Removal Rule         1 iteration(s)
Spider Fusion Rule            1 iteration(s)
Pivot Rule                    2 iteration(s)
Identity Removal Rule         1 iteration(s)
Spider Fusion Rule            1 iteration(s)
Pivot Rule                    2 iteration(s)
Identity Removal Rule         1 iteration(s)
Spider Fusion Rule            1 iteration(s)
Pivot Rule                    1 iteration(s)
Identity Removal Rule         1 iteration(s)
Spider Fusion Rule            2 iteration(s)
Pivot Rule                    1 iteration(s)
Identity Removal Rule         1 iteration(s)
Spider Fusion Rule            1 iteration(s)
Pivot Rule                    1 iteration(s)
Identity Removal Rule         1 iteration(s)
Spider Fusion Rule            2 iteration(s)
Pivot Rule                    2 iteration(s)
Identity Removal Rule         1 iteration(s)
Spider Fusion Rule            1 iteration(s)
Pivot Rule                    1 iteration(s)
Identity Removal Rule         1 iteration(s)
Spider Fusion Rule            1 iteration(s)
Identity Removal Rule         1 iteration(s)
Spider Fusion Rule            1 iteration(s)
Pivot Rule                    1 iteration(s)
Identity Removal Rule         1 iteration(s)
Spider Fusion Rule            1 iteration(s)
Pivot Rule                    2 iteration(s)
Identity Removal Rule         1 iteration(s)
Spider Fusion Rule            1 iteration(s)
Pivot Rule                    1 iteration(s)
Identity Removal Rule         1 iteration(s)
Spider Fusion Rule            1 iteration(s)
Pivot Rule                    1 iteration(s)
Identity Removal Rule         1 iteration(s)
Spider Fusion Rule            1 iteration(s)
Pivot Rule                    2 iteration(s)
Identity Removal Rule         1 iteration(s)
Spider Fusion Rule            1 iteration(s)
Pivot Rule                    1 iteration(s)
Identity Removal Rule         1 iteration(s)
Spider Fusion Rule            2 iteration(s)
Pivot Rule                    1 iteration(s)
Identity Removal Rule         1 iteration(s)
Spider Fusion Rule            1 iteration(s)
Pivot Rule                    1 iteration(s)
Identity Removal Rule         1 iteration(s)
Spider Fusion Rule            2 iteration(s)
Pivot Rule                    2 iteration(s)
Identity Removal Rule         1 iteration(s)
Spider Fusion Rule            1 iteration(s)
Pivot Rule                    1 iteration(s)
Identity Removal Rule         1 iteration(s)
Spider Fusion Rule            1 iteration(s)
Identity Removal Rule         1 iteration(s)
Spider Fusion Rule            1 iteration(s)
Pivot Rule                    1 iteration(s)
Identity Removal Rule         1 iteration(s)
Spider Fusion Rule            1 iteration(s)
Pivot Rule                    2 iteration(s)
Identity Removal Rule         1 iteration(s)
Spider Fusion Rule            1 iteration(s)
Pivot Rule                    2 iteration(s)
Identity Removal Rule         1 iteration(s)
Spider Fusion Rule            1 iteration(s)
Pivot Rule                    1 iteration(s)
Identity Removal Rule         1 iteration(s)
Spider Fusion Rule            1 iteration(s)
Pivot Rule                    2 iteration(s)
Identity Removal Rule         1 iteration(s)
Spider Fusion Rule            1 iteration(s)
Pivot Rule                    1 iteration(s)
Identity Removal Rule         1 iteration(s)
Spider Fusion Rule            2 iteration(s)
Pivot Rule                    2 iteration(s)
Identity Removal Rule         1 iteration(s)
Spider Fusion Rule            1 iteration(s)
Pivot Rule                    1 iteration(s)
Identity Removal Rule         1 iteration(s)
Spider Fusion Rule            2 iteration(s)
Pivot Rule                    2 iteration(s)
Identity Removal Rule         1 iteration(s)
Spider Fusion Rule            1 iteration(s)
Pivot Rule                    1 iteration(s)
Identity Removal Rule         1 iteration(s)
Spider Fusion Rule            1 iteration(s)
Identity Removal Rule         1 iteration(s)
Spider Fusion Rule            1 iteration(s)
Pivot Rule                    1 iteration(s)
Identity Removal Rule         1 iteration(s)
Spider Fusion Rule            1 iteration(s)
Pivot Rule                    2 iteration(s)
Identity Removal Rule         1 iteration(s)
Spider Fusion Rule            1 iteration(s)
Pivot Rule                    1 iteration(s)
Identity Removal Rule         1 iteration(s)
Spider Fusion Rule            1 iteration(s)
Pivot Rule                    1 iteration(s)
Identity Removal Rule         1 iteration(s)
Spider Fusion Rule            1 iteration(s)
Pivot Rule                    2 iteration(s)
Identity Removal Rule         1 iteration(s)
Spider Fusion Rule            1 iteration(s)
Pivot Rule                    1 iteration(s)
Identity Removal Rule         1 iteration(s)
Spider Fusion Rule            1 iteration(s)
Pivot Rule                    1 iteration(s)
Local Complementation Rule    2 iteration(s)
Identity Removal Rule         1 iteration(s)
Spider Fusion Rule            1 iteration(s)
Pivot Rule                    2 iteration(s)
Identity Removal Rule         1 iteration(s)
Spider Fusion Rule            1 iteration(s)
Pivot Rule                    1 iteration(s)
Identity Removal Rule         1 iteration(s)
Spider Fusion Rule            2 iteration(s)
Pivot Rule                    1 iteration(s)
Identity Removal Rule         1 iteration(s)
Spider Fusion Rule            1 iteration(s)
Pivot Rule                    1 iteration(s)
Identity Removal Rule         1 iteration(s)
Spider Fusion Rule            1 iteration(s)
Pivot Rule                    2 iteration(s)
Identity Removal Rule         1 iteration(s)
Spider Fusion Rule            1 iteration(s)
Pivot Rule                    1 iteration(s)
Pivot Gadget Rule             15 iteration(s)
Identity Removal Rule         1 iteration(s)
Spider Fusion Rule            40 iteration(s)
Pivot Rule                    2 iteration(s)
Local Complementation Rule    112 iteration(s)
Identity Removal Rule         1 iteration(s)
Spider Fusion Rule            35 iteration(s)
Pivot Rule                    3 iteration(s)
Local Complementation Rule    18 iteration(s)
Identity Removal Rule         1 iteration(s)
Spider Fusion Rule            19 iteration(s)
Pivot Rule                    2 iteration(s)
Local Complementation Rule    9 iteration(s)
Identity Removal Rule         1 iteration(s)
Spider Fusion Rule            5 iteration(s)
Pivot Rule                    1 iteration(s)
Local Complementation Rule    2 iteration(s)
Identity Removal Rule         1 iteration(s)
Spider Fusion Rule            2 iteration(s)
Pivot Rule                    1 iteration(s)
Local Complementation Rule    2 iteration(s)
Identity Removal Rule         1 iteration(s)
Spider Fusion Rule            1 iteration(s)
Pivot Rule                    1 iteration(s)
Local Complementation Rule    2 iteration(s)
Identity Removal Rule         1 iteration(s)
Spider Fusion Rule            1 iteration(s)
Pivot Rule                    1 iteration(s)
Identity Removal Rule         1 iteration(s)
Spider Fusion Rule            1 iteration(s)
Pivot Rule                    1 iteration(s)
Identity Removal Rule         1 iteration(s)
Spider Fusion Rule            1 iteration(s)
Local Complementation Rule    2 iteration(s)
Identity Removal Rule         1 iteration(s)
Spider Fusion Rule            1 iteration(s)
Local Complementation Rule    2 iteration(s)
Identity Removal Rule         1 iteration(s)
Spider Fusion Rule            1 iteration(s)
Pivot Rule                    1 iteration(s)
Identity Removal Rule         1 iteration(s)
Spider Fusion Rule            1 iteration(s)
Pivot Rule                    1 iteration(s)
Local Complementation Rule    2 iteration(s)
Identity Removal Rule         1 iteration(s)
Spider Fusion Rule            1 iteration(s)
Pivot Rule                    1 iteration(s)
Identity Removal Rule         1 iteration(s)
Spider Fusion Rule            1 iteration(s)
Local Complementation Rule    2 iteration(s)
Identity Removal Rule         1 iteration(s)
Spider Fusion Rule            1 iteration(s)
Pivot Rule                    1 iteration(s)
Identity Removal Rule         1 iteration(s)
Spider Fusion Rule            1 iteration(s)
Phase Gadget Rule             1 iteration(s)
Identity Removal Rule         1 iteration(s)
Spider Fusion Rule            1 iteration(s)
Pivot Rule                    2 iteration(s)
Local Complementation Rule    130 iteration(s)
Pivot Gadget Rule             1 iteration(s)
Identity Removal Rule         1 iteration(s)
Spider Fusion Rule            1 iteration(s)
Pivot Rule                    3 iteration(s)
Identity Removal Rule         1 iteration(s)
Spider Fusion Rule            1 iteration(s)
Identity Removal Rule         1 iteration(s)
Spider Fusion Rule            1 iteration(s)
Pivot Rule                    1 iteration(s)
Identity Removal Rule         1 iteration(s)
Spider Fusion Rule            1 iteration(s)
Identity Removal Rule         1 iteration(s)
Spider Fusion Rule            1 iteration(s)
Pivot Rule                    1 iteration(s)
Identity Removal Rule         1 iteration(s)
Spider Fusion Rule            1 iteration(s)
Pivot Gadget Rule             1 iteration(s)
Identity Removal Rule         1 iteration(s)
Spider Fusion Rule            1 iteration(s)
Pivot Rule                    1 iteration(s)
Local Complementation Rule    2 iteration(s)
Identity Removal Rule         1 iteration(s)
Spider Fusion Rule            1 iteration(s)
Pivot Rule                    1 iteration(s)
Identity Removal Rule         1 iteration(s)
Spider Fusion Rule            1 iteration(s)
Pivot Rule                    1 iteration(s)
Identity Removal Rule         1 iteration(s)
Spider Fusion Rule            1 iteration(s)
Pivot Gadget Rule             1 iteration(s)
Identity Removal Rule         1 iteration(s)
Spider Fusion Rule            1 iteration(s)
Pivot Rule                    1 iteration(s)
Identity Removal Rule         1 iteration(s)
Spider Fusion Rule            1 iteration(s)
Pivot Gadget Rule             1 iteration(s)
Identity Removal Rule         1 iteration(s)
Spider Fusion Rule            1 iteration(s)
Pivot Rule                    1 iteration(s)
Identity Removal Rule         1 iteration(s)
Spider Fusion Rule            1 iteration(s)
Pivot Gadget Rule             2 iteration(s)
Identity Removal Rule         1 iteration(s)
Spider Fusion Rule            1 iteration(s)
Pivot Rule                    1 iteration(s)
Identity Removal Rule         1 iteration(s)
Spider Fusion Rule            1 iteration(s)
Phase Gadget Rule             1 iteration(s)
Pivot Rule                    1 iteration(s)
Pivot Gadget Rule             1 iteration(s)
Identity Removal Rule         1 iteration(s)
Spider Fusion Rule            1 iteration(s)
Pivot Rule                    1 iteration(s)
Identity Removal Rule         1 iteration(s)
Spider Fusion Rule            1 iteration(s)
Pivot Rule                    1 iteration(s)
Identity Removal Rule         1 iteration(s)
Spider Fusion Rule            1 iteration(s)
Pivot Rule                    1 iteration(s)
Identity Removal Rule         1 iteration(s)
Spider Fusion Rule            1 iteration(s)
Pivot Rule                    1 iteration(s)
Identity Removal Rule         1 iteration(s)
Spider Fusion Rule            1 iteration(s)
Pivot Rule                    1 iteration(s)
Identity Removal Rule         1 iteration(s)
Spider Fusion Rule            1 iteration(s)
Pivot Rule                    1 iteration(s)
Identity Removal Rule         1 iteration(s)
Spider Fusion Rule            1 iteration(s)
Phase Gadget Rule             1 iteration(s)
Pivot Rule                    1 iteration(s)
Pivot Gadget Rule             2 iteration(s)
Identity Removal Rule         1 iteration(s)
Spider Fusion Rule            1 iteration(s)
Pivot Rule                    3 iteration(s)
Identity Removal Rule         1 iteration(s)
Spider Fusion Rule            1 iteration(s)
Identity Removal Rule         1 iteration(s)
Spider Fusion Rule            2 iteration(s)
Pivot Rule                    1 iteration(s)
Local Complementation Rule    2 iteration(s)
Identity Removal Rule         1 iteration(s)
Spider Fusion Rule            1 iteration(s)
Pivot Rule                    1 iteration(s)
Identity Removal Rule         1 iteration(s)
Spider Fusion Rule            1 iteration(s)
Pivot Rule                    1 iteration(s)
Identity Removal Rule         1 iteration(s)
Spider Fusion Rule            1 iteration(s)
Pivot Rule                    2 iteration(s)
Identity Removal Rule         1 iteration(s)
Spider Fusion Rule            1 iteration(s)
Pivot Gadget Rule             1 iteration(s)
Identity Removal Rule         1 iteration(s)
Spider Fusion Rule            1 iteration(s)
Pivot Rule                    1 iteration(s)
Identity Removal Rule         1 iteration(s)
Spider Fusion Rule            1 iteration(s)
Pivot Rule                    1 iteration(s)
Identity Removal Rule         1 iteration(s)
Spider Fusion Rule            1 iteration(s)
Pivot Rule                    1 iteration(s)
Identity Removal Rule         1 iteration(s)
Spider Fusion Rule            1 iteration(s)
Pivot Rule                    1 iteration(s)
Identity Removal Rule         1 iteration(s)
Spider Fusion Rule            1 iteration(s)
Pivot Gadget Rule             2 iteration(s)
Identity Removal Rule         1 iteration(s)
Spider Fusion Rule            1 iteration(s)
Pivot Rule                    1 iteration(s)
Identity Removal Rule         1 iteration(s)
Spider Fusion Rule            1 iteration(s)
Pivot Rule                    1 iteration(s)
Identity Removal Rule         1 iteration(s)
Spider Fusion Rule            1 iteration(s)
Pivot Rule                    2 iteration(s)
Identity Removal Rule         1 iteration(s)
Spider Fusion Rule            1 iteration(s)
Identity Removal Rule         1 iteration(s)
Spider Fusion Rule            1 iteration(s)
Pivot Rule                    1 iteration(s)
Identity Removal Rule         1 iteration(s)
Spider Fusion Rule            1 iteration(s)
Pivot Rule                    1 iteration(s)
Identity Removal Rule         1 iteration(s)
Spider Fusion Rule            1 iteration(s)
Pivot Rule                    1 iteration(s)
Identity Removal Rule         1 iteration(s)
Spider Fusion Rule            1 iteration(s)
Pivot Rule                    2 iteration(s)
Identity Removal Rule         1 iteration(s)
Spider Fusion Rule            1 iteration(s)
Pivot Rule                    1 iteration(s)
Identity Removal Rule         1 iteration(s)
Spider Fusion Rule            1 iteration(s)
Pivot Rule                    1 iteration(s)
Identity Removal Rule         1 iteration(s)
Spider Fusion Rule            1 iteration(s)
Pivot Rule                    1 iteration(s)
Pivot Gadget Rule             1 iteration(s)
Identity Removal Rule         1 iteration(s)
Spider Fusion Rule            1 iteration(s)
Pivot Rule                    1 iteration(s)
Identity Removal Rule         1 iteration(s)
Spider Fusion Rule            1 iteration(s)
Pivot Rule                    1 iteration(s)
Identity Removal Rule         1 iteration(s)
Spider Fusion Rule            1 iteration(s)
Pivot Rule                    1 iteration(s)
Identity Removal Rule         1 iteration(s)
Spider Fusion Rule            1 iteration(s)
Identity Removal Rule         1 iteration(s)
Spider Fusion Rule            1 iteration(s)
Local Complementation Rule    2 iteration(s)
Identity Removal Rule         1 iteration(s)
Spider Fusion Rule            1 iteration(s)
Pivot Gadget Rule             1 iteration(s)
Identity Removal Rule         1 iteration(s)
Spider Fusion Rule            1 iteration(s)
Pivot Rule                    1 iteration(s)
Identity Removal Rule         1 iteration(s)
Spider Fusion Rule            1 iteration(s)
Pivot Rule                    1 iteration(s)
Identity Removal Rule         1 iteration(s)
Spider Fusion Rule            1 iteration(s)
Pivot Rule                    1 iteration(s)
Identity Removal Rule         1 iteration(s)
Spider Fusion Rule            1 iteration(s)
Identity Removal Rule         1 iteration(s)
Spider Fusion Rule            1 iteration(s)
Pivot Rule                    1 iteration(s)
Identity Removal Rule         1 iteration(s)
Spider Fusion Rule            1 iteration(s)
Identity Removal Rule         1 iteration(s)
Spider Fusion Rule            1 iteration(s)
Pivot Rule                    1 iteration(s)
Identity Removal Rule         1 iteration(s)
Spider Fusion Rule            1 iteration(s)
Pivot Gadget Rule             3 iteration(s)
Identity Removal Rule         1 iteration(s)
Spider Fusion Rule            1 iteration(s)
Pivot Rule                    2 iteration(s)
Local Complementation Rule    2 iteration(s)
Identity Removal Rule         1 iteration(s)
Spider Fusion Rule            1 iteration(s)
Identity Removal Rule         1 iteration(s)
Spider Fusion Rule            1 iteration(s)
Pivot Rule                    1 iteration(s)
Identity Removal Rule         1 iteration(s)
Spider Fusion Rule            1 iteration(s)
Pivot Rule                    2 iteration(s)
Identity Removal Rule         1 iteration(s)
Spider Fusion Rule            1 iteration(s)
Identity Removal Rule         1 iteration(s)
Spider Fusion Rule            1 iteration(s)
Pivot Rule                    1 iteration(s)
Identity Removal Rule         1 iteration(s)
Spider Fusion Rule            1 iteration(s)
Identity Removal Rule         1 iteration(s)
Spider Fusion Rule            1 iteration(s)
Pivot Rule                    1 iteration(s)
Identity Removal Rule         1 iteration(s)
Spider Fusion Rule            1 iteration(s)
Local Complementation Rule    2 iteration(s)
Identity Removal Rule         1 iteration(s)
Spider Fusion Rule            1 iteration(s)
Pivot Rule                    1 iteration(s)
Identity Removal Rule         1 iteration(s)
Spider Fusion Rule            1 iteration(s)
Phase Gadget Rule             1 iteration(s)
Pivot Rule                    1 iteration(s)
Pivot Gadget Rule             1 iteration(s)
Identity Removal Rule         1 iteration(s)
Spider Fusion Rule            1 iteration(s)
Pivot Rule                    2 iteration(s)
Identity Removal Rule         1 iteration(s)
Spider Fusion Rule            1 iteration(s)
Pivot Gadget Rule             2 iteration(s)
Identity Removal Rule         1 iteration(s)
Spider Fusion Rule            1 iteration(s)
Pivot Rule                    2 iteration(s)
Local Complementation Rule    2 iteration(s)
Identity Removal Rule         1 iteration(s)
Spider Fusion Rule            1 iteration(s)
Pivot Rule                    1 iteration(s)
Identity Removal Rule         1 iteration(s)
Spider Fusion Rule            1 iteration(s)
Pivot Rule                    1 iteration(s)
Identity Removal Rule         1 iteration(s)
Spider Fusion Rule            1 iteration(s)
Pivot Rule                    1 iteration(s)
Local Complementation Rule    2 iteration(s)
Identity Removal Rule         1 iteration(s)
Spider Fusion Rule            1 iteration(s)
Identity Removal Rule         1 iteration(s)
Spider Fusion Rule            1 iteration(s)
Pivot Rule                    1 iteration(s)
Identity Removal Rule         1 iteration(s)
Spider Fusion Rule            1 iteration(s)
Pivot Rule                    2 iteration(s)
Identity Removal Rule         1 iteration(s)
Spider Fusion Rule            1 iteration(s)
Identity Removal Rule         1 iteration(s)
Spider Fusion Rule            1 iteration(s)
Local Complementation Rule    2 iteration(s)
Identity Removal Rule         1 iteration(s)
Spider Fusion Rule            1 iteration(s)
Identity Removal Rule         1 iteration(s)
Spider Fusion Rule            1 iteration(s)
Local Complementation Rule    2 iteration(s)
Identity Removal Rule         1 iteration(s)
Spider Fusion Rule            1 iteration(s)
Pivot Rule                    1 iteration(s)
Identity Removal Rule         1 iteration(s)
Spider Fusion Rule            2 iteration(s)
Pivot Rule                    1 iteration(s)
Identity Removal Rule         1 iteration(s)
Spider Fusion Rule            2 iteration(s)
Local Complementation Rule    2 iteration(s)
Identity Removal Rule         1 iteration(s)
Spider Fusion Rule            1 iteration(s)
Identity Removal Rule         1 iteration(s)
Spider Fusion Rule            1 iteration(s)
Pivot Rule                    1 iteration(s)
Identity Removal Rule         1 iteration(s)
Spider Fusion Rule            1 iteration(s)
Pivot Rule                    2 iteration(s)
Identity Removal Rule         1 iteration(s)
Spider Fusion Rule            1 iteration(s)
Identity Removal Rule         1 iteration(s)
Spider Fusion Rule            1 iteration(s)
Pivot Rule                    1 iteration(s)
Identity Removal Rule         1 iteration(s)
Spider Fusion Rule            2 iteration(s)
Local Complementation Rule    2 iteration(s)
Identity Removal Rule         1 iteration(s)
Spider Fusion Rule            1 iteration(s)
Pivot Rule                    2 iteration(s)
Identity Removal Rule         1 iteration(s)
Spider Fusion Rule            1 iteration(s)
Local Complementation Rule    4 iteration(s)
Identity Removal Rule         1 iteration(s)
Spider Fusion Rule            1 iteration(s)
Pivot Rule                    1 iteration(s)
Identity Removal Rule         1 iteration(s)
Spider Fusion Rule            1 iteration(s)
Pivot Rule                    1 iteration(s)
Pivot Gadget Rule             2 iteration(s)
Identity Removal Rule         1 iteration(s)
Spider Fusion Rule            2 iteration(s)
Pivot Rule                    3 iteration(s)
Identity Removal Rule         1 iteration(s)
Spider Fusion Rule            1 iteration(s)
Identity Removal Rule         1 iteration(s)
Spider Fusion Rule            1 iteration(s)
Pivot Rule                    1 iteration(s)
Identity Removal Rule         1 iteration(s)
Spider Fusion Rule            1 iteration(s)
Pivot Rule                    1 iteration(s)
Identity Removal Rule         1 iteration(s)
Spider Fusion Rule            1 iteration(s)
Pivot Rule                    1 iteration(s)
Identity Removal Rule         1 iteration(s)
Spider Fusion Rule            1 iteration(s)
Pivot Gadget Rule             1 iteration(s)
Identity Removal Rule         1 iteration(s)
Spider Fusion Rule            1 iteration(s)
Pivot Rule                    1 iteration(s)
Identity Removal Rule         1 iteration(s)
Spider Fusion Rule            1 iteration(s)
Phase Gadget Rule             1 iteration(s)
Pivot Rule                    1 iteration(s)
Pivot Gadget Rule             1 iteration(s)
Identity Removal Rule         1 iteration(s)
Spider Fusion Rule            1 iteration(s)
Pivot Rule                    1 iteration(s)
Identity Removal Rule         1 iteration(s)
Spider Fusion Rule            1 iteration(s)
Pivot Rule                    1 iteration(s)
Identity Removal Rule         1 iteration(s)
Spider Fusion Rule            1 iteration(s)
Local Complementation Rule    2 iteration(s)
Identity Removal Rule         1 iteration(s)
Spider Fusion Rule            1 iteration(s)
Identity Removal Rule         1 iteration(s)
Spider Fusion Rule            1 iteration(s)
Local Complementation Rule    2 iteration(s)
Identity Removal Rule         1 iteration(s)
Spider Fusion Rule            1 iteration(s)
Pivot Rule                    1 iteration(s)
Identity Removal Rule         1 iteration(s)
Spider Fusion Rule            1 iteration(s)
Pivot Gadget Rule             1 iteration(s)
Phase Gadget Rule             1 iteration(s)
Identity Removal Rule         1 iteration(s)
Spider Fusion Rule            1 iteration(s)
Pivot Rule                    1 iteration(s)
Identity Removal Rule         1 iteration(s)
Spider Fusion Rule            1 iteration(s)
Pivot Rule                    1 iteration(s)
Identity Removal Rule         1 iteration(s)
Spider Fusion Rule            1 iteration(s)
Pivot Rule                    2 iteration(s)
Identity Removal Rule         1 iteration(s)
Spider Fusion Rule            1 iteration(s)
Identity Removal Rule         1 iteration(s)
Spider Fusion Rule            1 iteration(s)
Pivot Rule                    1 iteration(s)
Identity Removal Rule         1 iteration(s)
Spider Fusion Rule            1 iteration(s)
Local Complementation Rule    4 iteration(s)
Pivot Gadget Rule             1 iteration(s)
Phase Gadget Rule             1 iteration(s)
Identity Removal Rule         1 iteration(s)
Spider Fusion Rule            1 iteration(s)
Pivot Rule                    1 iteration(s)
Local Complementation Rule    2 iteration(s)
Identity Removal Rule         1 iteration(s)
Spider Fusion Rule            1 iteration(s)
Local Complementation Rule    2 iteration(s)
Identity Removal Rule         1 iteration(s)
Spider Fusion Rule            1 iteration(s)
Pivot Rule                    1 iteration(s)
Identity Removal Rule         1 iteration(s)
Spider Fusion Rule            1 iteration(s)
Pivot Rule                    1 iteration(s)
Identity Removal Rule         1 iteration(s)
Spider Fusion Rule            1 iteration(s)
Pivot Gadget Rule             1 iteration(s)
Phase Gadget Rule             1 iteration(s)
Identity Removal Rule         1 iteration(s)
Spider Fusion Rule            1 iteration(s)
Pivot Rule                    1 iteration(s)
Identity Removal Rule         1 iteration(s)
Spider Fusion Rule            1 iteration(s)
Pivot Rule                    1 iteration(s)
Identity Removal Rule         1 iteration(s)
Spider Fusion Rule            1 iteration(s)
Identity Removal Rule         1 iteration(s)
Spider Fusion Rule            1 iteration(s)
Pivot Rule                    1 iteration(s)
Identity Removal Rule         1 iteration(s)
Spider Fusion Rule            1 iteration(s)
Pivot Gadget Rule             1 iteration(s)
Identity Removal Rule         1 iteration(s)
Spider Fusion Rule            1 iteration(s)
Pivot Rule                    1 iteration(s)
Identity Removal Rule         1 iteration(s)
Spider Fusion Rule            1 iteration(s)
Pivot Rule                    1 iteration(s)
Identity Removal Rule         1 iteration(s)
Spider Fusion Rule            1 iteration(s)
Pivot Rule                    1 iteration(s)
Identity Removal Rule         1 iteration(s)
Spider Fusion Rule            1 iteration(s)
Phase Gadget Rule             1 iteration(s)
Pivot Rule                    1 iteration(s)
Pivot Gadget Rule             1 iteration(s)
Identity Removal Rule         1 iteration(s)
Spider Fusion Rule            1 iteration(s)
Pivot Rule                    1 iteration(s)
Identity Removal Rule         1 iteration(s)
Spider Fusion Rule            1 iteration(s)
Identity Removal Rule         1 iteration(s)
Spider Fusion Rule            1 iteration(s)
Local Complementation Rule    2 iteration(s)
Identity Removal Rule         1 iteration(s)
Spider Fusion Rule            1 iteration(s)
Pivot Rule                    1 iteration(s)
Identity Removal Rule         1 iteration(s)
Spider Fusion Rule            1 iteration(s)
Pivot Rule                    1 iteration(s)
Identity Removal Rule         1 iteration(s)
Spider Fusion Rule            1 iteration(s)
Identity Removal Rule         1 iteration(s)
Spider Fusion Rule            1 iteration(s)
Pivot Rule                    1 iteration(s)
Identity Removal Rule         1 iteration(s)
Spider Fusion Rule            1 iteration(s)
Pivot Gadget Rule             1 iteration(s)
Identity Removal Rule         1 iteration(s)
Spider Fusion Rule            1 iteration(s)
Pivot Rule                    1 iteration(s)
Identity Removal Rule         1 iteration(s)
Spider Fusion Rule            1 iteration(s)
Identity Removal Rule         1 iteration(s)
Spider Fusion Rule            1 iteration(s)
Pivot Rule                    1 iteration(s)
Identity Removal Rule         1 iteration(s)
Spider Fusion Rule            1 iteration(s)
Pivot Rule                    2 iteration(s)
Identity Removal Rule         1 iteration(s)
Spider Fusion Rule            1 iteration(s)
Pivot Gadget Rule             1 iteration(s)
Identity Removal Rule         1 iteration(s)
Spider Fusion Rule            1 iteration(s)
Pivot Rule                    1 iteration(s)
Identity Removal Rule         1 iteration(s)
Spider Fusion Rule            1 iteration(s)
Identity Removal Rule         1 iteration(s)
Spider Fusion Rule            1 iteration(s)
Local Complementation Rule    2 iteration(s)
Identity Removal Rule         1 iteration(s)
Spider Fusion Rule            1 iteration(s)
Pivot Rule                    1 iteration(s)
Local Complementation Rule    2 iteration(s)
Identity Removal Rule         1 iteration(s)
Spider Fusion Rule            1 iteration(s)
Phase Gadget Rule             1 iteration(s)
Pivot Rule                    1 iteration(s)
Pivot Gadget Rule             1 iteration(s)
Phase Gadget Rule             1 iteration(s)
Identity Removal Rule         1 iteration(s)
Spider Fusion Rule            1 iteration(s)
Pivot Rule                    2 iteration(s)
Local Complementation Rule    2 iteration(s)
Identity Removal Rule         1 iteration(s)
Spider Fusion Rule            1 iteration(s)
Pivot Rule                    1 iteration(s)
Identity Removal Rule         1 iteration(s)
Spider Fusion Rule            1 iteration(s)
Identity Removal Rule         1 iteration(s)
Spider Fusion Rule            1 iteration(s)
Local Complementation Rule    2 iteration(s)
Identity Removal Rule         1 iteration(s)
Spider Fusion Rule            1 iteration(s)
Local Complementation Rule    2 iteration(s)
Pivot Rule                    1 iteration(s)
Identity Removal Rule         1 iteration(s)
Spider Fusion Rule            1 iteration(s)
Identity Removal Rule         1 iteration(s)
Spider Fusion Rule            1 iteration(s)
Pivot Rule                    1 iteration(s)
Identity Removal Rule         1 iteration(s)
Spider Fusion Rule            1 iteration(s)
Identity Removal Rule         1 iteration(s)
Spider Fusion Rule            1 iteration(s)
Local Complementation Rule    2 iteration(s)
Identity Removal Rule         1 iteration(s)
Spider Fusion Rule            1 iteration(s)
Pivot Rule                    1 iteration(s)
Identity Removal Rule         1 iteration(s)
Spider Fusion Rule            1 iteration(s)
Pivot Rule                    1 iteration(s)
Identity Removal Rule         1 iteration(s)
Spider Fusion Rule            1 iteration(s)
Identity Removal Rule         1 iteration(s)
Spider Fusion Rule            1 iteration(s)
Pivot Rule                    1 iteration(s)
Identity Removal Rule         1 iteration(s)
Spider Fusion Rule            1 iteration(s)
Identity Removal Rule         1 iteration(s)
Spider Fusion Rule            1 iteration(s)
Local Complementation Rule    2 iteration(s)
Identity Removal Rule         1 iteration(s)
Spider Fusion Rule            1 iteration(s)
Local Complementation Rule    2 iteration(s)
Pivot Rule                    1 iteration(s)
Identity Removal Rule         1 iteration(s)
Spider Fusion Rule            1 iteration(s)
Pivot Gadget Rule             1 iteration(s)
Identity Removal Rule         1 iteration(s)
Spider Fusion Rule            1 iteration(s)
Pivot Rule                    1 iteration(s)
Local Complementation Rule    2 iteration(s)
Pivot Gadget Rule             2 iteration(s)
Identity Removal Rule         1 iteration(s)
Spider Fusion Rule            1 iteration(s)
Pivot Rule                    1 iteration(s)
Identity Removal Rule         1 iteration(s)
Spider Fusion Rule            1 iteration(s)
Local Complementation Rule    2 iteration(s)
Identity Removal Rule         1 iteration(s)
Spider Fusion Rule            1 iteration(s)
Pivot Rule                    2 iteration(s)
Local Complementation Rule    2 iteration(s)
Identity Removal Rule         1 iteration(s)
Spider Fusion Rule            1 iteration(s)
Identity Removal Rule         1 iteration(s)
Spider Fusion Rule            1 iteration(s)
Local Complementation Rule    2 iteration(s)
Identity Removal Rule         1 iteration(s)
Spider Fusion Rule            1 iteration(s)
Phase Gadget Rule             1 iteration(s)
Pivot Rule                    1 iteration(s)
Pivot Gadget Rule             1 iteration(s)
Phase Gadget Rule             1 iteration(s)
Identity Removal Rule         1 iteration(s)
Spider Fusion Rule            1 iteration(s)
Pivot Rule                    1 iteration(s)
Pivot Gadget Rule             2 iteration(s)
Identity Removal Rule         1 iteration(s)
Spider Fusion Rule            1 iteration(s)
Pivot Rule                    1 iteration(s)
Identity Removal Rule         1 iteration(s)
Spider Fusion Rule            1 iteration(s)
Identity Removal Rule         1 iteration(s)
Spider Fusion Rule            1 iteration(s)
Local Complementation Rule    2 iteration(s)
Identity Removal Rule         1 iteration(s)
Spider Fusion Rule            1 iteration(s)
Local Complementation Rule    2 iteration(s)
Pivot Rule                    1 iteration(s)
Identity Removal Rule         1 iteration(s)
Spider Fusion Rule            1 iteration(s)
Identity Removal Rule         1 iteration(s)
Spider Fusion Rule            1 iteration(s)
Pivot Rule                    1 iteration(s)
Identity Removal Rule         1 iteration(s)
Spider Fusion Rule            1 iteration(s)
Identity Removal Rule         1 iteration(s)
Spider Fusion Rule            1 iteration(s)
Pivot Rule                    1 iteration(s)
Identity Removal Rule         1 iteration(s)
Spider Fusion Rule            1 iteration(s)
Pivot Rule                    1 iteration(s)
Local Complementation Rule    2 iteration(s)
Identity Removal Rule         1 iteration(s)
Spider Fusion Rule            1 iteration(s)
Identity Removal Rule         1 iteration(s)
Spider Fusion Rule            1 iteration(s)
Pivot Rule                    1 iteration(s)
Identity Removal Rule         1 iteration(s)
Spider Fusion Rule            1 iteration(s)
Pivot Rule                    1 iteration(s)
Identity Removal Rule         1 iteration(s)
Spider Fusion Rule            1 iteration(s)
Identity Removal Rule         1 iteration(s)
Spider Fusion Rule            1 iteration(s)
Local Complementation Rule    2 iteration(s)
Identity Removal Rule         1 iteration(s)
Spider Fusion Rule            1 iteration(s)
Local Complementation Rule    2 iteration(s)
Pivot Rule                    1 iteration(s)
Identity Removal Rule         1 iteration(s)
Spider Fusion Rule            1 iteration(s)
Identity Removal Rule         1 iteration(s)
Spider Fusion Rule            1 iteration(s)
Pivot Rule                    1 iteration(s)
Identity Removal Rule         1 iteration(s)
Spider Fusion Rule            1 iteration(s)
Identity Removal Rule         1 iteration(s)
Spider Fusion Rule            1 iteration(s)
Pivot Rule                    1 iteration(s)
Identity Removal Rule         1 iteration(s)
Spider Fusion Rule            1 iteration(s)
Phase Gadget Rule             1 iteration(s)
Pivot Rule                    1 iteration(s)
Pivot Gadget Rule             1 iteration(s)
Phase Gadget Rule             1 iteration(s)
Identity Removal Rule         1 iteration(s)
Spider Fusion Rule            1 iteration(s)
Pivot Rule                    1 iteration(s)
Local Complementation Rule    2 iteration(s)
Identity Removal Rule         1 iteration(s)
Spider Fusion Rule            1 iteration(s)
Pivot Rule                    1 iteration(s)
Identity Removal Rule         1 iteration(s)
Spider Fusion Rule            1 iteration(s)
Pivot Rule                    1 iteration(s)
Local Complementation Rule    2 iteration(s)
Identity Removal Rule         1 iteration(s)
Spider Fusion Rule            1 iteration(s)
Identity Removal Rule         1 iteration(s)
Spider Fusion Rule            1 iteration(s)
Pivot Rule                    1 iteration(s)
Identity Removal Rule         1 iteration(s)
Spider Fusion Rule            1 iteration(s)
Identity Removal Rule         1 iteration(s)
Spider Fusion Rule            1 iteration(s)
Local Complementation Rule    2 iteration(s)
Identity Removal Rule         1 iteration(s)
Spider Fusion Rule            1 iteration(s)
Local Complementation Rule    2 iteration(s)
Pivot Rule                    1 iteration(s)
Identity Removal Rule         1 iteration(s)
Spider Fusion Rule            1 iteration(s)
Identity Removal Rule         1 iteration(s)
Spider Fusion Rule            1 iteration(s)
Pivot Rule                    1 iteration(s)
Identity Removal Rule         1 iteration(s)
Spider Fusion Rule            1 iteration(s)
Pivot Rule                    1 iteration(s)
Pivot Gadget Rule             2 iteration(s)
Identity Removal Rule         1 iteration(s)
Spider Fusion Rule            1 iteration(s)
Pivot Rule                    1 iteration(s)
Identity Removal Rule         1 iteration(s)
Spider Fusion Rule            1 iteration(s)
Identity Removal Rule         1 iteration(s)
Spider Fusion Rule            1 iteration(s)
Local Complementation Rule    2 iteration(s)
Identity Removal Rule         1 iteration(s)
Spider Fusion Rule            1 iteration(s)
Pivot Rule                    2 iteration(s)
Identity Removal Rule         1 iteration(s)
Spider Fusion Rule            1 iteration(s)
Pivot Gadget Rule             1 iteration(s)
Identity Removal Rule         1 iteration(s)
Spider Fusion Rule            1 iteration(s)
Pivot Rule                    1 iteration(s)
Identity Removal Rule         1 iteration(s)
Spider Fusion Rule            1 iteration(s)
Identity Removal Rule         1 iteration(s)
Spider Fusion Rule            1 iteration(s)
Pivot Rule                    1 iteration(s)
Identity Removal Rule         1 iteration(s)
Spider Fusion Rule            1 iteration(s)
Pivot Gadget Rule             1 iteration(s)
Identity Removal Rule         1 iteration(s)
Spider Fusion Rule            1 iteration(s)
Local Complementation Rule    4 iteration(s)
Identity Removal Rule         1 iteration(s)
Spider Fusion Rule            1 iteration(s)
Pivot Rule                    1 iteration(s)
Identity Removal Rule         1 iteration(s)
Spider Fusion Rule            1 iteration(s)
Identity Removal Rule         1 iteration(s)
Spider Fusion Rule            1 iteration(s)
Pivot Rule                    1 iteration(s)
Identity Removal Rule         1 iteration(s)
Spider Fusion Rule            1 iteration(s)
Pivot Gadget Rule             1 iteration(s)
Identity Removal Rule         1 iteration(s)
Spider Fusion Rule            1 iteration(s)
Pivot Rule                    1 iteration(s)
Pivot Gadget Rule             1 iteration(s)
Identity Removal Rule         1 iteration(s)
Spider Fusion Rule            1 iteration(s)
Pivot Rule                    1 iteration(s)
Identity Removal Rule         1 iteration(s)
Spider Fusion Rule            1 iteration(s)
Pivot Rule                    1 iteration(s)
Pivot Gadget Rule             1 iteration(s)
Identity Removal Rule         1 iteration(s)
Spider Fusion Rule            1 iteration(s)
Local Complementation Rule    2 iteration(s)
Identity Removal Rule         1 iteration(s)
Spider Fusion Rule            1 iteration(s)
Pivot Rule                    1 iteration(s)
Identity Removal Rule         1 iteration(s)
Spider Fusion Rule            1 iteration(s)
Pivot Gadget Rule             1 iteration(s)
Identity Removal Rule         1 iteration(s)
Spider Fusion Rule            1 iteration(s)
Pivot Rule                    1 iteration(s)
Identity Removal Rule         1 iteration(s)
Spider Fusion Rule            1 iteration(s)
Pivot Rule                    1 iteration(s)
Identity Removal Rule         1 iteration(s)
Spider Fusion Rule            1 iteration(s)
Pivot Rule                    1 iteration(s)
Identity Removal Rule         1 iteration(s)
Spider Fusion Rule            1 iteration(s)
Pivot Rule                    1 iteration(s)
Identity Removal Rule         1 iteration(s)
Spider Fusion Rule            1 iteration(s)
Pivot Gadget Rule             2 iteration(s)
Identity Removal Rule         1 iteration(s)
Spider Fusion Rule            1 iteration(s)
Pivot Rule                    1 iteration(s)
Local Complementation Rule    2 iteration(s)
Phase Gadget Rule             1 iteration(s)
Pivot Rule                    1 iteration(s)
Pivot Gadget Rule             1 iteration(s)
Identity Removal Rule         1 iteration(s)
Spider Fusion Rule            1 iteration(s)
Pivot Rule                    1 iteration(s)
Identity Removal Rule         1 iteration(s)
Spider Fusion Rule            1 iteration(s)
Phase Gadget Rule             1 iteration(s)
Pivot Rule                    1 iteration(s)
Pivot Gadget Rule             1 iteration(s)
Identity Removal Rule         1 iteration(s)
Spider Fusion Rule            1 iteration(s)
Pivot Rule                    1 iteration(s)
Identity Removal Rule         1 iteration(s)
Spider Fusion Rule            1 iteration(s)
Pivot Rule                    1 iteration(s)
Identity Removal Rule         1 iteration(s)
Spider Fusion Rule            1 iteration(s)
Pivot Rule                    1 iteration(s)
Identity Removal Rule         1 iteration(s)
Spider Fusion Rule            1 iteration(s)
Pivot Rule                    1 iteration(s)
Identity Removal Rule         1 iteration(s)
Spider Fusion Rule            1 iteration(s)
Pivot Rule                    1 iteration(s)
Identity Removal Rule         1 iteration(s)
Spider Fusion Rule            1 iteration(s)
Pivot Rule                    1 iteration(s)
Identity Removal Rule         1 iteration(s)
Spider Fusion Rule            1 iteration(s)
Pivot Rule                    2 iteration(s)
Identity Removal Rule         1 iteration(s)
Spider Fusion Rule            1 iteration(s)
Identity Removal Rule         1 iteration(s)
Spider Fusion Rule            1 iteration(s)
Pivot Rule                    1 iteration(s)
Identity Removal Rule         1 iteration(s)
Spider Fusion Rule            1 iteration(s)
Pivot Gadget Rule             1 iteration(s)
Identity Removal Rule         1 iteration(s)
Spider Fusion Rule            1 iteration(s)
Pivot Rule                    1 iteration(s)
Local Complementation Rule    4 iteration(s)
Identity Removal Rule         1 iteration(s)
Spider Fusion Rule            1 iteration(s)
Local Complementation Rule    2 iteration(s)
Identity Removal Rule         1 iteration(s)
Spider Fusion Rule            1 iteration(s)
Identity Removal Rule         1 iteration(s)
Spider Fusion Rule            1 iteration(s)
Local Complementation Rule    2 iteration(s)
Identity Removal Rule         1 iteration(s)
Spider Fusion Rule            1 iteration(s)
Identity Removal Rule         1 iteration(s)
Spider Fusion Rule            1 iteration(s)
Pivot Rule                    1 iteration(s)
Identity Removal Rule         1 iteration(s)
Spider Fusion Rule            1 iteration(s)
Pivot Rule                    1 iteration(s)
Identity Removal Rule         1 iteration(s)
Spider Fusion Rule            2 iteration(s)
Pivot Rule                    1 iteration(s)
Identity Removal Rule         1 iteration(s)
Spider Fusion Rule            1 iteration(s)
Pivot Rule                    1 iteration(s)
Local Complementation Rule    2 iteration(s)
Identity Removal Rule         1 iteration(s)
Spider Fusion Rule            1 iteration(s)
Identity Removal Rule         1 iteration(s)
Spider Fusion Rule            1 iteration(s)
Pivot Rule                    1 iteration(s)
Identity Removal Rule         1 iteration(s)
Spider Fusion Rule            1 iteration(s)
Pivot Rule                    2 iteration(s)
Identity Removal Rule         1 iteration(s)
Spider Fusion Rule            1 iteration(s)
Identity Removal Rule         1 iteration(s)
Spider Fusion Rule            1 iteration(s)
Pivot Rule                    2 iteration(s)
Identity Removal Rule         1 iteration(s)
Spider Fusion Rule            1 iteration(s)
Pivot Gadget Rule             2 iteration(s)
Identity Removal Rule         1 iteration(s)
Spider Fusion Rule            1 iteration(s)
Local Complementation Rule    4 iteration(s)
Identity Removal Rule         1 iteration(s)
Spider Fusion Rule            1 iteration(s)
Local Complementation Rule    2 iteration(s)
Identity Removal Rule         1 iteration(s)
Spider Fusion Rule            1 iteration(s)
Pivot Rule                    1 iteration(s)
Identity Removal Rule         1 iteration(s)
Spider Fusion Rule            1 iteration(s)
Pivot Rule                    1 iteration(s)
Identity Removal Rule         1 iteration(s)
Spider Fusion Rule            1 iteration(s)
Phase Gadget Rule             1 iteration(s)
Pivot Rule                    1 iteration(s)
Local Complementation Rule    2 iteration(s)
Pivot Gadget Rule             2 iteration(s)
Identity Removal Rule         1 iteration(s)
Spider Fusion Rule            1 iteration(s)
Pivot Rule                    1 iteration(s)
Identity Removal Rule         1 iteration(s)
Spider Fusion Rule            1 iteration(s)
Pivot Rule                    1 iteration(s)
Identity Removal Rule         1 iteration(s)
Spider Fusion Rule            1 iteration(s)
Pivot Rule                    1 iteration(s)
Identity Removal Rule         1 iteration(s)
Spider Fusion Rule            1 iteration(s)
Pivot Gadget Rule             1 iteration(s)
Identity Removal Rule         1 iteration(s)
Spider Fusion Rule            1 iteration(s)
Pivot Rule                    3 iteration(s)
Local Complementation Rule    4 iteration(s)
Identity Removal Rule         1 iteration(s)
Spider Fusion Rule            1 iteration(s)
Local Complementation Rule    2 iteration(s)
Identity Removal Rule         1 iteration(s)
Spider Fusion Rule            1 iteration(s)
Identity Removal Rule         1 iteration(s)
Spider Fusion Rule            1 iteration(s)
Local Complementation Rule    2 iteration(s)
Identity Removal Rule         1 iteration(s)
Spider Fusion Rule            1 iteration(s)
Identity Removal Rule         1 iteration(s)
Spider Fusion Rule            1 iteration(s)
Pivot Rule                    1 iteration(s)
Identity Removal Rule         1 iteration(s)
Spider Fusion Rule            1 iteration(s)
Identity Removal Rule         1 iteration(s)
Spider Fusion Rule            1 iteration(s)
Local Complementation Rule    2 iteration(s)
Identity Removal Rule         1 iteration(s)
Spider Fusion Rule            1 iteration(s)
Pivot Rule                    1 iteration(s)
Phase Gadget Rule             1 iteration(s)
Pivot Rule                    1 iteration(s)
Pivot Gadget Rule             2 iteration(s)
Identity Removal Rule         1 iteration(s)
Spider Fusion Rule            1 iteration(s)
Local Complementation Rule    2 iteration(s)
Identity Removal Rule         1 iteration(s)
Spider Fusion Rule            1 iteration(s)
Pivot Rule                    1 iteration(s)
Identity Removal Rule         1 iteration(s)
Spider Fusion Rule            1 iteration(s)
Local Complementation Rule    2 iteration(s)
Identity Removal Rule         1 iteration(s)
Spider Fusion Rule            1 iteration(s)
Pivot Rule                    1 iteration(s)
Pivot Gadget Rule             1 iteration(s)
Identity Removal Rule         1 iteration(s)
Spider Fusion Rule            1 iteration(s)
Pivot Rule                    1 iteration(s)
Identity Removal Rule         1 iteration(s)
Spider Fusion Rule            1 iteration(s)
Pivot Rule                    1 iteration(s)
Identity Removal Rule         1 iteration(s)
Spider Fusion Rule            1 iteration(s)
Pivot Rule                    1 iteration(s)
Identity Removal Rule         1 iteration(s)
Spider Fusion Rule            1 iteration(s)
Pivot Rule                    1 iteration(s)
Identity Removal Rule         1 iteration(s)
Spider Fusion Rule            1 iteration(s)
Pivot Rule                    1 iteration(s)
Identity Removal Rule         1 iteration(s)
Spider Fusion Rule            1 iteration(s)
Pivot Rule                    1 iteration(s)
Identity Removal Rule         1 iteration(s)
Spider Fusion Rule            2 iteration(s)
Pivot Rule                    2 iteration(s)
Identity Removal Rule         1 iteration(s)
Spider Fusion Rule            1 iteration(s)
Pivot Rule                    2 iteration(s)
Identity Removal Rule         1 iteration(s)
Spider Fusion Rule            1 iteration(s)
Pivot Rule                    1 iteration(s)
Identity Removal Rule         1 iteration(s)
Spider Fusion Rule            1 iteration(s)
Identity Removal Rule         1 iteration(s)
Spider Fusion Rule            1 iteration(s)
Pivot Rule                    1 iteration(s)
Identity Removal Rule         1 iteration(s)
Spider Fusion Rule            1 iteration(s)
Identity Removal Rule         1 iteration(s)
Spider Fusion Rule            1 iteration(s)
Local Complementation Rule    2 iteration(s)
Identity Removal Rule         1 iteration(s)
Spider Fusion Rule            1 iteration(s)
Local Complementation Rule    4 iteration(s)
Identity Removal Rule         1 iteration(s)
Spider Fusion Rule            1 iteration(s)
Phase Gadget Rule             1 iteration(s)
Pivot Rule                    1 iteration(s)
Pivot Gadget Rule             1 iteration(s)
Identity Removal Rule         1 iteration(s)
Spider Fusion Rule            1 iteration(s)
Pivot Rule                    1 iteration(s)
Identity Removal Rule         1 iteration(s)
Spider Fusion Rule            1 iteration(s)
Pivot Rule                    1 iteration(s)
Identity Removal Rule         1 iteration(s)
Spider Fusion Rule            2 iteration(s)
Pivot Rule                    1 iteration(s)
Pivot Gadget Rule             2 iteration(s)
Identity Removal Rule         1 iteration(s)
Spider Fusion Rule            1 iteration(s)
Pivot Rule                    2 iteration(s)
Identity Removal Rule         1 iteration(s)
Spider Fusion Rule            1 iteration(s)
Pivot Rule                    1 iteration(s)
Local Complementation Rule    2 iteration(s)
Identity Removal Rule         1 iteration(s)
Spider Fusion Rule            1 iteration(s)
Local Complementation Rule    2 iteration(s)
Identity Removal Rule         1 iteration(s)
Spider Fusion Rule            1 iteration(s)
Pivot Rule                    1 iteration(s)
Identity Removal Rule         1 iteration(s)
Spider Fusion Rule            1 iteration(s)
Local Complementation Rule    2 iteration(s)
Identity Removal Rule         1 iteration(s)
Spider Fusion Rule            1 iteration(s)
Local Complementation Rule    2 iteration(s)
Identity Removal Rule         1 iteration(s)
Spider Fusion Rule            1 iteration(s)
Pivot Rule                    1 iteration(s)
Local Complementation Rule    2 iteration(s)
Identity Removal Rule         1 iteration(s)
Spider Fusion Rule            1 iteration(s)
Pivot Rule                    1 iteration(s)
Identity Removal Rule         1 iteration(s)
Spider Fusion Rule            1 iteration(s)
Pivot Rule                    1 iteration(s)
Identity Removal Rule         1 iteration(s)
Spider Fusion Rule            1 iteration(s)
Pivot Rule                    1 iteration(s)
Identity Removal Rule         1 iteration(s)
Spider Fusion Rule            1 iteration(s)
Pivot Rule                    1 iteration(s)
Identity Removal Rule         1 iteration(s)
Spider Fusion Rule            1 iteration(s)
Pivot Rule                    1 iteration(s)
Identity Removal Rule         1 iteration(s)
Spider Fusion Rule            1 iteration(s)
Identity Removal Rule         1 iteration(s)
Spider Fusion Rule            1 iteration(s)
Pivot Rule                    1 iteration(s)
Identity Removal Rule         1 iteration(s)
Spider Fusion Rule            1 iteration(s)
Pivot Gadget Rule             1 iteration(s)
Phase Gadget Rule             1 iteration(s)
Identity Removal Rule         1 iteration(s)
Spider Fusion Rule            2 iteration(s)
Pivot Rule                    2 iteration(s)
Local Complementation Rule    2 iteration(s)
Pivot Gadget Rule             1 iteration(s)
Identity Removal Rule         1 iteration(s)
Spider Fusion Rule            2 iteration(s)
Local Complementation Rule    2 iteration(s)
Identity Removal Rule         1 iteration(s)
Spider Fusion Rule            1 iteration(s)
Local Complementation Rule    2 iteration(s)
Identity Removal Rule         1 iteration(s)
Spider Fusion Rule            1 iteration(s)
Pivot Rule                    1 iteration(s)
Identity Removal Rule         1 iteration(s)
Spider Fusion Rule            1 iteration(s)
Pivot Gadget Rule             2 iteration(s)
Identity Removal Rule         1 iteration(s)
Spider Fusion Rule            1 iteration(s)
Pivot Rule                    1 iteration(s)
Identity Removal Rule         1 iteration(s)
Spider Fusion Rule            1 iteration(s)
Pivot Rule                    1 iteration(s)
Identity Removal Rule         1 iteration(s)
Spider Fusion Rule            1 iteration(s)
Pivot Rule                    2 iteration(s)
Local Complementation Rule    2 iteration(s)
Identity Removal Rule         1 iteration(s)
Spider Fusion Rule            1 iteration(s)
Local Complementation Rule    2 iteration(s)
Identity Removal Rule         1 iteration(s)
Spider Fusion Rule            1 iteration(s)
Pivot Rule                    1 iteration(s)
Local Complementation Rule    4 iteration(s)
Identity Removal Rule         1 iteration(s)
Spider Fusion Rule            1 iteration(s)
Pivot Rule                    1 iteration(s)
Identity Removal Rule         1 iteration(s)
Spider Fusion Rule            1 iteration(s)
Local Complementation Rule    2 iteration(s)
Identity Removal Rule         1 iteration(s)
Spider Fusion Rule            1 iteration(s)
Pivot Rule                    1 iteration(s)
Identity Removal Rule         1 iteration(s)
Spider Fusion Rule            1 iteration(s)
Identity Removal Rule         1 iteration(s)
Spider Fusion Rule            1 iteration(s)
Local Complementation Rule    2 iteration(s)
Identity Removal Rule         1 iteration(s)
Spider Fusion Rule            1 iteration(s)
Pivot Rule                    1 iteration(s)
Identity Removal Rule         1 iteration(s)
Spider Fusion Rule            1 iteration(s)
Pivot Rule                    1 iteration(s)
Identity Removal Rule         1 iteration(s)
Spider Fusion Rule            1 iteration(s)
Identity Removal Rule         1 iteration(s)
Spider Fusion Rule            1 iteration(s)
Local Complementation Rule    2 iteration(s)
Identity Removal Rule         1 iteration(s)
Spider Fusion Rule            1 iteration(s)
Pivot Rule                    2 iteration(s)
Identity Removal Rule         1 iteration(s)
Spider Fusion Rule            1 iteration(s)
Phase Gadget Rule             1 iteration(s)
Pivot Rule                    1 iteration(s)
Pivot Gadget Rule             1 iteration(s)
Phase Gadget Rule             1 iteration(s)
Identity Removal Rule         1 iteration(s)
Spider Fusion Rule            1 iteration(s)
Pivot Rule                    2 iteration(s)
Local Complementation Rule    2 iteration(s)
Pivot Gadget Rule             1 iteration(s)
Phase Gadget Rule             1 iteration(s)
Identity Removal Rule         1 iteration(s)
Spider Fusion Rule            1 iteration(s)
Pivot Rule                    1 iteration(s)
Identity Removal Rule         1 iteration(s)
Spider Fusion Rule            1 iteration(s)
Local Complementation Rule    2 iteration(s)
Identity Removal Rule         1 iteration(s)
Spider Fusion Rule            1 iteration(s)
Identity Removal Rule         1 iteration(s)
Spider Fusion Rule            1 iteration(s)
Pivot Rule                    1 iteration(s)
Identity Removal Rule         1 iteration(s)
Spider Fusion Rule            1 iteration(s)
Pivot Rule                    2 iteration(s)
Identity Removal Rule         1 iteration(s)
Spider Fusion Rule            1 iteration(s)
Pivot Rule                    1 iteration(s)
Identity Removal Rule         1 iteration(s)
Spider Fusion Rule            1 iteration(s)
Pivot Gadget Rule             1 iteration(s)
Identity Removal Rule         1 iteration(s)
Spider Fusion Rule            1 iteration(s)
Local Complementation Rule    2 iteration(s)
Pivot Gadget Rule             1 iteration(s)
Phase Gadget Rule             1 iteration(s)
Identity Removal Rule         1 iteration(s)
Spider Fusion Rule            1 iteration(s)
Pivot Rule                    2 iteration(s)
Identity Removal Rule         1 iteration(s)
Spider Fusion Rule            1 iteration(s)
Local Complementation Rule    2 iteration(s)
Identity Removal Rule         1 iteration(s)
Spider Fusion Rule            1 iteration(s)
Identity Removal Rule         1 iteration(s)
Spider Fusion Rule            1 iteration(s)
Local Complementation Rule    2 iteration(s)
Identity Removal Rule         1 iteration(s)
Spider Fusion Rule            1 iteration(s)
Identity Removal Rule         1 iteration(s)
Spider Fusion Rule            1 iteration(s)
Local Complementation Rule    2 iteration(s)
Identity Removal Rule         1 iteration(s)
Spider Fusion Rule            1 iteration(s)
Pivot Rule                    2 iteration(s)
Identity Removal Rule         1 iteration(s)
Spider Fusion Rule            1 iteration(s)
Identity Removal Rule         1 iteration(s)
Spider Fusion Rule            1 iteration(s)
Pivot Rule                    1 iteration(s)
Identity Removal Rule         1 iteration(s)
Spider Fusion Rule            1 iteration(s)
Pivot Rule                    1 iteration(s)
Identity Removal Rule         1 iteration(s)
Spider Fusion Rule            2 iteration(s)
Pivot Rule                    1 iteration(s)
Identity Removal Rule         1 iteration(s)
Spider Fusion Rule            1 iteration(s)
Pivot Rule                    1 iteration(s)
Identity Removal Rule         1 iteration(s)
Spider Fusion Rule            1 iteration(s)
Pivot Rule                    1 iteration(s)
Identity Removal Rule         1 iteration(s)
Spider Fusion Rule            1 iteration(s)
Pivot Rule                    1 iteration(s)
Identity Removal Rule         1 iteration(s)
Spider Fusion Rule            2 iteration(s)
Local Complementation Rule    2 iteration(s)
Pivot Gadget Rule             1 iteration(s)
Identity Removal Rule         1 iteration(s)
Spider Fusion Rule            1 iteration(s)
Pivot Rule                    1 iteration(s)
Identity Removal Rule         1 iteration(s)
Spider Fusion Rule            1 iteration(s)
Phase Gadget Rule             1 iteration(s)
Pivot Rule                    1 iteration(s)
Pivot Gadget Rule             1 iteration(s)
Phase Gadget Rule             1 iteration(s)
Identity Removal Rule         1 iteration(s)
Spider Fusion Rule            1 iteration(s)
Pivot Rule                    2 iteration(s)
Local Complementation Rule    2 iteration(s)
Identity Removal Rule         1 iteration(s)
Spider Fusion Rule            1 iteration(s)
Pivot Rule                    1 iteration(s)
Identity Removal Rule         1 iteration(s)
Spider Fusion Rule            1 iteration(s)
Identity Removal Rule         1 iteration(s)
Spider Fusion Rule            1 iteration(s)
Pivot Rule                    1 iteration(s)
Identity Removal Rule         1 iteration(s)
Spider Fusion Rule            1 iteration(s)
Pivot Rule                    1 iteration(s)
Identity Removal Rule         1 iteration(s)
Spider Fusion Rule            1 iteration(s)
Pivot Rule                    1 iteration(s)
Identity Removal Rule         1 iteration(s)
Spider Fusion Rule            1 iteration(s)
Identity Removal Rule         1 iteration(s)
Spider Fusion Rule            1 iteration(s)
Pivot Rule                    1 iteration(s)
Identity Removal Rule         1 iteration(s)
Spider Fusion Rule            1 iteration(s)
Pivot Gadget Rule             1 iteration(s)
Phase Gadget Rule             1 iteration(s)
Identity Removal Rule         1 iteration(s)
Spider Fusion Rule            1 iteration(s)
Local Complementation Rule    6 iteration(s)
Pivot Gadget Rule             1 iteration(s)
Identity Removal Rule         1 iteration(s)
Spider Fusion Rule            1 iteration(s)
Local Complementation Rule    2 iteration(s)
Identity Removal Rule         1 iteration(s)
Spider Fusion Rule            1 iteration(s)
Pivot Rule                    1 iteration(s)
Identity Removal Rule         1 iteration(s)
Spider Fusion Rule            1 iteration(s)
Pivot Rule                    2 iteration(s)
Identity Removal Rule         1 iteration(s)
Spider Fusion Rule            1 iteration(s)
Pivot Gadget Rule             1 iteration(s)
Identity Removal Rule         1 iteration(s)
Spider Fusion Rule            1 iteration(s)
Local Complementation Rule    2 iteration(s)
Identity Removal Rule         1 iteration(s)
Spider Fusion Rule            1 iteration(s)
Pivot Rule                    1 iteration(s)
Identity Removal Rule         1 iteration(s)
Spider Fusion Rule            1 iteration(s)
Pivot Rule                    2 iteration(s)
Identity Removal Rule         1 iteration(s)
Spider Fusion Rule            1 iteration(s)
Identity Removal Rule         1 iteration(s)
Spider Fusion Rule            1 iteration(s)
Pivot Rule                    1 iteration(s)
Identity Removal Rule         1 iteration(s)
Spider Fusion Rule            1 iteration(s)
Identity Removal Rule         1 iteration(s)
Spider Fusion Rule            1 iteration(s)
Local Complementation Rule    2 iteration(s)
Identity Removal Rule         1 iteration(s)
Spider Fusion Rule            1 iteration(s)
Pivot Rule                    1 iteration(s)
Identity Removal Rule         1 iteration(s)
Spider Fusion Rule            1 iteration(s)
Pivot Rule                    1 iteration(s)
Identity Removal Rule         1 iteration(s)
Spider Fusion Rule            1 iteration(s)
Pivot Gadget Rule             1 iteration(s)
Identity Removal Rule         1 iteration(s)
Spider Fusion Rule            1 iteration(s)
Pivot Rule                    1 iteration(s)
Identity Removal Rule         1 iteration(s)
Spider Fusion Rule            1 iteration(s)
Pivot Rule                    1 iteration(s)
Identity Removal Rule         1 iteration(s)
Spider Fusion Rule            1 iteration(s)
Pivot Rule                    2 iteration(s)
Identity Removal Rule         1 iteration(s)
Spider Fusion Rule            1 iteration(s)
Identity Removal Rule         1 iteration(s)
Spider Fusion Rule            1 iteration(s)
Pivot Rule                    1 iteration(s)
Identity Removal Rule         1 iteration(s)
Spider Fusion Rule            1 iteration(s)
Phase Gadget Rule             1 iteration(s)
Pivot Rule                    1 iteration(s)
Pivot Gadget Rule             1 iteration(s)
Identity Removal Rule         1 iteration(s)
Spider Fusion Rule            1 iteration(s)
Pivot Rule                    1 iteration(s)
Local Complementation Rule    2 iteration(s)
Identity Removal Rule         1 iteration(s)
Spider Fusion Rule            1 iteration(s)
Pivot Rule                    1 iteration(s)
Identity Removal Rule         1 iteration(s)
Spider Fusion Rule            1 iteration(s)
Pivot Rule                    1 iteration(s)
Identity Removal Rule         1 iteration(s)
Spider Fusion Rule            1 iteration(s)
Pivot Rule                    2 iteration(s)
Identity Removal Rule         1 iteration(s)
Spider Fusion Rule            1 iteration(s)
Pivot Gadget Rule             1 iteration(s)
Identity Removal Rule         1 iteration(s)
Spider Fusion Rule            1 iteration(s)
Pivot Rule                    1 iteration(s)
Identity Removal Rule         1 iteration(s)
Spider Fusion Rule            1 iteration(s)
Identity Removal Rule         1 iteration(s)
Spider Fusion Rule            1 iteration(s)
Pivot Rule                    1 iteration(s)
Identity Removal Rule         1 iteration(s)
Spider Fusion Rule            1 iteration(s)
Pivot Rule                    2 iteration(s)
Identity Removal Rule         1 iteration(s)
Spider Fusion Rule            1 iteration(s)
Pivot Rule                    1 iteration(s)
Pivot Gadget Rule             1 iteration(s)
Identity Removal Rule         1 iteration(s)
Spider Fusion Rule            1 iteration(s)
Pivot Rule                    1 iteration(s)
Phase Gadget Rule             1 iteration(s)
Identity Removal Rule         1 iteration(s)
Spider Fusion Rule            1 iteration(s)
Pivot Rule                    2 iteration(s)
Pivot Gadget Rule             1 iteration(s)
Phase Gadget Rule             1 iteration(s)
Identity Removal Rule         1 iteration(s)
Spider Fusion Rule            1 iteration(s)
Pivot Rule                    2 iteration(s)
Local Complementation Rule    2 iteration(s)
Identity Removal Rule         1 iteration(s)
Spider Fusion Rule            1 iteration(s)
Local Complementation Rule    2 iteration(s)
Identity Removal Rule         1 iteration(s)
Spider Fusion Rule            1 iteration(s)
Identity Removal Rule         1 iteration(s)
Spider Fusion Rule            1 iteration(s)
Pivot Rule                    1 iteration(s)
Identity Removal Rule         1 iteration(s)
Spider Fusion Rule            1 iteration(s)
Pivot Rule                    1 iteration(s)
Identity Removal Rule         1 iteration(s)
Spider Fusion Rule            2 iteration(s)
Pivot Rule                    1 iteration(s)
Identity Removal Rule         1 iteration(s)
Spider Fusion Rule            1 iteration(s)
Pivot Rule                    1 iteration(s)
Identity Removal Rule         1 iteration(s)
Spider Fusion Rule            1 iteration(s)
Identity Removal Rule         1 iteration(s)
Spider Fusion Rule            1 iteration(s)
Pivot Rule                    1 iteration(s)
Identity Removal Rule         1 iteration(s)
Spider Fusion Rule            1 iteration(s)
Pivot Rule                    2 iteration(s)
Identity Removal Rule         1 iteration(s)
Spider Fusion Rule            1 iteration(s)
Identity Removal Rule         1 iteration(s)
Spider Fusion Rule            1 iteration(s)
Pivot Rule                    1 iteration(s)
Identity Removal Rule         1 iteration(s)
Spider Fusion Rule            1 iteration(s)
Identity Removal Rule         1 iteration(s)
Spider Fusion Rule            1 iteration(s)
Local Complementation Rule    2 iteration(s)
Phase Gadget Rule             1 iteration(s)
Identity Removal Rule         1 iteration(s)
Spider Fusion Rule            1 iteration(s)
Pivot Rule                    2 iteration(s)
Local Complementation Rule    2 iteration(s)
Identity Removal Rule         1 iteration(s)
Spider Fusion Rule            1 iteration(s)
Pivot Rule                    1 iteration(s)
Identity Removal Rule         1 iteration(s)
Spider Fusion Rule            1 iteration(s)
Pivot Rule                    1 iteration(s)
Identity Removal Rule         1 iteration(s)
Spider Fusion Rule            1 iteration(s)
Identity Removal Rule         1 iteration(s)
Spider Fusion Rule            1 iteration(s)
Pivot Rule                    1 iteration(s)
Identity Removal Rule         1 iteration(s)
Spider Fusion Rule            1 iteration(s)
Pivot Rule                    1 iteration(s)
Local Complementation Rule    2 iteration(s)
Identity Removal Rule         1 iteration(s)
Spider Fusion Rule            1 iteration(s)
Pivot Rule                    1 iteration(s)
Identity Removal Rule         1 iteration(s)
Spider Fusion Rule            2 iteration(s)
Local Complementation Rule    2 iteration(s)
Identity Removal Rule         1 iteration(s)
Spider Fusion Rule            1 iteration(s)
Pivot Rule                    1 iteration(s)
Identity Removal Rule         1 iteration(s)
Spider Fusion Rule            1 iteration(s)
Pivot Rule                    1 iteration(s)
Local Complementation Rule    2 iteration(s)
Identity Removal Rule         1 iteration(s)
Spider Fusion Rule            1 iteration(s)
Local Complementation Rule    2 iteration(s)
Pivot Rule                    1 iteration(s)
Identity Removal Rule         1 iteration(s)
Spider Fusion Rule            1 iteration(s)
Identity Removal Rule         1 iteration(s)
Spider Fusion Rule            1 iteration(s)
Local Complementation Rule    2 iteration(s)
Identity Removal Rule         1 iteration(s)
Spider Fusion Rule            1 iteration(s)
Identity Removal Rule         1 iteration(s)
Spider Fusion Rule            1 iteration(s)
Pivot Rule                    1 iteration(s)
Identity Removal Rule         1 iteration(s)
Spider Fusion Rule            1 iteration(s)
Pivot Rule                    1 iteration(s)
Identity Removal Rule         1 iteration(s)
Spider Fusion Rule            1 iteration(s)
Pivot Gadget Rule             1 iteration(s)
Identity Removal Rule         1 iteration(s)
Spider Fusion Rule            2 iteration(s)
Pivot Rule                    1 iteration(s)
Phase Gadget Rule             1 iteration(s)
Pivot Rule                    1 iteration(s)
Pivot Gadget Rule             1 iteration(s)
Identity Removal Rule         1 iteration(s)
Spider Fusion Rule            1 iteration(s)
Pivot Rule                    1 iteration(s)
Local Complementation Rule    4 iteration(s)
Identity Removal Rule         1 iteration(s)
Spider Fusion Rule            1 iteration(s)
Pivot Rule                    1 iteration(s)
Identity Removal Rule         1 iteration(s)
Spider Fusion Rule            1 iteration(s)
Identity Removal Rule         1 iteration(s)
Spider Fusion Rule            1 iteration(s)
Pivot Rule                    1 iteration(s)
Identity Removal Rule         1 iteration(s)
Spider Fusion Rule            1 iteration(s)
Identity Removal Rule         1 iteration(s)
Spider Fusion Rule            1 iteration(s)
Pivot Rule                    1 iteration(s)
Identity Removal Rule         1 iteration(s)
Spider Fusion Rule            1 iteration(s)
Pivot Rule                    2 iteration(s)
Identity Removal Rule         1 iteration(s)
Spider Fusion Rule            1 iteration(s)
Identity Removal Rule         1 iteration(s)
Spider Fusion Rule            1 iteration(s)
Pivot Rule                    1 iteration(s)
Identity Removal Rule         1 iteration(s)
Spider Fusion Rule            2 iteration(s)
Local Complementation Rule    2 iteration(s)
Identity Removal Rule         1 iteration(s)
Spider Fusion Rule            1 iteration(s)
Pivot Rule                    1 iteration(s)
Identity Removal Rule         1 iteration(s)
Spider Fusion Rule            1 iteration(s)
Pivot Rule                    1 iteration(s)
Identity Removal Rule         1 iteration(s)
Spider Fusion Rule            1 iteration(s)
Pivot Rule                    2 iteration(s)
Identity Removal Rule         1 iteration(s)
Spider Fusion Rule            1 iteration(s)
Identity Removal Rule         1 iteration(s)
Spider Fusion Rule            2 iteration(s)
Pivot Rule                    1 iteration(s)
Local Complementation Rule    2 iteration(s)
Identity Removal Rule         1 iteration(s)
Spider Fusion Rule            1 iteration(s)
Identity Removal Rule         1 iteration(s)
Spider Fusion Rule            1 iteration(s)
Local Complementation Rule    2 iteration(s)
Identity Removal Rule         1 iteration(s)
Spider Fusion Rule            1 iteration(s)
Local Complementation Rule    2 iteration(s)
Pivot Rule                    1 iteration(s)
Identity Removal Rule         1 iteration(s)
Spider Fusion Rule            1 iteration(s)
Phase Gadget Rule             1 iteration(s)
Pivot Rule                    1 iteration(s)
Pivot Gadget Rule             1 iteration(s)
Identity Removal Rule         1 iteration(s)
Spider Fusion Rule            1 iteration(s)
Local Complementation Rule    2 iteration(s)
Identity Removal Rule         1 iteration(s)
Spider Fusion Rule            1 iteration(s)
Pivot Rule                    1 iteration(s)
Identity Removal Rule         1 iteration(s)
Spider Fusion Rule            1 iteration(s)
Pivot Rule                    1 iteration(s)
Identity Removal Rule         1 iteration(s)
Spider Fusion Rule            2 iteration(s)
Pivot Rule                    1 iteration(s)
Identity Removal Rule         1 iteration(s)
Spider Fusion Rule            1 iteration(s)
Pivot Rule                    1 iteration(s)
Pivot Gadget Rule             1 iteration(s)
Identity Removal Rule         1 iteration(s)
Spider Fusion Rule            1 iteration(s)
Local Complementation Rule    2 iteration(s)
Identity Removal Rule         1 iteration(s)
Spider Fusion Rule            1 iteration(s)
Local Complementation Rule    2 iteration(s)
Identity Removal Rule         1 iteration(s)
Spider Fusion Rule            1 iteration(s)
Pivot Rule                    1 iteration(s)
Identity Removal Rule         1 iteration(s)
Spider Fusion Rule            2 iteration(s)
Local Complementation Rule    2 iteration(s)
Pivot Gadget Rule             1 iteration(s)
Identity Removal Rule         1 iteration(s)
Spider Fusion Rule            1 iteration(s)
Pivot Rule                    2 iteration(s)
Identity Removal Rule         1 iteration(s)
Spider Fusion Rule            1 iteration(s)
Local Complementation Rule    2 iteration(s)
Identity Removal Rule         1 iteration(s)
Spider Fusion Rule            1 iteration(s)
Pivot Rule                    1 iteration(s)
Identity Removal Rule         1 iteration(s)
Spider Fusion Rule            1 iteration(s)
Pivot Rule                    1 iteration(s)
Identity Removal Rule         1 iteration(s)
Spider Fusion Rule            1 iteration(s)
Pivot Rule                    1 iteration(s)
Identity Removal Rule         1 iteration(s)
Spider Fusion Rule            1 iteration(s)
Identity Removal Rule         1 iteration(s)
Spider Fusion Rule            1 iteration(s)
Pivot Rule                    1 iteration(s)
Identity Removal Rule         1 iteration(s)
Spider Fusion Rule            1 iteration(s)
Local Complementation Rule    2 iteration(s)
Identity Removal Rule         1 iteration(s)
Spider Fusion Rule            1 iteration(s)
Pivot Rule                    2 iteration(s)
Identity Removal Rule         1 iteration(s)
Spider Fusion Rule            1 iteration(s)
Pivot Rule                    1 iteration(s)
Identity Removal Rule         1 iteration(s)
Spider Fusion Rule            1 iteration(s)
Pivot Gadget Rule             1 iteration(s)
Identity Removal Rule         1 iteration(s)
Spider Fusion Rule            1 iteration(s)
Pivot Rule                    1 iteration(s)
Identity Removal Rule         1 iteration(s)
Spider Fusion Rule            1 iteration(s)
Identity Removal Rule         1 iteration(s)
Spider Fusion Rule            1 iteration(s)
Local Complementation Rule    2 iteration(s)
Identity Removal Rule         1 iteration(s)
Spider Fusion Rule            1 iteration(s)
Local Complementation Rule    2 iteration(s)
Phase Gadget Rule             1 iteration(s)
Identity Removal Rule         1 iteration(s)
Spider Fusion Rule            1 iteration(s)
Pivot Rule                    1 iteration(s)
Local Complementation Rule    2 iteration(s)
Identity Removal Rule         1 iteration(s)
Spider Fusion Rule            1 iteration(s)
Local Complementation Rule    2 iteration(s)
Identity Removal Rule         1 iteration(s)
Spider Fusion Rule            1 iteration(s)
Identity Removal Rule         1 iteration(s)
Spider Fusion Rule            1 iteration(s)
Pivot Rule                    1 iteration(s)
Identity Removal Rule         1 iteration(s)
Spider Fusion Rule            1 iteration(s)
Pivot Rule                    1 iteration(s)
Pivot Gadget Rule             2 iteration(s)
Identity Removal Rule         1 iteration(s)
Spider Fusion Rule            1 iteration(s)
Local Complementation Rule    2 iteration(s)
Identity Removal Rule         1 iteration(s)
Spider Fusion Rule            1 iteration(s)
Pivot Rule                    1 iteration(s)
Identity Removal Rule         1 iteration(s)
Spider Fusion Rule            1 iteration(s)
Pivot Rule                    1 iteration(s)
Pivot Gadget Rule             2 iteration(s)
Identity Removal Rule         1 iteration(s)
Spider Fusion Rule            1 iteration(s)
Local Complementation Rule    2 iteration(s)
Identity Removal Rule         1 iteration(s)
Spider Fusion Rule            1 iteration(s)
Identity Removal Rule         1 iteration(s)
Spider Fusion Rule            1 iteration(s)
Pivot Rule                    1 iteration(s)
Identity Removal Rule         1 iteration(s)
Spider Fusion Rule            1 iteration(s)
Pivot Rule                    1 iteration(s)
Phase Gadget Rule             1 iteration(s)
Identity Removal Rule         1 iteration(s)
Spider Fusion Rule            1 iteration(s)
Pivot Rule                    1 iteration(s)
Identity Removal Rule         1 iteration(s)
Spider Fusion Rule            1 iteration(s)
Pivot Rule                    1 iteration(s)
Identity Removal Rule         1 iteration(s)
Spider Fusion Rule            1 iteration(s)
Pivot Rule                    1 iteration(s)
Identity Removal Rule         1 iteration(s)
Spider Fusion Rule            1 iteration(s)
Identity Removal Rule         1 iteration(s)
Spider Fusion Rule            1 iteration(s)
Pivot Rule                    1 iteration(s)
Identity Removal Rule         1 iteration(s)
Spider Fusion Rule            1 iteration(s)
Pivot Rule                    1 iteration(s)
Identity Removal Rule         1 iteration(s)
Spider Fusion Rule            1 iteration(s)
Pivot Rule                    2 iteration(s)
Identity Removal Rule         1 iteration(s)
Spider Fusion Rule            1 iteration(s)
Identity Removal Rule         1 iteration(s)
Spider Fusion Rule            1 iteration(s)
Pivot Rule                    1 iteration(s)
Identity Removal Rule         1 iteration(s)
Spider Fusion Rule            1 iteration(s)
Identity Removal Rule         1 iteration(s)
Spider Fusion Rule            1 iteration(s)
Pivot Rule                    1 iteration(s)
Identity Removal Rule         1 iteration(s)
Spider Fusion Rule            1 iteration(s)
Pivot Rule                    1 iteration(s)
Identity Removal Rule         1 iteration(s)
Spider Fusion Rule            1 iteration(s)
Pivot Rule                    1 iteration(s)
Identity Removal Rule         1 iteration(s)
Spider Fusion Rule            1 iteration(s)
Identity Removal Rule         1 iteration(s)
Spider Fusion Rule            1 iteration(s)
Pivot Rule                    1 iteration(s)
Identity Removal Rule         1 iteration(s)
Spider Fusion Rule            1 iteration(s)
Identity Removal Rule         1 iteration(s)
Spider Fusion Rule            1 iteration(s)
Pivot Rule                    1 iteration(s)
Identity Removal Rule         1 iteration(s)
Spider Fusion Rule            1 iteration(s)
Pivot Rule                    1 iteration(s)
Pivot Gadget Rule             2 iteration(s)
Identity Removal Rule         1 iteration(s)
Spider Fusion Rule            1 iteration(s)
Pivot Rule                    1 iteration(s)
Identity Removal Rule         1 iteration(s)
Spider Fusion Rule            1 iteration(s)
Pivot Rule                    1 iteration(s)
Identity Removal Rule         1 iteration(s)
Spider Fusion Rule            1 iteration(s)
Pivot Rule                    2 iteration(s)
Identity Removal Rule         1 iteration(s)
Spider Fusion Rule            1 iteration(s)
Pivot Rule                    1 iteration(s)
Identity Removal Rule         1 iteration(s)
Spider Fusion Rule            1 iteration(s)
Pivot Rule                    1 iteration(s)
Identity Removal Rule         1 iteration(s)
Spider Fusion Rule            1 iteration(s)
Identity Removal Rule         1 iteration(s)
Spider Fusion Rule            1 iteration(s)
Pivot Rule                    1 iteration(s)
Identity Removal Rule         1 iteration(s)
Spider Fusion Rule            1 iteration(s)
Pivot Rule                    1 iteration(s)
Pivot Gadget Rule             1 iteration(s)
Identity Removal Rule         1 iteration(s)
Spider Fusion Rule            2 iteration(s)
Pivot Rule                    1 iteration(s)
Local Complementation Rule    4 iteration(s)
Identity Removal Rule         1 iteration(s)
Spider Fusion Rule            1 iteration(s)
Pivot Rule                    1 iteration(s)
Identity Removal Rule         1 iteration(s)
Spider Fusion Rule            1 iteration(s)
Pivot Rule                    1 iteration(s)
Identity Removal Rule         1 iteration(s)
Spider Fusion Rule            2 iteration(s)
Local Complementation Rule    2 iteration(s)
Identity Removal Rule         1 iteration(s)
Spider Fusion Rule            1 iteration(s)
Pivot Rule                    1 iteration(s)
Identity Removal Rule         1 iteration(s)
Spider Fusion Rule            1 iteration(s)
Pivot Rule                    1 iteration(s)
Identity Removal Rule         1 iteration(s)
Spider Fusion Rule            1 iteration(s)
Pivot Rule                    1 iteration(s)
Identity Removal Rule         1 iteration(s)
Spider Fusion Rule            1 iteration(s)
Pivot Rule                    1 iteration(s)
Identity Removal Rule         1 iteration(s)
Spider Fusion Rule            1 iteration(s)
Pivot Rule                    1 iteration(s)
Identity Removal Rule         1 iteration(s)
Spider Fusion Rule            1 iteration(s)
Pivot Rule                    2 iteration(s)
Identity Removal Rule         1 iteration(s)
Spider Fusion Rule            1 iteration(s)
Identity Removal Rule         1 iteration(s)
Spider Fusion Rule            1 iteration(s)
Pivot Rule                    1 iteration(s)
Identity Removal Rule         1 iteration(s)
Spider Fusion Rule            1 iteration(s)
Identity Removal Rule         1 iteration(s)
Spider Fusion Rule            1 iteration(s)
Local Complementation Rule    2 iteration(s)
Identity Removal Rule         1 iteration(s)
Spider Fusion Rule            1 iteration(s)
Pivot Rule                    1 iteration(s)
Identity Removal Rule         1 iteration(s)
Spider Fusion Rule            1 iteration(s)
Pivot Gadget Rule             2 iteration(s)
Identity Removal Rule         1 iteration(s)
Spider Fusion Rule            1 iteration(s)
Pivot Rule                    1 iteration(s)
Phase Gadget Rule             1 iteration(s)
Pivot Rule                    1 iteration(s)
Pivot Gadget Rule             1 iteration(s)
Identity Removal Rule         1 iteration(s)
Spider Fusion Rule            1 iteration(s)
Pivot Rule                    3 iteration(s)
Identity Removal Rule         1 iteration(s)
Spider Fusion Rule            1 iteration(s)
Identity Removal Rule         1 iteration(s)
Spider Fusion Rule            1 iteration(s)
Pivot Rule                    1 iteration(s)
Identity Removal Rule         1 iteration(s)
Spider Fusion Rule            1 iteration(s)
Identity Removal Rule         1 iteration(s)
Spider Fusion Rule            1 iteration(s)
Local Complementation Rule    2 iteration(s)
Identity Removal Rule         1 iteration(s)
Spider Fusion Rule            1 iteration(s)
Local Complementation Rule    2 iteration(s)
Pivot Rule                    1 iteration(s)
Identity Removal Rule         1 iteration(s)
Spider Fusion Rule            1 iteration(s)
Identity Removal Rule         1 iteration(s)
Spider Fusion Rule            1 iteration(s)
Pivot Rule                    1 iteration(s)
Identity Removal Rule         1 iteration(s)
Spider Fusion Rule            1 iteration(s)
Identity Removal Rule         1 iteration(s)
Spider Fusion Rule            1 iteration(s)
Local Complementation Rule    2 iteration(s)
Identity Removal Rule         1 iteration(s)
Spider Fusion Rule            1 iteration(s)
Pivot Rule                    2 iteration(s)
Identity Removal Rule         1 iteration(s)
Spider Fusion Rule            1 iteration(s)
Pivot Gadget Rule             1 iteration(s)
Identity Removal Rule         1 iteration(s)
Spider Fusion Rule            1 iteration(s)
Local Complementation Rule    2 iteration(s)
Identity Removal Rule         1 iteration(s)
Spider Fusion Rule            1 iteration(s)
Pivot Rule                    1 iteration(s)
Identity Removal Rule         1 iteration(s)
Spider Fusion Rule            1 iteration(s)
Pivot Rule                    1 iteration(s)
Identity Removal Rule         1 iteration(s)
Spider Fusion Rule            1 iteration(s)
Pivot Rule                    1 iteration(s)
Identity Removal Rule         1 iteration(s)
Spider Fusion Rule            1 iteration(s)
Identity Removal Rule         1 iteration(s)
Spider Fusion Rule            1 iteration(s)
Pivot Rule                    1 iteration(s)
Identity Removal Rule         1 iteration(s)
Spider Fusion Rule            1 iteration(s)
Identity Removal Rule         1 iteration(s)
Spider Fusion Rule            1 iteration(s)
Pivot Rule                    1 iteration(s)
Identity Removal Rule         1 iteration(s)
Spider Fusion Rule            1 iteration(s)
Pivot Rule                    2 iteration(s)
Identity Removal Rule         1 iteration(s)
Spider Fusion Rule            1 iteration(s)
Pivot Gadget Rule             1 iteration(s)
Phase Gadget Rule             1 iteration(s)
Identity Removal Rule         1 iteration(s)
Spider Fusion Rule            1 iteration(s)
Pivot Rule                    2 iteration(s)
Local Complementation Rule    2 iteration(s)
Identity Removal Rule         1 iteration(s)
Spider Fusion Rule            2 iteration(s)
Local Complementation Rule    4 iteration(s)
Identity Removal Rule         1 iteration(s)
Spider Fusion Rule            1 iteration(s)
Pivot Rule                    1 iteration(s)
Local Complementation Rule    2 iteration(s)
Pivot Rule                    1 iteration(s)
Identity Removal Rule         1 iteration(s)
Spider Fusion Rule            1 iteration(s)
Identity Removal Rule         1 iteration(s)
Spider Fusion Rule            1 iteration(s)
Local Complementation Rule    2 iteration(s)
Identity Removal Rule         1 iteration(s)
Spider Fusion Rule            1 iteration(s)
Pivot Rule                    1 iteration(s)
Identity Removal Rule         1 iteration(s)
Spider Fusion Rule            1 iteration(s)
Pivot Gadget Rule             2 iteration(s)
Identity Removal Rule         1 iteration(s)
Spider Fusion Rule            1 iteration(s)
Pivot Rule                    2 iteration(s)
Local Complementation Rule    2 iteration(s)
Identity Removal Rule         1 iteration(s)
Spider Fusion Rule            1 iteration(s)
Pivot Rule                    1 iteration(s)
Identity Removal Rule         1 iteration(s)
Spider Fusion Rule            1 iteration(s)
Pivot Gadget Rule             2 iteration(s)
Identity Removal Rule         1 iteration(s)
Spider Fusion Rule            1 iteration(s)
Local Complementation Rule    2 iteration(s)
Identity Removal Rule         1 iteration(s)
Spider Fusion Rule            1 iteration(s)
Pivot Rule                    1 iteration(s)
Identity Removal Rule         1 iteration(s)
Spider Fusion Rule            1 iteration(s)
Local Complementation Rule    2 iteration(s)
Pivot Rule                    1 iteration(s)
Identity Removal Rule         1 iteration(s)
Spider Fusion Rule            1 iteration(s)
Phase Gadget Rule             1 iteration(s)
Pivot Rule                    1 iteration(s)
Pivot Gadget Rule             1 iteration(s)
Identity Removal Rule         1 iteration(s)
Spider Fusion Rule            2 iteration(s)
Local Complementation Rule    2 iteration(s)
Identity Removal Rule         1 iteration(s)
Spider Fusion Rule            1 iteration(s)
Pivot Rule                    1 iteration(s)
Identity Removal Rule         1 iteration(s)
Spider Fusion Rule            1 iteration(s)
Pivot Rule                    1 iteration(s)
Identity Removal Rule         1 iteration(s)
Spider Fusion Rule            1 iteration(s)
Pivot Gadget Rule             2 iteration(s)
Identity Removal Rule         1 iteration(s)
Spider Fusion Rule            1 iteration(s)
Pivot Rule                    1 iteration(s)
Local Complementation Rule    2 iteration(s)
Identity Removal Rule         1 iteration(s)
Spider Fusion Rule            1 iteration(s)
Identity Removal Rule         1 iteration(s)
Spider Fusion Rule            1 iteration(s)
Pivot Rule                    1 iteration(s)
Identity Removal Rule         1 iteration(s)
Spider Fusion Rule            1 iteration(s)
Pivot Rule                    2 iteration(s)
Identity Removal Rule         1 iteration(s)
Spider Fusion Rule            1 iteration(s)
Pivot Rule                    1 iteration(s)
Identity Removal Rule         1 iteration(s)
Spider Fusion Rule            1 iteration(s)
Pivot Gadget Rule             2 iteration(s)
Identity Removal Rule         1 iteration(s)
Spider Fusion Rule            1 iteration(s)
Pivot Rule                    1 iteration(s)
Phase Gadget Rule             1 iteration(s)
Identity Removal Rule         1 iteration(s)
Spider Fusion Rule            1 iteration(s)
Pivot Rule                    1 iteration(s)
Identity Removal Rule         1 iteration(s)
Spider Fusion Rule            1 iteration(s)
Local Complementation Rule    2 iteration(s)
Identity Removal Rule         1 iteration(s)
Spider Fusion Rule            1 iteration(s)
Pivot Rule                    1 iteration(s)
Identity Removal Rule         1 iteration(s)
Spider Fusion Rule            1 iteration(s)
Pivot Gadget Rule             2 iteration(s)
Identity Removal Rule         1 iteration(s)
Spider Fusion Rule            1 iteration(s)
Pivot Rule                    1 iteration(s)
Local Complementation Rule    4 iteration(s)
Identity Removal Rule         1 iteration(s)
Spider Fusion Rule            1 iteration(s)
Phase Gadget Rule             1 iteration(s)
Identity Removal Rule         1 iteration(s)
Spider Fusion Rule            1 iteration(s)
Pivot Rule                    1 iteration(s)
Pivot Gadget Rule             2 iteration(s)
Identity Removal Rule         1 iteration(s)
Spider Fusion Rule            1 iteration(s)
Pivot Rule                    1 iteration(s)
Identity Removal Rule         1 iteration(s)
Spider Fusion Rule            1 iteration(s)
Identity Removal Rule         1 iteration(s)
Spider Fusion Rule            1 iteration(s)
Local Complementation Rule    2 iteration(s)
Identity Removal Rule         1 iteration(s)
Spider Fusion Rule            1 iteration(s)
Pivot Rule                    2 iteration(s)
Identity Removal Rule         1 iteration(s)
Spider Fusion Rule            1 iteration(s)
Identity Removal Rule         1 iteration(s)
Spider Fusion Rule            1 iteration(s)
Local Complementation Rule    2 iteration(s)
Identity Removal Rule         1 iteration(s)
Spider Fusion Rule            1 iteration(s)
Identity Removal Rule         1 iteration(s)
Spider Fusion Rule            1 iteration(s)
Pivot Rule                    1 iteration(s)
Identity Removal Rule         1 iteration(s)
Spider Fusion Rule            1 iteration(s)
Pivot Rule                    1 iteration(s)
Identity Removal Rule         1 iteration(s)
Spider Fusion Rule            1 iteration(s)
Phase Gadget Rule             1 iteration(s)
Pivot Rule                    1 iteration(s)
Pivot Gadget Rule             1 iteration(s)
Identity Removal Rule         1 iteration(s)
Spider Fusion Rule            1 iteration(s)
Pivot Rule                    1 iteration(s)
Identity Removal Rule         1 iteration(s)
Spider Fusion Rule            1 iteration(s)
Identity Removal Rule         1 iteration(s)
Spider Fusion Rule            1 iteration(s)
Pivot Rule                    1 iteration(s)
Local Complementation Rule    2 iteration(s)

qsyn> zxgp 
Graph 1( 16 inputs, 16 outputs, 3508 vertices, 21907 edges )

qsyn> zxgt -id
The graph is not an identity!

qsyn> usage
Period time used : 45.79 seconds
Total time used  : 45.79 seconds
Total memory used: 533.6 M Bytes

qsyn> qq -f

