DV Lab, NTUEE, Qsyn 0.4.0
qsyn> color 0
Note: colored is set to 0

qsyn> ver 0
Note: verbose level is set to 0

qsyn> qccr ../../benchmark/benchmark_SABRE/large/adr4_197.qasm

qsyn> qccp -a
───── Quantum Circuit Analysis ─────

> Decompose into basic gate set

Clifford: 1941
└── CX: 1498
T-family: 1498
Others  : 0


qsyn> qc2zx

qsyn> zxgs -fr

qsyn> usage
Period time used : 0.45 seconds
Total time used  : 0.45 seconds
Total memory used: 23.73 M Bytes

qsyn> zx2qc
Finish extracting!

qsyn> usage
Period time used : 0.69 seconds
Total time used  : 1.14 seconds
Total memory used: 23.73 M Bytes

qsyn> qcp
-> #QCir: 2
-> Now focus on: 1

qsyn> qccp -a
───── Quantum Circuit Analysis ─────

> Decompose into basic gate set

Clifford: 4395
└── CX: 2955
T-family: 692
Others  : 0


qsyn> qc2zx

qsyn> zxgadj

qsyn> zxcomp 0

qsyn> zxgs -fr

qsyn> usage
Period time used : 1.1 seconds
Total time used  : 2.24 seconds
Total memory used: 23.73 M Bytes

qsyn> zxgt -id 
The graph is an identity!

qsyn> qq -f

