DV Lab, NTUEE, Qsyn 0.4.2
qsyn> color off
Note: color mode is set to off

qsyn> ver 0
Note: verbose level is set to 0

qsyn> qccr 4gt13_92.qasm

qsyn> qc2zx

qsyn> zxgp
Graph 0( 3 inputs, 3 outputs, 26 vertices, 30 edges )

qsyn> zxgs -fr

qsyn> zxgp -v 

ID:   0 (●, 0)           (Qubit, Col): (0, 0)	  #Neighbors:   1     (6, -) 
ID:   1 (●, 0)           (Qubit, Col): (0, 12)	  #Neighbors:   1     (23, H) 
ID:   2 (●, 0)           (Qubit, Col): (1, 0)	  #Neighbors:   1     (15, -) 
ID:   3 (●, 0)           (Qubit, Col): (1, 12)	  #Neighbors:   1     (25, H) 
ID:   4 (●, 0)           (Qubit, Col): (2, 0)	  #Neighbors:   1     (7, H) 
ID:   5 (●, 0)           (Qubit, Col): (2, 12)	  #Neighbors:   1     (26, H) 
ID:   6 (Z, 0)           (Qubit, Col): (0, 2)	  #Neighbors:   4     (0, -) (7, H) (13, H) (15, H) 
ID:   7 (Z, 0)           (Qubit, Col): (2, 2)	  #Neighbors:   4     (4, H) (6, H) (13, H) (18, H) 
ID:  13 (Z, 7π/4)        (Qubit, Col): (1, 6)	  #Neighbors:   6     (6, H) (7, H) (23, H) (25, H) (28, H) (30, H) 
ID:  15 (Z, π/4)         (Qubit, Col): (0, 7)	  #Neighbors:   6     (2, -) (6, H) (23, H) (25, H) (26, H) (30, H) 
ID:  18 (Z, 7π/4)        (Qubit, Col): (2, 8)	  #Neighbors:   4     (7, H) (25, H) (26, H) (28, H) 
ID:  23 (Z, 0)           (Qubit, Col): (0, 10)	  #Neighbors:   3     (1, H) (13, H) (15, H) 
ID:  25 (Z, 0)           (Qubit, Col): (1, 11)	  #Neighbors:   4     (3, H) (13, H) (15, H) (18, H) 
ID:  26 (Z, 0)           (Qubit, Col): (2, 11.5)	  #Neighbors:   3     (5, H) (15, H) (18, H) 
ID:  27 (Z, 7π/4)        (Qubit, Col): (-2, 3)	  #Neighbors:   1     (28, H) 
ID:  28 (Z, 0)           (Qubit, Col): (-1, 3)	  #Neighbors:   3     (13, H) (18, H) (27, H) 
ID:  29 (Z, π/4)         (Qubit, Col): (-2, 4)	  #Neighbors:   1     (30, H) 
ID:  30 (Z, 0)           (Qubit, Col): (-1, 4)	  #Neighbors:   3     (13, H) (15, H) (29, H) 
Total #Vertices: 18


qsyn> zxgp
Graph 0( 3 inputs, 3 outputs, 18 vertices, 24 edges )

qsyn> zxgt -ngad
The graph has 2 gadgets

qsyn> zxgs -degadget
Frontier : 1 3 5
Neighbors: 23 25 26
Frontier : 23 25 26
Neighbors: 15 13 18
Frontier : 15 13 18
Neighbors: 6 30 2 7 28
=====================
  Removing Gadgets
=====================
Got vs  = 30
Got vt  = 13
Correction set of vt:
buffer1 = 31
buffer2 = 32
unfuse  = 25
Before/After buffering
>>>
ID:  13 (Z, 0)           (Qubit, Col): (1, 6)	  #Neighbors:   6     (6, H) (7, H) (23, H) (28, H) (30, H) (31, H) 
ID:  25 (Z, 0)           (Qubit, Col): (1, 11)	  #Neighbors:   4     (3, H) (15, H) (18, H) (32, H) 
ID:  31 (Z, 0)           (Qubit, Col): (1, 8)	  #Neighbors:   2     (13, H) (32, H) 
ID:  32 (Z, 7π/4)        (Qubit, Col): (1, 9)	  #Neighbors:   2     (25, H) (31, H) 
===
ID:  13 (Z, 7π/4)        (Qubit, Col): (1, 6)	  #Neighbors:   6     (6, H) (7, H) (23, H) (25, H) (28, H) (30, H) 
ID:  25 (Z, 0)           (Qubit, Col): (1, 11)	  #Neighbors:   4     (3, H) (13, H) (15, H) (18, H) 
<<<
30, 13
Before/After pivot
>>>
ID:   6 (Z, 0)           (Qubit, Col): (0, 2)	  #Neighbors:   3     (0, -) (7, H) (29, H) 
ID:   7 (Z, 0)           (Qubit, Col): (2, 2)	  #Neighbors:   5     (4, H) (6, H) (15, H) (18, H) (29, H) 
ID:  15 (Z, π/4)         (Qubit, Col): (0, 7)	  #Neighbors:   6     (2, -) (7, H) (25, H) (26, H) (28, H) (31, H) 
ID:  23 (Z, 0)           (Qubit, Col): (0, 10)	  #Neighbors:   2     (1, H) (29, H) 
ID:  28 (Z, 0)           (Qubit, Col): (-1, 3)	  #Neighbors:   4     (15, H) (18, H) (27, H) (29, H) 
ID:  29 (Z, π/4)         (Qubit, Col): (-2, 4)	  #Neighbors:   5     (6, H) (7, H) (23, H) (28, H) (31, H) 
ID:  31 (Z, 0)           (Qubit, Col): (1, 8.5)	  #Neighbors:   3     (15, H) (29, H) (32, H) 
===
ID:   6 (Z, 0)           (Qubit, Col): (0, 2)	  #Neighbors:   4     (0, -) (7, H) (13, H) (15, H) 
ID:   7 (Z, 0)           (Qubit, Col): (2, 2)	  #Neighbors:   4     (4, H) (6, H) (13, H) (18, H) 
ID:  13 (Z, 0)           (Qubit, Col): (1, 6)	  #Neighbors:   6     (6, H) (7, H) (23, H) (28, H) (30, H) (31, H) 
ID:  15 (Z, π/4)         (Qubit, Col): (0, 7)	  #Neighbors:   6     (2, -) (6, H) (23, H) (25, H) (26, H) (30, H) 
ID:  23 (Z, 0)           (Qubit, Col): (0, 10)	  #Neighbors:   3     (1, H) (13, H) (15, H) 
ID:  28 (Z, 0)           (Qubit, Col): (-1, 3)	  #Neighbors:   3     (13, H) (18, H) (27, H) 
ID:  29 (Z, π/4)         (Qubit, Col): (-2, 4)	  #Neighbors:   1     (30, H) 
ID:  30 (Z, 0)           (Qubit, Col): (-1, 4)	  #Neighbors:   3     (13, H) (15, H) (29, H) 
ID:  31 (Z, 0)           (Qubit, Col): (1, 8)	  #Neighbors:   2     (13, H) (32, H) 
<<<
Frontier : 15 18 32 23
Neighbors: 2 7 28 31 29
=====================
  Removing Gadgets
=====================
Got vs  = 28
Got vt  = 18
Correction set of vt:
buffer1 = 33
buffer2 = 34
unfuse  = 25
Before/After buffering
>>>
ID:  18 (Z, 0)           (Qubit, Col): (2, 8)	  #Neighbors:   4     (7, H) (26, H) (28, H) (33, H) 
ID:  25 (Z, 0)           (Qubit, Col): (1, 11)	  #Neighbors:   4     (3, H) (15, H) (32, H) (34, H) 
ID:  33 (Z, 0)           (Qubit, Col): (1, 9)	  #Neighbors:   2     (18, H) (34, H) 
ID:  34 (Z, 7π/4)        (Qubit, Col): (1, 10)	  #Neighbors:   2     (25, H) (33, H) 
===
ID:  18 (Z, 7π/4)        (Qubit, Col): (2, 8)	  #Neighbors:   4     (7, H) (25, H) (26, H) (28, H) 
ID:  25 (Z, 0)           (Qubit, Col): (1, 11)	  #Neighbors:   4     (3, H) (15, H) (18, H) (32, H) 
<<<
28, 18
Before/After pivot
>>>
ID:   7 (Z, 0)           (Qubit, Col): (2, 2)	  #Neighbors:   3     (4, H) (6, H) (27, H) 
ID:  15 (Z, π/4)         (Qubit, Col): (0, 7)	  #Neighbors:   4     (2, -) (25, H) (31, H) (33, H) 
ID:  26 (Z, 0)           (Qubit, Col): (2, 11.5)	  #Neighbors:   3     (5, H) (27, H) (29, H) 
ID:  27 (Z, 7π/4)        (Qubit, Col): (-2, 3)	  #Neighbors:   3     (7, H) (26, H) (33, H) 
ID:  29 (Z, π/4)         (Qubit, Col): (-2, 4)	  #Neighbors:   5     (6, H) (23, H) (26, H) (31, H) (33, H) 
ID:  33 (Z, 0)           (Qubit, Col): (1, 9.5)	  #Neighbors:   4     (15, H) (27, H) (29, H) (34, H) 
===
ID:   7 (Z, 0)           (Qubit, Col): (2, 2)	  #Neighbors:   5     (4, H) (6, H) (15, H) (18, H) (29, H) 
ID:  15 (Z, π/4)         (Qubit, Col): (0, 7)	  #Neighbors:   6     (2, -) (7, H) (25, H) (26, H) (28, H) (31, H) 
ID:  18 (Z, 0)           (Qubit, Col): (2, 8)	  #Neighbors:   4     (7, H) (26, H) (28, H) (33, H) 
ID:  26 (Z, 0)           (Qubit, Col): (2, 11)	  #Neighbors:   3     (5, H) (15, H) (18, H) 
ID:  27 (Z, 7π/4)        (Qubit, Col): (-2, 3)	  #Neighbors:   1     (28, H) 
ID:  28 (Z, 0)           (Qubit, Col): (-1, 3)	  #Neighbors:   4     (15, H) (18, H) (27, H) (29, H) 
ID:  29 (Z, π/4)         (Qubit, Col): (-2, 4)	  #Neighbors:   5     (6, H) (7, H) (23, H) (28, H) (31, H) 
ID:  33 (Z, 0)           (Qubit, Col): (1, 9)	  #Neighbors:   2     (18, H) (34, H) 
<<<
Frontier : 15 32 23 34 26
Neighbors: 2 31 33 29 27
Frontier : 31 33 29 27
Neighbors: 6 7
Frontier : 6 7
Neighbors: 0 4
Frontier :
Neighbors:

qsyn> zxgt -ngad
The graph has 0 gadgets

qsyn> zxggflow -l
GFlow levels of the graph: 
Level    0: 1 3 5
Level    1: 23 25 26
Level    2: 29 27
No GFlow exists.
The flow breaks at level 3.
No correction sets found for the following vertices:
15 32 34 6 31 33 7 

qsyn> qq -f

