DV Lab, NTUEE, Qsyn 0.4.1
qsyn> color off
Note: color mode is set to off

qsyn> QCNew
Create and checkout to QCir 0

qsyn> QCBAdd 3

qsyn> qcga -CX 0 1

qsyn> qcga -CX 0 2

qsyn> qcga -CX 0 1

qsyn> qcga -CX 1 0

qsyn> qcga -CX 2 1

qsyn> qcga -CX 0 2

qsyn> qcga -CX 0 2

qsyn> qcga -CX 2 0

qsyn> qcga -CX 1 2

qsyn> qcga -CX 0 2

qsyn> qcga -CX 1 0

qsyn> qcga -CX 0 1

qsyn> qcga -CX 2 0

qsyn> qcga -CX 2 1

qsyn> qccprint -l
Listed by gate ID
ID:   0 ( cx)      Time:    1     Qubit:   0   1 
ID:   1 ( cx)      Time:    2     Qubit:   0   2 
ID:   2 ( cx)      Time:    3     Qubit:   0   1 
ID:   3 ( cx)      Time:    4     Qubit:   1   0 
ID:   4 ( cx)      Time:    5     Qubit:   2   1 
ID:   5 ( cx)      Time:    6     Qubit:   0   2 
ID:   6 ( cx)      Time:    7     Qubit:   0   2 
ID:   7 ( cx)      Time:    8     Qubit:   2   0 
ID:   8 ( cx)      Time:    9     Qubit:   1   2 
ID:   9 ( cx)      Time:   10     Qubit:   0   2 
ID:  10 ( cx)      Time:   11     Qubit:   1   0 
ID:  11 ( cx)      Time:   12     Qubit:   0   1 
ID:  12 ( cx)      Time:   13     Qubit:   2   0 
ID:  13 ( cx)      Time:   14     Qubit:   2   1 

qsyn> qc2ts
Traverse and build the tensor... 
Successfully added Tensor 0
Stored the resulting tensor as tensor id 0

qsyn> optimize
Before Parse Forward
Start parseForward
Listed by gate ID
ID:   0 ( cx)      Time:    1     Qubit:   0   1 
ID:   1 ( cx)      Time:    2     Qubit:   0   2 
ID:   2 ( cx)      Time:    3     Qubit:   0   1 
ID:   3 ( cx)      Time:    4     Qubit:   1   0 
ID:   4 ( cx)      Time:    5     Qubit:   2   1 
ID:   5 ( cx)      Time:    6     Qubit:   0   2 
ID:   6 ( cx)      Time:    7     Qubit:   0   2 
ID:   7 ( cx)      Time:    8     Qubit:   2   0 
ID:   8 ( cx)      Time:    9     Qubit:   1   2 
ID:   9 ( cx)      Time:   10     Qubit:   0   2 
ID:  10 ( cx)      Time:   11     Qubit:   1   0 
ID:  11 ( cx)      Time:   12     Qubit:   0   1 
ID:  12 ( cx)      Time:   13     Qubit:   2   0 
ID:  13 ( cx)      Time:   14     Qubit:   2   1 
######### start parse gate ##########
ID:   0 ( cx)      Time:    1     Qubit:   0   1 
_______________APPLY ADDCX_______________
Control: 0 Target: 1
Into second loop
Into fourth loop(!found match)
Done addcx:
Parse gate done
_gates[0]
ID:   0 ( cx)      Time:    0     Qubit:   0   1 
_gates[1]
ID:   0 ( cx)      Time:    0     Qubit:   0   1 
_gates[2]
_available[0]
ID:   0 ( cx)      Time:    0     Qubit:   0   1 
_available[1]
ID:   0 ( cx)      Time:    0     Qubit:   0   1 
_available[2]
_availty[0]: 1  _availty[1]: 2  _availty[2]: 1  _zs 0

######### start parse gate ##########
ID:   1 ( cx)      Time:    2     Qubit:   0   2 
_______________APPLY ADDCX_______________
Control: 0 Target: 2
Into second loop
into for loop 
Into fourth loop(!found match)
Done addcx:
Parse gate done
_gates[0]
ID:   0 ( cx)      Time:    0     Qubit:   0   1 
ID:   1 ( cx)      Time:    0     Qubit:   0   2 
_gates[1]
ID:   0 ( cx)      Time:    0     Qubit:   0   1 
_gates[2]
ID:   1 ( cx)      Time:    0     Qubit:   0   2 
_available[0]
ID:   0 ( cx)      Time:    0     Qubit:   0   1 
ID:   1 ( cx)      Time:    0     Qubit:   0   2 
_available[1]
ID:   0 ( cx)      Time:    0     Qubit:   0   1 
_available[2]
ID:   1 ( cx)      Time:    0     Qubit:   0   2 
_availty[0]: 1  _availty[1]: 2  _availty[2]: 2  _zs 0

######### start parse gate ##########
ID:   2 ( cx)      Time:    3     Qubit:   0   1 
_______________APPLY ADDCX_______________
Control: 0 Target: 1
into for loop 
into for loop 
Into third loop(found match)
Done addcx:
Parse gate done
_gates[0]
ID:   1 ( cx)      Time:    0     Qubit:   0   2 
_gates[1]
_gates[2]
ID:   1 ( cx)      Time:    0     Qubit:   0   2 
_available[0]
ID:   1 ( cx)      Time:    0     Qubit:   0   2 
_available[1]
_available[2]
ID:   1 ( cx)      Time:    0     Qubit:   0   2 
_availty[0]: 1  _availty[1]: 2  _availty[2]: 2  _zs 0

######### start parse gate ##########
ID:   3 ( cx)      Time:    4     Qubit:   1   0 
_______________APPLY ADDCX_______________
Control: 1 Target: 0
Into first loop
Into second loop
Into fourth loop(!found match)
Done addcx:
Parse gate done
_gates[0]
ID:   1 ( cx)      Time:    0     Qubit:   0   2 
ID:   2 ( cx)      Time:    0     Qubit:   1   0 
_gates[1]
ID:   2 ( cx)      Time:    0     Qubit:   1   0 
_gates[2]
ID:   1 ( cx)      Time:    0     Qubit:   0   2 
_available[0]
ID:   2 ( cx)      Time:    0     Qubit:   1   0 
_available[1]
ID:   2 ( cx)      Time:    0     Qubit:   1   0 
_available[2]
ID:   1 ( cx)      Time:    0     Qubit:   0   2 
_availty[0]: 2  _availty[1]: 1  _availty[2]: 2  _zs 0

######### start parse gate ##########
ID:   4 ( cx)      Time:    5     Qubit:   2   1 
_______________APPLY ADDCX_______________
Control: 2 Target: 1
Into first loop
Into second loop
Into fourth loop(!found match)
Done addcx:
Parse gate done
_gates[0]
ID:   1 ( cx)      Time:    0     Qubit:   0   2 
ID:   2 ( cx)      Time:    0     Qubit:   1   0 
_gates[1]
ID:   2 ( cx)      Time:    0     Qubit:   1   0 
ID:   3 ( cx)      Time:    0     Qubit:   2   1 
_gates[2]
ID:   1 ( cx)      Time:    0     Qubit:   0   2 
ID:   3 ( cx)      Time:    0     Qubit:   2   1 
_available[0]
ID:   2 ( cx)      Time:    0     Qubit:   1   0 
_available[1]
ID:   3 ( cx)      Time:    0     Qubit:   2   1 
_available[2]
ID:   3 ( cx)      Time:    0     Qubit:   2   1 
_availty[0]: 2  _availty[1]: 2  _availty[2]: 1  _zs 0

######### start parse gate ##########
ID:   5 ( cx)      Time:    6     Qubit:   0   2 
_______________APPLY ADDCX_______________
Control: 0 Target: 2
Into first loop
Into second loop
Into fourth loop(!found match)
Done addcx:
Parse gate done
_gates[0]
ID:   1 ( cx)      Time:    0     Qubit:   0   2 
ID:   2 ( cx)      Time:    0     Qubit:   1   0 
ID:   4 ( cx)      Time:    0     Qubit:   0   2 
_gates[1]
ID:   2 ( cx)      Time:    0     Qubit:   1   0 
ID:   3 ( cx)      Time:    0     Qubit:   2   1 
_gates[2]
ID:   1 ( cx)      Time:    0     Qubit:   0   2 
ID:   3 ( cx)      Time:    0     Qubit:   2   1 
ID:   4 ( cx)      Time:    0     Qubit:   0   2 
_available[0]
ID:   4 ( cx)      Time:    0     Qubit:   0   2 
_available[1]
ID:   3 ( cx)      Time:    0     Qubit:   2   1 
_available[2]
ID:   4 ( cx)      Time:    0     Qubit:   0   2 
_availty[0]: 1  _availty[1]: 2  _availty[2]: 2  _zs 0

######### start parse gate ##########
ID:   6 ( cx)      Time:    7     Qubit:   0   2 
_______________APPLY ADDCX_______________
Control: 0 Target: 2
into for loop 
Into third loop(found match)
Done addcx:
Parse gate done
_gates[0]
ID:   1 ( cx)      Time:    0     Qubit:   0   2 
ID:   2 ( cx)      Time:    0     Qubit:   1   0 
_gates[1]
ID:   2 ( cx)      Time:    0     Qubit:   1   0 
ID:   3 ( cx)      Time:    0     Qubit:   2   1 
_gates[2]
ID:   1 ( cx)      Time:    0     Qubit:   0   2 
ID:   3 ( cx)      Time:    0     Qubit:   2   1 
_available[0]
_available[1]
ID:   3 ( cx)      Time:    0     Qubit:   2   1 
_available[2]
_availty[0]: 1  _availty[1]: 2  _availty[2]: 2  _zs 0

######### start parse gate ##########
ID:   7 ( cx)      Time:    8     Qubit:   2   0 
_______________APPLY ADDCX_______________
Control: 2 Target: 0
Into first loop
Into second loop
Into fourth loop(!found match)
Done addcx:
Parse gate done
_gates[0]
ID:   1 ( cx)      Time:    0     Qubit:   0   2 
ID:   2 ( cx)      Time:    0     Qubit:   1   0 
ID:   5 ( cx)      Time:    0     Qubit:   2   0 
_gates[1]
ID:   2 ( cx)      Time:    0     Qubit:   1   0 
ID:   3 ( cx)      Time:    0     Qubit:   2   1 
_gates[2]
ID:   1 ( cx)      Time:    0     Qubit:   0   2 
ID:   3 ( cx)      Time:    0     Qubit:   2   1 
ID:   5 ( cx)      Time:    0     Qubit:   2   0 
_available[0]
ID:   5 ( cx)      Time:    0     Qubit:   2   0 
_available[1]
ID:   3 ( cx)      Time:    0     Qubit:   2   1 
_available[2]
ID:   5 ( cx)      Time:    0     Qubit:   2   0 
_availty[0]: 2  _availty[1]: 2  _availty[2]: 1  _zs 0

######### start parse gate ##########
ID:   8 ( cx)      Time:    9     Qubit:   1   2 
_______________APPLY ADDCX_______________
Control: 1 Target: 2
Into first loop
doswap
Into second loop
Into fourth loop(!found match)
Done addcx:
Parse gate done
_gates[0]
ID:   1 ( cx)      Time:    0     Qubit:   0   2 
ID:   2 ( cx)      Time:    0     Qubit:   1   0 
ID:   5 ( cx)      Time:    0     Qubit:   2   0 
_gates[1]
ID:   2 ( cx)      Time:    0     Qubit:   1   0 
ID:   3 ( cx)      Time:    0     Qubit:   2   1 
ID:   6 ( cx)      Time:    0     Qubit:   1   2 
_gates[2]
ID:   1 ( cx)      Time:    0     Qubit:   0   2 
ID:   3 ( cx)      Time:    0     Qubit:   2   1 
ID:   5 ( cx)      Time:    0     Qubit:   2   0 
ID:   6 ( cx)      Time:    0     Qubit:   1   2 
_available[0]
ID:   5 ( cx)      Time:    0     Qubit:   2   0 
_available[1]
ID:   6 ( cx)      Time:    0     Qubit:   1   2 
_available[2]
ID:   6 ( cx)      Time:    0     Qubit:   1   2 
_availty[0]: 2  _availty[1]: 1  _availty[2]: 2  _zs 0

######### start parse gate ##########
ID:   9 ( cx)      Time:   10     Qubit:   0   2 
_______________APPLY ADDCX_______________
Control: 0 Target: 2
Into first loop
Into fourth loop(!found match)
Done addcx:
Parse gate done
_gates[0]
ID:   1 ( cx)      Time:    0     Qubit:   0   2 
ID:   2 ( cx)      Time:    0     Qubit:   1   0 
ID:   5 ( cx)      Time:    0     Qubit:   2   0 
ID:   7 ( cx)      Time:    0     Qubit:   0   2 
_gates[1]
ID:   2 ( cx)      Time:    0     Qubit:   1   0 
ID:   3 ( cx)      Time:    0     Qubit:   2   1 
ID:   6 ( cx)      Time:    0     Qubit:   1   2 
_gates[2]
ID:   1 ( cx)      Time:    0     Qubit:   0   2 
ID:   3 ( cx)      Time:    0     Qubit:   2   1 
ID:   5 ( cx)      Time:    0     Qubit:   2   0 
ID:   6 ( cx)      Time:    0     Qubit:   1   2 
ID:   7 ( cx)      Time:    0     Qubit:   0   2 
_available[0]
ID:   7 ( cx)      Time:    0     Qubit:   0   2 
_available[1]
ID:   6 ( cx)      Time:    0     Qubit:   1   2 
_available[2]
ID:   6 ( cx)      Time:    0     Qubit:   1   2 
ID:   7 ( cx)      Time:    0     Qubit:   0   2 
_availty[0]: 1  _availty[1]: 1  _availty[2]: 2  _zs 0

######### start parse gate ##########
ID:  10 ( cx)      Time:   11     Qubit:   1   0 
_______________APPLY ADDCX_______________
Control: 1 Target: 0
Into second loop
into for loop 
Into fourth loop(!found match)
Done addcx:
Parse gate done
_gates[0]
ID:   1 ( cx)      Time:    0     Qubit:   0   2 
ID:   2 ( cx)      Time:    0     Qubit:   1   0 
ID:   5 ( cx)      Time:    0     Qubit:   2   0 
ID:   7 ( cx)      Time:    0     Qubit:   0   2 
ID:   8 ( cx)      Time:    0     Qubit:   1   0 
_gates[1]
ID:   2 ( cx)      Time:    0     Qubit:   1   0 
ID:   3 ( cx)      Time:    0     Qubit:   2   1 
ID:   6 ( cx)      Time:    0     Qubit:   1   2 
ID:   8 ( cx)      Time:    0     Qubit:   1   0 
_gates[2]
ID:   1 ( cx)      Time:    0     Qubit:   0   2 
ID:   3 ( cx)      Time:    0     Qubit:   2   1 
ID:   5 ( cx)      Time:    0     Qubit:   2   0 
ID:   6 ( cx)      Time:    0     Qubit:   1   2 
ID:   7 ( cx)      Time:    0     Qubit:   0   2 
_available[0]
ID:   8 ( cx)      Time:    0     Qubit:   1   0 
_available[1]
ID:   6 ( cx)      Time:    0     Qubit:   1   2 
ID:   8 ( cx)      Time:    0     Qubit:   1   0 
_available[2]
ID:   6 ( cx)      Time:    0     Qubit:   1   2 
ID:   7 ( cx)      Time:    0     Qubit:   0   2 
_availty[0]: 2  _availty[1]: 1  _availty[2]: 2  _zs 0

######### start parse gate ##########
ID:  11 ( cx)      Time:   12     Qubit:   0   1 
_______________APPLY ADDCX_______________
Control: 0 Target: 1
Into first loop
doswap
Before swap 
_permutation[2] 2
_permutation[1] 1
_permutation[0] 0
Swap 1 and 0
After swap 
Permutation size: 3
_permutation[2] 2
_permutation[1] 0
_permutation[0] 1
End doswap
Parse gate done
_gates[0]
ID:   1 ( cx)      Time:    0     Qubit:   0   2 
ID:   2 ( cx)      Time:    0     Qubit:   1   0 
ID:   5 ( cx)      Time:    0     Qubit:   2   0 
ID:   7 ( cx)      Time:    0     Qubit:   0   2 
ID:   9 ( cx)      Time:    0     Qubit:   0   1 
_gates[1]
ID:   2 ( cx)      Time:    0     Qubit:   1   0 
ID:   3 ( cx)      Time:    0     Qubit:   2   1 
ID:   6 ( cx)      Time:    0     Qubit:   1   2 
ID:   9 ( cx)      Time:    0     Qubit:   0   1 
_gates[2]
ID:   1 ( cx)      Time:    0     Qubit:   0   2 
ID:   3 ( cx)      Time:    0     Qubit:   2   1 
ID:   5 ( cx)      Time:    0     Qubit:   2   0 
ID:   6 ( cx)      Time:    0     Qubit:   1   2 
ID:   7 ( cx)      Time:    0     Qubit:   0   2 
_available[0]
ID:   9 ( cx)      Time:    0     Qubit:   0   1 
_available[1]
ID:   9 ( cx)      Time:    0     Qubit:   0   1 
_available[2]
ID:   6 ( cx)      Time:    0     Qubit:   1   2 
ID:   7 ( cx)      Time:    0     Qubit:   0   2 
_availty[0]: 1  _availty[1]: 2  _availty[2]: 2  _zs 0

######### start parse gate ##########
ID:  12 ( cx)      Time:   13     Qubit:   2   0 
_______________APPLY ADDCX_______________
Control: 2 Target: 1
Into first loop
Into fourth loop(!found match)
Done addcx:
Parse gate done
_gates[0]
ID:   1 ( cx)      Time:    0     Qubit:   0   2 
ID:   2 ( cx)      Time:    0     Qubit:   1   0 
ID:   5 ( cx)      Time:    0     Qubit:   2   0 
ID:   7 ( cx)      Time:    0     Qubit:   0   2 
ID:   9 ( cx)      Time:    0     Qubit:   0   1 
_gates[1]
ID:   2 ( cx)      Time:    0     Qubit:   1   0 
ID:   3 ( cx)      Time:    0     Qubit:   2   1 
ID:   6 ( cx)      Time:    0     Qubit:   1   2 
ID:   9 ( cx)      Time:    0     Qubit:   0   1 
ID:  10 ( cx)      Time:    0     Qubit:   2   1 
_gates[2]
ID:   1 ( cx)      Time:    0     Qubit:   0   2 
ID:   3 ( cx)      Time:    0     Qubit:   2   1 
ID:   5 ( cx)      Time:    0     Qubit:   2   0 
ID:   6 ( cx)      Time:    0     Qubit:   1   2 
ID:   7 ( cx)      Time:    0     Qubit:   0   2 
ID:  10 ( cx)      Time:    0     Qubit:   2   1 
_available[0]
ID:   9 ( cx)      Time:    0     Qubit:   0   1 
_available[1]
ID:   9 ( cx)      Time:    0     Qubit:   0   1 
ID:  10 ( cx)      Time:    0     Qubit:   2   1 
_available[2]
ID:  10 ( cx)      Time:    0     Qubit:   2   1 
_availty[0]: 1  _availty[1]: 2  _availty[2]: 1  _zs 0

######### start parse gate ##########
ID:  13 ( cx)      Time:   14     Qubit:   2   1 
_______________APPLY ADDCX_______________
Control: 2 Target: 0
Into second loop
into for loop 
Into fourth loop(!found match)
Done addcx:
Parse gate done
_gates[0]
ID:   1 ( cx)      Time:    0     Qubit:   0   2 
ID:   2 ( cx)      Time:    0     Qubit:   1   0 
ID:   5 ( cx)      Time:    0     Qubit:   2   0 
ID:   7 ( cx)      Time:    0     Qubit:   0   2 
ID:   9 ( cx)      Time:    0     Qubit:   0   1 
ID:  11 ( cx)      Time:    0     Qubit:   2   0 
_gates[1]
ID:   2 ( cx)      Time:    0     Qubit:   1   0 
ID:   3 ( cx)      Time:    0     Qubit:   2   1 
ID:   6 ( cx)      Time:    0     Qubit:   1   2 
ID:   9 ( cx)      Time:    0     Qubit:   0   1 
ID:  10 ( cx)      Time:    0     Qubit:   2   1 
_gates[2]
ID:   1 ( cx)      Time:    0     Qubit:   0   2 
ID:   3 ( cx)      Time:    0     Qubit:   2   1 
ID:   5 ( cx)      Time:    0     Qubit:   2   0 
ID:   6 ( cx)      Time:    0     Qubit:   1   2 
ID:   7 ( cx)      Time:    0     Qubit:   0   2 
ID:  10 ( cx)      Time:    0     Qubit:   2   1 
ID:  11 ( cx)      Time:    0     Qubit:   2   0 
_available[0]
ID:  11 ( cx)      Time:    0     Qubit:   2   0 
_available[1]
ID:   9 ( cx)      Time:    0     Qubit:   0   1 
ID:  10 ( cx)      Time:    0     Qubit:   2   1 
_available[2]
ID:  10 ( cx)      Time:    0     Qubit:   2   1 
ID:  11 ( cx)      Time:    0     Qubit:   2   0 
_availty[0]: 2  _availty[1]: 2  _availty[2]: 1  _zs 0

start topo sort
In to while: 0
q: 2 size: 7
q0 size: 6
ID:   1 ( cx)      Time:    0     Qubit:   0   2 
case III
type: 1
1
Into the case3 for loop
ID:   3 ( cx)      Time:    0     Qubit:   2   1 
    case 3-4
q: 1 size: 5
q0 size: 6
ID:   2 ( cx)      Time:    0     Qubit:   1   0 
case III
type: 0
2
Into the case3 for loop
ID:   3 ( cx)      Time:    0     Qubit:   2   1 
    case 3-4
q: 0 size: 6
q0 size: 6
ID:   1 ( cx)      Time:    0     Qubit:   0   2 
case II
ID:   2 ( cx)      Time:    0     Qubit:   1   0 
case II
ID:   5 ( cx)      Time:    0     Qubit:   2   0 
case III
type: 1
1
Into the case3 for loop
ID:   7 ( cx)      Time:    0     Qubit:   0   2 
    case 3-4
In to while: 0
q: 2 size: 6
q0 size: 4
ID:   3 ( cx)      Time:    0     Qubit:   2   1 
case III
type: 0
1
Into the case3 for loop
ID:   5 ( cx)      Time:    0     Qubit:   2   0 
    case 3-3
    case 3-3-2
q0 size: 4
ID:   6 ( cx)      Time:    0     Qubit:   1   2 
    case 3-4
q: 1 size: 4
q0 size: 4
ID:   3 ( cx)      Time:    0     Qubit:   2   1 
case II
ID:   6 ( cx)      Time:    0     Qubit:   1   2 
case III
type: 0
2
Into the case3 for loop
ID:   9 ( cx)      Time:    0     Qubit:   0   1 
    case 3-4
q: 0 size: 4
q0 size: 4
ID:   5 ( cx)      Time:    0     Qubit:   2   0 
case II
ID:   7 ( cx)      Time:    0     Qubit:   0   2 
case III
type: 0
2
Into the case3 for loop
ID:   9 ( cx)      Time:    0     Qubit:   0   1 
    case 3-3
    case 3-3-2
q0 size: 3
ID:  11 ( cx)      Time:    0     Qubit:   2   0 
    case 3-4
In to while: 0
q: 2 size: 4
q0 size: 3
ID:   6 ( cx)      Time:    0     Qubit:   1   2 
case III
type: 1
1
Into the case3 for loop
ID:   7 ( cx)      Time:    0     Qubit:   0   2 
    case 3-3
    case 3-3-2
q0 size: 3
ID:  10 ( cx)      Time:    0     Qubit:   2   1 
    case 3-4
q: 1 size: 3
q0 size: 3
ID:   6 ( cx)      Time:    0     Qubit:   1   2 
case II
ID:   9 ( cx)      Time:    0     Qubit:   0   1 
case III
type: 1
2
Into the case3 for loop
ID:  10 ( cx)      Time:    0     Qubit:   2   1 
    case 3-3
    case 3-3-2
q0 size: 3
q: 0 size: 3
q0 size: 3
ID:   7 ( cx)      Time:    0     Qubit:   0   2 
case II
ID:   9 ( cx)      Time:    0     Qubit:   0   1 
case II
ID:  11 ( cx)      Time:    0     Qubit:   2   0 
case III
type: 1
2
Into the case3 for loop
In to while: 0
q: 2 size: 2
q0 size: 1
ID:  10 ( cx)      Time:    0     Qubit:   2   1 
case III
type: 0
1
Into the case3 for loop
ID:  11 ( cx)      Time:    0     Qubit:   2   0 
    case 3-3
    case 3-3-2
q0 size: 1
q: 1 size: 1
q0 size: 1
ID:  10 ( cx)      Time:    0     Qubit:   2   1 
case II
q: 0 size: 1
q0 size: 1
ID:  11 ( cx)      Time:    0     Qubit:   2   0 
case II
tmp is
Listed by gate ID
ID:   0 ( cx)      Time:    1     Qubit:   0   2 
ID:   1 ( cx)      Time:    2     Qubit:   1   0 
ID:   2 ( cx)      Time:    3     Qubit:   2   1 
ID:   3 ( cx)      Time:    4     Qubit:   2   0 
ID:   4 ( cx)      Time:    5     Qubit:   1   2 
ID:   5 ( cx)      Time:    6     Qubit:   0   2 
ID:   6 ( cx)      Time:    7     Qubit:   0   1 
ID:   7 ( cx)      Time:    8     Qubit:   2   1 
ID:   8 ( cx)      Time:    9     Qubit:   2   0 
After Parse Circuit
Listed by gate ID
ID:   0 ( cx)      Time:    1     Qubit:   0   2 
ID:   1 ( cx)      Time:    2     Qubit:   1   0 
ID:   2 ( cx)      Time:    3     Qubit:   2   1 
ID:   3 ( cx)      Time:    4     Qubit:   2   0 
ID:   4 ( cx)      Time:    5     Qubit:   1   2 
ID:   5 ( cx)      Time:    6     Qubit:   0   2 
ID:   6 ( cx)      Time:    7     Qubit:   0   1 
ID:   7 ( cx)      Time:    8     Qubit:   2   1 
ID:   8 ( cx)      Time:    9     Qubit:   2   0 
corrections size: 3
ID:  12 ( cx)      Time:    0     Qubit:   0   1 
ID:  13 ( cx)      Time:    0     Qubit:   1   0 
ID:  14 ( cx)      Time:    0     Qubit:   0   1 
After add corrections
Listed by gate ID
ID:   0 ( cx)      Time:    1     Qubit:   0   2 
ID:   1 ( cx)      Time:    2     Qubit:   1   0 
ID:   2 ( cx)      Time:    3     Qubit:   2   1 
ID:   3 ( cx)      Time:    4     Qubit:   2   0 
ID:   4 ( cx)      Time:    5     Qubit:   1   2 
ID:   5 ( cx)      Time:    6     Qubit:   0   2 
ID:   6 ( cx)      Time:    7     Qubit:   0   1 
ID:   7 ( cx)      Time:    8     Qubit:   2   1 
ID:   8 ( cx)      Time:    9     Qubit:   2   0 
ID:   9 ( cx)      Time:   10     Qubit:   0   1 
ID:  10 ( cx)      Time:   11     Qubit:   1   0 
ID:  11 ( cx)      Time:   12     Qubit:   0   1 
###########  Number 1 iter #############
Start parseForward
Listed by gate ID
ID:   0 ( cx)      Time:    1     Qubit:   0   2 
ID:   1 ( cx)      Time:    2     Qubit:   1   0 
ID:   2 ( cx)      Time:    3     Qubit:   2   1 
ID:   3 ( cx)      Time:    4     Qubit:   2   0 
ID:   4 ( cx)      Time:    5     Qubit:   1   2 
ID:   5 ( cx)      Time:    6     Qubit:   0   2 
ID:   6 ( cx)      Time:    7     Qubit:   0   1 
ID:   7 ( cx)      Time:    8     Qubit:   2   1 
ID:   8 ( cx)      Time:    9     Qubit:   2   0 
ID:   9 ( cx)      Time:   10     Qubit:   0   1 
ID:  10 ( cx)      Time:   11     Qubit:   1   0 
ID:  11 ( cx)      Time:   12     Qubit:   0   1 
reversed
######### start parse gate ##########
ID:  11 ( cx)      Time:   12     Qubit:   0   1 
_______________APPLY ADDCX_______________
Control: 0 Target: 1
Into second loop
Into fourth loop(!found match)
Done addcx:
Parse gate done
_gates[0]
ID:   0 ( cx)      Time:    0     Qubit:   0   1 
_gates[1]
ID:   0 ( cx)      Time:    0     Qubit:   0   1 
_gates[2]
_available[0]
ID:   0 ( cx)      Time:    0     Qubit:   0   1 
_available[1]
ID:   0 ( cx)      Time:    0     Qubit:   0   1 
_available[2]
_availty[0]: 1  _availty[1]: 2  _availty[2]: 1  _zs 0

######### start parse gate ##########
ID:  10 ( cx)      Time:   11     Qubit:   1   0 
_______________APPLY ADDCX_______________
Control: 1 Target: 0
Into first loop
doswap
Before swap 
_permutation[2] 2
_permutation[1] 1
_permutation[0] 0
Swap 0 and 1
After swap 
Permutation size: 3
_permutation[2] 2
_permutation[1] 0
_permutation[0] 1
End doswap
Parse gate done
_gates[0]
ID:   1 ( cx)      Time:    0     Qubit:   1   0 
_gates[1]
ID:   1 ( cx)      Time:    0     Qubit:   1   0 
_gates[2]
_available[0]
ID:   1 ( cx)      Time:    0     Qubit:   1   0 
_available[1]
ID:   1 ( cx)      Time:    0     Qubit:   1   0 
_available[2]
_availty[0]: 2  _availty[1]: 1  _availty[2]: 1  _zs 0

######### start parse gate ##########
ID:   9 ( cx)      Time:   10     Qubit:   0   1 
_______________APPLY ADDCX_______________
Control: 1 Target: 0
into for loop 
Into third loop(found match)
Done addcx:
Parse gate done
_gates[0]
_gates[1]
_gates[2]
_available[0]
_available[1]
_available[2]
_availty[0]: 2  _availty[1]: 1  _availty[2]: 1  _zs 0

######### start parse gate ##########
ID:   8 ( cx)      Time:    9     Qubit:   2   0 
_______________APPLY ADDCX_______________
Control: 2 Target: 1
Into second loop
Into fourth loop(!found match)
Done addcx:
Parse gate done
_gates[0]
_gates[1]
ID:   2 ( cx)      Time:    0     Qubit:   2   1 
_gates[2]
ID:   2 ( cx)      Time:    0     Qubit:   2   1 
_available[0]
_available[1]
ID:   2 ( cx)      Time:    0     Qubit:   2   1 
_available[2]
ID:   2 ( cx)      Time:    0     Qubit:   2   1 
_availty[0]: 2  _availty[1]: 2  _availty[2]: 1  _zs 0

######### start parse gate ##########
ID:   7 ( cx)      Time:    8     Qubit:   2   1 
_______________APPLY ADDCX_______________
Control: 2 Target: 0
into for loop 
Into fourth loop(!found match)
Done addcx:
Parse gate done
_gates[0]
ID:   3 ( cx)      Time:    0     Qubit:   2   0 
_gates[1]
ID:   2 ( cx)      Time:    0     Qubit:   2   1 
_gates[2]
ID:   2 ( cx)      Time:    0     Qubit:   2   1 
ID:   3 ( cx)      Time:    0     Qubit:   2   0 
_available[0]
ID:   3 ( cx)      Time:    0     Qubit:   2   0 
_available[1]
ID:   2 ( cx)      Time:    0     Qubit:   2   1 
_available[2]
ID:   2 ( cx)      Time:    0     Qubit:   2   1 
ID:   3 ( cx)      Time:    0     Qubit:   2   0 
_availty[0]: 2  _availty[1]: 2  _availty[2]: 1  _zs 0

######### start parse gate ##########
ID:   6 ( cx)      Time:    7     Qubit:   0   1 
_______________APPLY ADDCX_______________
Control: 1 Target: 0
Into first loop
Into fourth loop(!found match)
Done addcx:
Parse gate done
_gates[0]
ID:   3 ( cx)      Time:    0     Qubit:   2   0 
ID:   4 ( cx)      Time:    0     Qubit:   1   0 
_gates[1]
ID:   2 ( cx)      Time:    0     Qubit:   2   1 
ID:   4 ( cx)      Time:    0     Qubit:   1   0 
_gates[2]
ID:   2 ( cx)      Time:    0     Qubit:   2   1 
ID:   3 ( cx)      Time:    0     Qubit:   2   0 
_available[0]
ID:   3 ( cx)      Time:    0     Qubit:   2   0 
ID:   4 ( cx)      Time:    0     Qubit:   1   0 
_available[1]
ID:   4 ( cx)      Time:    0     Qubit:   1   0 
_available[2]
ID:   2 ( cx)      Time:    0     Qubit:   2   1 
ID:   3 ( cx)      Time:    0     Qubit:   2   0 
_availty[0]: 2  _availty[1]: 1  _availty[2]: 1  _zs 0

######### start parse gate ##########
ID:   5 ( cx)      Time:    6     Qubit:   0   2 
_______________APPLY ADDCX_______________
Control: 1 Target: 2
Into second loop
into for loop 
Into fourth loop(!found match)
Done addcx:
Parse gate done
_gates[0]
ID:   3 ( cx)      Time:    0     Qubit:   2   0 
ID:   4 ( cx)      Time:    0     Qubit:   1   0 
_gates[1]
ID:   2 ( cx)      Time:    0     Qubit:   2   1 
ID:   4 ( cx)      Time:    0     Qubit:   1   0 
ID:   5 ( cx)      Time:    0     Qubit:   1   2 
_gates[2]
ID:   2 ( cx)      Time:    0     Qubit:   2   1 
ID:   3 ( cx)      Time:    0     Qubit:   2   0 
ID:   5 ( cx)      Time:    0     Qubit:   1   2 
_available[0]
ID:   3 ( cx)      Time:    0     Qubit:   2   0 
ID:   4 ( cx)      Time:    0     Qubit:   1   0 
_available[1]
ID:   4 ( cx)      Time:    0     Qubit:   1   0 
ID:   5 ( cx)      Time:    0     Qubit:   1   2 
_available[2]
ID:   5 ( cx)      Time:    0     Qubit:   1   2 
_availty[0]: 2  _availty[1]: 1  _availty[2]: 2  _zs 0

######### start parse gate ##########
ID:   4 ( cx)      Time:    5     Qubit:   1   2 
_______________APPLY ADDCX_______________
Control: 0 Target: 2
Into first loop
Into fourth loop(!found match)
Done addcx:
Parse gate done
_gates[0]
ID:   3 ( cx)      Time:    0     Qubit:   2   0 
ID:   4 ( cx)      Time:    0     Qubit:   1   0 
ID:   6 ( cx)      Time:    0     Qubit:   0   2 
_gates[1]
ID:   2 ( cx)      Time:    0     Qubit:   2   1 
ID:   4 ( cx)      Time:    0     Qubit:   1   0 
ID:   5 ( cx)      Time:    0     Qubit:   1   2 
_gates[2]
ID:   2 ( cx)      Time:    0     Qubit:   2   1 
ID:   3 ( cx)      Time:    0     Qubit:   2   0 
ID:   5 ( cx)      Time:    0     Qubit:   1   2 
ID:   6 ( cx)      Time:    0     Qubit:   0   2 
_available[0]
ID:   6 ( cx)      Time:    0     Qubit:   0   2 
_available[1]
ID:   4 ( cx)      Time:    0     Qubit:   1   0 
ID:   5 ( cx)      Time:    0     Qubit:   1   2 
_available[2]
ID:   5 ( cx)      Time:    0     Qubit:   1   2 
ID:   6 ( cx)      Time:    0     Qubit:   0   2 
_availty[0]: 1  _availty[1]: 1  _availty[2]: 2  _zs 0

######### start parse gate ##########
ID:   3 ( cx)      Time:    4     Qubit:   2   0 
_______________APPLY ADDCX_______________
Control: 2 Target: 1
Into first loop
doswap
Before swap 
_permutation[2] 2
_permutation[1] 0
_permutation[0] 1
Swap 1 and 2
After swap 
Permutation size: 3
_permutation[2] 0
_permutation[1] 2
_permutation[0] 1
End doswap
Parse gate done
_gates[0]
ID:   3 ( cx)      Time:    0     Qubit:   2   0 
ID:   4 ( cx)      Time:    0     Qubit:   1   0 
ID:   6 ( cx)      Time:    0     Qubit:   0   2 
_gates[1]
ID:   2 ( cx)      Time:    0     Qubit:   2   1 
ID:   4 ( cx)      Time:    0     Qubit:   1   0 
ID:   7 ( cx)      Time:    0     Qubit:   2   1 
_gates[2]
ID:   2 ( cx)      Time:    0     Qubit:   2   1 
ID:   3 ( cx)      Time:    0     Qubit:   2   0 
ID:   6 ( cx)      Time:    0     Qubit:   0   2 
ID:   7 ( cx)      Time:    0     Qubit:   2   1 
_available[0]
ID:   6 ( cx)      Time:    0     Qubit:   0   2 
_available[1]
ID:   7 ( cx)      Time:    0     Qubit:   2   1 
_available[2]
ID:   7 ( cx)      Time:    0     Qubit:   2   1 
_availty[0]: 1  _availty[1]: 2  _availty[2]: 1  _zs 0

######### start parse gate ##########
ID:   2 ( cx)      Time:    3     Qubit:   2   1 
_______________APPLY ADDCX_______________
Control: 1 Target: 0
Into first loop
Into second loop
Into fourth loop(!found match)
Done addcx:
Parse gate done
_gates[0]
ID:   3 ( cx)      Time:    0     Qubit:   2   0 
ID:   4 ( cx)      Time:    0     Qubit:   1   0 
ID:   6 ( cx)      Time:    0     Qubit:   0   2 
ID:   8 ( cx)      Time:    0     Qubit:   1   0 
_gates[1]
ID:   2 ( cx)      Time:    0     Qubit:   2   1 
ID:   4 ( cx)      Time:    0     Qubit:   1   0 
ID:   7 ( cx)      Time:    0     Qubit:   2   1 
ID:   8 ( cx)      Time:    0     Qubit:   1   0 
_gates[2]
ID:   2 ( cx)      Time:    0     Qubit:   2   1 
ID:   3 ( cx)      Time:    0     Qubit:   2   0 
ID:   6 ( cx)      Time:    0     Qubit:   0   2 
ID:   7 ( cx)      Time:    0     Qubit:   2   1 
_available[0]
ID:   8 ( cx)      Time:    0     Qubit:   1   0 
_available[1]
ID:   8 ( cx)      Time:    0     Qubit:   1   0 
_available[2]
ID:   7 ( cx)      Time:    0     Qubit:   2   1 
_availty[0]: 2  _availty[1]: 1  _availty[2]: 1  _zs 0

######### start parse gate ##########
ID:   1 ( cx)      Time:    2     Qubit:   1   0 
_______________APPLY ADDCX_______________
Control: 0 Target: 2
Into first loop
Into second loop
Into fourth loop(!found match)
Done addcx:
Parse gate done
_gates[0]
ID:   3 ( cx)      Time:    0     Qubit:   2   0 
ID:   4 ( cx)      Time:    0     Qubit:   1   0 
ID:   6 ( cx)      Time:    0     Qubit:   0   2 
ID:   8 ( cx)      Time:    0     Qubit:   1   0 
ID:   9 ( cx)      Time:    0     Qubit:   0   2 
_gates[1]
ID:   2 ( cx)      Time:    0     Qubit:   2   1 
ID:   4 ( cx)      Time:    0     Qubit:   1   0 
ID:   7 ( cx)      Time:    0     Qubit:   2   1 
ID:   8 ( cx)      Time:    0     Qubit:   1   0 
_gates[2]
ID:   2 ( cx)      Time:    0     Qubit:   2   1 
ID:   3 ( cx)      Time:    0     Qubit:   2   0 
ID:   6 ( cx)      Time:    0     Qubit:   0   2 
ID:   7 ( cx)      Time:    0     Qubit:   2   1 
ID:   9 ( cx)      Time:    0     Qubit:   0   2 
_available[0]
ID:   9 ( cx)      Time:    0     Qubit:   0   2 
_available[1]
ID:   8 ( cx)      Time:    0     Qubit:   1   0 
_available[2]
ID:   9 ( cx)      Time:    0     Qubit:   0   2 
_availty[0]: 1  _availty[1]: 1  _availty[2]: 2  _zs 0

######### start parse gate ##########
ID:   0 ( cx)      Time:    1     Qubit:   0   2 
_______________APPLY ADDCX_______________
Control: 2 Target: 1
Into first loop
Into second loop
Into fourth loop(!found match)
Done addcx:
Parse gate done
_gates[0]
ID:   3 ( cx)      Time:    0     Qubit:   2   0 
ID:   4 ( cx)      Time:    0     Qubit:   1   0 
ID:   6 ( cx)      Time:    0     Qubit:   0   2 
ID:   8 ( cx)      Time:    0     Qubit:   1   0 
ID:   9 ( cx)      Time:    0     Qubit:   0   2 
_gates[1]
ID:   2 ( cx)      Time:    0     Qubit:   2   1 
ID:   4 ( cx)      Time:    0     Qubit:   1   0 
ID:   7 ( cx)      Time:    0     Qubit:   2   1 
ID:   8 ( cx)      Time:    0     Qubit:   1   0 
ID:  10 ( cx)      Time:    0     Qubit:   2   1 
_gates[2]
ID:   2 ( cx)      Time:    0     Qubit:   2   1 
ID:   3 ( cx)      Time:    0     Qubit:   2   0 
ID:   6 ( cx)      Time:    0     Qubit:   0   2 
ID:   7 ( cx)      Time:    0     Qubit:   2   1 
ID:   9 ( cx)      Time:    0     Qubit:   0   2 
ID:  10 ( cx)      Time:    0     Qubit:   2   1 
_available[0]
ID:   9 ( cx)      Time:    0     Qubit:   0   2 
_available[1]
ID:  10 ( cx)      Time:    0     Qubit:   2   1 
_available[2]
ID:  10 ( cx)      Time:    0     Qubit:   2   1 
_availty[0]: 1  _availty[1]: 2  _availty[2]: 1  _zs 0

start topo sort
In to while: 0
q: 2 size: 6
q0 size: 5
ID:   2 ( cx)      Time:    0     Qubit:   2   1 
case III
type: 0
1
Into the case3 for loop
ID:   3 ( cx)      Time:    0     Qubit:   2   0 
    case 3-3
    case 3-3-2
q0 size: 5
ID:   6 ( cx)      Time:    0     Qubit:   0   2 
    case 3-4
q: 1 size: 5
q0 size: 5
ID:   2 ( cx)      Time:    0     Qubit:   2   1 
case II
ID:   4 ( cx)      Time:    0     Qubit:   1   0 
case III
type: 0
2
Into the case3 for loop
ID:   7 ( cx)      Time:    0     Qubit:   2   1 
    case 3-4
q: 0 size: 5
q0 size: 5
ID:   3 ( cx)      Time:    0     Qubit:   2   0 
case II
ID:   4 ( cx)      Time:    0     Qubit:   1   0 
case II
ID:   6 ( cx)      Time:    0     Qubit:   0   2 
case III
type: 0
1
Into the case3 for loop
ID:   8 ( cx)      Time:    0     Qubit:   1   0 
    case 3-4
In to while: 0
q: 2 size: 4
q0 size: 3
ID:   6 ( cx)      Time:    0     Qubit:   0   2 
case III
type: 1
1
Into the case3 for loop
ID:   7 ( cx)      Time:    0     Qubit:   2   1 
    case 3-4
q: 1 size: 3
q0 size: 3
ID:   7 ( cx)      Time:    0     Qubit:   2   1 
case III
type: 1
2
Into the case3 for loop
ID:   8 ( cx)      Time:    0     Qubit:   1   0 
    case 3-4
q: 0 size: 3
q0 size: 3
ID:   6 ( cx)      Time:    0     Qubit:   0   2 
case II
ID:   8 ( cx)      Time:    0     Qubit:   1   0 
case III
type: 1
2
Into the case3 for loop
ID:   9 ( cx)      Time:    0     Qubit:   0   2 
    case 3-4
In to while: 0
q: 2 size: 3
q0 size: 2
ID:   7 ( cx)      Time:    0     Qubit:   2   1 
case III
type: 0
1
Into the case3 for loop
ID:   9 ( cx)      Time:    0     Qubit:   0   2 
    case 3-4
q: 1 size: 3
q0 size: 2
ID:   7 ( cx)      Time:    0     Qubit:   2   1 
case II
ID:   8 ( cx)      Time:    0     Qubit:   1   0 
case III
type: 0
1
Into the case3 for loop
ID:  10 ( cx)      Time:    0     Qubit:   2   1 
    case 3-4
q: 0 size: 2
q0 size: 2
ID:   8 ( cx)      Time:    0     Qubit:   1   0 
case II
ID:   9 ( cx)      Time:    0     Qubit:   0   2 
case III
type: 0
1
Into the case3 for loop
In to while: 0
q: 2 size: 2
q0 size: 1
ID:   9 ( cx)      Time:    0     Qubit:   0   2 
case III
type: 1
1
Into the case3 for loop
ID:  10 ( cx)      Time:    0     Qubit:   2   1 
    case 3-4
q: 1 size: 1
q0 size: 1
ID:  10 ( cx)      Time:    0     Qubit:   2   1 
case III
type: 1
2
Into the case3 for loop
q: 0 size: 1
q0 size: 1
ID:   9 ( cx)      Time:    0     Qubit:   0   2 
case II
In to while: 0
q: 2 size: 1
q0 size: 0
ID:  10 ( cx)      Time:    0     Qubit:   2   1 
case III
type: 0
1
Into the case3 for loop
q: 1 size: 1
q0 size: 0
ID:  10 ( cx)      Time:    0     Qubit:   2   1 
case II
q: 0 size: 0
q0 size: 0
tmp is
Listed by gate ID
ID:   0 ( cx)      Time:    8     Qubit:   2   1 
ID:   1 ( cx)      Time:    7     Qubit:   2   0 
ID:   2 ( cx)      Time:    6     Qubit:   1   0 
ID:   3 ( cx)      Time:    5     Qubit:   0   2 
ID:   4 ( cx)      Time:    4     Qubit:   2   1 
ID:   5 ( cx)      Time:    3     Qubit:   1   0 
ID:   6 ( cx)      Time:    2     Qubit:   0   2 
ID:   7 ( cx)      Time:    1     Qubit:   2   1 
corrections size1: 6
ID:  11 ( cx)      Time:    0     Qubit:   0   2 
ID:  12 ( cx)      Time:    0     Qubit:   2   0 
ID:  13 ( cx)      Time:    0     Qubit:   0   2 
ID:  14 ( cx)      Time:    0     Qubit:   1   2 
ID:  15 ( cx)      Time:    0     Qubit:   2   1 
ID:  16 ( cx)      Time:    0     Qubit:   1   2 
Start parseForward
Listed by gate ID
ID:   0 ( cx)      Time:   14     Qubit:   2   1 
ID:   1 ( cx)      Time:   13     Qubit:   2   0 
ID:   2 ( cx)      Time:   12     Qubit:   1   0 
ID:   3 ( cx)      Time:   11     Qubit:   0   2 
ID:   4 ( cx)      Time:   10     Qubit:   2   1 
ID:   5 ( cx)      Time:    9     Qubit:   1   0 
ID:   6 ( cx)      Time:    8     Qubit:   0   2 
ID:   7 ( cx)      Time:    7     Qubit:   2   1 
ID:   8 ( cx)      Time:    6     Qubit:   0   2 
ID:   9 ( cx)      Time:    5     Qubit:   2   0 
ID:  10 ( cx)      Time:    4     Qubit:   0   2 
ID:  11 ( cx)      Time:    3     Qubit:   1   2 
ID:  12 ( cx)      Time:    2     Qubit:   2   1 
ID:  13 ( cx)      Time:    1     Qubit:   1   2 
######### start parse gate ##########
ID:  13 ( cx)      Time:    1     Qubit:   1   2 
_______________APPLY ADDCX_______________
Control: 1 Target: 2
Into second loop
Into fourth loop(!found match)
Done addcx:
Parse gate done
_gates[0]
_gates[1]
ID:   0 ( cx)      Time:    0     Qubit:   1   2 
_gates[2]
ID:   0 ( cx)      Time:    0     Qubit:   1   2 
_available[0]
_available[1]
ID:   0 ( cx)      Time:    0     Qubit:   1   2 
_available[2]
ID:   0 ( cx)      Time:    0     Qubit:   1   2 
_availty[0]: 1  _availty[1]: 1  _availty[2]: 2  _zs 0

######### start parse gate ##########
ID:  12 ( cx)      Time:    2     Qubit:   2   1 
_______________APPLY ADDCX_______________
Control: 2 Target: 1
Into first loop
doswap
Before swap 
_permutation[2] 2
_permutation[1] 1
_permutation[0] 0
Swap 1 and 2
After swap 
Permutation size: 3
_permutation[2] 1
_permutation[1] 2
_permutation[0] 0
End doswap
Parse gate done
_gates[0]
_gates[1]
ID:   1 ( cx)      Time:    0     Qubit:   2   1 
_gates[2]
ID:   1 ( cx)      Time:    0     Qubit:   2   1 
_available[0]
_available[1]
ID:   1 ( cx)      Time:    0     Qubit:   2   1 
_available[2]
ID:   1 ( cx)      Time:    0     Qubit:   2   1 
_availty[0]: 1  _availty[1]: 2  _availty[2]: 1  _zs 0

######### start parse gate ##########
ID:  11 ( cx)      Time:    3     Qubit:   1   2 
_______________APPLY ADDCX_______________
Control: 2 Target: 1
into for loop 
Into third loop(found match)
Done addcx:
Parse gate done
_gates[0]
_gates[1]
_gates[2]
_available[0]
_available[1]
_available[2]
_availty[0]: 1  _availty[1]: 2  _availty[2]: 1  _zs 0

######### start parse gate ##########
ID:  10 ( cx)      Time:    4     Qubit:   0   2 
_______________APPLY ADDCX_______________
Control: 0 Target: 1
Into fourth loop(!found match)
Done addcx:
Parse gate done
_gates[0]
ID:   2 ( cx)      Time:    0     Qubit:   0   1 
_gates[1]
ID:   2 ( cx)      Time:    0     Qubit:   0   1 
_gates[2]
_available[0]
ID:   2 ( cx)      Time:    0     Qubit:   0   1 
_available[1]
ID:   2 ( cx)      Time:    0     Qubit:   0   1 
_available[2]
_availty[0]: 1  _availty[1]: 2  _availty[2]: 1  _zs 0

######### start parse gate ##########
ID:   9 ( cx)      Time:    5     Qubit:   2   0 
_______________APPLY ADDCX_______________
Control: 1 Target: 0
Into first loop
doswap
Before swap 
_permutation[2] 1
_permutation[1] 2
_permutation[0] 0
Swap 0 and 1
After swap 
Permutation size: 3
_permutation[2] 1
_permutation[1] 0
_permutation[0] 2
End doswap
Parse gate done
_gates[0]
ID:   3 ( cx)      Time:    0     Qubit:   1   0 
_gates[1]
ID:   3 ( cx)      Time:    0     Qubit:   1   0 
_gates[2]
_available[0]
ID:   3 ( cx)      Time:    0     Qubit:   1   0 
_available[1]
ID:   3 ( cx)      Time:    0     Qubit:   1   0 
_available[2]
_availty[0]: 2  _availty[1]: 1  _availty[2]: 1  _zs 0

######### start parse gate ##########
ID:   8 ( cx)      Time:    6     Qubit:   0   2 
_______________APPLY ADDCX_______________
Control: 1 Target: 0
into for loop 
Into third loop(found match)
Done addcx:
Parse gate done
_gates[0]
_gates[1]
_gates[2]
_available[0]
_available[1]
_available[2]
_availty[0]: 2  _availty[1]: 1  _availty[2]: 1  _zs 0

######### start parse gate ##########
ID:   7 ( cx)      Time:    7     Qubit:   2   1 
_______________APPLY ADDCX_______________
Control: 0 Target: 2
Into first loop
Into second loop
Into fourth loop(!found match)
Done addcx:
Parse gate done
_gates[0]
ID:   4 ( cx)      Time:    0     Qubit:   0   2 
_gates[1]
_gates[2]
ID:   4 ( cx)      Time:    0     Qubit:   0   2 
_available[0]
ID:   4 ( cx)      Time:    0     Qubit:   0   2 
_available[1]
_available[2]
ID:   4 ( cx)      Time:    0     Qubit:   0   2 
_availty[0]: 1  _availty[1]: 1  _availty[2]: 2  _zs 0

######### start parse gate ##########
ID:   6 ( cx)      Time:    8     Qubit:   0   2 
_______________APPLY ADDCX_______________
Control: 1 Target: 0
Into second loop
Into fourth loop(!found match)
Done addcx:
Parse gate done
_gates[0]
ID:   4 ( cx)      Time:    0     Qubit:   0   2 
ID:   5 ( cx)      Time:    0     Qubit:   1   0 
_gates[1]
ID:   5 ( cx)      Time:    0     Qubit:   1   0 
_gates[2]
ID:   4 ( cx)      Time:    0     Qubit:   0   2 
_available[0]
ID:   5 ( cx)      Time:    0     Qubit:   1   0 
_available[1]
ID:   5 ( cx)      Time:    0     Qubit:   1   0 
_available[2]
ID:   4 ( cx)      Time:    0     Qubit:   0   2 
_availty[0]: 2  _availty[1]: 1  _availty[2]: 2  _zs 0

######### start parse gate ##########
ID:   5 ( cx)      Time:    9     Qubit:   1   0 
_______________APPLY ADDCX_______________
Control: 2 Target: 1
Into first loop
Into second loop
Into fourth loop(!found match)
Done addcx:
Parse gate done
_gates[0]
ID:   4 ( cx)      Time:    0     Qubit:   0   2 
ID:   5 ( cx)      Time:    0     Qubit:   1   0 
_gates[1]
ID:   5 ( cx)      Time:    0     Qubit:   1   0 
ID:   6 ( cx)      Time:    0     Qubit:   2   1 
_gates[2]
ID:   4 ( cx)      Time:    0     Qubit:   0   2 
ID:   6 ( cx)      Time:    0     Qubit:   2   1 
_available[0]
ID:   5 ( cx)      Time:    0     Qubit:   1   0 
_available[1]
ID:   6 ( cx)      Time:    0     Qubit:   2   1 
_available[2]
ID:   6 ( cx)      Time:    0     Qubit:   2   1 
_availty[0]: 2  _availty[1]: 2  _availty[2]: 1  _zs 0

######### start parse gate ##########
ID:   4 ( cx)      Time:   10     Qubit:   2   1 
_______________APPLY ADDCX_______________
Control: 0 Target: 2
Into first loop
Into second loop
Into fourth loop(!found match)
Done addcx:
Parse gate done
_gates[0]
ID:   4 ( cx)      Time:    0     Qubit:   0   2 
ID:   5 ( cx)      Time:    0     Qubit:   1   0 
ID:   7 ( cx)      Time:    0     Qubit:   0   2 
_gates[1]
ID:   5 ( cx)      Time:    0     Qubit:   1   0 
ID:   6 ( cx)      Time:    0     Qubit:   2   1 
_gates[2]
ID:   4 ( cx)      Time:    0     Qubit:   0   2 
ID:   6 ( cx)      Time:    0     Qubit:   2   1 
ID:   7 ( cx)      Time:    0     Qubit:   0   2 
_available[0]
ID:   7 ( cx)      Time:    0     Qubit:   0   2 
_available[1]
ID:   6 ( cx)      Time:    0     Qubit:   2   1 
_available[2]
ID:   7 ( cx)      Time:    0     Qubit:   0   2 
_availty[0]: 1  _availty[1]: 2  _availty[2]: 2  _zs 0

######### start parse gate ##########
ID:   3 ( cx)      Time:   11     Qubit:   0   2 
_______________APPLY ADDCX_______________
Control: 1 Target: 0
Into first loop
Into second loop
Into fourth loop(!found match)
Done addcx:
Parse gate done
_gates[0]
ID:   4 ( cx)      Time:    0     Qubit:   0   2 
ID:   5 ( cx)      Time:    0     Qubit:   1   0 
ID:   7 ( cx)      Time:    0     Qubit:   0   2 
ID:   8 ( cx)      Time:    0     Qubit:   1   0 
_gates[1]
ID:   5 ( cx)      Time:    0     Qubit:   1   0 
ID:   6 ( cx)      Time:    0     Qubit:   2   1 
ID:   8 ( cx)      Time:    0     Qubit:   1   0 
_gates[2]
ID:   4 ( cx)      Time:    0     Qubit:   0   2 
ID:   6 ( cx)      Time:    0     Qubit:   2   1 
ID:   7 ( cx)      Time:    0     Qubit:   0   2 
_available[0]
ID:   8 ( cx)      Time:    0     Qubit:   1   0 
_available[1]
ID:   8 ( cx)      Time:    0     Qubit:   1   0 
_available[2]
ID:   7 ( cx)      Time:    0     Qubit:   0   2 
_availty[0]: 2  _availty[1]: 1  _availty[2]: 2  _zs 0

######### start parse gate ##########
ID:   2 ( cx)      Time:   12     Qubit:   1   0 
_______________APPLY ADDCX_______________
Control: 2 Target: 1
Into first loop
Into second loop
Into fourth loop(!found match)
Done addcx:
Parse gate done
_gates[0]
ID:   4 ( cx)      Time:    0     Qubit:   0   2 
ID:   5 ( cx)      Time:    0     Qubit:   1   0 
ID:   7 ( cx)      Time:    0     Qubit:   0   2 
ID:   8 ( cx)      Time:    0     Qubit:   1   0 
_gates[1]
ID:   5 ( cx)      Time:    0     Qubit:   1   0 
ID:   6 ( cx)      Time:    0     Qubit:   2   1 
ID:   8 ( cx)      Time:    0     Qubit:   1   0 
ID:   9 ( cx)      Time:    0     Qubit:   2   1 
_gates[2]
ID:   4 ( cx)      Time:    0     Qubit:   0   2 
ID:   6 ( cx)      Time:    0     Qubit:   2   1 
ID:   7 ( cx)      Time:    0     Qubit:   0   2 
ID:   9 ( cx)      Time:    0     Qubit:   2   1 
_available[0]
ID:   8 ( cx)      Time:    0     Qubit:   1   0 
_available[1]
ID:   9 ( cx)      Time:    0     Qubit:   2   1 
_available[2]
ID:   9 ( cx)      Time:    0     Qubit:   2   1 
_availty[0]: 2  _availty[1]: 2  _availty[2]: 1  _zs 0

######### start parse gate ##########
ID:   1 ( cx)      Time:   13     Qubit:   2   0 
_______________APPLY ADDCX_______________
Control: 0 Target: 1
Into first loop
Into fourth loop(!found match)
Done addcx:
Parse gate done
_gates[0]
ID:   4 ( cx)      Time:    0     Qubit:   0   2 
ID:   5 ( cx)      Time:    0     Qubit:   1   0 
ID:   7 ( cx)      Time:    0     Qubit:   0   2 
ID:   8 ( cx)      Time:    0     Qubit:   1   0 
ID:  10 ( cx)      Time:    0     Qubit:   0   1 
_gates[1]
ID:   5 ( cx)      Time:    0     Qubit:   1   0 
ID:   6 ( cx)      Time:    0     Qubit:   2   1 
ID:   8 ( cx)      Time:    0     Qubit:   1   0 
ID:   9 ( cx)      Time:    0     Qubit:   2   1 
ID:  10 ( cx)      Time:    0     Qubit:   0   1 
_gates[2]
ID:   4 ( cx)      Time:    0     Qubit:   0   2 
ID:   6 ( cx)      Time:    0     Qubit:   2   1 
ID:   7 ( cx)      Time:    0     Qubit:   0   2 
ID:   9 ( cx)      Time:    0     Qubit:   2   1 
_available[0]
ID:  10 ( cx)      Time:    0     Qubit:   0   1 
_available[1]
ID:   9 ( cx)      Time:    0     Qubit:   2   1 
ID:  10 ( cx)      Time:    0     Qubit:   0   1 
_available[2]
ID:   9 ( cx)      Time:    0     Qubit:   2   1 
_availty[0]: 1  _availty[1]: 2  _availty[2]: 1  _zs 0

######### start parse gate ##########
ID:   0 ( cx)      Time:   14     Qubit:   2   1 
_______________APPLY ADDCX_______________
Control: 0 Target: 2
Into second loop
into for loop 
Into fourth loop(!found match)
Done addcx:
Parse gate done
_gates[0]
ID:   4 ( cx)      Time:    0     Qubit:   0   2 
ID:   5 ( cx)      Time:    0     Qubit:   1   0 
ID:   7 ( cx)      Time:    0     Qubit:   0   2 
ID:   8 ( cx)      Time:    0     Qubit:   1   0 
ID:  10 ( cx)      Time:    0     Qubit:   0   1 
ID:  11 ( cx)      Time:    0     Qubit:   0   2 
_gates[1]
ID:   5 ( cx)      Time:    0     Qubit:   1   0 
ID:   6 ( cx)      Time:    0     Qubit:   2   1 
ID:   8 ( cx)      Time:    0     Qubit:   1   0 
ID:   9 ( cx)      Time:    0     Qubit:   2   1 
ID:  10 ( cx)      Time:    0     Qubit:   0   1 
_gates[2]
ID:   4 ( cx)      Time:    0     Qubit:   0   2 
ID:   6 ( cx)      Time:    0     Qubit:   2   1 
ID:   7 ( cx)      Time:    0     Qubit:   0   2 
ID:   9 ( cx)      Time:    0     Qubit:   2   1 
ID:  11 ( cx)      Time:    0     Qubit:   0   2 
_available[0]
ID:  10 ( cx)      Time:    0     Qubit:   0   1 
ID:  11 ( cx)      Time:    0     Qubit:   0   2 
_available[1]
ID:   9 ( cx)      Time:    0     Qubit:   2   1 
ID:  10 ( cx)      Time:    0     Qubit:   0   1 
_available[2]
ID:  11 ( cx)      Time:    0     Qubit:   0   2 
_availty[0]: 1  _availty[1]: 2  _availty[2]: 2  _zs 0

start topo sort
In to while: 0
q: 2 size: 5
q0 size: 6
ID:   4 ( cx)      Time:    0     Qubit:   0   2 
case III
type: 1
1
Into the case3 for loop
ID:   6 ( cx)      Time:    0     Qubit:   2   1 
    case 3-4
q: 1 size: 5
q0 size: 6
ID:   5 ( cx)      Time:    0     Qubit:   1   0 
case III
type: 0
2
Into the case3 for loop
ID:   6 ( cx)      Time:    0     Qubit:   2   1 
    case 3-4
q: 0 size: 6
q0 size: 6
ID:   4 ( cx)      Time:    0     Qubit:   0   2 
case II
ID:   5 ( cx)      Time:    0     Qubit:   1   0 
case II
ID:   7 ( cx)      Time:    0     Qubit:   0   2 
case III
type: 0
1
Into the case3 for loop
ID:   8 ( cx)      Time:    0     Qubit:   1   0 
    case 3-4
In to while: 0
q: 2 size: 4
q0 size: 4
ID:   6 ( cx)      Time:    0     Qubit:   2   1 
case III
type: 0
1
Into the case3 for loop
ID:   7 ( cx)      Time:    0     Qubit:   0   2 
    case 3-4
q: 1 size: 4
q0 size: 4
ID:   6 ( cx)      Time:    0     Qubit:   2   1 
case II
ID:   8 ( cx)      Time:    0     Qubit:   1   0 
case III
type: 0
1
Into the case3 for loop
ID:   9 ( cx)      Time:    0     Qubit:   2   1 
    case 3-4
q: 0 size: 4
q0 size: 4
ID:   7 ( cx)      Time:    0     Qubit:   0   2 
case III
type: 0
2
Into the case3 for loop
ID:   8 ( cx)      Time:    0     Qubit:   1   0 
    case 3-4
In to while: 0
q: 2 size: 3
q0 size: 4
ID:   7 ( cx)      Time:    0     Qubit:   0   2 
case III
type: 1
1
Into the case3 for loop
ID:   9 ( cx)      Time:    0     Qubit:   2   1 
    case 3-4
q: 1 size: 3
q0 size: 4
ID:   8 ( cx)      Time:    0     Qubit:   1   0 
case III
type: 0
2
Into the case3 for loop
ID:   9 ( cx)      Time:    0     Qubit:   2   1 
    case 3-4
q: 0 size: 4
q0 size: 4
ID:   7 ( cx)      Time:    0     Qubit:   0   2 
case II
ID:   8 ( cx)      Time:    0     Qubit:   1   0 
case II
ID:  10 ( cx)      Time:    0     Qubit:   0   1 
case III
type: 0
1
Into the case3 for loop
ID:  11 ( cx)      Time:    0     Qubit:   0   2 
    case 3-3
    case 3-3-2
q0 size: 2
In to while: 0
q: 2 size: 2
q0 size: 2
ID:   9 ( cx)      Time:    0     Qubit:   2   1 
case III
type: 0
1
Into the case3 for loop
ID:  11 ( cx)      Time:    0     Qubit:   0   2 
    case 3-4
q: 1 size: 2
q0 size: 2
ID:   9 ( cx)      Time:    0     Qubit:   2   1 
case II
ID:  10 ( cx)      Time:    0     Qubit:   0   1 
case III
type: 1
1
Into the case3 for loop
q: 0 size: 2
q0 size: 2
ID:  10 ( cx)      Time:    0     Qubit:   0   1 
case II
ID:  11 ( cx)      Time:    0     Qubit:   0   2 
case III
type: 0
1
Into the case3 for loop
In to while: 0
q: 2 size: 1
q0 size: 1
ID:  11 ( cx)      Time:    0     Qubit:   0   2 
case III
type: 1
1
Into the case3 for loop
q: 1 size: 0
q0 size: 1
q: 0 size: 1
q0 size: 1
ID:  11 ( cx)      Time:    0     Qubit:   0   2 
case II
tmp is
Listed by gate ID
ID:   0 ( cx)      Time:    1     Qubit:   0   2 
ID:   1 ( cx)      Time:    2     Qubit:   1   0 
ID:   2 ( cx)      Time:    3     Qubit:   2   1 
ID:   3 ( cx)      Time:    4     Qubit:   0   2 
ID:   4 ( cx)      Time:    5     Qubit:   1   0 
ID:   5 ( cx)      Time:    6     Qubit:   2   1 
ID:   6 ( cx)      Time:    7     Qubit:   0   1 
ID:   7 ( cx)      Time:    8     Qubit:   0   2 
corrections size2: 6
ID:  12 ( cx)      Time:    0     Qubit:   0   1 
ID:  13 ( cx)      Time:    0     Qubit:   1   0 
ID:  14 ( cx)      Time:    0     Qubit:   0   1 
ID:  15 ( cx)      Time:    0     Qubit:   1   2 
ID:  16 ( cx)      Time:    0     Qubit:   2   1 
ID:  17 ( cx)      Time:    0     Qubit:   1   2 
###########  Number 2 iter #############
Start parseForward
Listed by gate ID
ID:   0 ( cx)      Time:    1     Qubit:   0   2 
ID:   1 ( cx)      Time:    2     Qubit:   1   0 
ID:   2 ( cx)      Time:    3     Qubit:   2   1 
ID:   3 ( cx)      Time:    4     Qubit:   0   2 
ID:   4 ( cx)      Time:    5     Qubit:   1   0 
ID:   5 ( cx)      Time:    6     Qubit:   2   1 
ID:   6 ( cx)      Time:    7     Qubit:   0   1 
ID:   7 ( cx)      Time:    8     Qubit:   0   2 
ID:   8 ( cx)      Time:    9     Qubit:   0   1 
ID:   9 ( cx)      Time:   10     Qubit:   1   0 
ID:  10 ( cx)      Time:   11     Qubit:   0   1 
ID:  11 ( cx)      Time:   12     Qubit:   1   2 
ID:  12 ( cx)      Time:   13     Qubit:   2   1 
ID:  13 ( cx)      Time:   14     Qubit:   1   2 
reversed
######### start parse gate ##########
ID:  13 ( cx)      Time:   14     Qubit:   1   2 
_______________APPLY ADDCX_______________
Control: 1 Target: 2
Into second loop
Into fourth loop(!found match)
Done addcx:
Parse gate done
_gates[0]
_gates[1]
ID:   0 ( cx)      Time:    0     Qubit:   1   2 
_gates[2]
ID:   0 ( cx)      Time:    0     Qubit:   1   2 
_available[0]
_available[1]
ID:   0 ( cx)      Time:    0     Qubit:   1   2 
_available[2]
ID:   0 ( cx)      Time:    0     Qubit:   1   2 
_availty[0]: 1  _availty[1]: 1  _availty[2]: 2  _zs 0

######### start parse gate ##########
ID:  12 ( cx)      Time:   13     Qubit:   2   1 
_______________APPLY ADDCX_______________
Control: 2 Target: 1
Into first loop
doswap
Before swap 
_permutation[2] 2
_permutation[1] 1
_permutation[0] 0
Swap 1 and 2
After swap 
Permutation size: 3
_permutation[2] 1
_permutation[1] 2
_permutation[0] 0
End doswap
Parse gate done
_gates[0]
_gates[1]
ID:   1 ( cx)      Time:    0     Qubit:   2   1 
_gates[2]
ID:   1 ( cx)      Time:    0     Qubit:   2   1 
_available[0]
_available[1]
ID:   1 ( cx)      Time:    0     Qubit:   2   1 
_available[2]
ID:   1 ( cx)      Time:    0     Qubit:   2   1 
_availty[0]: 1  _availty[1]: 2  _availty[2]: 1  _zs 0

######### start parse gate ##########
ID:  11 ( cx)      Time:   12     Qubit:   1   2 
_______________APPLY ADDCX_______________
Control: 2 Target: 1
into for loop 
Into third loop(found match)
Done addcx:
Parse gate done
_gates[0]
_gates[1]
_gates[2]
_available[0]
_available[1]
_available[2]
_availty[0]: 1  _availty[1]: 2  _availty[2]: 1  _zs 0

######### start parse gate ##########
ID:  10 ( cx)      Time:   11     Qubit:   0   1 
_______________APPLY ADDCX_______________
Control: 0 Target: 2
Into second loop
Into fourth loop(!found match)
Done addcx:
Parse gate done
_gates[0]
ID:   2 ( cx)      Time:    0     Qubit:   0   2 
_gates[1]
_gates[2]
ID:   2 ( cx)      Time:    0     Qubit:   0   2 
_available[0]
ID:   2 ( cx)      Time:    0     Qubit:   0   2 
_available[1]
_available[2]
ID:   2 ( cx)      Time:    0     Qubit:   0   2 
_availty[0]: 1  _availty[1]: 2  _availty[2]: 2  _zs 0

######### start parse gate ##########
ID:   9 ( cx)      Time:   10     Qubit:   1   0 
_______________APPLY ADDCX_______________
Control: 2 Target: 0
Into first loop
doswap
Before swap 
_permutation[2] 1
_permutation[1] 2
_permutation[0] 0
Swap 0 and 2
After swap 
Permutation size: 3
_permutation[2] 0
_permutation[1] 2
_permutation[0] 1
End doswap
Parse gate done
_gates[0]
ID:   3 ( cx)      Time:    0     Qubit:   2   0 
_gates[1]
_gates[2]
ID:   3 ( cx)      Time:    0     Qubit:   2   0 
_available[0]
ID:   3 ( cx)      Time:    0     Qubit:   2   0 
_available[1]
_available[2]
ID:   3 ( cx)      Time:    0     Qubit:   2   0 
_availty[0]: 2  _availty[1]: 2  _availty[2]: 1  _zs 0

######### start parse gate ##########
ID:   8 ( cx)      Time:    9     Qubit:   0   1 
_______________APPLY ADDCX_______________
Control: 2 Target: 0
into for loop 
Into third loop(found match)
Done addcx:
Parse gate done
_gates[0]
_gates[1]
_gates[2]
_available[0]
_available[1]
_available[2]
_availty[0]: 2  _availty[1]: 2  _availty[2]: 1  _zs 0

######### start parse gate ##########
ID:   7 ( cx)      Time:    8     Qubit:   0   2 
_______________APPLY ADDCX_______________
Control: 2 Target: 1
Into fourth loop(!found match)
Done addcx:
Parse gate done
_gates[0]
_gates[1]
ID:   4 ( cx)      Time:    0     Qubit:   2   1 
_gates[2]
ID:   4 ( cx)      Time:    0     Qubit:   2   1 
_available[0]
_available[1]
ID:   4 ( cx)      Time:    0     Qubit:   2   1 
_available[2]
ID:   4 ( cx)      Time:    0     Qubit:   2   1 
_availty[0]: 2  _availty[1]: 2  _availty[2]: 1  _zs 0

######### start parse gate ##########
ID:   6 ( cx)      Time:    7     Qubit:   0   1 
_______________APPLY ADDCX_______________
Control: 2 Target: 0
into for loop 
Into fourth loop(!found match)
Done addcx:
Parse gate done
_gates[0]
ID:   5 ( cx)      Time:    0     Qubit:   2   0 
_gates[1]
ID:   4 ( cx)      Time:    0     Qubit:   2   1 
_gates[2]
ID:   4 ( cx)      Time:    0     Qubit:   2   1 
ID:   5 ( cx)      Time:    0     Qubit:   2   0 
_available[0]
ID:   5 ( cx)      Time:    0     Qubit:   2   0 
_available[1]
ID:   4 ( cx)      Time:    0     Qubit:   2   1 
_available[2]
ID:   4 ( cx)      Time:    0     Qubit:   2   1 
ID:   5 ( cx)      Time:    0     Qubit:   2   0 
_availty[0]: 2  _availty[1]: 2  _availty[2]: 1  _zs 0

######### start parse gate ##########
ID:   5 ( cx)      Time:    6     Qubit:   2   1 
_______________APPLY ADDCX_______________
Control: 1 Target: 0
Into first loop
Into fourth loop(!found match)
Done addcx:
Parse gate done
_gates[0]
ID:   5 ( cx)      Time:    0     Qubit:   2   0 
ID:   6 ( cx)      Time:    0     Qubit:   1   0 
_gates[1]
ID:   4 ( cx)      Time:    0     Qubit:   2   1 
ID:   6 ( cx)      Time:    0     Qubit:   1   0 
_gates[2]
ID:   4 ( cx)      Time:    0     Qubit:   2   1 
ID:   5 ( cx)      Time:    0     Qubit:   2   0 
_available[0]
ID:   5 ( cx)      Time:    0     Qubit:   2   0 
ID:   6 ( cx)      Time:    0     Qubit:   1   0 
_available[1]
ID:   6 ( cx)      Time:    0     Qubit:   1   0 
_available[2]
ID:   4 ( cx)      Time:    0     Qubit:   2   1 
ID:   5 ( cx)      Time:    0     Qubit:   2   0 
_availty[0]: 2  _availty[1]: 1  _availty[2]: 1  _zs 0

######### start parse gate ##########
ID:   4 ( cx)      Time:    5     Qubit:   1   0 
_______________APPLY ADDCX_______________
Control: 0 Target: 2
Into first loop
doswap
Before swap 
_permutation[2] 0
_permutation[1] 2
_permutation[0] 1
Swap 2 and 0
After swap 
Permutation size: 3
_permutation[2] 1
_permutation[1] 2
_permutation[0] 0
End doswap
Parse gate done
_gates[0]
ID:   6 ( cx)      Time:    0     Qubit:   1   0 
ID:   7 ( cx)      Time:    0     Qubit:   0   2 
_gates[1]
ID:   4 ( cx)      Time:    0     Qubit:   2   1 
ID:   6 ( cx)      Time:    0     Qubit:   1   0 
_gates[2]
ID:   4 ( cx)      Time:    0     Qubit:   2   1 
ID:   7 ( cx)      Time:    0     Qubit:   0   2 
_available[0]
ID:   7 ( cx)      Time:    0     Qubit:   0   2 
_available[1]
ID:   6 ( cx)      Time:    0     Qubit:   1   0 
_available[2]
ID:   7 ( cx)      Time:    0     Qubit:   0   2 
_availty[0]: 1  _availty[1]: 1  _availty[2]: 2  _zs 0

######### start parse gate ##########
ID:   3 ( cx)      Time:    4     Qubit:   0   2 
_______________APPLY ADDCX_______________
Control: 0 Target: 1
Into second loop
into for loop 
Into fourth loop(!found match)
Done addcx:
Parse gate done
_gates[0]
ID:   6 ( cx)      Time:    0     Qubit:   1   0 
ID:   7 ( cx)      Time:    0     Qubit:   0   2 
ID:   8 ( cx)      Time:    0     Qubit:   0   1 
_gates[1]
ID:   4 ( cx)      Time:    0     Qubit:   2   1 
ID:   6 ( cx)      Time:    0     Qubit:   1   0 
ID:   8 ( cx)      Time:    0     Qubit:   0   1 
_gates[2]
ID:   4 ( cx)      Time:    0     Qubit:   2   1 
ID:   7 ( cx)      Time:    0     Qubit:   0   2 
_available[0]
ID:   7 ( cx)      Time:    0     Qubit:   0   2 
ID:   8 ( cx)      Time:    0     Qubit:   0   1 
_available[1]
ID:   8 ( cx)      Time:    0     Qubit:   0   1 
_available[2]
ID:   7 ( cx)      Time:    0     Qubit:   0   2 
_availty[0]: 1  _availty[1]: 2  _availty[2]: 2  _zs 0

######### start parse gate ##########
ID:   2 ( cx)      Time:    3     Qubit:   2   1 
_______________APPLY ADDCX_______________
Control: 1 Target: 2
Into first loop
Into fourth loop(!found match)
Done addcx:
Parse gate done
_gates[0]
ID:   6 ( cx)      Time:    0     Qubit:   1   0 
ID:   7 ( cx)      Time:    0     Qubit:   0   2 
ID:   8 ( cx)      Time:    0     Qubit:   0   1 
_gates[1]
ID:   4 ( cx)      Time:    0     Qubit:   2   1 
ID:   6 ( cx)      Time:    0     Qubit:   1   0 
ID:   8 ( cx)      Time:    0     Qubit:   0   1 
ID:   9 ( cx)      Time:    0     Qubit:   1   2 
_gates[2]
ID:   4 ( cx)      Time:    0     Qubit:   2   1 
ID:   7 ( cx)      Time:    0     Qubit:   0   2 
ID:   9 ( cx)      Time:    0     Qubit:   1   2 
_available[0]
ID:   7 ( cx)      Time:    0     Qubit:   0   2 
ID:   8 ( cx)      Time:    0     Qubit:   0   1 
_available[1]
ID:   9 ( cx)      Time:    0     Qubit:   1   2 
_available[2]
ID:   7 ( cx)      Time:    0     Qubit:   0   2 
ID:   9 ( cx)      Time:    0     Qubit:   1   2 
_availty[0]: 1  _availty[1]: 1  _availty[2]: 2  _zs 0

######### start parse gate ##########
ID:   1 ( cx)      Time:    2     Qubit:   1   0 
_______________APPLY ADDCX_______________
Control: 2 Target: 0
Into first loop
doswap
Before swap 
_permutation[2] 1
_permutation[1] 2
_permutation[0] 0
Swap 0 and 2
After swap 
Permutation size: 3
_permutation[2] 0
_permutation[1] 2
_permutation[0] 1
End doswap
Parse gate done
_gates[0]
ID:   6 ( cx)      Time:    0     Qubit:   1   0 
ID:   8 ( cx)      Time:    0     Qubit:   0   1 
ID:  10 ( cx)      Time:    0     Qubit:   2   0 
_gates[1]
ID:   4 ( cx)      Time:    0     Qubit:   2   1 
ID:   6 ( cx)      Time:    0     Qubit:   1   0 
ID:   8 ( cx)      Time:    0     Qubit:   0   1 
ID:   9 ( cx)      Time:    0     Qubit:   1   2 
_gates[2]
ID:   4 ( cx)      Time:    0     Qubit:   2   1 
ID:   9 ( cx)      Time:    0     Qubit:   1   2 
ID:  10 ( cx)      Time:    0     Qubit:   2   0 
_available[0]
ID:  10 ( cx)      Time:    0     Qubit:   2   0 
_available[1]
ID:   9 ( cx)      Time:    0     Qubit:   1   2 
_available[2]
ID:  10 ( cx)      Time:    0     Qubit:   2   0 
_availty[0]: 2  _availty[1]: 1  _availty[2]: 1  _zs 0

######### start parse gate ##########
ID:   0 ( cx)      Time:    1     Qubit:   0   2 
_______________APPLY ADDCX_______________
Control: 2 Target: 1
Into second loop
into for loop 
Into fourth loop(!found match)
Done addcx:
Parse gate done
_gates[0]
ID:   6 ( cx)      Time:    0     Qubit:   1   0 
ID:   8 ( cx)      Time:    0     Qubit:   0   1 
ID:  10 ( cx)      Time:    0     Qubit:   2   0 
_gates[1]
ID:   4 ( cx)      Time:    0     Qubit:   2   1 
ID:   6 ( cx)      Time:    0     Qubit:   1   0 
ID:   8 ( cx)      Time:    0     Qubit:   0   1 
ID:   9 ( cx)      Time:    0     Qubit:   1   2 
ID:  11 ( cx)      Time:    0     Qubit:   2   1 
_gates[2]
ID:   4 ( cx)      Time:    0     Qubit:   2   1 
ID:   9 ( cx)      Time:    0     Qubit:   1   2 
ID:  10 ( cx)      Time:    0     Qubit:   2   0 
ID:  11 ( cx)      Time:    0     Qubit:   2   1 
_available[0]
ID:  10 ( cx)      Time:    0     Qubit:   2   0 
_available[1]
ID:  11 ( cx)      Time:    0     Qubit:   2   1 
_available[2]
ID:  10 ( cx)      Time:    0     Qubit:   2   0 
ID:  11 ( cx)      Time:    0     Qubit:   2   1 
_availty[0]: 2  _availty[1]: 2  _availty[2]: 1  _zs 0

start topo sort
In to while: 0
q: 2 size: 4
q0 size: 3
ID:   4 ( cx)      Time:    0     Qubit:   2   1 
case III
type: 0
1
Into the case3 for loop
ID:   9 ( cx)      Time:    0     Qubit:   1   2 
    case 3-4
q: 1 size: 5
q0 size: 3
ID:   4 ( cx)      Time:    0     Qubit:   2   1 
case II
ID:   6 ( cx)      Time:    0     Qubit:   1   0 
case III
type: 0
1
Into the case3 for loop
ID:   8 ( cx)      Time:    0     Qubit:   0   1 
    case 3-4
q: 0 size: 3
q0 size: 3
ID:   6 ( cx)      Time:    0     Qubit:   1   0 
case II
ID:   8 ( cx)      Time:    0     Qubit:   0   1 
case III
type: 0
1
Into the case3 for loop
ID:  10 ( cx)      Time:    0     Qubit:   2   0 
    case 3-4
In to while: 0
q: 2 size: 3
q0 size: 2
ID:   9 ( cx)      Time:    0     Qubit:   1   2 
case III
type: 1
1
Into the case3 for loop
ID:  10 ( cx)      Time:    0     Qubit:   2   0 
    case 3-4
q: 1 size: 3
q0 size: 2
ID:   8 ( cx)      Time:    0     Qubit:   0   1 
case III
type: 1
2
Into the case3 for loop
ID:   9 ( cx)      Time:    0     Qubit:   1   2 
    case 3-4
q: 0 size: 2
q0 size: 2
ID:   8 ( cx)      Time:    0     Qubit:   0   1 
case II
ID:  10 ( cx)      Time:    0     Qubit:   2   0 
case III
type: 1
2
Into the case3 for loop
In to while: 0
q: 2 size: 3
q0 size: 1
ID:   9 ( cx)      Time:    0     Qubit:   1   2 
case III
type: 1
1
Into the case3 for loop
ID:  10 ( cx)      Time:    0     Qubit:   2   0 
    case 3-4
q: 1 size: 2
q0 size: 1
ID:   9 ( cx)      Time:    0     Qubit:   1   2 
case II
ID:  11 ( cx)      Time:    0     Qubit:   2   1 
case III
type: 1
1
Into the case3 for loop
q: 0 size: 1
q0 size: 1
ID:  10 ( cx)      Time:    0     Qubit:   2   0 
case III
type: 1
2
Into the case3 for loop
In to while: 0
q: 2 size: 2
q0 size: 1
ID:  10 ( cx)      Time:    0     Qubit:   2   0 
case III
type: 0
1
Into the case3 for loop
ID:  11 ( cx)      Time:    0     Qubit:   2   1 
    case 3-3
    case 3-3-2
q0 size: 1
q: 1 size: 1
q0 size: 1
ID:  11 ( cx)      Time:    0     Qubit:   2   1 
case II
q: 0 size: 1
q0 size: 1
ID:  10 ( cx)      Time:    0     Qubit:   2   0 
case II
tmp is
Listed by gate ID
ID:   0 ( cx)      Time:    6     Qubit:   2   1 
ID:   1 ( cx)      Time:    5     Qubit:   1   0 
ID:   2 ( cx)      Time:    4     Qubit:   0   1 
ID:   3 ( cx)      Time:    3     Qubit:   1   2 
ID:   4 ( cx)      Time:    2     Qubit:   2   1 
ID:   5 ( cx)      Time:    1     Qubit:   2   0 
corrections size1: 6
ID:  12 ( cx)      Time:    0     Qubit:   0   2 
ID:  13 ( cx)      Time:    0     Qubit:   2   0 
ID:  14 ( cx)      Time:    0     Qubit:   0   2 
ID:  15 ( cx)      Time:    0     Qubit:   1   2 
ID:  16 ( cx)      Time:    0     Qubit:   2   1 
ID:  17 ( cx)      Time:    0     Qubit:   1   2 
Start parseForward
Listed by gate ID
ID:   0 ( cx)      Time:   12     Qubit:   2   1 
ID:   1 ( cx)      Time:   11     Qubit:   1   0 
ID:   2 ( cx)      Time:   10     Qubit:   0   1 
ID:   3 ( cx)      Time:    9     Qubit:   1   2 
ID:   4 ( cx)      Time:    8     Qubit:   2   1 
ID:   5 ( cx)      Time:    7     Qubit:   2   0 
ID:   6 ( cx)      Time:    6     Qubit:   0   2 
ID:   7 ( cx)      Time:    5     Qubit:   2   0 
ID:   8 ( cx)      Time:    4     Qubit:   0   2 
ID:   9 ( cx)      Time:    3     Qubit:   1   2 
ID:  10 ( cx)      Time:    2     Qubit:   2   1 
ID:  11 ( cx)      Time:    1     Qubit:   1   2 
######### start parse gate ##########
ID:  11 ( cx)      Time:    1     Qubit:   1   2 
_______________APPLY ADDCX_______________
Control: 1 Target: 2
Into second loop
Into fourth loop(!found match)
Done addcx:
Parse gate done
_gates[0]
_gates[1]
ID:   0 ( cx)      Time:    0     Qubit:   1   2 
_gates[2]
ID:   0 ( cx)      Time:    0     Qubit:   1   2 
_available[0]
_available[1]
ID:   0 ( cx)      Time:    0     Qubit:   1   2 
_available[2]
ID:   0 ( cx)      Time:    0     Qubit:   1   2 
_availty[0]: 1  _availty[1]: 1  _availty[2]: 2  _zs 0

######### start parse gate ##########
ID:  10 ( cx)      Time:    2     Qubit:   2   1 
_______________APPLY ADDCX_______________
Control: 2 Target: 1
Into first loop
doswap
Before swap 
_permutation[2] 2
_permutation[1] 1
_permutation[0] 0
Swap 1 and 2
After swap 
Permutation size: 3
_permutation[2] 1
_permutation[1] 2
_permutation[0] 0
End doswap
Parse gate done
_gates[0]
_gates[1]
ID:   1 ( cx)      Time:    0     Qubit:   2   1 
_gates[2]
ID:   1 ( cx)      Time:    0     Qubit:   2   1 
_available[0]
_available[1]
ID:   1 ( cx)      Time:    0     Qubit:   2   1 
_available[2]
ID:   1 ( cx)      Time:    0     Qubit:   2   1 
_availty[0]: 1  _availty[1]: 2  _availty[2]: 1  _zs 0

######### start parse gate ##########
ID:   9 ( cx)      Time:    3     Qubit:   1   2 
_______________APPLY ADDCX_______________
Control: 2 Target: 1
into for loop 
Into third loop(found match)
Done addcx:
Parse gate done
_gates[0]
_gates[1]
_gates[2]
_available[0]
_available[1]
_available[2]
_availty[0]: 1  _availty[1]: 2  _availty[2]: 1  _zs 0

######### start parse gate ##########
ID:   8 ( cx)      Time:    4     Qubit:   0   2 
_______________APPLY ADDCX_______________
Control: 0 Target: 1
Into fourth loop(!found match)
Done addcx:
Parse gate done
_gates[0]
ID:   2 ( cx)      Time:    0     Qubit:   0   1 
_gates[1]
ID:   2 ( cx)      Time:    0     Qubit:   0   1 
_gates[2]
_available[0]
ID:   2 ( cx)      Time:    0     Qubit:   0   1 
_available[1]
ID:   2 ( cx)      Time:    0     Qubit:   0   1 
_available[2]
_availty[0]: 1  _availty[1]: 2  _availty[2]: 1  _zs 0

######### start parse gate ##########
ID:   7 ( cx)      Time:    5     Qubit:   2   0 
_______________APPLY ADDCX_______________
Control: 1 Target: 0
Into first loop
doswap
Before swap 
_permutation[2] 1
_permutation[1] 2
_permutation[0] 0
Swap 0 and 1
After swap 
Permutation size: 3
_permutation[2] 1
_permutation[1] 0
_permutation[0] 2
End doswap
Parse gate done
_gates[0]
ID:   3 ( cx)      Time:    0     Qubit:   1   0 
_gates[1]
ID:   3 ( cx)      Time:    0     Qubit:   1   0 
_gates[2]
_available[0]
ID:   3 ( cx)      Time:    0     Qubit:   1   0 
_available[1]
ID:   3 ( cx)      Time:    0     Qubit:   1   0 
_available[2]
_availty[0]: 2  _availty[1]: 1  _availty[2]: 1  _zs 0

######### start parse gate ##########
ID:   6 ( cx)      Time:    6     Qubit:   0   2 
_______________APPLY ADDCX_______________
Control: 1 Target: 0
into for loop 
Into third loop(found match)
Done addcx:
Parse gate done
_gates[0]
_gates[1]
_gates[2]
_available[0]
_available[1]
_available[2]
_availty[0]: 2  _availty[1]: 1  _availty[2]: 1  _zs 0

######### start parse gate ##########
ID:   5 ( cx)      Time:    7     Qubit:   2   0 
_______________APPLY ADDCX_______________
Control: 0 Target: 1
Into first loop
Into second loop
Into fourth loop(!found match)
Done addcx:
Parse gate done
_gates[0]
ID:   4 ( cx)      Time:    0     Qubit:   0   1 
_gates[1]
ID:   4 ( cx)      Time:    0     Qubit:   0   1 
_gates[2]
_available[0]
ID:   4 ( cx)      Time:    0     Qubit:   0   1 
_available[1]
ID:   4 ( cx)      Time:    0     Qubit:   0   1 
_available[2]
_availty[0]: 1  _availty[1]: 2  _availty[2]: 1  _zs 0

######### start parse gate ##########
ID:   4 ( cx)      Time:    8     Qubit:   2   1 
_______________APPLY ADDCX_______________
Control: 0 Target: 2
Into second loop
into for loop 
Into fourth loop(!found match)
Done addcx:
Parse gate done
_gates[0]
ID:   4 ( cx)      Time:    0     Qubit:   0   1 
ID:   5 ( cx)      Time:    0     Qubit:   0   2 
_gates[1]
ID:   4 ( cx)      Time:    0     Qubit:   0   1 
_gates[2]
ID:   5 ( cx)      Time:    0     Qubit:   0   2 
_available[0]
ID:   4 ( cx)      Time:    0     Qubit:   0   1 
ID:   5 ( cx)      Time:    0     Qubit:   0   2 
_available[1]
ID:   4 ( cx)      Time:    0     Qubit:   0   1 
_available[2]
ID:   5 ( cx)      Time:    0     Qubit:   0   2 
_availty[0]: 1  _availty[1]: 2  _availty[2]: 2  _zs 0

######### start parse gate ##########
ID:   3 ( cx)      Time:    9     Qubit:   1   2 
_______________APPLY ADDCX_______________
Control: 2 Target: 0
Into first loop
doswap
Before swap 
_permutation[2] 1
_permutation[1] 0
_permutation[0] 2
Swap 0 and 2
After swap 
Permutation size: 3
_permutation[2] 2
_permutation[1] 0
_permutation[0] 1
End doswap
Parse gate done
_gates[0]
ID:   4 ( cx)      Time:    0     Qubit:   0   1 
ID:   6 ( cx)      Time:    0     Qubit:   2   0 
_gates[1]
ID:   4 ( cx)      Time:    0     Qubit:   0   1 
_gates[2]
ID:   6 ( cx)      Time:    0     Qubit:   2   0 
_available[0]
ID:   6 ( cx)      Time:    0     Qubit:   2   0 
_available[1]
ID:   4 ( cx)      Time:    0     Qubit:   0   1 
_available[2]
ID:   6 ( cx)      Time:    0     Qubit:   2   0 
_availty[0]: 2  _availty[1]: 2  _availty[2]: 1  _zs 0

######### start parse gate ##########
ID:   2 ( cx)      Time:   10     Qubit:   0   1 
_______________APPLY ADDCX_______________
Control: 1 Target: 0
Into first loop
Into fourth loop(!found match)
Done addcx:
Parse gate done
_gates[0]
ID:   4 ( cx)      Time:    0     Qubit:   0   1 
ID:   6 ( cx)      Time:    0     Qubit:   2   0 
ID:   7 ( cx)      Time:    0     Qubit:   1   0 
_gates[1]
ID:   4 ( cx)      Time:    0     Qubit:   0   1 
ID:   7 ( cx)      Time:    0     Qubit:   1   0 
_gates[2]
ID:   6 ( cx)      Time:    0     Qubit:   2   0 
_available[0]
ID:   6 ( cx)      Time:    0     Qubit:   2   0 
ID:   7 ( cx)      Time:    0     Qubit:   1   0 
_available[1]
ID:   7 ( cx)      Time:    0     Qubit:   1   0 
_available[2]
ID:   6 ( cx)      Time:    0     Qubit:   2   0 
_availty[0]: 2  _availty[1]: 1  _availty[2]: 1  _zs 0

######### start parse gate ##########
ID:   1 ( cx)      Time:   11     Qubit:   1   0 
_______________APPLY ADDCX_______________
Control: 0 Target: 1
Into first loop
doswap
Before swap 
_permutation[2] 2
_permutation[1] 0
_permutation[0] 1
Swap 1 and 0
After swap 
Permutation size: 3
_permutation[2] 2
_permutation[1] 1
_permutation[0] 0
End doswap
Parse gate done
_gates[0]
ID:   4 ( cx)      Time:    0     Qubit:   0   1 
ID:   6 ( cx)      Time:    0     Qubit:   2   0 
ID:   8 ( cx)      Time:    0     Qubit:   0   1 
_gates[1]
ID:   4 ( cx)      Time:    0     Qubit:   0   1 
ID:   8 ( cx)      Time:    0     Qubit:   0   1 
_gates[2]
ID:   6 ( cx)      Time:    0     Qubit:   2   0 
_available[0]
ID:   8 ( cx)      Time:    0     Qubit:   0   1 
_available[1]
ID:   8 ( cx)      Time:    0     Qubit:   0   1 
_available[2]
ID:   6 ( cx)      Time:    0     Qubit:   2   0 
_availty[0]: 1  _availty[1]: 2  _availty[2]: 1  _zs 0

######### start parse gate ##########
ID:   0 ( cx)      Time:   12     Qubit:   2   1 
_______________APPLY ADDCX_______________
Control: 2 Target: 1
into for loop 
Into fourth loop(!found match)
Done addcx:
Parse gate done
_gates[0]
ID:   4 ( cx)      Time:    0     Qubit:   0   1 
ID:   6 ( cx)      Time:    0     Qubit:   2   0 
ID:   8 ( cx)      Time:    0     Qubit:   0   1 
_gates[1]
ID:   4 ( cx)      Time:    0     Qubit:   0   1 
ID:   8 ( cx)      Time:    0     Qubit:   0   1 
ID:   9 ( cx)      Time:    0     Qubit:   2   1 
_gates[2]
ID:   6 ( cx)      Time:    0     Qubit:   2   0 
ID:   9 ( cx)      Time:    0     Qubit:   2   1 
_available[0]
ID:   8 ( cx)      Time:    0     Qubit:   0   1 
_available[1]
ID:   8 ( cx)      Time:    0     Qubit:   0   1 
ID:   9 ( cx)      Time:    0     Qubit:   2   1 
_available[2]
ID:   6 ( cx)      Time:    0     Qubit:   2   0 
ID:   9 ( cx)      Time:    0     Qubit:   2   1 
_availty[0]: 1  _availty[1]: 2  _availty[2]: 1  _zs 0

start topo sort
In to while: 0
q: 2 size: 2
q0 size: 3
ID:   6 ( cx)      Time:    0     Qubit:   2   0 
case III
type: 0
1
Into the case3 for loop
ID:   9 ( cx)      Time:    0     Qubit:   2   1 
    case 3-3
    case 3-3-2
q0 size: 3
q: 1 size: 3
q0 size: 3
ID:   4 ( cx)      Time:    0     Qubit:   0   1 
case III
type: 1
3
Into the case3 for loop
ID:   8 ( cx)      Time:    0     Qubit:   0   1 
    case 3-3
    case 3-3-2
q0 size: 3
ID:   9 ( cx)      Time:    0     Qubit:   2   1 
    case 3-3
    case 3-3-1
q0 size: 3
q: 0 size: 3
q0 size: 3
ID:   4 ( cx)      Time:    0     Qubit:   0   1 
case II
ID:   6 ( cx)      Time:    0     Qubit:   2   0 
case II
ID:   8 ( cx)      Time:    0     Qubit:   0   1 
case II
tmp is
Listed by gate ID
ID:   0 ( cx)      Time:    1     Qubit:   2   1 
ID:   1 ( cx)      Time:    2     Qubit:   0   1 
ID:   2 ( cx)      Time:    3     Qubit:   2   0 
ID:   3 ( cx)      Time:    4     Qubit:   0   1 
corrections size2: 0
###########  Number 3 iter #############
Start parseForward
Listed by gate ID
ID:   0 ( cx)      Time:    1     Qubit:   2   1 
ID:   1 ( cx)      Time:    2     Qubit:   0   1 
ID:   2 ( cx)      Time:    3     Qubit:   2   0 
ID:   3 ( cx)      Time:    4     Qubit:   0   1 
reversed
######### start parse gate ##########
ID:   3 ( cx)      Time:    4     Qubit:   0   1 
_______________APPLY ADDCX_______________
Control: 0 Target: 1
Into second loop
Into fourth loop(!found match)
Done addcx:
Parse gate done
_gates[0]
ID:   0 ( cx)      Time:    0     Qubit:   0   1 
_gates[1]
ID:   0 ( cx)      Time:    0     Qubit:   0   1 
_gates[2]
_available[0]
ID:   0 ( cx)      Time:    0     Qubit:   0   1 
_available[1]
ID:   0 ( cx)      Time:    0     Qubit:   0   1 
_available[2]
_availty[0]: 1  _availty[1]: 2  _availty[2]: 1  _zs 0

######### start parse gate ##########
ID:   2 ( cx)      Time:    3     Qubit:   2   0 
_______________APPLY ADDCX_______________
Control: 2 Target: 0
Into second loop
Into fourth loop(!found match)
Done addcx:
Parse gate done
_gates[0]
ID:   0 ( cx)      Time:    0     Qubit:   0   1 
ID:   1 ( cx)      Time:    0     Qubit:   2   0 
_gates[1]
ID:   0 ( cx)      Time:    0     Qubit:   0   1 
_gates[2]
ID:   1 ( cx)      Time:    0     Qubit:   2   0 
_available[0]
ID:   1 ( cx)      Time:    0     Qubit:   2   0 
_available[1]
ID:   0 ( cx)      Time:    0     Qubit:   0   1 
_available[2]
ID:   1 ( cx)      Time:    0     Qubit:   2   0 
_availty[0]: 2  _availty[1]: 2  _availty[2]: 1  _zs 0

######### start parse gate ##########
ID:   1 ( cx)      Time:    2     Qubit:   0   1 
_______________APPLY ADDCX_______________
Control: 0 Target: 1
Into first loop
Into fourth loop(!found match)
Done addcx:
Parse gate done
_gates[0]
ID:   0 ( cx)      Time:    0     Qubit:   0   1 
ID:   1 ( cx)      Time:    0     Qubit:   2   0 
ID:   2 ( cx)      Time:    0     Qubit:   0   1 
_gates[1]
ID:   0 ( cx)      Time:    0     Qubit:   0   1 
ID:   2 ( cx)      Time:    0     Qubit:   0   1 
_gates[2]
ID:   1 ( cx)      Time:    0     Qubit:   2   0 
_available[0]
ID:   2 ( cx)      Time:    0     Qubit:   0   1 
_available[1]
ID:   0 ( cx)      Time:    0     Qubit:   0   1 
ID:   2 ( cx)      Time:    0     Qubit:   0   1 
_available[2]
ID:   1 ( cx)      Time:    0     Qubit:   2   0 
_availty[0]: 1  _availty[1]: 2  _availty[2]: 1  _zs 0

######### start parse gate ##########
ID:   0 ( cx)      Time:    1     Qubit:   2   1 
_______________APPLY ADDCX_______________
Control: 2 Target: 1
into for loop 
Into fourth loop(!found match)
Done addcx:
Parse gate done
_gates[0]
ID:   0 ( cx)      Time:    0     Qubit:   0   1 
ID:   1 ( cx)      Time:    0     Qubit:   2   0 
ID:   2 ( cx)      Time:    0     Qubit:   0   1 
_gates[1]
ID:   0 ( cx)      Time:    0     Qubit:   0   1 
ID:   2 ( cx)      Time:    0     Qubit:   0   1 
ID:   3 ( cx)      Time:    0     Qubit:   2   1 
_gates[2]
ID:   1 ( cx)      Time:    0     Qubit:   2   0 
ID:   3 ( cx)      Time:    0     Qubit:   2   1 
_available[0]
ID:   2 ( cx)      Time:    0     Qubit:   0   1 
_available[1]
ID:   0 ( cx)      Time:    0     Qubit:   0   1 
ID:   2 ( cx)      Time:    0     Qubit:   0   1 
ID:   3 ( cx)      Time:    0     Qubit:   2   1 
_available[2]
ID:   1 ( cx)      Time:    0     Qubit:   2   0 
ID:   3 ( cx)      Time:    0     Qubit:   2   1 
_availty[0]: 1  _availty[1]: 2  _availty[2]: 1  _zs 0

start topo sort
In to while: 0
q: 2 size: 2
q0 size: 3
ID:   1 ( cx)      Time:    0     Qubit:   2   0 
case III
type: 0
1
Into the case3 for loop
ID:   3 ( cx)      Time:    0     Qubit:   2   1 
    case 3-3
    case 3-3-2
q0 size: 3
q: 1 size: 3
q0 size: 3
ID:   0 ( cx)      Time:    0     Qubit:   0   1 
case III
type: 1
3
Into the case3 for loop
ID:   2 ( cx)      Time:    0     Qubit:   0   1 
    case 3-3
    case 3-3-2
q0 size: 3
ID:   3 ( cx)      Time:    0     Qubit:   2   1 
    case 3-3
    case 3-3-1
q0 size: 3
q: 0 size: 3
q0 size: 3
ID:   0 ( cx)      Time:    0     Qubit:   0   1 
case II
ID:   1 ( cx)      Time:    0     Qubit:   2   0 
case II
ID:   2 ( cx)      Time:    0     Qubit:   0   1 
case II
tmp is
Listed by gate ID
ID:   0 ( cx)      Time:    4     Qubit:   2   1 
ID:   1 ( cx)      Time:    3     Qubit:   0   1 
ID:   2 ( cx)      Time:    2     Qubit:   2   0 
ID:   3 ( cx)      Time:    1     Qubit:   0   1 
corrections size1: 0
Start parseForward
Listed by gate ID
ID:   0 ( cx)      Time:    4     Qubit:   2   1 
ID:   1 ( cx)      Time:    3     Qubit:   0   1 
ID:   2 ( cx)      Time:    2     Qubit:   2   0 
ID:   3 ( cx)      Time:    1     Qubit:   0   1 
######### start parse gate ##########
ID:   3 ( cx)      Time:    1     Qubit:   0   1 
_______________APPLY ADDCX_______________
Control: 0 Target: 1
Into second loop
Into fourth loop(!found match)
Done addcx:
Parse gate done
_gates[0]
ID:   0 ( cx)      Time:    0     Qubit:   0   1 
_gates[1]
ID:   0 ( cx)      Time:    0     Qubit:   0   1 
_gates[2]
_available[0]
ID:   0 ( cx)      Time:    0     Qubit:   0   1 
_available[1]
ID:   0 ( cx)      Time:    0     Qubit:   0   1 
_available[2]
_availty[0]: 1  _availty[1]: 2  _availty[2]: 1  _zs 0

######### start parse gate ##########
ID:   2 ( cx)      Time:    2     Qubit:   2   0 
_______________APPLY ADDCX_______________
Control: 2 Target: 0
Into second loop
Into fourth loop(!found match)
Done addcx:
Parse gate done
_gates[0]
ID:   0 ( cx)      Time:    0     Qubit:   0   1 
ID:   1 ( cx)      Time:    0     Qubit:   2   0 
_gates[1]
ID:   0 ( cx)      Time:    0     Qubit:   0   1 
_gates[2]
ID:   1 ( cx)      Time:    0     Qubit:   2   0 
_available[0]
ID:   1 ( cx)      Time:    0     Qubit:   2   0 
_available[1]
ID:   0 ( cx)      Time:    0     Qubit:   0   1 
_available[2]
ID:   1 ( cx)      Time:    0     Qubit:   2   0 
_availty[0]: 2  _availty[1]: 2  _availty[2]: 1  _zs 0

######### start parse gate ##########
ID:   1 ( cx)      Time:    3     Qubit:   0   1 
_______________APPLY ADDCX_______________
Control: 0 Target: 1
Into first loop
Into fourth loop(!found match)
Done addcx:
Parse gate done
_gates[0]
ID:   0 ( cx)      Time:    0     Qubit:   0   1 
ID:   1 ( cx)      Time:    0     Qubit:   2   0 
ID:   2 ( cx)      Time:    0     Qubit:   0   1 
_gates[1]
ID:   0 ( cx)      Time:    0     Qubit:   0   1 
ID:   2 ( cx)      Time:    0     Qubit:   0   1 
_gates[2]
ID:   1 ( cx)      Time:    0     Qubit:   2   0 
_available[0]
ID:   2 ( cx)      Time:    0     Qubit:   0   1 
_available[1]
ID:   0 ( cx)      Time:    0     Qubit:   0   1 
ID:   2 ( cx)      Time:    0     Qubit:   0   1 
_available[2]
ID:   1 ( cx)      Time:    0     Qubit:   2   0 
_availty[0]: 1  _availty[1]: 2  _availty[2]: 1  _zs 0

######### start parse gate ##########
ID:   0 ( cx)      Time:    4     Qubit:   2   1 
_______________APPLY ADDCX_______________
Control: 2 Target: 1
into for loop 
Into fourth loop(!found match)
Done addcx:
Parse gate done
_gates[0]
ID:   0 ( cx)      Time:    0     Qubit:   0   1 
ID:   1 ( cx)      Time:    0     Qubit:   2   0 
ID:   2 ( cx)      Time:    0     Qubit:   0   1 
_gates[1]
ID:   0 ( cx)      Time:    0     Qubit:   0   1 
ID:   2 ( cx)      Time:    0     Qubit:   0   1 
ID:   3 ( cx)      Time:    0     Qubit:   2   1 
_gates[2]
ID:   1 ( cx)      Time:    0     Qubit:   2   0 
ID:   3 ( cx)      Time:    0     Qubit:   2   1 
_available[0]
ID:   2 ( cx)      Time:    0     Qubit:   0   1 
_available[1]
ID:   0 ( cx)      Time:    0     Qubit:   0   1 
ID:   2 ( cx)      Time:    0     Qubit:   0   1 
ID:   3 ( cx)      Time:    0     Qubit:   2   1 
_available[2]
ID:   1 ( cx)      Time:    0     Qubit:   2   0 
ID:   3 ( cx)      Time:    0     Qubit:   2   1 
_availty[0]: 1  _availty[1]: 2  _availty[2]: 1  _zs 0

start topo sort
In to while: 0
q: 2 size: 2
q0 size: 3
ID:   1 ( cx)      Time:    0     Qubit:   2   0 
case III
type: 0
1
Into the case3 for loop
ID:   3 ( cx)      Time:    0     Qubit:   2   1 
    case 3-3
    case 3-3-2
q0 size: 3
q: 1 size: 3
q0 size: 3
ID:   0 ( cx)      Time:    0     Qubit:   0   1 
case III
type: 1
3
Into the case3 for loop
ID:   2 ( cx)      Time:    0     Qubit:   0   1 
    case 3-3
    case 3-3-2
q0 size: 3
ID:   3 ( cx)      Time:    0     Qubit:   2   1 
    case 3-3
    case 3-3-1
q0 size: 3
q: 0 size: 3
q0 size: 3
ID:   0 ( cx)      Time:    0     Qubit:   0   1 
case II
ID:   1 ( cx)      Time:    0     Qubit:   2   0 
case II
ID:   2 ( cx)      Time:    0     Qubit:   0   1 
case II
tmp is
Listed by gate ID
ID:   0 ( cx)      Time:    1     Qubit:   2   1 
ID:   1 ( cx)      Time:    2     Qubit:   0   1 
ID:   2 ( cx)      Time:    3     Qubit:   2   0 
ID:   3 ( cx)      Time:    4     Qubit:   0   1 
Final result
Listed by gate ID
ID:   0 ( cx)      Time:    1     Qubit:   2   1 
ID:   1 ( cx)      Time:    2     Qubit:   0   1 
ID:   2 ( cx)      Time:    3     Qubit:   2   0 
ID:   3 ( cx)      Time:    4     Qubit:   0   1 
Q 0  ---------cx( 1)--cx( 2)--cx( 3)-
Q 1  -cx( 0)--cx( 1)----------cx( 3)-
Q 2  -cx( 0)----------cx( 2)-

qsyn> qccprint -l
Listed by gate ID
ID:   0 ( cx)      Time:    1     Qubit:   2   1 
ID:   1 ( cx)      Time:    2     Qubit:   0   1 
ID:   2 ( cx)      Time:    3     Qubit:   2   0 
ID:   3 ( cx)      Time:    4     Qubit:   0   1 

qsyn> qc2ts
Traverse and build the tensor... 
Successfully added Tensor 1
Stored the resulting tensor as tensor id 1

qsyn> tseq 0 1
Equivalent
- Global Norm : 1
- Global Phase: 0

qsyn> qq -f

