DV Lab, NTUEE, Qsyn 0.4.2
qsyn> color off
Note: color mode is set to off

qsyn> qccread benchmark/benchmark_SABRE/large/cm42a_207.qasm
Create and checkout to QCir 0

qsyn> qc2zx  
Create and checkout to Graph 0

qsyn> zxgsimp -fr

All rules applied in order:
Hadamard Rule                 2 iterations.
  1) 172 matches
  2) 48 matches
Spider Fusion Rule            3 iterations.
  1) 446 matches
  2) 157 matches
  3) 110 matches
Spider Fusion Rule            1 iterations.
  1) 61 matches
Pivot Rule                    1 iterations.
  1) 60 matches
Pivot Gadget Rule             11 iterations.
  1) 347 matches
  2) 147 matches
  3) 71 matches
  4) 38 matches
  5) 21 matches
  6) 8 matches
  7) 7 matches
  8) 4 matches
  9) 3 matches
  10) 1 matches
  11) 2 matches
Identity Removal Rule         1 iterations.
  1) 92 matches
Spider Fusion Rule            16 iterations.
  1) 39 matches
  2) 9 matches
  3) 9 matches
  4) 5 matches
  5) 4 matches
  6) 3 matches
  7) 2 matches
  8) 2 matches
  9) 2 matches
  10) 2 matches
  11) 2 matches
  12) 1 matches
  13) 1 matches
  14) 1 matches
  15) 1 matches
  16) 1 matches
Pivot Rule                    2 iterations.
  1) 2 matches
  2) 2 matches
Local Complementation Rule    30 iterations.
  1) 5 matches
  2) 4 matches
  3) 2 matches
  4) 3 matches
  5) 2 matches
  6) 4 matches
  7) 2 matches
  8) 2 matches
  9) 2 matches
  10) 2 matches
  11) 1 matches
  12) 1 matches
  13) 1 matches
  14) 1 matches
  15) 1 matches
  16) 1 matches
  17) 1 matches
  18) 2 matches
  19) 2 matches
  20) 2 matches
  21) 1 matches
  22) 1 matches
  23) 2 matches
  24) 2 matches
  25) 2 matches
  26) 1 matches
  27) 1 matches
  28) 1 matches
  29) 1 matches
  30) 1 matches
Identity Removal Rule         1 iterations.
  1) 24 matches
Spider Fusion Rule            16 iterations.
  1) 7 matches
  2) 2 matches
  3) 2 matches
  4) 1 matches
  5) 1 matches
  6) 1 matches
  7) 1 matches
  8) 1 matches
  9) 1 matches
  10) 1 matches
  11) 1 matches
  12) 1 matches
  13) 1 matches
  14) 1 matches
  15) 1 matches
  16) 1 matches
Pivot Rule                    3 iterations.
  1) 3 matches
  2) 2 matches
  3) 2 matches
Local Complementation Rule    2 iterations.
  1) 1 matches
  2) 1 matches
Identity Removal Rule         1 iterations.
  1) 3 matches
Spider Fusion Rule            3 iterations.
  1) 1 matches
  2) 1 matches
  3) 1 matches
Pivot Rule                    1 iterations.
  1) 1 matches
Phase Gadget Rule             1 iterations.
  1) 146 matches
Pivot Rule                    1 iterations.
  1) 8 matches
Local Complementation Rule    34 iterations.
  1) 48 matches
  2) 6 matches
  3) 5 matches
  4) 4 matches
  5) 3 matches
  6) 1 matches
  7) 1 matches
  8) 1 matches
  9) 1 matches
  10) 1 matches
  11) 2 matches
  12) 1 matches
  13) 1 matches
  14) 1 matches
  15) 1 matches
  16) 1 matches
  17) 1 matches
  18) 1 matches
  19) 1 matches
  20) 1 matches
  21) 1 matches
  22) 1 matches
  23) 1 matches
  24) 1 matches
  25) 1 matches
  26) 1 matches
  27) 1 matches
  28) 1 matches
  29) 1 matches
  30) 1 matches
  31) 1 matches
  32) 1 matches
  33) 1 matches
  34) 1 matches
Pivot Rule                    1 iterations.
  1) 1 matches

qsyn> zx2qc
Successfully copied Graph 0 to Graph 1
Checkout to Graph 1
Finish extracting!
Create and checkout to QCir 1

qsyn> optimize
###########  Number 1 iter #############
###########  Number 2 iter #############
Final result
Listed by gate ID
ID:   0 (sdg)      Time:    1     Qubit:  13 
ID:   1 ( cx)      Time:    1     Qubit:  11  10 
ID:   2 (  p)      Time:    2     Qubit:  10 
ZPhase is  7π/4
ID:   3 (  p)      Time:    1     Qubit:   8 
ZPhase is  3π/4
ID:   4 ( cx)      Time:    1     Qubit:   7   9 
ID:   5 ( cx)      Time:    3     Qubit:  10   7 
ID:   6 (  p)      Time:    4     Qubit:   7 
ZPhase is  π/4
ID:   7 ( cx)      Time:    2     Qubit:   9  11 
ID:   8 (  p)      Time:    3     Qubit:   9 
ZPhase is  3π/4
ID:   9 ( cx)      Time:    5     Qubit:   7  11 
ID:  10 (  p)      Time:    6     Qubit:  11 
ZPhase is  7π/4
ID:  11 ( cx)      Time:    7     Qubit:  11  10 
ID:  12 (  p)      Time:    8     Qubit:  10 
ZPhase is  π/2
ID:  13 ( cx)      Time:    8     Qubit:  11   9 
ID:  14 (  s)      Time:    9     Qubit:   9 
ID:  15 (  s)      Time:   10     Qubit:   9 
ID:  16 ( cz)      Time:   11     Qubit:   8   9 
ID:  17 ( cx)      Time:    9     Qubit:   7  10 
ID:  18 ( cx)      Time:   10     Qubit:  11   7 
ID:  19 ( cx)      Time:   12     Qubit:   9   6 
ID:  20 ( cx)      Time:   13     Qubit:   9   4 
ID:  21 ( cx)      Time:   14     Qubit:   9   2 
ID:  22 ( cx)      Time:   11     Qubit:  10  11 
ID:  23 ( cx)      Time:   15     Qubit:   9  10 
ID:  24 (  p)      Time:   12     Qubit:  11 
ZPhase is  5π/4
ID:  25 ( cx)      Time:   16     Qubit:  10  13 
ID:  26 ( cx)      Time:   17     Qubit:  10  12 
ID:  27 ( cz)      Time:   13     Qubit:   8  11 
ID:  28 ( cz)      Time:   18     Qubit:   8  10 
ID:  29 (  p)      Time:   17     Qubit:  13 
ZPhase is  3π/4
ID:  30 ( cx)      Time:   16     Qubit:   9  11 
ID:  31 (  p)      Time:   17     Qubit:  11 
ZPhase is  3π/4
ID:  32 ( cx)      Time:   18     Qubit:  11   7 
ID:  33 (  p)      Time:   19     Qubit:   7 
ZPhase is  7π/4
ID:  34 ( cx)      Time:   20     Qubit:   9   7 
ID:  35 ( cx)      Time:   21     Qubit:  10   7 
ID:  36 (  h)      Time:   19     Qubit:  11 
ID:  37 (  p)      Time:   20     Qubit:  11 
ZPhase is  5π/4
ID:  38 ( cx)      Time:   22     Qubit:   7  11 
ID:  39 ( cx)      Time:   23     Qubit:   8   7 
ID:  40 (  p)      Time:   24     Qubit:   7 
ZPhase is  5π/4
ID:  41 (  p)      Time:   23     Qubit:  11 
ZPhase is  7π/4
ID:  42 ( cz)      Time:   24     Qubit:  11  13 
ID:  43 ( cx)      Time:   25     Qubit:  11   8 
ID:  44 ( cx)      Time:   26     Qubit:  11   7 
ID:  45 (  p)      Time:   27     Qubit:   7 
ZPhase is  π/2
ID:  46 ( cx)      Time:   28     Qubit:  11   7 
ID:  47 ( cz)      Time:   29     Qubit:   7  13 
ID:  48 (  h)      Time:   29     Qubit:  11 
ID:  49 ( cx)      Time:   30     Qubit:  11  12 
ID:  50 (  p)      Time:   31     Qubit:  11 
ZPhase is  5π/4
ID:  51 ( cz)      Time:   32     Qubit:   8  11 
ID:  52 ( cz)      Time:   33     Qubit:   7  11 
ID:  53 ( cx)      Time:   34     Qubit:  13  11 
ID:  54 (  p)      Time:   35     Qubit:  11 
ZPhase is  7π/4
ID:  55 ( cx)      Time:   35     Qubit:  12  13 
ID:  56 ( cx)      Time:   36     Qubit:  10  12 
ID:  57 (  p)      Time:   36     Qubit:  13 
ZPhase is  3π/4
ID:  58 ( cz)      Time:   37     Qubit:  12  13 
ID:  59 (  p)      Time:   38     Qubit:  12 
ZPhase is  π/4
ID:  60 ( cz)      Time:   38     Qubit:  11  13 
ID:  61 ( cx)      Time:   39     Qubit:  12  11 
ID:  62 (  p)      Time:   40     Qubit:  11 
ZPhase is  3π/2
ID:  63 ( cx)      Time:   41     Qubit:  12  11 
ID:  64 (  p)      Time:   42     Qubit:  11 
ZPhase is  π/2
ID:  65 ( cz)      Time:   39     Qubit:  10  13 
ID:  66 ( cx)      Time:   40     Qubit:   9  10 
ID:  67 ( cz)      Time:   40     Qubit:   8  13 
ID:  68 ( cz)      Time:   41     Qubit:   7  13 
ID:  69 ( cx)      Time:   42     Qubit:   8   7 
ID:  70 (  p)      Time:   43     Qubit:   7 
ZPhase is  π/2
ID:  71 ( cx)      Time:   42     Qubit:  13  12 
ID:  72 (  p)      Time:   43     Qubit:  12 
ZPhase is  3π/4
ID:  73 ( cx)      Time:   41     Qubit:  10   6 
ID:  74 ( cz)      Time:   44     Qubit:   6  12 
ID:  75 (  p)      Time:   45     Qubit:   6 
ZPhase is  3π/4
ID:  76 ( cx)      Time:   42     Qubit:  10   5 
ID:  77 ( cx)      Time:   43     Qubit:  10   4 
ID:  78 ( cx)      Time:   45     Qubit:  12   4 
ID:  79 (  p)      Time:   46     Qubit:   4 
ZPhase is  7π/4
ID:  80 ( cx)      Time:   44     Qubit:  10   3 
ID:  81 (sdg)      Time:   45     Qubit:   3 
ID:  82 ( cx)      Time:   46     Qubit:   9   3 
ID:  83 (  s)      Time:   47     Qubit:   3 
ID:  84 ( cx)      Time:   45     Qubit:  10   2 
ID:  85 (  p)      Time:   46     Qubit:   2 
ZPhase is  3π/4
ID:  86 ( cx)      Time:   47     Qubit:   9  13 
ID:  87 ( cx)      Time:   48     Qubit:   8  13 
ID:  88 (  h)      Time:   49     Qubit:  13 
ID:  89 (  p)      Time:   50     Qubit:  13 
ZPhase is  5π/4
ID:  90 ( cz)      Time:   51     Qubit:  11  13 
ID:  91 ( cz)      Time:   52     Qubit:  10  13 
ID:  92 ( cx)      Time:   53     Qubit:  13   7 
ID:  93 (  p)      Time:   54     Qubit:   7 
ZPhase is  3π/2
ID:  94 ( cx)      Time:   55     Qubit:  13   7 
ID:  95 (  p)      Time:   56     Qubit:   7 
ZPhase is  5π/4
ID:  96 ( cx)      Time:   57     Qubit:   7   8 
ID:  97 ( cx)      Time:   58     Qubit:  13   7 
ID:  98 (  h)      Time:   59     Qubit:  13 
ID:  99 (  p)      Time:   60     Qubit:  13 
ZPhase is  7π/4
ID: 100 ( cx)      Time:   61     Qubit:  10  13 
ID: 101 (  p)      Time:   62     Qubit:  13 
ZPhase is  π/4
ID: 102 ( cx)      Time:   63     Qubit:   9  13 
ID: 103 (  p)      Time:   64     Qubit:  13 
ZPhase is  π/4
ID: 104 ( cx)      Time:   65     Qubit:  10  13 
ID: 105 (  p)      Time:   66     Qubit:  13 
ZPhase is  7π/4
ID: 106 ( cx)      Time:   67     Qubit:  10  13 
ID: 107 ( cx)      Time:   68     Qubit:   8  13 
ID: 108 (  h)      Time:   69     Qubit:  13 
ID: 109 (  p)      Time:   70     Qubit:  13 
ZPhase is  5π/4
ID: 110 ( cx)      Time:   71     Qubit:   7  13 
ID: 111 (  p)      Time:   72     Qubit:  13 
ZPhase is  3π/2
ID: 112 ( cx)      Time:   73     Qubit:   7  13 
ID: 113 (  p)      Time:   74     Qubit:  13 
ZPhase is  5π/4
ID: 114 ( cx)      Time:   75     Qubit:  13   8 
ID: 115 ( cx)      Time:   76     Qubit:   7  13 
ID: 116 (  h)      Time:   77     Qubit:  13 
ID: 117 (  p)      Time:   78     Qubit:  13 
ZPhase is  7π/4
ID: 118 ( cx)      Time:   79     Qubit:  12  13 
ID: 119 ( cx)      Time:   80     Qubit:  11  13 
ID: 120 (  p)      Time:   81     Qubit:  13 
ZPhase is  π/4
ID: 121 ( cx)      Time:   82     Qubit:  11  13 
ID: 122 (  p)      Time:   83     Qubit:  13 
ZPhase is  7π/4
ID: 123 ( cx)      Time:   84     Qubit:  12  13 
ID: 124 ( cx)      Time:   85     Qubit:  11  13 
ID: 125 (  p)      Time:   86     Qubit:  13 
ZPhase is  π/4
ID: 126 ( cx)      Time:   87     Qubit:  11  13 
ID: 127 ( cx)      Time:   88     Qubit:   8  13 
ID: 128 (  h)      Time:   89     Qubit:  13 
ID: 129 (  p)      Time:   90     Qubit:  13 
ZPhase is  5π/4
ID: 130 ( cx)      Time:   91     Qubit:   7  13 
ID: 131 (  p)      Time:   92     Qubit:  13 
ZPhase is  3π/2
ID: 132 ( cx)      Time:   93     Qubit:   7  13 
ID: 133 (  p)      Time:   94     Qubit:  13 
ZPhase is  5π/4
ID: 134 ( cx)      Time:   95     Qubit:  13   8 
ID: 135 ( cx)      Time:   96     Qubit:   7  13 
ID: 136 (  h)      Time:   97     Qubit:  13 
ID: 137 (  p)      Time:   98     Qubit:  13 
ZPhase is  π/4
ID: 138 ( cx)      Time:   99     Qubit:  10  13 
ID: 139 ( cx)      Time:  100     Qubit:   9  13 
ID: 140 (  p)      Time:  101     Qubit:  13 
ZPhase is  7π/4
ID: 141 ( cx)      Time:  102     Qubit:  13   6 
ID: 142 (  p)      Time:  103     Qubit:   6 
ZPhase is  π/4
ID: 143 ( cx)      Time:  104     Qubit:   9   6 
ID: 144 ( cx)      Time:  105     Qubit:  10   6 
ID: 145 (  p)      Time:  106     Qubit:   6 
ZPhase is  7π/4
ID: 146 ( cx)      Time:  107     Qubit:  13   6 
ID: 147 (  p)      Time:  108     Qubit:   6 
ZPhase is  π/4
ID: 148 ( cx)      Time:  108     Qubit:  11  13 
ID: 149 ( cx)      Time:  109     Qubit:  10  13 
ID: 150 ( cx)      Time:  110     Qubit:   9  13 
ID: 151 ( cx)      Time:  111     Qubit:   8  13 
ID: 152 (  h)      Time:  112     Qubit:  13 
ID: 153 (  p)      Time:  113     Qubit:  13 
ZPhase is  π/4
ID: 154 ( cx)      Time:  114     Qubit:   7  13 
ID: 155 (  p)      Time:  115     Qubit:  13 
ZPhase is  3π/2
ID: 156 ( cx)      Time:  116     Qubit:   7  13 
ID: 157 (  p)      Time:  117     Qubit:  13 
ZPhase is  5π/4
ID: 158 ( cx)      Time:  118     Qubit:  13   8 
ID: 159 ( cx)      Time:  119     Qubit:   7  13 
ID: 160 (  h)      Time:  120     Qubit:  13 
ID: 161 (  p)      Time:  121     Qubit:  13 
ZPhase is  7π/4
ID: 162 ( cx)      Time:  122     Qubit:  12  13 
ID: 163 ( cx)      Time:  123     Qubit:  11  13 
ID: 164 (  p)      Time:  124     Qubit:  13 
ZPhase is  π/4
ID: 165 ( cx)      Time:  125     Qubit:  11  13 
ID: 166 (  p)      Time:  126     Qubit:  13 
ZPhase is  7π/4
ID: 167 ( cx)      Time:  127     Qubit:  12  13 
ID: 168 ( cx)      Time:  128     Qubit:  11  13 
ID: 169 (  p)      Time:  129     Qubit:  13 
ZPhase is  π/4
ID: 170 ( cx)      Time:  130     Qubit:  10  13 
ID: 171 ( cx)      Time:  131     Qubit:   9  13 
ID: 172 ( cx)      Time:  132     Qubit:   8  13 
ID: 173 (  h)      Time:  133     Qubit:  13 
ID: 174 (  p)      Time:  134     Qubit:  13 
ZPhase is  π/4
ID: 175 ( cx)      Time:  135     Qubit:   7  13 
ID: 176 (  p)      Time:  136     Qubit:  13 
ZPhase is  3π/2
ID: 177 ( cx)      Time:  137     Qubit:   7  13 
ID: 178 (  p)      Time:  138     Qubit:  13 
ZPhase is  5π/4
ID: 179 ( cx)      Time:  139     Qubit:  13   8 
ID: 180 (  h)      Time:  140     Qubit:  13 
ID: 181 (  p)      Time:  141     Qubit:  13 
ZPhase is  3π/4
ID: 182 ( cx)      Time:  142     Qubit:   6  13 
ID: 183 (  p)      Time:  143     Qubit:  13 
ZPhase is  7π/4
ID: 184 ( cx)      Time:  144     Qubit:  10  13 
ID: 185 ( cx)      Time:  145     Qubit:   9  13 
ID: 186 ( cx)      Time:  146     Qubit:   6  13 
ID: 187 (  p)      Time:  147     Qubit:  13 
ZPhase is  π/4
ID: 188 ( cx)      Time:  148     Qubit:   6  13 
ID: 189 (  p)      Time:  149     Qubit:  13 
ZPhase is  π/4
ID: 190 ( cx)      Time:  150     Qubit:   8  13 
ID: 191 ( cx)      Time:  151     Qubit:   6  13 
ID: 192 (  h)      Time:  152     Qubit:  13 
ID: 193 (  p)      Time:  153     Qubit:  13 
ZPhase is  7π/4
ID: 194 ( cx)      Time:  154     Qubit:   7  13 
ID: 195 (  p)      Time:  155     Qubit:  13 
ZPhase is  3π/2
ID: 196 ( cx)      Time:  156     Qubit:   7  13 
ID: 197 (  p)      Time:  157     Qubit:  13 
ZPhase is  7π/4
ID: 198 ( cx)      Time:  158     Qubit:  13   8 
ID: 199 (  h)      Time:  159     Qubit:  13 
ID: 200 (  p)      Time:  160     Qubit:  13 
ZPhase is  3π/4
ID: 201 ( cx)      Time:  161     Qubit:  12  13 
ID: 202 ( cx)      Time:  162     Qubit:  11  13 
ID: 203 (  p)      Time:  163     Qubit:  13 
ZPhase is  π/4
ID: 204 ( cx)      Time:  164     Qubit:  11  13 
ID: 205 (  p)      Time:  165     Qubit:  13 
ZPhase is  7π/4
ID: 206 ( cx)      Time:  166     Qubit:  12  13 
ID: 207 ( cx)      Time:  167     Qubit:  11  13 
ID: 208 (  p)      Time:  168     Qubit:  13 
ZPhase is  π/4
ID: 209 ( cx)      Time:  169     Qubit:  11  13 
ID: 210 ( cx)      Time:  170     Qubit:   8  13 
ID: 211 (  h)      Time:  171     Qubit:  13 
ID: 212 (  p)      Time:  172     Qubit:  13 
ZPhase is  5π/4
ID: 213 ( cx)      Time:  173     Qubit:   7  13 
ID: 214 (  p)      Time:  174     Qubit:  13 
ZPhase is  3π/2
ID: 215 ( cx)      Time:  175     Qubit:   7  13 
ID: 216 (  p)      Time:  176     Qubit:  13 
ZPhase is  5π/4
ID: 217 ( cx)      Time:  177     Qubit:  13   8 
ID: 218 (  h)      Time:  178     Qubit:  13 
ID: 219 (  p)      Time:  179     Qubit:  13 
ZPhase is  3π/4
ID: 220 ( cz)      Time:  180     Qubit:   7  13 
ID: 221 ( cx)      Time:  181     Qubit:  13   3 
ID: 222 (  p)      Time:  182     Qubit:   3 
ZPhase is  7π/4
ID: 223 ( cx)      Time:  183     Qubit:  10   3 
ID: 224 (  p)      Time:  184     Qubit:   3 
ZPhase is  π/2
ID: 225 ( cx)      Time:  185     Qubit:   9   3 
ID: 226 ( cx)      Time:  186     Qubit:  10   3 
ID: 227 (  p)      Time:  187     Qubit:   3 
ZPhase is  7π/4
ID: 228 ( cx)      Time:  187     Qubit:  10  13 
ID: 229 (  p)      Time:  188     Qubit:  13 
ZPhase is  3π/2
ID: 230 ( cx)      Time:  189     Qubit:  10  13 
ID: 231 ( cx)      Time:  190     Qubit:   9  13 
ID: 232 (  p)      Time:  191     Qubit:  13 
ZPhase is  7π/4
ID: 233 ( cx)      Time:  192     Qubit:  13   3 
ID: 234 ( cx)      Time:  193     Qubit:  11  13 
ID: 235 ( cx)      Time:  194     Qubit:  10  13 
ID: 236 ( cx)      Time:  195     Qubit:   9  13 
ID: 237 ( cx)      Time:  196     Qubit:   8  13 
ID: 238 (  h)      Time:  197     Qubit:  13 
ID: 239 (  p)      Time:  198     Qubit:  13 
ZPhase is  π/4
ID: 240 ( cx)      Time:  199     Qubit:   7  13 
ID: 241 (  p)      Time:  200     Qubit:  13 
ZPhase is  3π/2
ID: 242 ( cx)      Time:  201     Qubit:   7  13 
ID: 243 (  p)      Time:  202     Qubit:  13 
ZPhase is  5π/4
ID: 244 ( cx)      Time:  203     Qubit:  13   8 
ID: 245 (  h)      Time:  204     Qubit:  13 
ID: 246 (  p)      Time:  205     Qubit:  13 
ZPhase is  3π/4
ID: 247 ( cx)      Time:  206     Qubit:  12  13 
ID: 248 ( cx)      Time:  207     Qubit:  11  13 
ID: 249 (  p)      Time:  208     Qubit:  13 
ZPhase is  π/4
ID: 250 ( cx)      Time:  209     Qubit:  11  13 
ID: 251 (  p)      Time:  210     Qubit:  13 
ZPhase is  7π/4
ID: 252 ( cx)      Time:  211     Qubit:  12  13 
ID: 253 ( cx)      Time:  212     Qubit:  11  13 
ID: 254 (  p)      Time:  213     Qubit:  13 
ZPhase is  π/4
ID: 255 ( cx)      Time:  214     Qubit:  10  13 
ID: 256 ( cx)      Time:  215     Qubit:   9  13 
ID: 257 ( cx)      Time:  216     Qubit:   8  13 
ID: 258 (  h)      Time:  217     Qubit:  13 
ID: 259 (  p)      Time:  218     Qubit:  13 
ZPhase is  3π/4
ID: 260 ( cx)      Time:  219     Qubit:   7  13 
ID: 261 (  p)      Time:  220     Qubit:  13 
ZPhase is  3π/2
ID: 262 ( cx)      Time:  221     Qubit:   7  13 
ID: 263 (  p)      Time:  222     Qubit:  13 
ZPhase is  7π/4
ID: 264 ( cx)      Time:  223     Qubit:  13   8 
ID: 265 ( cx)      Time:  224     Qubit:   7  13 
ID: 266 (  h)      Time:  225     Qubit:  13 
ID: 267 (  p)      Time:  226     Qubit:  13 
ZPhase is  7π/4
ID: 268 ( cx)      Time:  227     Qubit:  10  13 
ID: 269 ( cx)      Time:  228     Qubit:   9  13 
ID: 270 ( cx)      Time:  229     Qubit:   3  13 
ID: 271 (  p)      Time:  230     Qubit:  13 
ZPhase is  π/4
ID: 272 ( cx)      Time:  231     Qubit:   3  13 
ID: 273 (  p)      Time:  232     Qubit:  13 
ZPhase is  π/4
ID: 274 ( cx)      Time:  233     Qubit:  10  13 
ID: 275 ( cx)      Time:  234     Qubit:   9  13 
ID: 276 ( cx)      Time:  235     Qubit:   3  13 
ID: 277 (  p)      Time:  236     Qubit:  13 
ZPhase is  7π/4
ID: 278 ( cx)      Time:  237     Qubit:  10  13 
ID: 279 ( cx)      Time:  238     Qubit:   9  13 
ID: 280 ( cx)      Time:  239     Qubit:   8  13 
ID: 281 ( cx)      Time:  240     Qubit:   3  13 
ID: 282 (  h)      Time:  241     Qubit:  13 
ID: 283 (  p)      Time:  242     Qubit:  13 
ZPhase is  7π/4
ID: 284 ( cx)      Time:  243     Qubit:   7  13 
ID: 285 (  p)      Time:  244     Qubit:  13 
ZPhase is  3π/2
ID: 286 ( cx)      Time:  245     Qubit:   7  13 
ID: 287 (  p)      Time:  246     Qubit:  13 
ZPhase is  7π/4
ID: 288 ( cx)      Time:  247     Qubit:  13   8 
ID: 289 (  h)      Time:  248     Qubit:  13 
ID: 290 (  p)      Time:  249     Qubit:  13 
ZPhase is  3π/4
ID: 291 ( cx)      Time:  250     Qubit:  12  13 
ID: 292 ( cx)      Time:  251     Qubit:  11  13 
ID: 293 (  p)      Time:  252     Qubit:  13 
ZPhase is  π/4
ID: 294 ( cx)      Time:  253     Qubit:  11  13 
ID: 295 (  p)      Time:  254     Qubit:  13 
ZPhase is  7π/4
ID: 296 ( cx)      Time:  255     Qubit:  12  13 
ID: 297 ( cx)      Time:  256     Qubit:  11  13 
ID: 298 (  p)      Time:  257     Qubit:  13 
ZPhase is  π/4
ID: 299 ( cx)      Time:  258     Qubit:  11  13 
ID: 300 ( cx)      Time:  259     Qubit:  10  13 
ID: 301 ( cx)      Time:  260     Qubit:   9  13 
ID: 302 ( cx)      Time:  261     Qubit:   8  13 
ID: 303 (  h)      Time:  262     Qubit:  13 
ID: 304 (  p)      Time:  263     Qubit:  13 
ZPhase is  π/4
ID: 305 ( cx)      Time:  264     Qubit:   7  13 
ID: 306 (  p)      Time:  265     Qubit:  13 
ZPhase is  3π/2
ID: 307 ( cx)      Time:  266     Qubit:   7  13 
ID: 308 (  p)      Time:  267     Qubit:  13 
ZPhase is  5π/4
ID: 309 ( cx)      Time:  268     Qubit:  13   8 
ID: 310 ( cx)      Time:  269     Qubit:   7  13 
ID: 311 (  h)      Time:  270     Qubit:  13 
ID: 312 (  p)      Time:  271     Qubit:  13 
ZPhase is  7π/4
ID: 313 ( cx)      Time:  272     Qubit:  10  13 
ID: 314 ( cx)      Time:  273     Qubit:   9  13 
ID: 315 (  p)      Time:  274     Qubit:  13 
ZPhase is  π/4
ID: 316 ( cx)      Time:  275     Qubit:  13   2 
ID: 317 (  p)      Time:  276     Qubit:   2 
ZPhase is  π/4
ID: 318 ( cx)      Time:  277     Qubit:   9   2 
ID: 319 ( cx)      Time:  278     Qubit:  10   2 
ID: 320 (  p)      Time:  279     Qubit:   2 
ZPhase is  7π/4
ID: 321 ( cx)      Time:  280     Qubit:  13   2 
ID: 322 (  p)      Time:  281     Qubit:   2 
ZPhase is  π/4
ID: 323 ( cx)      Time:  281     Qubit:  11  13 
ID: 324 ( cx)      Time:  282     Qubit:   8  13 
ID: 325 (  h)      Time:  283     Qubit:  13 
ID: 326 (  p)      Time:  284     Qubit:  13 
ZPhase is  5π/4
ID: 327 ( cx)      Time:  285     Qubit:   7  13 
ID: 328 (  p)      Time:  286     Qubit:  13 
ZPhase is  3π/2
ID: 329 ( cx)      Time:  287     Qubit:   7  13 
ID: 330 (  p)      Time:  288     Qubit:  13 
ZPhase is  5π/4
ID: 331 ( cx)      Time:  289     Qubit:  13   8 
ID: 332 ( cx)      Time:  290     Qubit:   7  13 
ID: 333 (  h)      Time:  291     Qubit:  13 
ID: 334 (  p)      Time:  292     Qubit:  13 
ZPhase is  7π/4
ID: 335 ( cx)      Time:  293     Qubit:  12  13 
ID: 336 ( cx)      Time:  294     Qubit:  11  13 
ID: 337 (  p)      Time:  295     Qubit:  13 
ZPhase is  π/4
ID: 338 ( cx)      Time:  296     Qubit:  11  13 
ID: 339 (  p)      Time:  297     Qubit:  13 
ZPhase is  7π/4
ID: 340 ( cx)      Time:  298     Qubit:  12  13 
ID: 341 ( cx)      Time:  299     Qubit:  11  13 
ID: 342 (  p)      Time:  300     Qubit:  13 
ZPhase is  π/4
ID: 343 ( cx)      Time:  301     Qubit:  10  13 
ID: 344 ( cx)      Time:  302     Qubit:   9  13 
ID: 345 ( cx)      Time:  303     Qubit:   8  13 
ID: 346 (  h)      Time:  304     Qubit:  13 
ID: 347 (  p)      Time:  305     Qubit:  13 
ZPhase is  π/4
ID: 348 ( cx)      Time:  306     Qubit:   7  13 
ID: 349 (  p)      Time:  307     Qubit:  13 
ZPhase is  7π/4
ID: 350 ( cx)      Time:  308     Qubit:  13   8 
ID: 351 ( cx)      Time:  309     Qubit:   8   7 
ID: 352 (  p)      Time:  310     Qubit:   7 
ZPhase is  π/2
ID: 353 ( cx)      Time:  310     Qubit:   8  13 
ID: 354 ( cx)      Time:  311     Qubit:   7  13 
ID: 355 (  h)      Time:  312     Qubit:  13 
ID: 356 (  p)      Time:  313     Qubit:  13 
ZPhase is  7π/4
ID: 357 ( cx)      Time:  314     Qubit:   2  13 
ID: 358 (  p)      Time:  315     Qubit:  13 
ZPhase is  π/4
ID: 359 ( cx)      Time:  316     Qubit:  10  13 
ID: 360 ( cx)      Time:  317     Qubit:   9  13 
ID: 361 ( cx)      Time:  318     Qubit:   2  13 
ID: 362 (  p)      Time:  319     Qubit:  13 
ZPhase is  π/4
ID: 363 ( cx)      Time:  320     Qubit:   2  13 
ID: 364 (  p)      Time:  321     Qubit:  13 
ZPhase is  7π/4
ID: 365 ( cx)      Time:  322     Qubit:   2  13 
ID: 366 (  h)      Time:  323     Qubit:  13 
ID: 367 (  p)      Time:  324     Qubit:  13 
ZPhase is  3π/4
ID: 368 ( cx)      Time:  325     Qubit:   8  13 
ID: 369 ( cx)      Time:  326     Qubit:   7   8 
ID: 370 (  h)      Time:  327     Qubit:   7 
ID: 371 (  p)      Time:  328     Qubit:   7 
ZPhase is  7π/4
ID: 372 ( cx)      Time:  329     Qubit:  12   7 
ID: 373 ( cx)      Time:  330     Qubit:  11   7 
ID: 374 (  p)      Time:  331     Qubit:   7 
ZPhase is  π/4
ID: 375 ( cx)      Time:  332     Qubit:  11   7 
ID: 376 (  p)      Time:  333     Qubit:   7 
ZPhase is  7π/4
ID: 377 ( cx)      Time:  334     Qubit:  12   7 
ID: 378 ( cx)      Time:  335     Qubit:  11   7 
ID: 379 (  p)      Time:  336     Qubit:   7 
ZPhase is  5π/4
ID: 380 (  h)      Time:  337     Qubit:   7 
ID: 381 ( cx)      Time:  338     Qubit:   7   8 
ID: 382 ( cz)      Time:  339     Qubit:   7   9 
ID: 383 ( cz)      Time:  340     Qubit:   7  10 
ID: 384 ( cz)      Time:  341     Qubit:   7  11 
ID: 385 (  p)      Time:  342     Qubit:   7 
ZPhase is  7π/4
ID: 386 (  p)      Time:  326     Qubit:  13 
ZPhase is  3π/4
ID: 387 ( cx)      Time:  339     Qubit:  13   8 
ID: 388 (  p)      Time:  340     Qubit:   8 
ZPhase is  7π/4
ID: 389 ( cx)      Time:  341     Qubit:  13   8 
ID: 390 ( cx)      Time:  343     Qubit:   7   8 
ID: 391 ( cx)      Time:  344     Qubit:  13   7 
ID: 392 (  p)      Time:  345     Qubit:   7 
ZPhase is  3π/2
ID: 393 ( cx)      Time:  346     Qubit:  13   7 
ID: 394 (  p)      Time:  347     Qubit:   7 
ZPhase is  7π/4
ID: 395 (  p)      Time:  344     Qubit:   8 
ZPhase is  π/4
ID: 396 ( cx)      Time:  348     Qubit:   8   7 
ID: 397 (  p)      Time:  349     Qubit:   7 
ZPhase is  3π/2
ID: 398 ( cx)      Time:  350     Qubit:   8   7 
ID: 399 (  h)      Time:  351     Qubit:   7 
ID: 400 ( cz)      Time:  352     Qubit:   7   9 
ID: 401 (  p)      Time:  353     Qubit:   7 
ZPhase is  5π/4
ID: 402 ( cx)      Time:  354     Qubit:   7   5 
ID: 403 (sdg)      Time:  355     Qubit:   5 
ID: 404 ( cx)      Time:  356     Qubit:   9   5 
ID: 405 (  s)      Time:  357     Qubit:   5 
ID: 406 (  p)      Time:  358     Qubit:   5 
ZPhase is  5π/4
ID: 407 ( cx)      Time:  359     Qubit:  10   5 
ID: 408 (  p)      Time:  360     Qubit:   5 
ZPhase is  π/2
ID: 409 ( cx)      Time:  361     Qubit:   9   5 
ID: 410 ( cx)      Time:  362     Qubit:  10   5 
ID: 411 (  p)      Time:  363     Qubit:   5 
ZPhase is  π/4
ID: 412 ( cx)      Time:  362     Qubit:   9   8 
ID: 413 ( cx)      Time:  363     Qubit:  10   8 
ID: 414 (  h)      Time:  364     Qubit:   8 
ID: 415 (  p)      Time:  365     Qubit:   8 
ZPhase is  7π/4
ID: 416 ( cx)      Time:  366     Qubit:  12   8 
ID: 417 ( cx)      Time:  367     Qubit:  11   8 
ID: 418 (  p)      Time:  368     Qubit:   8 
ZPhase is  π/4
ID: 419 ( cx)      Time:  369     Qubit:  12   8 
ID: 420 (  p)      Time:  370     Qubit:   8 
ZPhase is  π/4
ID: 421 ( cx)      Time:  371     Qubit:  12   8 
ID: 422 ( cx)      Time:  372     Qubit:  11   8 
ID: 423 (  p)      Time:  373     Qubit:   8 
ZPhase is  7π/4
ID: 424 ( cx)      Time:  374     Qubit:  12   8 
ID: 425 (  h)      Time:  375     Qubit:   8 
ID: 426 (  p)      Time:  376     Qubit:   8 
ZPhase is  7π/4
ID: 427 ( cx)      Time:  377     Qubit:  10   8 
ID: 428 (  p)      Time:  378     Qubit:   8 
ZPhase is  π/4
ID: 429 ( cx)      Time:  379     Qubit:   9   8 
ID: 430 (  p)      Time:  380     Qubit:   8 
ZPhase is  π/4
ID: 431 ( cx)      Time:  381     Qubit:  10   8 
ID: 432 (  p)      Time:  382     Qubit:   8 
ZPhase is  7π/4
ID: 433 ( cx)      Time:  383     Qubit:  10   8 
ID: 434 (  h)      Time:  384     Qubit:   8 
ID: 435 (  p)      Time:  385     Qubit:   8 
ZPhase is  3π/4
ID: 436 ( cx)      Time:  386     Qubit:  11   8 
ID: 437 (  p)      Time:  387     Qubit:   8 
ZPhase is  π/4
ID: 438 ( cx)      Time:  388     Qubit:  12   8 
ID: 439 (  p)      Time:  389     Qubit:   8 
ZPhase is  π/4
ID: 440 ( cx)      Time:  390     Qubit:  11   8 
ID: 441 (  p)      Time:  391     Qubit:   8 
ZPhase is  3π/4
ID: 442 ( cx)      Time:  392     Qubit:  12   8 
ID: 443 (  h)      Time:  393     Qubit:   8 
ID: 444 (  p)      Time:  394     Qubit:   8 
ZPhase is  7π/4
ID: 445 ( cx)      Time:  384     Qubit:  10   7 
ID: 446 (  p)      Time:  385     Qubit:   7 
ZPhase is  3π/2
ID: 447 ( cx)      Time:  386     Qubit:   9   7 
ID: 448 ( cx)      Time:  387     Qubit:  10   7 
ID: 449 (  p)      Time:  388     Qubit:   7 
ZPhase is  π/4
ID: 450 ( cx)      Time:  395     Qubit:   6   8 
ID: 451 ( cx)      Time:  389     Qubit:   7   5 
ID: 452 (  p)      Time:  396     Qubit:   8 
ZPhase is  7π/4
ID: 453 ( cx)      Time:  397     Qubit:   9   8 
ID: 454 ( cx)      Time:  398     Qubit:  10   8 
ID: 455 (  h)      Time:  390     Qubit:   7 
ID: 456 (  p)      Time:  391     Qubit:   7 
ZPhase is  3π/4
ID: 457 ( cx)      Time:  399     Qubit:  10   7 
ID: 458 ( cx)      Time:  399     Qubit:   6   8 
ID: 459 (  p)      Time:  400     Qubit:   8 
ZPhase is  π/4
ID: 460 ( cx)      Time:  401     Qubit:   6   8 
ID: 461 (  p)      Time:  402     Qubit:   8 
ZPhase is  π/4
ID: 462 ( cx)      Time:  403     Qubit:   9   8 
ID: 463 ( cx)      Time:  404     Qubit:  10   8 
ID: 464 (  h)      Time:  405     Qubit:   8 
ID: 465 (  p)      Time:  406     Qubit:   8 
ZPhase is  7π/4
ID: 466 ( cx)      Time:  407     Qubit:  12   8 
ID: 467 ( cx)      Time:  408     Qubit:  11   8 
ID: 468 (  p)      Time:  409     Qubit:   8 
ZPhase is  π/4
ID: 469 ( cx)      Time:  410     Qubit:  11   8 
ID: 470 (  p)      Time:  411     Qubit:   8 
ZPhase is  7π/4
ID: 471 ( cx)      Time:  412     Qubit:  12   8 
ID: 472 ( cx)      Time:  413     Qubit:  11   8 
ID: 473 (  p)      Time:  414     Qubit:   8 
ZPhase is  5π/4
ID: 474 ( cx)      Time:  415     Qubit:  12   8 
ID: 475 ( cx)      Time:  416     Qubit:  11   8 
ID: 476 (  h)      Time:  417     Qubit:   8 
ID: 477 (  p)      Time:  418     Qubit:   8 
ZPhase is  π/4
ID: 478 ( cx)      Time:  419     Qubit:   6   8 
ID: 479 (  p)      Time:  420     Qubit:   8 
ZPhase is  π/4
ID: 480 ( cx)      Time:  421     Qubit:   9   8 
ID: 481 ( cx)      Time:  422     Qubit:  10   8 
ID: 482 ( cx)      Time:  423     Qubit:   6   8 
ID: 483 (  p)      Time:  424     Qubit:   8 
ZPhase is  7π/4
ID: 484 ( cx)      Time:  425     Qubit:   6   8 
ID: 485 (  p)      Time:  426     Qubit:   8 
ZPhase is  7π/4
ID: 486 ( cx)      Time:  427     Qubit:   9   8 
ID: 487 ( cx)      Time:  428     Qubit:  10   8 
ID: 488 ( cx)      Time:  429     Qubit:   2   8 
ID: 489 (  h)      Time:  430     Qubit:   8 
ID: 490 (  p)      Time:  431     Qubit:   8 
ZPhase is  π/4
ID: 491 ( cx)      Time:  432     Qubit:  11   8 
ID: 492 (  p)      Time:  433     Qubit:   8 
ZPhase is  7π/4
ID: 493 ( cx)      Time:  434     Qubit:  12   8 
ID: 494 (  p)      Time:  435     Qubit:   8 
ZPhase is  7π/4
ID: 495 ( cx)      Time:  436     Qubit:  11   8 
ID: 496 (  p)      Time:  437     Qubit:   8 
ZPhase is  5π/4
ID: 497 ( cx)      Time:  438     Qubit:  12   8 
ID: 498 ( cx)      Time:  439     Qubit:   9   8 
ID: 499 ( cx)      Time:  440     Qubit:  10   8 
ID: 500 (  h)      Time:  441     Qubit:   8 
ID: 501 (  p)      Time:  442     Qubit:   8 
ZPhase is  3π/4
ID: 502 ( cx)      Time:  443     Qubit:   6   8 
ID: 503 ( cx)      Time:  444     Qubit:   2   8 
ID: 504 (  p)      Time:  445     Qubit:   8 
ZPhase is  π/4
ID: 505 ( cx)      Time:  446     Qubit:   9   8 
ID: 506 ( cx)      Time:  447     Qubit:  10   8 
ID: 507 ( cx)      Time:  448     Qubit:   6   8 
ID: 508 ( cx)      Time:  449     Qubit:   2   8 
ID: 509 (  p)      Time:  450     Qubit:   8 
ZPhase is  π/4
ID: 510 ( cx)      Time:  451     Qubit:   6   8 
ID: 511 ( cx)      Time:  452     Qubit:   2   8 
ID: 512 (  p)      Time:  453     Qubit:   8 
ZPhase is  7π/4
ID: 513 ( cx)      Time:  454     Qubit:   9   8 
ID: 514 ( cx)      Time:  455     Qubit:   6   8 
ID: 515 ( cx)      Time:  456     Qubit:   8   7 
ID: 516 (  p)      Time:  457     Qubit:   7 
ZPhase is  3π/4
ID: 517 ( cx)      Time:  457     Qubit:  10   8 
ID: 518 ( cx)      Time:  458     Qubit:  13   8 
ID: 519 (  p)      Time:  459     Qubit:   8 
ZPhase is  5π/4
ID: 520 ( cx)      Time:  460     Qubit:   8   7 
ID: 521 (  p)      Time:  461     Qubit:   7 
ZPhase is  3π/2
ID: 522 ( cx)      Time:  462     Qubit:   8   7 
ID: 523 ( cx)      Time:  463     Qubit:  13   8 
ID: 524 (  h)      Time:  464     Qubit:   8 
ID: 525 (  p)      Time:  465     Qubit:   8 
ZPhase is  7π/4
ID: 526 ( cx)      Time:  466     Qubit:  12   8 
ID: 527 ( cx)      Time:  467     Qubit:  11   8 
ID: 528 (  p)      Time:  468     Qubit:   8 
ZPhase is  7π/4
ID: 529 ( cx)      Time:  469     Qubit:  11   8 
ID: 530 (  p)      Time:  470     Qubit:   8 
ZPhase is  7π/4
ID: 531 ( cx)      Time:  471     Qubit:  12   8 
ID: 532 ( cx)      Time:  472     Qubit:  11   8 
ID: 533 (  p)      Time:  473     Qubit:   8 
ZPhase is  3π/4
ID: 534 ( cx)      Time:  474     Qubit:   9   8 
ID: 535 ( cx)      Time:  475     Qubit:  10   8 
ID: 536 ( cx)      Time:  476     Qubit:   7   8 
ID: 537 (  h)      Time:  477     Qubit:   8 
ID: 538 ( cx)      Time:  478     Qubit:   8  13 
ID: 539 ( cz)      Time:  479     Qubit:   8  11 
ID: 540 (  p)      Time:  480     Qubit:   8 
ZPhase is  5π/4
ID: 541 ( cx)      Time:  479     Qubit:  13   7 
ID: 542 (  p)      Time:  480     Qubit:   7 
ZPhase is  3π/4
ID: 543 ( cx)      Time:  481     Qubit:   7   8 
ID: 544 (  h)      Time:  482     Qubit:   7 
ID: 545 (  p)      Time:  483     Qubit:   7 
ZPhase is  3π/4
ID: 546 ( cx)      Time:  484     Qubit:   9   7 
ID: 547 ( cx)      Time:  485     Qubit:  10   7 
ID: 548 ( cx)      Time:  486     Qubit:   5   7 
ID: 549 (  p)      Time:  487     Qubit:   7 
ZPhase is  π/4
ID: 550 ( cx)      Time:  488     Qubit:   9   7 
ID: 551 ( cx)      Time:  489     Qubit:  10   7 
ID: 552 (  p)      Time:  490     Qubit:   7 
ZPhase is  7π/4
ID: 553 ( cx)      Time:  491     Qubit:   9   7 
ID: 554 ( cx)      Time:  492     Qubit:  10   7 
ID: 555 ( cx)      Time:  493     Qubit:   5   7 
ID: 556 (  p)      Time:  494     Qubit:   7 
ZPhase is  5π/4
ID: 557 ( cx)      Time:  495     Qubit:  13   7 
ID: 558 (  h)      Time:  496     Qubit:   7 
ID: 559 (  p)      Time:  497     Qubit:   7 
ZPhase is  π/4
ID: 560 ( cx)      Time:  498     Qubit:   8   7 
ID: 561 (  p)      Time:  499     Qubit:   7 
ZPhase is  7π/4
ID: 562 ( cx)      Time:  500     Qubit:  13   7 
ID: 563 ( cx)      Time:  501     Qubit:   7   8 
ID: 564 ( cx)      Time:  502     Qubit:   8  13 
ID: 565 ( cx)      Time:  503     Qubit:   7   8 
ID: 566 (  h)      Time:  503     Qubit:  13 
ID: 567 (  p)      Time:  504     Qubit:  13 
ZPhase is  7π/4
ID: 568 ( cx)      Time:  505     Qubit:  12  13 
ID: 569 ( cx)      Time:  506     Qubit:  11  13 
ID: 570 (  p)      Time:  504     Qubit:   8 
ZPhase is  π
ID: 571 (  p)      Time:  507     Qubit:  13 
ZPhase is  7π/4
ID: 572 ( cx)      Time:  508     Qubit:  11  13 
ID: 573 (  p)      Time:  509     Qubit:  13 
ZPhase is  7π/4
ID: 574 ( cx)      Time:  510     Qubit:  12  13 
ID: 575 ( cx)      Time:  511     Qubit:  11  13 
ID: 576 (  p)      Time:  512     Qubit:  13 
ZPhase is  3π/4
ID: 577 ( cx)      Time:  513     Qubit:  11  13 
ID: 578 ( cx)      Time:  514     Qubit:  10  13 
ID: 579 ( cx)      Time:  515     Qubit:   9  13 
ID: 580 ( cx)      Time:  516     Qubit:   7  13 
ID: 581 (  h)      Time:  517     Qubit:  13 
ID: 582 (  p)      Time:  518     Qubit:  13 
ZPhase is  7π/4
ID: 583 ( cx)      Time:  519     Qubit:   8  13 
ID: 584 (  p)      Time:  520     Qubit:  13 
ZPhase is  5π/4
ID: 585 ( cx)      Time:  521     Qubit:  13   7 
ID: 586 (  h)      Time:  522     Qubit:  13 
ID: 587 (  p)      Time:  523     Qubit:  13 
ZPhase is  π/4
ID: 588 ( cx)      Time:  524     Qubit:  12  13 
ID: 589 ( cx)      Time:  525     Qubit:  10  13 
ID: 590 ( cx)      Time:  526     Qubit:   9  13 
ID: 591 ( cx)      Time:  527     Qubit:   4  13 
ID: 592 ( cx)      Time:  528     Qubit:   9   4 
ID: 593 ( cx)      Time:  529     Qubit:  10   4 
ID: 594 (  p)      Time:  530     Qubit:   4 
ZPhase is  5π/4
ID: 595 ( cx)      Time:  531     Qubit:  12   4 
ID: 596 (  p)      Time:  528     Qubit:  13 
ZPhase is  7π/4
ID: 597 ( cx)      Time:  530     Qubit:  10  13 
ID: 598 ( cx)      Time:  531     Qubit:   9  13 
ID: 599 (  p)      Time:  532     Qubit:  13 
ZPhase is  π/4
ID: 600 ( cx)      Time:  533     Qubit:   4  13 
ID: 601 (  p)      Time:  534     Qubit:  13 
ZPhase is  7π/4
ID: 602 ( cx)      Time:  535     Qubit:  11  13 
ID: 603 ( cx)      Time:  536     Qubit:   7  13 
ID: 604 (  h)      Time:  537     Qubit:  13 
ID: 605 (  p)      Time:  538     Qubit:  13 
ZPhase is  7π/4
ID: 606 ( cx)      Time:  539     Qubit:   8  13 
ID: 607 (  p)      Time:  540     Qubit:  13 
ZPhase is  5π/4
ID: 608 ( cx)      Time:  541     Qubit:  13   7 
ID: 609 ( cx)      Time:  542     Qubit:   8  13 
ID: 610 (  h)      Time:  543     Qubit:  13 
ID: 611 (  p)      Time:  544     Qubit:  13 
ZPhase is  π/4
ID: 612 ( cx)      Time:  545     Qubit:  12  13 
ID: 613 ( cx)      Time:  546     Qubit:  11  13 
ID: 614 (  p)      Time:  547     Qubit:  13 
ZPhase is  π/4
ID: 615 ( cx)      Time:  548     Qubit:  11  13 
ID: 616 (  p)      Time:  549     Qubit:  13 
ZPhase is  π/4
ID: 617 ( cx)      Time:  550     Qubit:  12  13 
ID: 618 ( cx)      Time:  551     Qubit:  11  13 
ID: 619 (  p)      Time:  552     Qubit:  13 
ZPhase is  5π/4
ID: 620 ( cx)      Time:  553     Qubit:  10  13 
ID: 621 ( cx)      Time:  554     Qubit:   9  13 
ID: 622 ( cx)      Time:  555     Qubit:   7  13 
ID: 623 (  h)      Time:  556     Qubit:  13 
ID: 624 (  p)      Time:  557     Qubit:  13 
ZPhase is  5π/4
ID: 625 ( cx)      Time:  558     Qubit:   8  13 
ID: 626 (  p)      Time:  559     Qubit:  13 
ZPhase is  7π/4
ID: 627 ( cx)      Time:  560     Qubit:  13   7 
ID: 628 (  p)      Time:  561     Qubit:   7 
ZPhase is  π/2
ID: 629 ( cx)      Time:  562     Qubit:   8   7 
ID: 630 ( cx)      Time:  563     Qubit:   9   7 
ID: 631 ( cx)      Time:  564     Qubit:  10   7 
ID: 632 (  h)      Time:  565     Qubit:   7 
ID: 633 (  p)      Time:  566     Qubit:   7 
ZPhase is  π/4
ID: 634 ( cx)      Time:  567     Qubit:  11   7 
ID: 635 (  p)      Time:  568     Qubit:   7 
ZPhase is  7π/4
ID: 636 ( cx)      Time:  569     Qubit:  12   7 
ID: 637 ( cx)      Time:  570     Qubit:  11   7 
ID: 638 (  p)      Time:  571     Qubit:   7 
ZPhase is  π/4
ID: 639 ( cx)      Time:  572     Qubit:  11   7 
ID: 640 (  p)      Time:  573     Qubit:   7 
ZPhase is  3π/4
ID: 641 ( cx)      Time:  574     Qubit:  11   7 
ID: 642 (  h)      Time:  575     Qubit:   7 
ID: 643 (  p)      Time:  576     Qubit:   7 
ZPhase is  3π/4
ID: 644 (  h)      Time:  561     Qubit:  13 
ID: 645 (  p)      Time:  562     Qubit:  13 
ZPhase is  7π/4
ID: 646 ( cx)      Time:  570     Qubit:  10  12 
ID: 647 ( cx)      Time:  571     Qubit:   9  12 
ID: 648 ( cx)      Time:  563     Qubit:   4  13 
ID: 649 (  p)      Time:  564     Qubit:  13 
ZPhase is  π/4
ID: 650 (  h)      Time:  572     Qubit:  12 
ID: 651 (  p)      Time:  573     Qubit:  12 
ZPhase is  3π/4
ID: 652 ( cx)      Time:  575     Qubit:  11  12 
ID: 653 ( cx)      Time:  571     Qubit:  10  13 
ID: 654 ( cx)      Time:  572     Qubit:   9  13 
ID: 655 ( cx)      Time:  576     Qubit:   8  12 
ID: 656 (  p)      Time:  573     Qubit:  13 
ZPhase is  7π/4
ID: 657 (  p)      Time:  577     Qubit:  12 
ZPhase is  π/4
ID: 658 ( cx)      Time:  578     Qubit:  11  12 
ID: 659 ( cx)      Time:  574     Qubit:   4  13 
ID: 660 (  p)      Time:  575     Qubit:  13 
ZPhase is  π/4
ID: 661 (  h)      Time:  576     Qubit:  13 
ID: 662 (  p)      Time:  579     Qubit:  12 
ZPhase is  7π/4
ID: 663 ( cx)      Time:  580     Qubit:  11  12 
ID: 664 ( cx)      Time:  581     Qubit:   8  12 
ID: 665 ( cx)      Time:  582     Qubit:   8  13 
ID: 666 (  p)      Time:  582     Qubit:  12 
ZPhase is  π/4
ID: 667 ( cx)      Time:  583     Qubit:  11  12 
ID: 668 ( cx)      Time:  584     Qubit:   8  12 
ID: 669 ( cz)      Time:  583     Qubit:   7  13 
ID: 670 ( cx)      Time:  585     Qubit:   8   7 
ID: 671 (  p)      Time:  586     Qubit:   7 
ZPhase is  3π/2
ID: 672 ( cx)      Time:  587     Qubit:   9   7 
ID: 673 ( cx)      Time:  588     Qubit:  10   7 
ID: 674 ( cx)      Time:  589     Qubit:   8   7 
ID: 675 (  p)      Time:  590     Qubit:   7 
ZPhase is  7π/4
ID: 676 ( cx)      Time:  591     Qubit:  13   7 
ID: 677 ( cx)      Time:  592     Qubit:   8   7 
ID: 678 (  p)      Time:  593     Qubit:   7 
ZPhase is  π/4
ID: 679 ( cx)      Time:  594     Qubit:   9   7 
ID: 680 ( cx)      Time:  595     Qubit:  10   7 
ID: 681 ( cx)      Time:  596     Qubit:   8   7 
ID: 682 (  p)      Time:  597     Qubit:   7 
ZPhase is  7π/4
ID: 683 ( cx)      Time:  598     Qubit:  13   7 
ID: 684 (  h)      Time:  585     Qubit:  12 
ID: 685 (  p)      Time:  586     Qubit:  12 
ZPhase is  7π/4
ID: 686 ( cx)      Time:  587     Qubit:   4  12 
ID: 687 (  p)      Time:  588     Qubit:  12 
ZPhase is  π/4
ID: 688 ( cx)      Time:  596     Qubit:  10  12 
ID: 689 ( cx)      Time:  597     Qubit:   9  12 
ID: 690 ( cx)      Time:  598     Qubit:   4  12 
ID: 691 (  p)      Time:  599     Qubit:  12 
ZPhase is  π/4
ID: 692 ( cx)      Time:  600     Qubit:   4  12 
ID: 693 (  p)      Time:  601     Qubit:  12 
ZPhase is  7π/4
ID: 694 ( cx)      Time:  602     Qubit:   4  12 
ID: 695 (  h)      Time:  603     Qubit:   4 
ID: 696 (  h)      Time:  603     Qubit:  12 
ID: 697 (  p)      Time:  604     Qubit:  12 
ZPhase is  3π/4
ID: 698 ( cx)      Time:  605     Qubit:  11  12 
ID: 699 (  p)      Time:  606     Qubit:  12 
ZPhase is  π/4
ID: 700 ( cx)      Time:  607     Qubit:  11  12 
ID: 701 ( cx)      Time:  608     Qubit:   8  12 
ID: 702 (  p)      Time:  609     Qubit:  12 
ZPhase is  7π/4
ID: 703 ( cx)      Time:  610     Qubit:  11  12 
ID: 704 (  p)      Time:  611     Qubit:  12 
ZPhase is  π/4
ID: 705 ( cx)      Time:  612     Qubit:   8  12 
ID: 706 (  h)      Time:  613     Qubit:  12 
ID: 707 (  p)      Time:  614     Qubit:  12 
ZPhase is  5π/4
ID: 708 ( cx)      Time:  615     Qubit:   2  12 
ID: 709 (  p)      Time:  616     Qubit:  12 
ZPhase is  7π/4
ID: 710 ( cx)      Time:  617     Qubit:  10  12 
ID: 711 ( cx)      Time:  618     Qubit:   9  12 
ID: 712 ( cx)      Time:  619     Qubit:   2  12 
ID: 713 (  p)      Time:  620     Qubit:  12 
ZPhase is  7π/4
ID: 714 ( cx)      Time:  621     Qubit:   2  12 
ID: 715 (  p)      Time:  622     Qubit:  12 
ZPhase is  π/4
ID: 716 ( cx)      Time:  623     Qubit:  10  12 
ID: 717 ( cx)      Time:  624     Qubit:   9  12 
ID: 718 ( cx)      Time:  625     Qubit:   2  12 
ID: 719 (  h)      Time:  626     Qubit:  12 
ID: 720 (  p)      Time:  627     Qubit:  12 
ZPhase is  7π/4
ID: 721 ( cx)      Time:  628     Qubit:   8  12 
ID: 722 (  p)      Time:  629     Qubit:  12 
ZPhase is  7π/4
ID: 723 ( cx)      Time:  630     Qubit:  11  12 
ID: 724 ( cx)      Time:  631     Qubit:   8  12 
ID: 725 (  p)      Time:  632     Qubit:  12 
ZPhase is  π/4
ID: 726 ( cx)      Time:  633     Qubit:   8  12 
ID: 727 (  p)      Time:  634     Qubit:  12 
ZPhase is  π/4
ID: 728 ( cx)      Time:  635     Qubit:  11  12 
ID: 729 (  h)      Time:  636     Qubit:  12 
ID: 730 (  p)      Time:  637     Qubit:  12 
ZPhase is  π/4
ID: 731 ( cx)      Time:  638     Qubit:   2  12 
ID: 732 (  p)      Time:  639     Qubit:  12 
ZPhase is  7π/4
ID: 733 ( cx)      Time:  640     Qubit:  10  12 
ID: 734 ( cx)      Time:  641     Qubit:   9  12 
ID: 735 ( cx)      Time:  642     Qubit:   9  10 
ID: 736 ( cx)      Time:  643     Qubit:   7   9 
ID: 737 (  h)      Time:  644     Qubit:   7 
ID: 738 (  p)      Time:  645     Qubit:   7 
ZPhase is  π/4
ID: 739 ( cx)      Time:  646     Qubit:   8   7 
ID: 740 (  p)      Time:  647     Qubit:   7 
ZPhase is  3π/4
ID: 741 (  p)      Time:  642     Qubit:  12 
ZPhase is  π/4
ID: 742 (  p)      Time:  643     Qubit:  10 
ZPhase is  π
ID: 743 (  h)      Time:  644     Qubit:   9 
ID: 744 (  p)      Time:  645     Qubit:   9 
ZPhase is  5π/4
ID: 745 ( cx)      Time:  647     Qubit:   8   9 
ID: 746 ( cx)      Time:  643     Qubit:   2  12 
ID: 747 ( cx)      Time:  644     Qubit:  10   0 
ID: 748 (  p)      Time:  644     Qubit:  12 
ZPhase is  7π/4
ID: 749 (  h)      Time:  645     Qubit:  12 
ID: 750 (  p)      Time:  646     Qubit:  12 
ZPhase is  3π/4
ID: 751 ( cx)      Time:  647     Qubit:  11  12 
ID: 752 (  p)      Time:  648     Qubit:   9 
ZPhase is  3π/4
ID: 753 ( cx)      Time:  648     Qubit:   8  12 
ID: 754 (  p)      Time:  649     Qubit:  12 
ZPhase is  π/4
ID: 755 ( cx)      Time:  650     Qubit:  11  12 
ID: 756 (  p)      Time:  651     Qubit:  12 
ZPhase is  7π/4
ID: 757 ( cx)      Time:  652     Qubit:  11  12 
ID: 758 ( cx)      Time:  653     Qubit:   8  12 
ID: 759 (  p)      Time:  654     Qubit:  12 
ZPhase is  π/4
ID: 760 ( cx)      Time:  655     Qubit:   9  12 
ID: 761 ( cx)      Time:  656     Qubit:   7   9 
ID: 762 (  h)      Time:  657     Qubit:   7 
ID: 763 (  p)      Time:  658     Qubit:   7 
ZPhase is  π/4
ID: 764 ( cx)      Time:  659     Qubit:  11   7 
ID: 765 ( cx)      Time:  660     Qubit:  10   7 
ID: 766 (  h)      Time:  656     Qubit:  12 
ID: 767 (  p)      Time:  657     Qubit:  12 
ZPhase is  5π/4
ID: 768 ( cz)      Time:  658     Qubit:   8  12 
ID: 769 ( cx)      Time:  661     Qubit:  12   7 
ID: 770 (  p)      Time:  662     Qubit:   7 
ZPhase is  7π/4
ID: 771 ( cx)      Time:  662     Qubit:  10  12 
ID: 772 (  p)      Time:  663     Qubit:  12 
ZPhase is  3π/4
ID: 773 ( cx)      Time:  664     Qubit:   7  12 
ID: 774 ( cx)      Time:  665     Qubit:  11   7 
ID: 775 (  p)      Time:  666     Qubit:   7 
ZPhase is  5π/4
ID: 776 (  p)      Time:  665     Qubit:  12 
ZPhase is  7π/4
ID: 777 ( cx)      Time:  667     Qubit:  12   7 
ID: 778 ( cx)      Time:  668     Qubit:  11  12 
ID: 779 ( cx)      Time:  669     Qubit:  10  12 
ID: 780 (  h)      Time:  670     Qubit:  12 
ID: 781 (  p)      Time:  671     Qubit:  12 
ZPhase is  3π/4
ID: 782 ( cx)      Time:  672     Qubit:   8  12 
ID: 783 (  p)      Time:  673     Qubit:  12 
ZPhase is  5π/4
ID: 784 ( cx)      Time:  674     Qubit:  12   9 
ID: 785 (  h)      Time:  675     Qubit:  12 
ID: 786 (  p)      Time:  676     Qubit:  12 
ZPhase is  5π/4
ID: 787 ( cx)      Time:  677     Qubit:   8  12 
ID: 788 (  p)      Time:  678     Qubit:  12 
ZPhase is  3π/2
ID: 789 ( cx)      Time:  679     Qubit:  13  12 
ID: 790 ( cx)      Time:  680     Qubit:  10  12 
ID: 791 ( cx)      Time:  681     Qubit:   8  12 
ID: 792 (  p)      Time:  682     Qubit:  12 
ZPhase is  7π/4
ID: 793 ( cx)      Time:  683     Qubit:  10  12 
ID: 794 (  p)      Time:  684     Qubit:  12 
ZPhase is  π/4
ID: 795 ( cx)      Time:  685     Qubit:  13  12 
ID: 796 ( cx)      Time:  686     Qubit:  10  12 
ID: 797 ( cx)      Time:  687     Qubit:   8  12 
ID: 798 (  p)      Time:  688     Qubit:  12 
ZPhase is  5π/4
ID: 799 (  h)      Time:  689     Qubit:  12 
ID: 800 (  p)      Time:  690     Qubit:  12 
ZPhase is  5π/4
ID: 801 ( cx)      Time:  686     Qubit:   9  13 
ID: 802 ( cx)      Time:  691     Qubit:   8  12 
ID: 803 (  p)      Time:  692     Qubit:  12 
ZPhase is  3π/2
ID: 804 ( cx)      Time:  693     Qubit:   8  12 
ID: 805 ( cx)      Time:  694     Qubit:  12  13 
ID: 806 (  p)      Time:  695     Qubit:  12 
ZPhase is  5π/4
ID: 807 ( cx)      Time:  696     Qubit:  12   9 
ID: 808 (  h)      Time:  695     Qubit:  13 
ID: 809 (  p)      Time:  696     Qubit:  13 
ZPhase is  3π/4
ID: 810 (  h)      Time:  697     Qubit:  12 
ID: 811 (  p)      Time:  698     Qubit:  12 
ZPhase is  π/4
ID: 812 ( cx)      Time:  699     Qubit:  11  12 
ID: 813 ( cx)      Time:  697     Qubit:  10  13 
ID: 814 (  p)      Time:  698     Qubit:  13 
ZPhase is  π/4
ID: 815 (  p)      Time:  700     Qubit:  12 
ZPhase is  7π/4
ID: 816 ( cx)      Time:  699     Qubit:  10  13 
ID: 817 ( cx)      Time:  700     Qubit:   9  13 
ID: 818 ( cx)      Time:  701     Qubit:   7  12 
ID: 819 (  p)      Time:  701     Qubit:  13 
ZPhase is  7π/4
ID: 820 (  p)      Time:  702     Qubit:  12 
ZPhase is  π/4
ID: 821 ( cx)      Time:  703     Qubit:  11  12 
ID: 822 ( cx)      Time:  702     Qubit:  10  13 
ID: 823 (  p)      Time:  703     Qubit:  13 
ZPhase is  π/4
ID: 824 (  p)      Time:  704     Qubit:  12 
ZPhase is  7π/4
ID: 825 ( cx)      Time:  705     Qubit:  13  12 
ID: 826 ( cx)      Time:  706     Qubit:   9  12 
ID: 827 (  h)      Time:  707     Qubit:  12 
ID: 828 (  p)      Time:  708     Qubit:  12 
ZPhase is  5π/4
ID: 829 ( cx)      Time:  707     Qubit:   9  13 
ID: 830 ( cx)      Time:  709     Qubit:   8  12 
ID: 831 (  h)      Time:  708     Qubit:  13 
ID: 832 (  p)      Time:  709     Qubit:  13 
ZPhase is  5π/4
ID: 833 (  p)      Time:  710     Qubit:  12 
ZPhase is  7π/4
ID: 834 ( cx)      Time:  710     Qubit:   8  13 
ID: 835 (  p)      Time:  711     Qubit:  13 
ZPhase is  3π/2
ID: 836 ( cx)      Time:  712     Qubit:   8  13 
ID: 837 (  p)      Time:  713     Qubit:  13 
ZPhase is  5π/4
ID: 838 ( cx)      Time:  714     Qubit:  13  12 
ID: 839 ( cx)      Time:  715     Qubit:   8  13 
ID: 840 (  h)      Time:  716     Qubit:  13 
ID: 841 (  p)      Time:  717     Qubit:  13 
ZPhase is  7π/4
ID: 842 ( cx)      Time:  718     Qubit:  11  13 
ID: 843 ( cx)      Time:  719     Qubit:  11  13 
ID: 844 (  p)      Time:  720     Qubit:  13 
ZPhase is  5π/4
ID: 845 ( cx)      Time:  721     Qubit:   7  13 
ID: 846 (  h)      Time:  722     Qubit:  13 
ID: 847 (  p)      Time:  723     Qubit:  13 
ZPhase is  π/4
ID: 848 ( cx)      Time:  724     Qubit:   8  13 
ID: 849 (  p)      Time:  725     Qubit:  13 
ZPhase is  7π/4
ID: 850 ( cx)      Time:  726     Qubit:  13  12 
ID: 851 (  h)      Time:  727     Qubit:  13 
ID: 852 (  p)      Time:  728     Qubit:  13 
ZPhase is  3π/4
ID: 853 ( cx)      Time:  729     Qubit:  10  13 
ID: 854 ( cx)      Time:  730     Qubit:   9  13 
ID: 855 (  p)      Time:  731     Qubit:  13 
ZPhase is  π/4
ID: 856 ( cx)      Time:  732     Qubit:  10  13 
ID: 857 (  p)      Time:  733     Qubit:  13 
ZPhase is  7π/4
ID: 858 ( cx)      Time:  734     Qubit:  10  13 
ID: 859 ( cx)      Time:  735     Qubit:   9  13 
ID: 860 ( cx)      Time:  736     Qubit:  10   9 
ID: 861 ( cx)      Time:  737     Qubit:  11   9 
ID: 862 ( cx)      Time:  738     Qubit:   7   9 
ID: 863 (  p)      Time:  736     Qubit:  13 
ZPhase is  5π/4
ID: 864 ( cx)      Time:  737     Qubit:  10  13 
ID: 865 (  p)      Time:  739     Qubit:   9 
ZPhase is  π/4
ID: 866 ( cx)      Time:  740     Qubit:  10   9 
ID: 867 (  p)      Time:  741     Qubit:   9 
ZPhase is  π/4
ID: 868 (  h)      Time:  738     Qubit:  13 
ID: 869 (  p)      Time:  739     Qubit:  13 
ZPhase is  π/4
ID: 870 ( cx)      Time:  740     Qubit:   8  13 
ID: 871 (  p)      Time:  741     Qubit:  13 
ZPhase is  3π/2
ID: 872 ( cx)      Time:  742     Qubit:   8  13 
ID: 873 (  p)      Time:  743     Qubit:  13 
ZPhase is  π/4
ID: 874 ( cx)      Time:  744     Qubit:  12  13 
ID: 875 (  h)      Time:  745     Qubit:  12 
ID: 876 (  p)      Time:  746     Qubit:  12 
ZPhase is  5π/4
ID: 877 ( cz)      Time:  747     Qubit:   7  12 
ID: 878 ( cx)      Time:  748     Qubit:  11  12 
ID: 879 (  p)      Time:  749     Qubit:  12 
ZPhase is  3π/2
ID: 880 ( cx)      Time:  750     Qubit:  11  12 
ID: 881 (  p)      Time:  751     Qubit:  12 
ZPhase is  π/4
ID: 882 ( cx)      Time:  752     Qubit:   7  12 
ID: 883 (  p)      Time:  753     Qubit:  12 
ZPhase is  7π/4
ID: 884 ( cx)      Time:  754     Qubit:  11  12 
ID: 885 (  p)      Time:  755     Qubit:  12 
ZPhase is  7π/4
ID: 886 ( cx)      Time:  756     Qubit:  12   9 
ID: 887 (  p)      Time:  757     Qubit:   9 
ZPhase is  3π/2
ID: 888 ( cx)      Time:  758     Qubit:  12   9 
ID: 889 ( cx)      Time:  759     Qubit:   7  12 
ID: 890 ( cx)      Time:  760     Qubit:  11   7 
ID: 891 (  h)      Time:  761     Qubit:   7 
ID: 892 (  p)      Time:  762     Qubit:   7 
ZPhase is  3π/4
ID: 893 ( cx)      Time:  763     Qubit:   8   7 
ID: 894 (  p)      Time:  764     Qubit:   7 
ZPhase is  π/4
ID: 895 ( cx)      Time:  765     Qubit:  11   7 
ID: 896 (  p)      Time:  766     Qubit:   7 
ZPhase is  7π/4
ID: 897 ( cx)      Time:  767     Qubit:   8   7 
ID: 898 (  p)      Time:  768     Qubit:   7 
ZPhase is  5π/4
ID: 899 (  h)      Time:  769     Qubit:   7 
ID: 900 (  p)      Time:  770     Qubit:   7 
ZPhase is  5π/4
ID: 901 ( cx)      Time:  771     Qubit:   9   7 
ID: 902 ( cx)      Time:  772     Qubit:  11   7 
ID: 903 ( cx)      Time:  773     Qubit:  10   7 
ID: 904 ( cx)      Time:  774     Qubit:  12   7 
ID: 905 (  p)      Time:  775     Qubit:   7 
ZPhase is  7π/4
ID: 906 ( cx)      Time:  776     Qubit:  10   7 
ID: 907 (  p)      Time:  777     Qubit:   7 
ZPhase is  π/4
ID: 908 ( cx)      Time:  778     Qubit:  12   7 
ID: 909 ( cx)      Time:  779     Qubit:   9   7 
ID: 910 ( cx)      Time:  780     Qubit:  11   7 
ID: 911 ( cx)      Time:  781     Qubit:  10   7 
ID: 912 (  p)      Time:  782     Qubit:   7 
ZPhase is  7π/4
ID: 913 ( cx)      Time:  783     Qubit:  10   7 
ID: 914 (  h)      Time:  784     Qubit:   7 
ID: 915 (  p)      Time:  785     Qubit:   7 
ZPhase is  7π/4
ID: 916 ( cx)      Time:  786     Qubit:   8   7 
ID: 917 (  p)      Time:  787     Qubit:   7 
ZPhase is  π/4
ID: 918 ( cx)      Time:  788     Qubit:  11   7 
ID: 919 (  p)      Time:  789     Qubit:   7 
ZPhase is  7π/4
ID: 920 ( cx)      Time:  790     Qubit:   8   7 
ID: 921 (  p)      Time:  791     Qubit:   7 
ZPhase is  π/4
ID: 922 ( cx)      Time:  792     Qubit:  11   7 
ID: 923 ( cx)      Time:  793     Qubit:   8   7 
ID: 924 (  h)      Time:  794     Qubit:   7 
ID: 925 (  p)      Time:  795     Qubit:   7 
ZPhase is  π/4
ID: 926 ( cx)      Time:  796     Qubit:   6   7 
ID: 927 ( cx)      Time:  793     Qubit:  11  12 
ID: 928 (  p)      Time:  797     Qubit:   7 
ZPhase is  π/4
ID: 929 ( cx)      Time:  798     Qubit:  10   7 
ID: 930 (  p)      Time:  799     Qubit:   7 
ZPhase is  7π/4
ID: 931 ( cx)      Time:  800     Qubit:   6   7 
ID: 932 (  h)      Time:  794     Qubit:  12 
ID: 933 (  p)      Time:  795     Qubit:  12 
ZPhase is  3π/4
ID: 934 ( cx)      Time:  796     Qubit:   8  12 
ID: 935 (  p)      Time:  801     Qubit:   7 
ZPhase is  7π/4
ID: 936 (  h)      Time:  802     Qubit:   7 
ID: 937 (  p)      Time:  803     Qubit:   7 
ZPhase is  5π/4
ID: 938 ( cx)      Time:  804     Qubit:  11   7 
ID: 939 (  p)      Time:  805     Qubit:   7 
ZPhase is  7π/4
ID: 940 ( cx)      Time:  806     Qubit:  11   7 
ID: 941 ( cx)      Time:  807     Qubit:   8   7 
ID: 942 (  p)      Time:  808     Qubit:   7 
ZPhase is  7π/4
ID: 943 ( cx)      Time:  809     Qubit:  11   7 
ID: 944 (  p)      Time:  810     Qubit:   7 
ZPhase is  π/4
ID: 945 ( cx)      Time:  811     Qubit:  11   7 
ID: 946 ( cx)      Time:  812     Qubit:   8   7 
ID: 947 (  h)      Time:  813     Qubit:   7 
ID: 948 (  p)      Time:  814     Qubit:   7 
ZPhase is  7π/4
ID: 949 ( cx)      Time:  815     Qubit:   6   7 
ID: 950 (  p)      Time:  797     Qubit:  12 
ZPhase is  π/4
ID: 951 ( cx)      Time:  798     Qubit:  13  12 
ID: 952 ( cx)      Time:  799     Qubit:  13  12 
ID: 953 ( cx)      Time:  812     Qubit:  11  12 
ID: 954 ( cx)      Time:  813     Qubit:   9  12 
ID: 955 ( cx)      Time:  814     Qubit:   9  12 
ID: 956 (  p)      Time:  816     Qubit:   7 
ZPhase is  7π/4
ID: 957 ( cx)      Time:  817     Qubit:  10   7 
ID: 958 ( cx)      Time:  818     Qubit:   6   7 
ID: 959 (  h)      Time:  800     Qubit:  13 
ID: 960 (  p)      Time:  801     Qubit:  13 
ZPhase is  7π/4
ID: 961 (  p)      Time:  815     Qubit:  12 
ZPhase is  π
ID: 962 ( cz)      Time:  813     Qubit:  11  13 
ID: 963 ( cz)      Time:  815     Qubit:   9  13 
ID: 964 ( cx)      Time:  818     Qubit:  10   9 
ID: 965 ( cx)      Time:  819     Qubit:  11   9 
ID: 966 (  p)      Time:  819     Qubit:   7 
ZPhase is  π/4
ID: 967 ( cx)      Time:  820     Qubit:   6   7 
ID: 968 ( cx)      Time:  816     Qubit:  13   0 
ID: 969 (  p)      Time:  817     Qubit:   0 
ZPhase is  π/4
ID: 970 ( cx)      Time:  819     Qubit:  10   0 
ID: 971 (  p)      Time:  820     Qubit:   0 
ZPhase is  5π/4
ID: 972 ( cx)      Time:  820     Qubit:  10  13 
ID: 973 (  p)      Time:  821     Qubit:   7 
ZPhase is  5π/4
ID: 974 ( cx)      Time:  822     Qubit:   6   7 
ID: 975 (  p)      Time:  821     Qubit:  13 
ZPhase is  3π/4
ID: 976 ( cx)      Time:  822     Qubit:  13   9 
ID: 977 (  h)      Time:  823     Qubit:   9 
ID: 978 (  p)      Time:  824     Qubit:   9 
ZPhase is  3π/4
ID: 979 ( cx)      Time:  825     Qubit:   8   9 
ID: 980 (  h)      Time:  823     Qubit:   7 
ID: 981 (  p)      Time:  824     Qubit:   7 
ZPhase is  3π/4
ID: 982 ( cx)      Time:  825     Qubit:  11   7 
ID: 983 (  p)      Time:  826     Qubit:   7 
ZPhase is  π/4
ID: 984 ( cx)      Time:  827     Qubit:   8   7 
ID: 985 (  p)      Time:  828     Qubit:   7 
ZPhase is  7π/4
ID: 986 ( cx)      Time:  829     Qubit:  11   7 
ID: 987 (  p)      Time:  830     Qubit:   7 
ZPhase is  5π/4
ID: 988 ( cx)      Time:  831     Qubit:  11   7 
ID: 989 ( cx)      Time:  832     Qubit:   8   7 
ID: 990 ( cx)      Time:  823     Qubit:  13   0 
ID: 991 ( cx)      Time:  824     Qubit:  10  13 
ID: 992 (  p)      Time:  826     Qubit:   9 
ZPhase is  3π/2
ID: 993 ( cx)      Time:  833     Qubit:   8   9 
ID: 994 (  h)      Time:  825     Qubit:  13 
ID: 995 (  p)      Time:  826     Qubit:  13 
ZPhase is  3π/4
ID: 996 (  p)      Time:  834     Qubit:   9 
ZPhase is  7π/4
ID: 997 ( cx)      Time:  834     Qubit:   8  13 
ID: 998 (  p)      Time:  835     Qubit:  13 
ZPhase is  3π/2
ID: 999 ( cx)      Time:  836     Qubit:   8  13 
ID:1000 (  p)      Time:  837     Qubit:  13 
ZPhase is  7π/4
ID:1001 ( cx)      Time:  838     Qubit:  13   9 
ID:1002 ( cx)      Time:  839     Qubit:   9   7 
ID:1003 (  h)      Time:  840     Qubit:   7 
ID:1004 (  p)      Time:  841     Qubit:   7 
ZPhase is  7π/4
ID:1005 ( cx)      Time:  842     Qubit:  10   7 
ID:1006 ( cx)      Time:  843     Qubit:   0   7 
ID:1007 (  h)      Time:  839     Qubit:  13 
ID:1008 (  p)      Time:  840     Qubit:  13 
ZPhase is  3π/2
ID:1009 ( cz)      Time:  841     Qubit:   8  13 
ID:1010 (  p)      Time:  844     Qubit:   7 
ZPhase is  π/4
ID:1011 ( cx)      Time:  845     Qubit:  13   7 
ID:1012 ( cx)      Time:  846     Qubit:  11   7 
ID:1013 ( cx)      Time:  847     Qubit:  10   7 
ID:1014 ( cx)      Time:  848     Qubit:   0   7 
ID:1015 ( cx)      Time:  847     Qubit:  11  13 
ID:1016 (  p)      Time:  849     Qubit:   7 
ZPhase is  5π/4
ID:1017 ( cx)      Time:  850     Qubit:  11   7 
ID:1018 (  h)      Time:  851     Qubit:   7 
ID:1019 (  p)      Time:  852     Qubit:   7 
ZPhase is  π/4
ID:1020 ( cx)      Time:  853     Qubit:   8   7 
ID:1021 ( cx)      Time:  854     Qubit:   7   9 
ID:1022 (  p)      Time:  855     Qubit:   7 
ZPhase is  7π/4
ID:1023 ( cx)      Time:  856     Qubit:   8   7 
ID:1024 (  h)      Time:  857     Qubit:   7 
ID:1025 (  p)      Time:  858     Qubit:   7 
ZPhase is  π/4
ID:1026 ( cx)      Time:  859     Qubit:  10   7 
ID:1027 ( cx)      Time:  860     Qubit:   0   7 
ID:1028 (  p)      Time:  848     Qubit:  13 
ZPhase is  π/4
ID:1029 (  p)      Time:  861     Qubit:   7 
ZPhase is  7π/4
ID:1030 ( cx)      Time:  862     Qubit:  10   7 
ID:1031 (  p)      Time:  863     Qubit:   7 
ZPhase is  7π/4
ID:1032 ( cx)      Time:  864     Qubit:  10   7 
ID:1033 ( cx)      Time:  865     Qubit:   0   7 
ID:1034 (  p)      Time:  866     Qubit:   7 
ZPhase is  π/4
ID:1035 ( cx)      Time:  867     Qubit:  13   7 
ID:1036 ( cx)      Time:  868     Qubit:  11   7 
ID:1037 ( cx)      Time:  869     Qubit:  10   7 
ID:1038 (  h)      Time:  870     Qubit:   7 
ID:1039 (  p)      Time:  871     Qubit:   7 
ZPhase is  7π/4
ID:1040 ( cx)      Time:  872     Qubit:   8   7 
ID:1041 (  p)      Time:  873     Qubit:   7 
ZPhase is  3π/2
ID:1042 ( cx)      Time:  874     Qubit:   8   7 
ID:1043 ( cx)      Time:  875     Qubit:   7   9 
ID:1044 (  p)      Time:  876     Qubit:   7 
ZPhase is  7π/4
ID:1045 ( cx)      Time:  877     Qubit:   8   7 
ID:1046 (  h)      Time:  878     Qubit:   7 
ID:1047 (  p)      Time:  879     Qubit:   7 
ZPhase is  7π/4
ID:1048 ( cx)      Time:  880     Qubit:  11   7 
ID:1049 (  p)      Time:  881     Qubit:   7 
ZPhase is  π/4
ID:1050 ( cx)      Time:  882     Qubit:  11   7 
ID:1051 (  p)      Time:  883     Qubit:   7 
ZPhase is  7π/4
ID:1052 ( cx)      Time:  884     Qubit:  11   7 
ID:1053 (  p)      Time:  885     Qubit:   7 
ZPhase is  π/4
ID:1054 ( cx)      Time:  886     Qubit:  10   7 
ID:1055 (  h)      Time:  887     Qubit:   7 
ID:1056 (  p)      Time:  888     Qubit:   7 
ZPhase is  π/4
ID:1057 ( cx)      Time:  889     Qubit:   8   7 
ID:1058 ( cx)      Time:  890     Qubit:   7   9 
ID:1059 (  p)      Time:  891     Qubit:   7 
ZPhase is  3π/4
ID:1060 ( cx)      Time:  892     Qubit:   1   7 
ID:1061 (  h)      Time:  893     Qubit:   1 
ID:1062 (  p)      Time:  894     Qubit:   1 
ZPhase is  3π/4
ID:1063 ( cx)      Time:  895     Qubit:  10   1 
ID:1064 (  p)      Time:  896     Qubit:   1 
ZPhase is  3π/4
ID:1065 (  h)      Time:  893     Qubit:   7 
ID:1066 ( cz)      Time:  894     Qubit:   7   8 
ID:1067 (  p)      Time:  895     Qubit:   7 
ZPhase is  π/4
ID:1068 ( cx)      Time:  896     Qubit:  10   7 
ID:1069 (  p)      Time:  897     Qubit:   7 
ZPhase is  π/4
ID:1070 ( cx)      Time:  898     Qubit:   7   1 
ID:1071 (  h)      Time:  899     Qubit:   7 
ID:1072 ( cx)      Time:  900     Qubit:   7   9 
ID:1073 ( cx)      Time:  901     Qubit:   8   7 
ID:1074 (  h)      Time:  902     Qubit:   7 
ID:1075 (  p)      Time:  903     Qubit:   7 
ZPhase is  7π/4
ID:1076 ( cx)      Time:  904     Qubit:  11   7 
ID:1077 (  p)      Time:  905     Qubit:   7 
ZPhase is  π/4
ID:1078 ( cx)      Time:  906     Qubit:  11   7 
ID:1079 (  h)      Time:  907     Qubit:   7 
ID:1080 ( cx)      Time:  908     Qubit:   7   9 
ID:1081 ( cz)      Time:  909     Qubit:   7  13 
ID:1082 ( cz)      Time:  910     Qubit:   7  11 
ID:1083 ( cz)      Time:  911     Qubit:   7  10 
ID:1084 (  h)      Time:  912     Qubit:   7 
ID:1085 (  p)      Time:  913     Qubit:   7 
ZPhase is  3π/4
ID:1086 ( cx)      Time:  914     Qubit:   1   7 
ID:1087 (  p)      Time:  915     Qubit:   7 
ZPhase is  π/4
ID:1088 ( cx)      Time:  916     Qubit:   1   7 
ID:1089 ( cx)      Time:  910     Qubit:   0  13 
ID:1090 (  p)      Time:  911     Qubit:  13 
ZPhase is  π/4
ID:1091 ( cx)      Time:  912     Qubit:  10  13 
ID:1092 (  p)      Time:  917     Qubit:   7 
ZPhase is  7π/4
ID:1093 ( cx)      Time:  918     Qubit:   1   7 
ID:1094 ( cx)      Time:  913     Qubit:   0  13 
ID:1095 (  p)      Time:  914     Qubit:  13 
ZPhase is  7π/4
ID:1096 (  p)      Time:  919     Qubit:   7 
ZPhase is  5π/4
ID:1097 ( cx)      Time:  920     Qubit:   1   7 
ID:1098 (  h)      Time:  921     Qubit:   7 
ID:1099 ( cx)      Time:  922     Qubit:   9   7 
ID:1100 ( cx)      Time:  923     Qubit:   8   9 
ID:1101 (  h)      Time:  924     Qubit:   9 
ID:1102 (  p)      Time:  925     Qubit:   9 
ZPhase is  3π/4
ID:1103 ( cx)      Time:  926     Qubit:  11   9 
ID:1104 (  p)      Time:  927     Qubit:   9 
ZPhase is  π/4
ID:1105 ( cx)      Time:  928     Qubit:  13   9 
ID:1106 ( cx)      Time:  929     Qubit:  10   9 
ID:1107 ( cx)      Time:  930     Qubit:  11   9 
ID:1108 (  p)      Time:  931     Qubit:   9 
ZPhase is  7π/4
ID:1109 ( cx)      Time:  932     Qubit:  11   9 
ID:1110 (  p)      Time:  933     Qubit:   9 
ZPhase is  5π/4
ID:1111 ( cx)      Time:  934     Qubit:  11   9 
ID:1112 (  h)      Time:  935     Qubit:   9 
ID:1113 (  p)      Time:  936     Qubit:   9 
ZPhase is  π/4
ID:1114 ( cx)      Time:  937     Qubit:   8   9 
ID:1115 ( cx)      Time:  938     Qubit:   7   9 
ID:1116 ( cx)      Time:  930     Qubit:  10  13 
ID:1117 (  p)      Time:  939     Qubit:   9 
ZPhase is  π/4
ID:1118 ( cx)      Time:  940     Qubit:   8   9 
ID:1119 (  h)      Time:  931     Qubit:  13 
ID:1120 ( cx)      Time:  935     Qubit:  11  13 
ID:1121 (  p)      Time:  941     Qubit:   9 
ZPhase is  7π/4
ID:1122 ( cx)      Time:  941     Qubit:   8  13 
ID:1123 ( cx)      Time:  942     Qubit:   8   9 
ID:1124 ( cx)      Time:  943     Qubit:   7   9 
ID:1125 (  h)      Time:  942     Qubit:  13 
ID:1126 (  p)      Time:  943     Qubit:  13 
ZPhase is  3π/4
ID:1127 ( cx)      Time:  944     Qubit:  10  13 
ID:1128 (  p)      Time:  944     Qubit:   9 
ZPhase is  3π/4
ID:1129 ( cx)      Time:  945     Qubit:   0  13 
ID:1130 (  p)      Time:  946     Qubit:  13 
ZPhase is  π/4
ID:1131 ( cx)      Time:  947     Qubit:  10  13 
ID:1132 (  p)      Time:  948     Qubit:  13 
ZPhase is  π/4
ID:1133 ( cx)      Time:  949     Qubit:   0  13 
ID:1134 ( cx)      Time:  950     Qubit:  10   0 
ID:1135 (  p)      Time:  950     Qubit:  13 
ZPhase is  7π/4
ID:1136 ( cx)      Time:  951     Qubit:  10  13 
ID:1137 (  h)      Time:  952     Qubit:  13 
ID:1138 (  p)      Time:  953     Qubit:  13 
ZPhase is  7π/4
ID:1139 ( cx)      Time:  954     Qubit:  11  13 
ID:1140 ( cx)      Time:  955     Qubit:  11  13 
ID:1141 (  p)      Time:  956     Qubit:  13 
ZPhase is  π/4
ID:1142 ( cx)      Time:  957     Qubit:  11  13 
ID:1143 (  x)      Time:  823     Qubit:   6 
ID:1144 (  x)      Time:  494     Qubit:   5 
ID:1145 (  x)      Time:  241     Qubit:   3 
ID:1146 (  x)      Time:  944     Qubit:   7 
ID:1147 ( cx)      Time:  945     Qubit:   7  12 
ID:1148 ( cx)      Time:  946     Qubit:  12   7 
ID:1149 ( cx)      Time:  947     Qubit:   7  12 
ID:1150 ( cx)      Time:  945     Qubit:   8   9 
ID:1151 ( cx)      Time:  946     Qubit:   9   8 
ID:1152 ( cx)      Time:  947     Qubit:   8   9 
ID:1153 ( cx)      Time:  948     Qubit:   9  12 
ID:1154 ( cx)      Time:  949     Qubit:  12   9 
ID:1155 ( cx)      Time:  950     Qubit:   9  12 
ID:1156 ( cx)      Time:  958     Qubit:  11  12 
ID:1157 ( cx)      Time:  959     Qubit:  12  11 
ID:1158 ( cx)      Time:  960     Qubit:  11  12 

qsyn> qc2zx  
Create and checkout to Graph 2

qsyn> zxgadj

qsyn> zxcomp 0           

qsyn> zxgt -id 
The graph is not an identity!

qsyn> qq -f

