DV Lab, NTUEE, Qsyn 0.3.0
qsyn> ver 1
Note: verbose level is set to 1

qsyn> zxm -on
Illegal command!! (zxm)

qsyn> qccread benchmark/benchmark_SABRE/large/adr4_197.qasm
Note: QCir list is empty now. Create a new one.

qsyn> qc2zx

qsyn> zxgp
Graph 0( 16 inputs, 16 outputs, 4969 vertices, 6451 edges )

qsyn> zxcopy

qsyn> zxgadjoint

qsyn> zxcompose 0

qsyn> zxgprint
Graph 1( 16 inputs, 16 outputs, 9938 vertices, 12918 edges )

qsyn> zxgs -fr
Spider Fusion Rule            4 iteration(s)
Identity Removal Rule         1 iteration(s)
Spider Fusion Rule            2 iteration(s)
Pivot Rule                    2 iteration(s)
Identity Removal Rule         1 iteration(s)
Spider Fusion Rule            1 iteration(s)
Pivot Rule                    2 iteration(s)
Identity Removal Rule         1 iteration(s)
Spider Fusion Rule            1 iteration(s)
Pivot Rule                    1 iteration(s)
Identity Removal Rule         1 iteration(s)
Spider Fusion Rule            1 iteration(s)
Pivot Rule                    1 iteration(s)
Identity Removal Rule         1 iteration(s)
Spider Fusion Rule            1 iteration(s)
Pivot Rule                    1 iteration(s)
Identity Removal Rule         1 iteration(s)
Spider Fusion Rule            1 iteration(s)
Identity Removal Rule         1 iteration(s)
Spider Fusion Rule            1 iteration(s)
Pivot Rule                    1 iteration(s)
Identity Removal Rule         1 iteration(s)
Spider Fusion Rule            1 iteration(s)
Pivot Rule                    2 iteration(s)
Identity Removal Rule         1 iteration(s)
Spider Fusion Rule            1 iteration(s)
Pivot Rule                    1 iteration(s)
Identity Removal Rule         1 iteration(s)
Spider Fusion Rule            1 iteration(s)
Pivot Rule                    1 iteration(s)
Identity Removal Rule         1 iteration(s)
Spider Fusion Rule            1 iteration(s)
Pivot Rule                    1 iteration(s)
Identity Removal Rule         1 iteration(s)
Spider Fusion Rule            1 iteration(s)
Identity Removal Rule         1 iteration(s)
Spider Fusion Rule            1 iteration(s)
Pivot Rule                    1 iteration(s)
Identity Removal Rule         1 iteration(s)
Spider Fusion Rule            1 iteration(s)
Pivot Rule                    2 iteration(s)
Identity Removal Rule         1 iteration(s)
Spider Fusion Rule            1 iteration(s)
Pivot Rule                    1 iteration(s)
Identity Removal Rule         1 iteration(s)
Spider Fusion Rule            1 iteration(s)
Pivot Rule                    1 iteration(s)
Identity Removal Rule         1 iteration(s)
Spider Fusion Rule            1 iteration(s)
Pivot Rule                    1 iteration(s)
Identity Removal Rule         1 iteration(s)
Spider Fusion Rule            1 iteration(s)
Identity Removal Rule         1 iteration(s)
Spider Fusion Rule            1 iteration(s)
Pivot Rule                    1 iteration(s)
Identity Removal Rule         1 iteration(s)
Spider Fusion Rule            1 iteration(s)
Pivot Rule                    2 iteration(s)
Identity Removal Rule         1 iteration(s)
Spider Fusion Rule            1 iteration(s)
Pivot Rule                    1 iteration(s)
Identity Removal Rule         1 iteration(s)
Spider Fusion Rule            1 iteration(s)
Pivot Rule                    1 iteration(s)
Identity Removal Rule         1 iteration(s)
Spider Fusion Rule            1 iteration(s)
Pivot Rule                    1 iteration(s)
Identity Removal Rule         1 iteration(s)
Spider Fusion Rule            1 iteration(s)
Pivot Rule                    1 iteration(s)
Identity Removal Rule         1 iteration(s)
Spider Fusion Rule            1 iteration(s)
Pivot Rule                    1 iteration(s)
Identity Removal Rule         1 iteration(s)
Spider Fusion Rule            1 iteration(s)
Pivot Rule                    2 iteration(s)
Identity Removal Rule         1 iteration(s)
Spider Fusion Rule            1 iteration(s)
Pivot Rule                    1 iteration(s)
Identity Removal Rule         1 iteration(s)
Spider Fusion Rule            1 iteration(s)
Pivot Rule                    1 iteration(s)
Identity Removal Rule         1 iteration(s)
Spider Fusion Rule            1 iteration(s)
Pivot Rule                    1 iteration(s)
Identity Removal Rule         1 iteration(s)
Spider Fusion Rule            1 iteration(s)
Pivot Rule                    1 iteration(s)
Identity Removal Rule         1 iteration(s)
Spider Fusion Rule            1 iteration(s)
Identity Removal Rule         1 iteration(s)
Spider Fusion Rule            1 iteration(s)
Pivot Rule                    1 iteration(s)
Identity Removal Rule         1 iteration(s)
Spider Fusion Rule            1 iteration(s)
Pivot Rule                    2 iteration(s)
Identity Removal Rule         1 iteration(s)
Spider Fusion Rule            1 iteration(s)
Pivot Rule                    1 iteration(s)
Identity Removal Rule         1 iteration(s)
Spider Fusion Rule            1 iteration(s)
Pivot Rule                    1 iteration(s)
Identity Removal Rule         1 iteration(s)
Spider Fusion Rule            1 iteration(s)
Pivot Rule                    2 iteration(s)
Identity Removal Rule         1 iteration(s)
Spider Fusion Rule            1 iteration(s)
Pivot Rule                    1 iteration(s)
Identity Removal Rule         1 iteration(s)
Spider Fusion Rule            2 iteration(s)
Pivot Rule                    2 iteration(s)
Identity Removal Rule         1 iteration(s)
Spider Fusion Rule            1 iteration(s)
Pivot Rule                    1 iteration(s)
Identity Removal Rule         1 iteration(s)
Spider Fusion Rule            2 iteration(s)
Pivot Rule                    2 iteration(s)
Identity Removal Rule         1 iteration(s)
Spider Fusion Rule            1 iteration(s)
Pivot Rule                    1 iteration(s)
Identity Removal Rule         1 iteration(s)
Spider Fusion Rule            1 iteration(s)
Identity Removal Rule         1 iteration(s)
Spider Fusion Rule            1 iteration(s)
Pivot Rule                    1 iteration(s)
Identity Removal Rule         1 iteration(s)
Spider Fusion Rule            1 iteration(s)
Pivot Rule                    2 iteration(s)
Identity Removal Rule         1 iteration(s)
Spider Fusion Rule            1 iteration(s)
Pivot Rule                    1 iteration(s)
Identity Removal Rule         1 iteration(s)
Spider Fusion Rule            1 iteration(s)
Pivot Rule                    1 iteration(s)
Identity Removal Rule         1 iteration(s)
Spider Fusion Rule            1 iteration(s)
Pivot Rule                    1 iteration(s)
Identity Removal Rule         1 iteration(s)
Spider Fusion Rule            1 iteration(s)
Pivot Rule                    1 iteration(s)
Local Complementation Rule    2 iteration(s)
Identity Removal Rule         1 iteration(s)
Spider Fusion Rule            1 iteration(s)
Pivot Rule                    2 iteration(s)
Identity Removal Rule         1 iteration(s)
Spider Fusion Rule            1 iteration(s)
Pivot Rule                    1 iteration(s)
Identity Removal Rule         1 iteration(s)
Spider Fusion Rule            1 iteration(s)
Pivot Rule                    2 iteration(s)
Identity Removal Rule         1 iteration(s)
Spider Fusion Rule            1 iteration(s)
Pivot Rule                    1 iteration(s)
Identity Removal Rule         1 iteration(s)
Spider Fusion Rule            1 iteration(s)
Pivot Rule                    2 iteration(s)
Identity Removal Rule         1 iteration(s)
Spider Fusion Rule            1 iteration(s)
Pivot Rule                    1 iteration(s)
Identity Removal Rule         1 iteration(s)
Spider Fusion Rule            1 iteration(s)
Pivot Rule                    2 iteration(s)
Identity Removal Rule         1 iteration(s)
Spider Fusion Rule            1 iteration(s)
Pivot Rule                    1 iteration(s)
Identity Removal Rule         1 iteration(s)
Spider Fusion Rule            1 iteration(s)
Pivot Rule                    2 iteration(s)
Identity Removal Rule         1 iteration(s)
Spider Fusion Rule            1 iteration(s)
Pivot Rule                    1 iteration(s)
Identity Removal Rule         1 iteration(s)
Spider Fusion Rule            1 iteration(s)
Pivot Rule                    2 iteration(s)
Identity Removal Rule         1 iteration(s)
Spider Fusion Rule            1 iteration(s)
Pivot Rule                    1 iteration(s)
Identity Removal Rule         1 iteration(s)
Spider Fusion Rule            1 iteration(s)
Pivot Rule                    2 iteration(s)
Identity Removal Rule         1 iteration(s)
Spider Fusion Rule            1 iteration(s)
Pivot Rule                    1 iteration(s)
Identity Removal Rule         1 iteration(s)
Spider Fusion Rule            1 iteration(s)
Pivot Rule                    1 iteration(s)
Identity Removal Rule         1 iteration(s)
Spider Fusion Rule            1 iteration(s)
Pivot Rule                    1 iteration(s)
Identity Removal Rule         1 iteration(s)
Spider Fusion Rule            1 iteration(s)
Pivot Rule                    1 iteration(s)
Pivot Gadget Rule             15 iteration(s)
Identity Removal Rule         1 iteration(s)
Spider Fusion Rule            27 iteration(s)
Pivot Rule                    2 iteration(s)
Local Complementation Rule    82 iteration(s)
Identity Removal Rule         1 iteration(s)
Spider Fusion Rule            39 iteration(s)
Pivot Rule                    2 iteration(s)
Local Complementation Rule    11 iteration(s)
Identity Removal Rule         1 iteration(s)
Spider Fusion Rule            1 iteration(s)
Pivot Rule                    3 iteration(s)
Local Complementation Rule    10 iteration(s)
Identity Removal Rule         1 iteration(s)
Spider Fusion Rule            7 iteration(s)
Pivot Rule                    2 iteration(s)
Local Complementation Rule    4 iteration(s)
Identity Removal Rule         1 iteration(s)
Spider Fusion Rule            1 iteration(s)
Pivot Rule                    2 iteration(s)
Local Complementation Rule    2 iteration(s)
Identity Removal Rule         1 iteration(s)
Spider Fusion Rule            2 iteration(s)
Pivot Rule                    3 iteration(s)
Identity Removal Rule         1 iteration(s)
Spider Fusion Rule            57 iteration(s)
Pivot Rule                    1 iteration(s)
Local Complementation Rule    2 iteration(s)
Identity Removal Rule         1 iteration(s)
Spider Fusion Rule            1 iteration(s)
Pivot Rule                    1 iteration(s)
Identity Removal Rule         1 iteration(s)
Spider Fusion Rule            1 iteration(s)
Local Complementation Rule    2 iteration(s)
Identity Removal Rule         1 iteration(s)
Spider Fusion Rule            1 iteration(s)
Local Complementation Rule    2 iteration(s)
Identity Removal Rule         1 iteration(s)
Spider Fusion Rule            1 iteration(s)
Local Complementation Rule    2 iteration(s)
Identity Removal Rule         1 iteration(s)
Spider Fusion Rule            1 iteration(s)
Pivot Rule                    1 iteration(s)
Identity Removal Rule         1 iteration(s)
Spider Fusion Rule            3 iteration(s)
Phase Gadget Rule             1 iteration(s)
Identity Removal Rule         1 iteration(s)
Spider Fusion Rule            1 iteration(s)
Pivot Rule                    2 iteration(s)
Local Complementation Rule    79 iteration(s)
Pivot Rule                    1 iteration(s)
Identity Removal Rule         1 iteration(s)
Pivot Gadget Rule             1 iteration(s)
Identity Removal Rule         1 iteration(s)
Spider Fusion Rule            1 iteration(s)
Pivot Rule                    2 iteration(s)
Identity Removal Rule         1 iteration(s)
Spider Fusion Rule            1 iteration(s)
Pivot Gadget Rule             2 iteration(s)
Identity Removal Rule         1 iteration(s)
Spider Fusion Rule            1 iteration(s)
Pivot Rule                    1 iteration(s)
Local Complementation Rule    4 iteration(s)
Identity Removal Rule         1 iteration(s)
Spider Fusion Rule            1 iteration(s)
Local Complementation Rule    2 iteration(s)
Identity Removal Rule         1 iteration(s)
Spider Fusion Rule            1 iteration(s)
Local Complementation Rule    2 iteration(s)
Identity Removal Rule         1 iteration(s)
Spider Fusion Rule            1 iteration(s)
Local Complementation Rule    2 iteration(s)
Pivot Rule                    1 iteration(s)
Identity Removal Rule         1 iteration(s)
Spider Fusion Rule            1 iteration(s)
Phase Gadget Rule             1 iteration(s)
Pivot Rule                    1 iteration(s)
Pivot Gadget Rule             1 iteration(s)
Identity Removal Rule         1 iteration(s)
Spider Fusion Rule            1 iteration(s)
Pivot Rule                    1 iteration(s)
Identity Removal Rule         1 iteration(s)
Spider Fusion Rule            1 iteration(s)
Pivot Rule                    1 iteration(s)
Pivot Gadget Rule             1 iteration(s)
Identity Removal Rule         1 iteration(s)
Spider Fusion Rule            1 iteration(s)
Pivot Rule                    1 iteration(s)
Identity Removal Rule         1 iteration(s)
Spider Fusion Rule            1 iteration(s)
Identity Removal Rule         1 iteration(s)
Spider Fusion Rule            1 iteration(s)
Pivot Rule                    1 iteration(s)
Identity Removal Rule         1 iteration(s)
Spider Fusion Rule            1 iteration(s)
Pivot Rule                    1 iteration(s)
Identity Removal Rule         1 iteration(s)
Spider Fusion Rule            1 iteration(s)
Pivot Rule                    1 iteration(s)
Identity Removal Rule         1 iteration(s)
Spider Fusion Rule            1 iteration(s)
Pivot Gadget Rule             1 iteration(s)
Identity Removal Rule         1 iteration(s)
Spider Fusion Rule            1 iteration(s)
Pivot Rule                    1 iteration(s)
Identity Removal Rule         1 iteration(s)
Spider Fusion Rule            1 iteration(s)
Pivot Rule                    1 iteration(s)
Identity Removal Rule         1 iteration(s)
Spider Fusion Rule            1 iteration(s)
Pivot Rule                    2 iteration(s)
Identity Removal Rule         1 iteration(s)
Spider Fusion Rule            1 iteration(s)
Identity Removal Rule         1 iteration(s)
Spider Fusion Rule            1 iteration(s)
Pivot Rule                    1 iteration(s)
Identity Removal Rule         1 iteration(s)
Spider Fusion Rule            1 iteration(s)
Pivot Rule                    1 iteration(s)
Identity Removal Rule         1 iteration(s)
Spider Fusion Rule            1 iteration(s)
Identity Removal Rule         1 iteration(s)
Spider Fusion Rule            1 iteration(s)
Pivot Rule                    1 iteration(s)
Identity Removal Rule         1 iteration(s)
Spider Fusion Rule            1 iteration(s)
Pivot Rule                    1 iteration(s)
Identity Removal Rule         1 iteration(s)
Spider Fusion Rule            1 iteration(s)
Pivot Rule                    1 iteration(s)
Identity Removal Rule         1 iteration(s)
Spider Fusion Rule            1 iteration(s)
Identity Removal Rule         1 iteration(s)
Spider Fusion Rule            1 iteration(s)
Pivot Rule                    1 iteration(s)
Identity Removal Rule         1 iteration(s)
Spider Fusion Rule            1 iteration(s)
Pivot Rule                    1 iteration(s)
Identity Removal Rule         1 iteration(s)
Spider Fusion Rule            1 iteration(s)
Identity Removal Rule         1 iteration(s)
Spider Fusion Rule            1 iteration(s)
Pivot Rule                    1 iteration(s)
Identity Removal Rule         1 iteration(s)
Spider Fusion Rule            1 iteration(s)
Pivot Rule                    2 iteration(s)
Identity Removal Rule         1 iteration(s)
Spider Fusion Rule            1 iteration(s)
Identity Removal Rule         1 iteration(s)
Spider Fusion Rule            1 iteration(s)
Pivot Rule                    1 iteration(s)
Identity Removal Rule         1 iteration(s)
Spider Fusion Rule            1 iteration(s)
Pivot Gadget Rule             1 iteration(s)
Identity Removal Rule         1 iteration(s)
Spider Fusion Rule            1 iteration(s)
Pivot Rule                    1 iteration(s)
Identity Removal Rule         1 iteration(s)
Spider Fusion Rule            1 iteration(s)
Pivot Rule                    1 iteration(s)
Identity Removal Rule         1 iteration(s)
Spider Fusion Rule            1 iteration(s)
Pivot Rule                    1 iteration(s)
Identity Removal Rule         1 iteration(s)
Spider Fusion Rule            1 iteration(s)
Identity Removal Rule         1 iteration(s)
Spider Fusion Rule            1 iteration(s)
Pivot Rule                    1 iteration(s)
Identity Removal Rule         1 iteration(s)
Spider Fusion Rule            1 iteration(s)
Identity Removal Rule         1 iteration(s)
Spider Fusion Rule            1 iteration(s)
Pivot Rule                    1 iteration(s)
Identity Removal Rule         1 iteration(s)
Spider Fusion Rule            1 iteration(s)
Pivot Rule                    1 iteration(s)
Identity Removal Rule         1 iteration(s)
Spider Fusion Rule            1 iteration(s)
Pivot Gadget Rule             2 iteration(s)
Identity Removal Rule         1 iteration(s)
Spider Fusion Rule            1 iteration(s)
Pivot Rule                    2 iteration(s)
Identity Removal Rule         1 iteration(s)
Spider Fusion Rule            1 iteration(s)
Pivot Rule                    1 iteration(s)
Identity Removal Rule         1 iteration(s)
Spider Fusion Rule            1 iteration(s)
Pivot Rule                    1 iteration(s)
Identity Removal Rule         1 iteration(s)
Spider Fusion Rule            1 iteration(s)
Pivot Rule                    1 iteration(s)
Phase Gadget Rule             1 iteration(s)
Pivot Rule                    1 iteration(s)
Pivot Gadget Rule             1 iteration(s)
Identity Removal Rule         1 iteration(s)
Spider Fusion Rule            1 iteration(s)
Pivot Rule                    2 iteration(s)
Identity Removal Rule         1 iteration(s)
Spider Fusion Rule            2 iteration(s)
Pivot Rule                    1 iteration(s)
Phase Gadget Rule             1 iteration(s)
Pivot Rule                    1 iteration(s)
Pivot Gadget Rule             1 iteration(s)
Identity Removal Rule         1 iteration(s)
Spider Fusion Rule            1 iteration(s)
Pivot Rule                    1 iteration(s)
Identity Removal Rule         1 iteration(s)
Spider Fusion Rule            1 iteration(s)
Pivot Rule                    1 iteration(s)
Identity Removal Rule         1 iteration(s)
Spider Fusion Rule            1 iteration(s)
Pivot Rule                    1 iteration(s)
Identity Removal Rule         1 iteration(s)
Spider Fusion Rule            1 iteration(s)
Pivot Rule                    1 iteration(s)
Identity Removal Rule         1 iteration(s)
Spider Fusion Rule            2 iteration(s)
Pivot Rule                    1 iteration(s)
Identity Removal Rule         1 iteration(s)
Spider Fusion Rule            1 iteration(s)
Pivot Rule                    2 iteration(s)
Identity Removal Rule         1 iteration(s)
Spider Fusion Rule            1 iteration(s)
Pivot Gadget Rule             1 iteration(s)
Identity Removal Rule         1 iteration(s)
Spider Fusion Rule            1 iteration(s)
Pivot Rule                    1 iteration(s)
Identity Removal Rule         1 iteration(s)
Spider Fusion Rule            1 iteration(s)
Pivot Rule                    1 iteration(s)
Identity Removal Rule         1 iteration(s)
Spider Fusion Rule            1 iteration(s)
Pivot Rule                    1 iteration(s)
Identity Removal Rule         1 iteration(s)
Spider Fusion Rule            1 iteration(s)
Pivot Rule                    2 iteration(s)
Identity Removal Rule         1 iteration(s)
Spider Fusion Rule            1 iteration(s)
Identity Removal Rule         1 iteration(s)
Spider Fusion Rule            1 iteration(s)
Pivot Rule                    1 iteration(s)
Identity Removal Rule         1 iteration(s)
Spider Fusion Rule            1 iteration(s)
Pivot Rule                    1 iteration(s)
Identity Removal Rule         1 iteration(s)
Spider Fusion Rule            1 iteration(s)
Pivot Rule                    1 iteration(s)
Identity Removal Rule         1 iteration(s)
Spider Fusion Rule            1 iteration(s)
Identity Removal Rule         1 iteration(s)
Spider Fusion Rule            1 iteration(s)
Pivot Rule                    1 iteration(s)
Local Complementation Rule    2 iteration(s)
Pivot Gadget Rule             1 iteration(s)
Phase Gadget Rule             1 iteration(s)
Identity Removal Rule         1 iteration(s)
Spider Fusion Rule            1 iteration(s)
Pivot Rule                    1 iteration(s)
Identity Removal Rule         1 iteration(s)
Spider Fusion Rule            1 iteration(s)
Pivot Rule                    1 iteration(s)
Identity Removal Rule         1 iteration(s)
Spider Fusion Rule            1 iteration(s)
Pivot Rule                    2 iteration(s)
Identity Removal Rule         1 iteration(s)
Spider Fusion Rule            1 iteration(s)
Identity Removal Rule         1 iteration(s)
Spider Fusion Rule            1 iteration(s)
Pivot Rule                    1 iteration(s)
Identity Removal Rule         1 iteration(s)
Spider Fusion Rule            1 iteration(s)
Identity Removal Rule         1 iteration(s)
Spider Fusion Rule            1 iteration(s)
Pivot Rule                    1 iteration(s)
Identity Removal Rule         1 iteration(s)
Spider Fusion Rule            1 iteration(s)
Pivot Rule                    1 iteration(s)
Identity Removal Rule         1 iteration(s)
Spider Fusion Rule            1 iteration(s)
Pivot Rule                    1 iteration(s)
Identity Removal Rule         1 iteration(s)
Spider Fusion Rule            1 iteration(s)
Identity Removal Rule         1 iteration(s)
Spider Fusion Rule            1 iteration(s)
Pivot Rule                    1 iteration(s)
Identity Removal Rule         1 iteration(s)
Spider Fusion Rule            1 iteration(s)
Identity Removal Rule         1 iteration(s)
Spider Fusion Rule            1 iteration(s)
Pivot Rule                    1 iteration(s)
Identity Removal Rule         1 iteration(s)
Spider Fusion Rule            1 iteration(s)
Pivot Rule                    2 iteration(s)
Identity Removal Rule         1 iteration(s)
Spider Fusion Rule            1 iteration(s)
Pivot Gadget Rule             1 iteration(s)
Identity Removal Rule         1 iteration(s)
Spider Fusion Rule            1 iteration(s)
Pivot Rule                    1 iteration(s)
Local Complementation Rule    2 iteration(s)
Identity Removal Rule         1 iteration(s)
Spider Fusion Rule            1 iteration(s)
Pivot Rule                    1 iteration(s)
Identity Removal Rule         1 iteration(s)
Spider Fusion Rule            1 iteration(s)
Pivot Rule                    1 iteration(s)
Identity Removal Rule         1 iteration(s)
Spider Fusion Rule            1 iteration(s)
Pivot Rule                    1 iteration(s)
Identity Removal Rule         1 iteration(s)
Spider Fusion Rule            1 iteration(s)
Phase Gadget Rule             1 iteration(s)
Pivot Rule                    1 iteration(s)
Pivot Gadget Rule             1 iteration(s)
Phase Gadget Rule             1 iteration(s)
Identity Removal Rule         1 iteration(s)
Spider Fusion Rule            1 iteration(s)
Pivot Rule                    2 iteration(s)
Local Complementation Rule    2 iteration(s)
Identity Removal Rule         1 iteration(s)
Spider Fusion Rule            1 iteration(s)
Pivot Rule                    1 iteration(s)
Identity Removal Rule         1 iteration(s)
Spider Fusion Rule            1 iteration(s)
Pivot Rule                    1 iteration(s)
Identity Removal Rule         1 iteration(s)
Spider Fusion Rule            1 iteration(s)
Pivot Rule                    1 iteration(s)
Identity Removal Rule         1 iteration(s)
Spider Fusion Rule            1 iteration(s)
Pivot Gadget Rule             1 iteration(s)
Phase Gadget Rule             1 iteration(s)
Identity Removal Rule         1 iteration(s)
Spider Fusion Rule            1 iteration(s)
Local Complementation Rule    2 iteration(s)
Pivot Rule                    2 iteration(s)
Identity Removal Rule         1 iteration(s)
Spider Fusion Rule            1 iteration(s)
Pivot Rule                    1 iteration(s)
Identity Removal Rule         1 iteration(s)
Spider Fusion Rule            1 iteration(s)
Pivot Rule                    1 iteration(s)
Identity Removal Rule         1 iteration(s)
Spider Fusion Rule            1 iteration(s)
Pivot Rule                    1 iteration(s)
Identity Removal Rule         1 iteration(s)
Spider Fusion Rule            1 iteration(s)
Pivot Gadget Rule             1 iteration(s)
Identity Removal Rule         1 iteration(s)
Spider Fusion Rule            1 iteration(s)
Pivot Rule                    1 iteration(s)
Identity Removal Rule         1 iteration(s)
Spider Fusion Rule            1 iteration(s)
Pivot Rule                    1 iteration(s)
Identity Removal Rule         1 iteration(s)
Spider Fusion Rule            1 iteration(s)
Identity Removal Rule         1 iteration(s)
Spider Fusion Rule            1 iteration(s)
Pivot Rule                    1 iteration(s)
Identity Removal Rule         1 iteration(s)
Spider Fusion Rule            1 iteration(s)
Pivot Rule                    2 iteration(s)
Identity Removal Rule         1 iteration(s)
Spider Fusion Rule            1 iteration(s)
Identity Removal Rule         1 iteration(s)
Spider Fusion Rule            1 iteration(s)
Pivot Rule                    1 iteration(s)
Identity Removal Rule         1 iteration(s)
Spider Fusion Rule            1 iteration(s)
Identity Removal Rule         1 iteration(s)
Spider Fusion Rule            1 iteration(s)
Pivot Rule                    1 iteration(s)
Identity Removal Rule         1 iteration(s)
Spider Fusion Rule            1 iteration(s)
Identity Removal Rule         1 iteration(s)
Spider Fusion Rule            1 iteration(s)
Pivot Rule                    1 iteration(s)
Identity Removal Rule         1 iteration(s)
Spider Fusion Rule            1 iteration(s)
Pivot Rule                    1 iteration(s)
Identity Removal Rule         1 iteration(s)
Spider Fusion Rule            1 iteration(s)
Pivot Rule                    1 iteration(s)
Identity Removal Rule         1 iteration(s)
Spider Fusion Rule            1 iteration(s)
Identity Removal Rule         1 iteration(s)
Spider Fusion Rule            1 iteration(s)
Pivot Rule                    1 iteration(s)
Identity Removal Rule         1 iteration(s)
Spider Fusion Rule            1 iteration(s)
Pivot Gadget Rule             1 iteration(s)
Identity Removal Rule         1 iteration(s)
Spider Fusion Rule            1 iteration(s)
Pivot Rule                    1 iteration(s)
Identity Removal Rule         1 iteration(s)
Spider Fusion Rule            1 iteration(s)
Identity Removal Rule         1 iteration(s)
Spider Fusion Rule            1 iteration(s)
Pivot Rule                    1 iteration(s)
Identity Removal Rule         1 iteration(s)
Spider Fusion Rule            1 iteration(s)
Pivot Rule                    2 iteration(s)
Identity Removal Rule         1 iteration(s)
Spider Fusion Rule            1 iteration(s)
Pivot Gadget Rule             1 iteration(s)
Phase Gadget Rule             1 iteration(s)
Identity Removal Rule         1 iteration(s)
Spider Fusion Rule            1 iteration(s)
Pivot Rule                    1 iteration(s)
Local Complementation Rule    2 iteration(s)
Identity Removal Rule         1 iteration(s)
Spider Fusion Rule            1 iteration(s)
Pivot Rule                    1 iteration(s)
Identity Removal Rule         1 iteration(s)
Spider Fusion Rule            1 iteration(s)
Pivot Rule                    1 iteration(s)
Identity Removal Rule         1 iteration(s)
Spider Fusion Rule            2 iteration(s)
Pivot Rule                    1 iteration(s)
Identity Removal Rule         1 iteration(s)
Spider Fusion Rule            1 iteration(s)
Pivot Rule                    1 iteration(s)
Identity Removal Rule         1 iteration(s)
Spider Fusion Rule            1 iteration(s)
Pivot Rule                    1 iteration(s)
Identity Removal Rule         1 iteration(s)
Spider Fusion Rule            1 iteration(s)
Identity Removal Rule         1 iteration(s)
Spider Fusion Rule            1 iteration(s)
Pivot Rule                    1 iteration(s)
Identity Removal Rule         1 iteration(s)
Spider Fusion Rule            1 iteration(s)
Pivot Gadget Rule             1 iteration(s)
Phase Gadget Rule             1 iteration(s)
Identity Removal Rule         1 iteration(s)
Spider Fusion Rule            1 iteration(s)
Pivot Rule                    1 iteration(s)
Identity Removal Rule         1 iteration(s)
Spider Fusion Rule            1 iteration(s)
Pivot Rule                    1 iteration(s)
Identity Removal Rule         1 iteration(s)
Spider Fusion Rule            1 iteration(s)
Pivot Rule                    2 iteration(s)
Identity Removal Rule         1 iteration(s)
Spider Fusion Rule            1 iteration(s)
Pivot Gadget Rule             1 iteration(s)
Identity Removal Rule         1 iteration(s)
Spider Fusion Rule            1 iteration(s)
Pivot Rule                    1 iteration(s)
Identity Removal Rule         1 iteration(s)
Spider Fusion Rule            1 iteration(s)
Pivot Rule                    1 iteration(s)
Identity Removal Rule         1 iteration(s)
Spider Fusion Rule            1 iteration(s)
Pivot Gadget Rule             1 iteration(s)
Identity Removal Rule         1 iteration(s)
Spider Fusion Rule            1 iteration(s)
Pivot Rule                    1 iteration(s)
Identity Removal Rule         1 iteration(s)
Spider Fusion Rule            1 iteration(s)
Pivot Rule                    1 iteration(s)
Identity Removal Rule         1 iteration(s)
Spider Fusion Rule            1 iteration(s)
Pivot Rule                    1 iteration(s)
Identity Removal Rule         1 iteration(s)
Spider Fusion Rule            1 iteration(s)
Identity Removal Rule         1 iteration(s)
Spider Fusion Rule            1 iteration(s)
Local Complementation Rule    2 iteration(s)
Identity Removal Rule         1 iteration(s)
Spider Fusion Rule            1 iteration(s)
Pivot Gadget Rule             1 iteration(s)
Identity Removal Rule         1 iteration(s)
Spider Fusion Rule            1 iteration(s)
Pivot Rule                    1 iteration(s)
Identity Removal Rule         1 iteration(s)
Spider Fusion Rule            1 iteration(s)
Pivot Rule                    1 iteration(s)
Identity Removal Rule         1 iteration(s)
Spider Fusion Rule            1 iteration(s)
Pivot Rule                    1 iteration(s)
Identity Removal Rule         1 iteration(s)
Spider Fusion Rule            1 iteration(s)
Identity Removal Rule         1 iteration(s)
Spider Fusion Rule            1 iteration(s)
Local Complementation Rule    2 iteration(s)
Identity Removal Rule         1 iteration(s)
Spider Fusion Rule            1 iteration(s)
Pivot Rule                    1 iteration(s)
Identity Removal Rule         1 iteration(s)
Spider Fusion Rule            1 iteration(s)
Identity Removal Rule         1 iteration(s)
Spider Fusion Rule            1 iteration(s)
Local Complementation Rule    2 iteration(s)
Identity Removal Rule         1 iteration(s)
Spider Fusion Rule            1 iteration(s)
Local Complementation Rule    2 iteration(s)
Phase Gadget Rule             1 iteration(s)
Local Complementation Rule    2 iteration(s)
Pivot Gadget Rule             1 iteration(s)
Identity Removal Rule         1 iteration(s)
Spider Fusion Rule            2 iteration(s)
Local Complementation Rule    2 iteration(s)
Phase Gadget Rule             1 iteration(s)
Pivot Rule                    1 iteration(s)
Local Complementation Rule    2 iteration(s)
Pivot Gadget Rule             1 iteration(s)
Identity Removal Rule         1 iteration(s)
Spider Fusion Rule            1 iteration(s)
Pivot Rule                    2 iteration(s)
Identity Removal Rule         1 iteration(s)
Spider Fusion Rule            1 iteration(s)
Pivot Rule                    1 iteration(s)
Identity Removal Rule         1 iteration(s)
Spider Fusion Rule            1 iteration(s)
Local Complementation Rule    2 iteration(s)
Identity Removal Rule         1 iteration(s)
Spider Fusion Rule            1 iteration(s)
Phase Gadget Rule             1 iteration(s)
Pivot Rule                    1 iteration(s)
Pivot Gadget Rule             1 iteration(s)
Phase Gadget Rule             1 iteration(s)
Identity Removal Rule         1 iteration(s)
Spider Fusion Rule            1 iteration(s)
Pivot Rule                    1 iteration(s)
Identity Removal Rule         1 iteration(s)
Spider Fusion Rule            1 iteration(s)
Pivot Rule                    1 iteration(s)
Identity Removal Rule         1 iteration(s)
Spider Fusion Rule            1 iteration(s)
Pivot Rule                    3 iteration(s)
Identity Removal Rule         1 iteration(s)
Spider Fusion Rule            1 iteration(s)
Pivot Gadget Rule             1 iteration(s)
Phase Gadget Rule             1 iteration(s)
Identity Removal Rule         1 iteration(s)
Spider Fusion Rule            1 iteration(s)
Pivot Rule                    1 iteration(s)
Identity Removal Rule         1 iteration(s)
Spider Fusion Rule            1 iteration(s)
Pivot Rule                    1 iteration(s)
Identity Removal Rule         1 iteration(s)
Spider Fusion Rule            1 iteration(s)
Identity Removal Rule         1 iteration(s)
Spider Fusion Rule            1 iteration(s)
Pivot Rule                    1 iteration(s)
Identity Removal Rule         1 iteration(s)
Spider Fusion Rule            1 iteration(s)
Pivot Rule                    1 iteration(s)
Identity Removal Rule         1 iteration(s)
Spider Fusion Rule            1 iteration(s)
Pivot Gadget Rule             1 iteration(s)
Phase Gadget Rule             1 iteration(s)
Identity Removal Rule         1 iteration(s)
Spider Fusion Rule            1 iteration(s)
Pivot Rule                    1 iteration(s)
Local Complementation Rule    2 iteration(s)
Identity Removal Rule         1 iteration(s)
Spider Fusion Rule            1 iteration(s)
Local Complementation Rule    2 iteration(s)
Identity Removal Rule         1 iteration(s)
Spider Fusion Rule            1 iteration(s)
Pivot Rule                    1 iteration(s)
Local Complementation Rule    4 iteration(s)
Identity Removal Rule         1 iteration(s)
Spider Fusion Rule            1 iteration(s)
Pivot Rule                    1 iteration(s)
Identity Removal Rule         1 iteration(s)
Spider Fusion Rule            2 iteration(s)
Pivot Rule                    1 iteration(s)
Identity Removal Rule         1 iteration(s)
Spider Fusion Rule            1 iteration(s)
Pivot Rule                    1 iteration(s)
Identity Removal Rule         1 iteration(s)
Spider Fusion Rule            1 iteration(s)
Pivot Rule                    1 iteration(s)
Identity Removal Rule         1 iteration(s)
Spider Fusion Rule            1 iteration(s)
Identity Removal Rule         1 iteration(s)
Spider Fusion Rule            1 iteration(s)
Pivot Rule                    1 iteration(s)
Identity Removal Rule         1 iteration(s)
Spider Fusion Rule            1 iteration(s)
Pivot Rule                    2 iteration(s)
Identity Removal Rule         1 iteration(s)
Spider Fusion Rule            1 iteration(s)
Pivot Gadget Rule             1 iteration(s)
Identity Removal Rule         1 iteration(s)
Spider Fusion Rule            1 iteration(s)
Pivot Rule                    1 iteration(s)
Identity Removal Rule         1 iteration(s)
Spider Fusion Rule            1 iteration(s)
Pivot Rule                    1 iteration(s)
Identity Removal Rule         1 iteration(s)
Spider Fusion Rule            1 iteration(s)
Phase Gadget Rule             1 iteration(s)
Pivot Rule                    1 iteration(s)
Pivot Gadget Rule             1 iteration(s)
Identity Removal Rule         1 iteration(s)
Spider Fusion Rule            1 iteration(s)
Pivot Rule                    1 iteration(s)
Identity Removal Rule         1 iteration(s)
Spider Fusion Rule            1 iteration(s)
Pivot Rule                    1 iteration(s)
Identity Removal Rule         1 iteration(s)
Spider Fusion Rule            1 iteration(s)
Pivot Rule                    1 iteration(s)
Identity Removal Rule         1 iteration(s)
Spider Fusion Rule            1 iteration(s)
Identity Removal Rule         1 iteration(s)
Spider Fusion Rule            1 iteration(s)
Pivot Rule                    1 iteration(s)
Identity Removal Rule         1 iteration(s)
Spider Fusion Rule            1 iteration(s)
Identity Removal Rule         1 iteration(s)
Spider Fusion Rule            1 iteration(s)
Pivot Rule                    1 iteration(s)
Identity Removal Rule         1 iteration(s)
Spider Fusion Rule            1 iteration(s)
Identity Removal Rule         1 iteration(s)
Spider Fusion Rule            1 iteration(s)
Pivot Rule                    1 iteration(s)
Phase Gadget Rule             1 iteration(s)
Pivot Rule                    1 iteration(s)
Pivot Gadget Rule             2 iteration(s)
Identity Removal Rule         1 iteration(s)
Spider Fusion Rule            1 iteration(s)
Pivot Rule                    1 iteration(s)
Pivot Gadget Rule             1 iteration(s)
Phase Gadget Rule             1 iteration(s)
Identity Removal Rule         1 iteration(s)
Spider Fusion Rule            1 iteration(s)
Pivot Rule                    1 iteration(s)
Local Complementation Rule    2 iteration(s)
Identity Removal Rule         1 iteration(s)
Spider Fusion Rule            1 iteration(s)
Pivot Rule                    1 iteration(s)
Identity Removal Rule         1 iteration(s)
Spider Fusion Rule            1 iteration(s)
Pivot Rule                    2 iteration(s)
Identity Removal Rule         1 iteration(s)
Spider Fusion Rule            1 iteration(s)
Pivot Rule                    1 iteration(s)
Identity Removal Rule         2 iteration(s)
Spider Fusion Rule            1 iteration(s)
Pivot Rule                    2 iteration(s)
Identity Removal Rule         1 iteration(s)
Spider Fusion Rule            1 iteration(s)
Identity Removal Rule         1 iteration(s)
Spider Fusion Rule            1 iteration(s)
Pivot Rule                    1 iteration(s)
Identity Removal Rule         1 iteration(s)
Spider Fusion Rule            1 iteration(s)
Pivot Rule                    2 iteration(s)
Identity Removal Rule         1 iteration(s)
Spider Fusion Rule            1 iteration(s)
Identity Removal Rule         1 iteration(s)
Spider Fusion Rule            1 iteration(s)
Pivot Rule                    1 iteration(s)
Identity Removal Rule         1 iteration(s)
Spider Fusion Rule            1 iteration(s)
Pivot Rule                    2 iteration(s)
Identity Removal Rule         1 iteration(s)
Spider Fusion Rule            1 iteration(s)
Identity Removal Rule         1 iteration(s)
Spider Fusion Rule            1 iteration(s)
Pivot Rule                    1 iteration(s)
Identity Removal Rule         1 iteration(s)
Spider Fusion Rule            1 iteration(s)
Pivot Rule                    1 iteration(s)
Identity Removal Rule         1 iteration(s)
Spider Fusion Rule            1 iteration(s)
Pivot Rule                    1 iteration(s)
Identity Removal Rule         1 iteration(s)
Spider Fusion Rule            1 iteration(s)
Pivot Rule                    2 iteration(s)
Identity Removal Rule         1 iteration(s)
Spider Fusion Rule            1 iteration(s)
Identity Removal Rule         1 iteration(s)
Spider Fusion Rule            1 iteration(s)
Pivot Rule                    1 iteration(s)
Identity Removal Rule         1 iteration(s)
Spider Fusion Rule            1 iteration(s)
Pivot Rule                    1 iteration(s)
Identity Removal Rule         1 iteration(s)
Spider Fusion Rule            1 iteration(s)
Local Complementation Rule    2 iteration(s)
Identity Removal Rule         1 iteration(s)
Spider Fusion Rule            1 iteration(s)
Pivot Gadget Rule             1 iteration(s)
Identity Removal Rule         1 iteration(s)
Spider Fusion Rule            1 iteration(s)
Pivot Rule                    2 iteration(s)
Identity Removal Rule         1 iteration(s)
Spider Fusion Rule            1 iteration(s)
Pivot Rule                    2 iteration(s)
Identity Removal Rule         1 iteration(s)
Spider Fusion Rule            1 iteration(s)
Pivot Boundary Rule           1 iteration(s)
Identity Removal Rule         1 iteration(s)
Spider Fusion Rule            1 iteration(s)
Pivot Rule                    2 iteration(s)
Pivot Gadget Rule             1 iteration(s)
Identity Removal Rule         1 iteration(s)
Spider Fusion Rule            1 iteration(s)
Pivot Rule                    1 iteration(s)
Identity Removal Rule         1 iteration(s)
Spider Fusion Rule            1 iteration(s)
Pivot Rule                    1 iteration(s)
Identity Removal Rule         1 iteration(s)
Spider Fusion Rule            1 iteration(s)
Pivot Rule                    2 iteration(s)
Identity Removal Rule         1 iteration(s)
Spider Fusion Rule            1 iteration(s)
Pivot Gadget Rule             1 iteration(s)
Identity Removal Rule         1 iteration(s)
Spider Fusion Rule            1 iteration(s)
Pivot Rule                    2 iteration(s)
Pivot Gadget Rule             1 iteration(s)
Identity Removal Rule         1 iteration(s)
Spider Fusion Rule            1 iteration(s)
Pivot Rule                    1 iteration(s)
Identity Removal Rule         1 iteration(s)
Spider Fusion Rule            1 iteration(s)
Pivot Boundary Rule           1 iteration(s)
Phase Gadget Rule             1 iteration(s)
Identity Removal Rule         1 iteration(s)
Spider Fusion Rule            1 iteration(s)
Pivot Rule                    3 iteration(s)
Identity Removal Rule         1 iteration(s)
Spider Fusion Rule            1 iteration(s)
Pivot Rule                    1 iteration(s)
Identity Removal Rule         1 iteration(s)
Spider Fusion Rule            1 iteration(s)
Local Complementation Rule    2 iteration(s)
Identity Removal Rule         1 iteration(s)
Spider Fusion Rule            1 iteration(s)
Pivot Rule                    1 iteration(s)
Identity Removal Rule         1 iteration(s)
Spider Fusion Rule            1 iteration(s)
Pivot Rule                    1 iteration(s)
Identity Removal Rule         1 iteration(s)
Spider Fusion Rule            1 iteration(s)
Identity Removal Rule         1 iteration(s)
Spider Fusion Rule            1 iteration(s)
Pivot Rule                    1 iteration(s)
Identity Removal Rule         1 iteration(s)
Spider Fusion Rule            1 iteration(s)
Identity Removal Rule         1 iteration(s)
Spider Fusion Rule            1 iteration(s)
Pivot Rule                    1 iteration(s)
Identity Removal Rule         1 iteration(s)
Spider Fusion Rule            1 iteration(s)
Identity Removal Rule         1 iteration(s)
Spider Fusion Rule            1 iteration(s)
Pivot Rule                    1 iteration(s)
Identity Removal Rule         1 iteration(s)
Spider Fusion Rule            1 iteration(s)
Pivot Rule                    1 iteration(s)
Identity Removal Rule         1 iteration(s)
Spider Fusion Rule            1 iteration(s)
Pivot Rule                    1 iteration(s)
Identity Removal Rule         1 iteration(s)
Spider Fusion Rule            1 iteration(s)
Identity Removal Rule         1 iteration(s)
Spider Fusion Rule            1 iteration(s)
Pivot Rule                    1 iteration(s)
Identity Removal Rule         1 iteration(s)
Spider Fusion Rule            1 iteration(s)
Identity Removal Rule         1 iteration(s)
Spider Fusion Rule            1 iteration(s)
Pivot Rule                    1 iteration(s)
Identity Removal Rule         1 iteration(s)
Spider Fusion Rule            1 iteration(s)
Pivot Gadget Rule             1 iteration(s)
Identity Removal Rule         1 iteration(s)
Spider Fusion Rule            1 iteration(s)
Local Complementation Rule    2 iteration(s)
Pivot Rule                    1 iteration(s)
Identity Removal Rule         1 iteration(s)
Spider Fusion Rule            1 iteration(s)
Pivot Rule                    1 iteration(s)
Identity Removal Rule         1 iteration(s)
Spider Fusion Rule            1 iteration(s)
Identity Removal Rule         1 iteration(s)
Spider Fusion Rule            1 iteration(s)
Pivot Rule                    1 iteration(s)
Identity Removal Rule         1 iteration(s)
Spider Fusion Rule            1 iteration(s)
Phase Gadget Rule             1 iteration(s)
Pivot Rule                    1 iteration(s)
Pivot Gadget Rule             1 iteration(s)
Identity Removal Rule         1 iteration(s)
Spider Fusion Rule            1 iteration(s)
Pivot Rule                    1 iteration(s)
Identity Removal Rule         1 iteration(s)
Spider Fusion Rule            1 iteration(s)
Identity Removal Rule         1 iteration(s)
Spider Fusion Rule            1 iteration(s)
Pivot Rule                    1 iteration(s)
Identity Removal Rule         1 iteration(s)
Spider Fusion Rule            1 iteration(s)
Pivot Rule                    2 iteration(s)
Identity Removal Rule         1 iteration(s)
Spider Fusion Rule            1 iteration(s)
Pivot Gadget Rule             1 iteration(s)
Identity Removal Rule         1 iteration(s)
Spider Fusion Rule            1 iteration(s)
Pivot Rule                    1 iteration(s)
Identity Removal Rule         1 iteration(s)
Spider Fusion Rule            1 iteration(s)
Identity Removal Rule         1 iteration(s)
Spider Fusion Rule            1 iteration(s)
Pivot Rule                    1 iteration(s)
Identity Removal Rule         1 iteration(s)
Spider Fusion Rule            1 iteration(s)
Pivot Rule                    2 iteration(s)
Identity Removal Rule         1 iteration(s)
Spider Fusion Rule            1 iteration(s)
Identity Removal Rule         1 iteration(s)
Spider Fusion Rule            1 iteration(s)
Pivot Rule                    1 iteration(s)
Identity Removal Rule         1 iteration(s)
Spider Fusion Rule            1 iteration(s)
Pivot Rule                    2 iteration(s)
Identity Removal Rule         1 iteration(s)
Spider Fusion Rule            1 iteration(s)
Identity Removal Rule         1 iteration(s)
Spider Fusion Rule            1 iteration(s)
Pivot Rule                    1 iteration(s)
Identity Removal Rule         1 iteration(s)
Spider Fusion Rule            1 iteration(s)
Pivot Rule                    2 iteration(s)
Identity Removal Rule         1 iteration(s)
Spider Fusion Rule            1 iteration(s)
Identity Removal Rule         1 iteration(s)
Spider Fusion Rule            1 iteration(s)
Pivot Rule                    1 iteration(s)
Identity Removal Rule         1 iteration(s)
Spider Fusion Rule            1 iteration(s)
Pivot Rule                    2 iteration(s)
Identity Removal Rule         1 iteration(s)
Spider Fusion Rule            1 iteration(s)
Identity Removal Rule         1 iteration(s)
Spider Fusion Rule            1 iteration(s)
Pivot Rule                    1 iteration(s)
Identity Removal Rule         1 iteration(s)
Spider Fusion Rule            1 iteration(s)
Pivot Rule                    2 iteration(s)
Identity Removal Rule         1 iteration(s)
Spider Fusion Rule            1 iteration(s)
Identity Removal Rule         1 iteration(s)
Spider Fusion Rule            1 iteration(s)
Pivot Rule                    1 iteration(s)
Identity Removal Rule         1 iteration(s)
Spider Fusion Rule            1 iteration(s)
Pivot Rule                    1 iteration(s)
Identity Removal Rule         1 iteration(s)
Spider Fusion Rule            1 iteration(s)
Pivot Rule                    1 iteration(s)
Identity Removal Rule         1 iteration(s)
Spider Fusion Rule            1 iteration(s)
Identity Removal Rule         1 iteration(s)
Spider Fusion Rule            1 iteration(s)
Pivot Rule                    1 iteration(s)
Identity Removal Rule         1 iteration(s)
Spider Fusion Rule            1 iteration(s)
Pivot Rule                    2 iteration(s)
Identity Removal Rule         1 iteration(s)
Spider Fusion Rule            1 iteration(s)
Identity Removal Rule         1 iteration(s)
Spider Fusion Rule            1 iteration(s)
Pivot Rule                    1 iteration(s)
Identity Removal Rule         1 iteration(s)
Spider Fusion Rule            1 iteration(s)
Pivot Rule                    2 iteration(s)
Identity Removal Rule         1 iteration(s)
Spider Fusion Rule            1 iteration(s)
Identity Removal Rule         1 iteration(s)
Spider Fusion Rule            1 iteration(s)
Pivot Rule                    1 iteration(s)
Identity Removal Rule         1 iteration(s)
Spider Fusion Rule            1 iteration(s)
Pivot Rule                    1 iteration(s)
Identity Removal Rule         1 iteration(s)
Spider Fusion Rule            1 iteration(s)
Pivot Rule                    2 iteration(s)
Identity Removal Rule         1 iteration(s)
Spider Fusion Rule            1 iteration(s)
Identity Removal Rule         1 iteration(s)
Spider Fusion Rule            1 iteration(s)
Pivot Rule                    1 iteration(s)
Identity Removal Rule         1 iteration(s)
Spider Fusion Rule            1 iteration(s)
Pivot Rule                    2 iteration(s)
Identity Removal Rule         1 iteration(s)
Spider Fusion Rule            1 iteration(s)
Identity Removal Rule         1 iteration(s)
Spider Fusion Rule            1 iteration(s)
Pivot Rule                    1 iteration(s)
Identity Removal Rule         1 iteration(s)
Spider Fusion Rule            1 iteration(s)
Identity Removal Rule         1 iteration(s)
Spider Fusion Rule            1 iteration(s)
Pivot Rule                    1 iteration(s)
Identity Removal Rule         1 iteration(s)
Spider Fusion Rule            1 iteration(s)
Pivot Rule                    2 iteration(s)
Identity Removal Rule         1 iteration(s)
Spider Fusion Rule            1 iteration(s)
Identity Removal Rule         1 iteration(s)
Spider Fusion Rule            1 iteration(s)
Pivot Rule                    1 iteration(s)
Identity Removal Rule         1 iteration(s)
Spider Fusion Rule            1 iteration(s)
Identity Removal Rule         1 iteration(s)
Spider Fusion Rule            1 iteration(s)
Pivot Rule                    1 iteration(s)
Identity Removal Rule         1 iteration(s)
Spider Fusion Rule            1 iteration(s)
Pivot Rule                    2 iteration(s)
Identity Removal Rule         1 iteration(s)
Spider Fusion Rule            1 iteration(s)
Identity Removal Rule         1 iteration(s)
Spider Fusion Rule            1 iteration(s)
Pivot Rule                    1 iteration(s)
Identity Removal Rule         1 iteration(s)
Spider Fusion Rule            1 iteration(s)
Pivot Rule                    1 iteration(s)
Identity Removal Rule         1 iteration(s)
Spider Fusion Rule            1 iteration(s)
Pivot Rule                    1 iteration(s)
Identity Removal Rule         2 iteration(s)
Spider Fusion Rule            1 iteration(s)
Local Complementation Rule    2 iteration(s)
Identity Removal Rule         1 iteration(s)
Spider Fusion Rule            1 iteration(s)
Pivot Rule                    1 iteration(s)
Identity Removal Rule         1 iteration(s)
Spider Fusion Rule            1 iteration(s)
Pivot Rule                    1 iteration(s)
Identity Removal Rule         1 iteration(s)
Spider Fusion Rule            1 iteration(s)
Identity Removal Rule         1 iteration(s)
Spider Fusion Rule            1 iteration(s)
Pivot Rule                    1 iteration(s)
Identity Removal Rule         1 iteration(s)
Spider Fusion Rule            1 iteration(s)
Identity Removal Rule         1 iteration(s)
Spider Fusion Rule            1 iteration(s)
Pivot Rule                    1 iteration(s)
Identity Removal Rule         1 iteration(s)
Spider Fusion Rule            1 iteration(s)
Pivot Rule                    2 iteration(s)
Identity Removal Rule         1 iteration(s)
Spider Fusion Rule            1 iteration(s)
Phase Gadget Rule             1 iteration(s)
Pivot Rule                    1 iteration(s)
Pivot Gadget Rule             1 iteration(s)
Identity Removal Rule         1 iteration(s)
Spider Fusion Rule            1 iteration(s)
Pivot Rule                    1 iteration(s)
Identity Removal Rule         1 iteration(s)
Spider Fusion Rule            1 iteration(s)
Pivot Rule                    1 iteration(s)
Identity Removal Rule         1 iteration(s)
Spider Fusion Rule            1 iteration(s)
Pivot Rule                    1 iteration(s)
Local Complementation Rule    2 iteration(s)
Identity Removal Rule         1 iteration(s)
Spider Fusion Rule            1 iteration(s)
Pivot Gadget Rule             1 iteration(s)
Identity Removal Rule         1 iteration(s)
Spider Fusion Rule            1 iteration(s)
Pivot Rule                    1 iteration(s)
Identity Removal Rule         1 iteration(s)
Spider Fusion Rule            1 iteration(s)
Identity Removal Rule         1 iteration(s)
Spider Fusion Rule            1 iteration(s)
Pivot Rule                    1 iteration(s)
Identity Removal Rule         1 iteration(s)
Spider Fusion Rule            1 iteration(s)
Pivot Rule                    2 iteration(s)
Identity Removal Rule         1 iteration(s)
Spider Fusion Rule            1 iteration(s)
Identity Removal Rule         1 iteration(s)
Spider Fusion Rule            1 iteration(s)
Pivot Rule                    1 iteration(s)
Identity Removal Rule         1 iteration(s)
Spider Fusion Rule            1 iteration(s)
Pivot Rule                    1 iteration(s)
Identity Removal Rule         1 iteration(s)
Spider Fusion Rule            1 iteration(s)
Pivot Rule                    1 iteration(s)
Identity Removal Rule         1 iteration(s)
Spider Fusion Rule            1 iteration(s)
Pivot Rule                    2 iteration(s)
Identity Removal Rule         1 iteration(s)
Spider Fusion Rule            1 iteration(s)
Identity Removal Rule         1 iteration(s)
Spider Fusion Rule            1 iteration(s)
Pivot Rule                    1 iteration(s)
Identity Removal Rule         1 iteration(s)
Spider Fusion Rule            1 iteration(s)
Identity Removal Rule         1 iteration(s)
Spider Fusion Rule            1 iteration(s)
Pivot Rule                    1 iteration(s)
Identity Removal Rule         1 iteration(s)
Spider Fusion Rule            1 iteration(s)
Identity Removal Rule         1 iteration(s)
Spider Fusion Rule            1 iteration(s)
Pivot Rule                    1 iteration(s)
Identity Removal Rule         1 iteration(s)
Spider Fusion Rule            1 iteration(s)
Pivot Rule                    2 iteration(s)
Identity Removal Rule         1 iteration(s)
Spider Fusion Rule            1 iteration(s)
Identity Removal Rule         1 iteration(s)
Spider Fusion Rule            1 iteration(s)
Pivot Rule                    1 iteration(s)
Identity Removal Rule         1 iteration(s)
Spider Fusion Rule            1 iteration(s)
Identity Removal Rule         1 iteration(s)
Spider Fusion Rule            1 iteration(s)
Pivot Rule                    1 iteration(s)
Identity Removal Rule         1 iteration(s)
Spider Fusion Rule            1 iteration(s)
Identity Removal Rule         1 iteration(s)
Spider Fusion Rule            1 iteration(s)
Pivot Rule                    1 iteration(s)
Identity Removal Rule         1 iteration(s)
Spider Fusion Rule            1 iteration(s)
Pivot Rule                    2 iteration(s)
Identity Removal Rule         1 iteration(s)
Spider Fusion Rule            1 iteration(s)
Identity Removal Rule         1 iteration(s)
Spider Fusion Rule            1 iteration(s)
Pivot Rule                    1 iteration(s)
Identity Removal Rule         1 iteration(s)
Spider Fusion Rule            1 iteration(s)
Phase Gadget Rule             1 iteration(s)
Pivot Rule                    1 iteration(s)
Local Complementation Rule    2 iteration(s)
Pivot Gadget Rule             1 iteration(s)
Phase Gadget Rule             1 iteration(s)
Identity Removal Rule         1 iteration(s)
Spider Fusion Rule            1 iteration(s)
Pivot Rule                    1 iteration(s)
Identity Removal Rule         1 iteration(s)
Spider Fusion Rule            1 iteration(s)
Pivot Rule                    1 iteration(s)
Identity Removal Rule         1 iteration(s)
Spider Fusion Rule            1 iteration(s)
Local Complementation Rule    2 iteration(s)
Pivot Rule                    1 iteration(s)
Identity Removal Rule         1 iteration(s)
Spider Fusion Rule            1 iteration(s)
Identity Removal Rule         1 iteration(s)
Spider Fusion Rule            1 iteration(s)
Pivot Rule                    1 iteration(s)
Identity Removal Rule         1 iteration(s)
Spider Fusion Rule            1 iteration(s)
Identity Removal Rule         1 iteration(s)
Spider Fusion Rule            1 iteration(s)
Pivot Rule                    1 iteration(s)
Identity Removal Rule         1 iteration(s)
Spider Fusion Rule            1 iteration(s)
Pivot Rule                    1 iteration(s)
Local Complementation Rule    2 iteration(s)
Identity Removal Rule         2 iteration(s)
Spider Fusion Rule            1 iteration(s)
Local Complementation Rule    2 iteration(s)
Identity Removal Rule         1 iteration(s)
Spider Fusion Rule            1 iteration(s)
Local Complementation Rule    2 iteration(s)
Pivot Rule                    1 iteration(s)
Identity Removal Rule         1 iteration(s)
Spider Fusion Rule            1 iteration(s)
Pivot Gadget Rule             1 iteration(s)
Phase Gadget Rule             1 iteration(s)
Identity Removal Rule         1 iteration(s)
Spider Fusion Rule            1 iteration(s)
Pivot Rule                    1 iteration(s)
Identity Removal Rule         1 iteration(s)
Spider Fusion Rule            1 iteration(s)
Pivot Rule                    1 iteration(s)
Identity Removal Rule         1 iteration(s)
Spider Fusion Rule            1 iteration(s)
Local Complementation Rule    4 iteration(s)
Identity Removal Rule         1 iteration(s)
Spider Fusion Rule            1 iteration(s)
Identity Removal Rule         1 iteration(s)
Spider Fusion Rule            1 iteration(s)
Pivot Rule                    1 iteration(s)
Identity Removal Rule         1 iteration(s)
Spider Fusion Rule            1 iteration(s)
Identity Removal Rule         1 iteration(s)
Spider Fusion Rule            1 iteration(s)
Local Complementation Rule    2 iteration(s)
Identity Removal Rule         1 iteration(s)
Spider Fusion Rule            1 iteration(s)
Pivot Rule                    1 iteration(s)
Identity Removal Rule         1 iteration(s)
Spider Fusion Rule            1 iteration(s)
Pivot Rule                    1 iteration(s)
Identity Removal Rule         1 iteration(s)
Spider Fusion Rule            1 iteration(s)
Pivot Gadget Rule             1 iteration(s)
Phase Gadget Rule             1 iteration(s)
Identity Removal Rule         1 iteration(s)
Spider Fusion Rule            1 iteration(s)
Pivot Rule                    1 iteration(s)
Identity Removal Rule         1 iteration(s)
Spider Fusion Rule            1 iteration(s)
Local Complementation Rule    2 iteration(s)
Identity Removal Rule         1 iteration(s)
Spider Fusion Rule            1 iteration(s)
Pivot Rule                    2 iteration(s)
Identity Removal Rule         1 iteration(s)
Spider Fusion Rule            1 iteration(s)
Identity Removal Rule         1 iteration(s)
Spider Fusion Rule            1 iteration(s)
Pivot Rule                    1 iteration(s)
Identity Removal Rule         1 iteration(s)
Spider Fusion Rule            1 iteration(s)
Identity Removal Rule         1 iteration(s)
Spider Fusion Rule            1 iteration(s)
Local Complementation Rule    2 iteration(s)
Identity Removal Rule         1 iteration(s)
Spider Fusion Rule            1 iteration(s)
Local Complementation Rule    2 iteration(s)
Pivot Rule                    1 iteration(s)
Identity Removal Rule         1 iteration(s)
Spider Fusion Rule            1 iteration(s)
Identity Removal Rule         1 iteration(s)
Spider Fusion Rule            1 iteration(s)
Local Complementation Rule    2 iteration(s)
Identity Removal Rule         1 iteration(s)
Spider Fusion Rule            1 iteration(s)
Local Complementation Rule    2 iteration(s)
Pivot Rule                    1 iteration(s)
Identity Removal Rule         1 iteration(s)
Spider Fusion Rule            1 iteration(s)
Identity Removal Rule         1 iteration(s)
Spider Fusion Rule            1 iteration(s)
Local Complementation Rule    2 iteration(s)
Identity Removal Rule         1 iteration(s)
Spider Fusion Rule            1 iteration(s)
Local Complementation Rule    4 iteration(s)
Identity Removal Rule         1 iteration(s)
Spider Fusion Rule            1 iteration(s)
Identity Removal Rule         1 iteration(s)
Spider Fusion Rule            1 iteration(s)
Local Complementation Rule    2 iteration(s)
Identity Removal Rule         1 iteration(s)
Spider Fusion Rule            1 iteration(s)
Local Complementation Rule    2 iteration(s)
Pivot Rule                    1 iteration(s)
Identity Removal Rule         1 iteration(s)
Spider Fusion Rule            1 iteration(s)
Identity Removal Rule         1 iteration(s)
Spider Fusion Rule            1 iteration(s)
Pivot Rule                    1 iteration(s)
Identity Removal Rule         1 iteration(s)
Spider Fusion Rule            1 iteration(s)
Pivot Rule                    2 iteration(s)
Identity Removal Rule         1 iteration(s)
Spider Fusion Rule            1 iteration(s)
Pivot Gadget Rule             1 iteration(s)
Phase Gadget Rule             1 iteration(s)
Identity Removal Rule         1 iteration(s)
Spider Fusion Rule            1 iteration(s)
Pivot Rule                    1 iteration(s)
Identity Removal Rule         1 iteration(s)
Spider Fusion Rule            1 iteration(s)
Pivot Rule                    1 iteration(s)
Identity Removal Rule         1 iteration(s)
Spider Fusion Rule            1 iteration(s)
Identity Removal Rule         1 iteration(s)
Spider Fusion Rule            1 iteration(s)
Pivot Rule                    1 iteration(s)
Identity Removal Rule         1 iteration(s)
Spider Fusion Rule            1 iteration(s)
Pivot Rule                    2 iteration(s)
Identity Removal Rule         1 iteration(s)
Spider Fusion Rule            1 iteration(s)
Pivot Gadget Rule             1 iteration(s)
Identity Removal Rule         1 iteration(s)
Spider Fusion Rule            1 iteration(s)
Local Complementation Rule    2 iteration(s)
Identity Removal Rule         1 iteration(s)
Spider Fusion Rule            1 iteration(s)
Pivot Rule                    1 iteration(s)
Identity Removal Rule         1 iteration(s)
Spider Fusion Rule            1 iteration(s)
Identity Removal Rule         1 iteration(s)
Spider Fusion Rule            1 iteration(s)
Pivot Rule                    1 iteration(s)
Identity Removal Rule         1 iteration(s)
Spider Fusion Rule            1 iteration(s)
Pivot Rule                    2 iteration(s)
Identity Removal Rule         1 iteration(s)
Spider Fusion Rule            1 iteration(s)
Pivot Gadget Rule             1 iteration(s)
Identity Removal Rule         1 iteration(s)
Phase Gadget Rule             1 iteration(s)
Identity Removal Rule         1 iteration(s)
Spider Fusion Rule            1 iteration(s)
Pivot Rule                    1 iteration(s)
Pivot Gadget Rule             1 iteration(s)
Identity Removal Rule         1 iteration(s)
Spider Fusion Rule            1 iteration(s)
Local Complementation Rule    2 iteration(s)
Identity Removal Rule         1 iteration(s)
Spider Fusion Rule            1 iteration(s)
Pivot Rule                    1 iteration(s)
Identity Removal Rule         1 iteration(s)
Spider Fusion Rule            1 iteration(s)
Pivot Rule                    1 iteration(s)
Identity Removal Rule         2 iteration(s)
Spider Fusion Rule            1 iteration(s)
Local Complementation Rule    2 iteration(s)
Identity Removal Rule         1 iteration(s)
Spider Fusion Rule            1 iteration(s)
Pivot Rule                    1 iteration(s)
Identity Removal Rule         1 iteration(s)
Spider Fusion Rule            1 iteration(s)
Identity Removal Rule         1 iteration(s)
Spider Fusion Rule            1 iteration(s)
Pivot Rule                    3 iteration(s)
Identity Removal Rule         2 iteration(s)
Spider Fusion Rule            1 iteration(s)
Pivot Rule                    1 iteration(s)
Identity Removal Rule         2 iteration(s)

qsyn> zxgp 
Graph 1( 16 inputs, 16 outputs, 32 vertices, 16 edges )

qsyn> zxgt -id
The graph is an identity!

qsyn> usage
Period time used : 4.24 seconds
Total time used  : 4.24 seconds
Total memory used: 115.3 M Bytes

qsyn> qq -f

