qsyn> ver 1
Note: verbose level is set to 1

qsyn> zxm -on
ZXMODE turn ON!

qsyn> qccread benchmark/benchmark_SABRE/large/cm42a_207.qasm

qsyn> qczxm

qsyn> zxgp
Graph 0
Inputs:        16
Outputs:       16
Vertices:      2579
Edges:         3334

qsyn> zxcopy

qsyn> zxgadjoint

qsyn> zxcompose 0

qsyn> zxgprint
Graph 1
Inputs:        16
Outputs:       16
Vertices:      5126
Edges:         6652

qsyn> zxgs -fr
Spider Fusion Rule            3 iterator(s)
Identity Removal Rule         1 iterator(s)
Spider Fusion Rule            2 iterator(s)
Pivot Rule                    2 iterator(s)
Identity Removal Rule         1 iterator(s)
Spider Fusion Rule            1 iterator(s)
Pivot Rule                    2 iterator(s)
Identity Removal Rule         1 iterator(s)
Spider Fusion Rule            1 iterator(s)
Pivot Rule                    1 iterator(s)
Local Complementary Rule      2 iterator(s)
Identity Removal Rule         1 iterator(s)
Spider Fusion Rule            1 iterator(s)
Pivot Rule                    1 iterator(s)
Identity Removal Rule         1 iterator(s)
Spider Fusion Rule            2 iterator(s)
Pivot Rule                    1 iterator(s)
Identity Removal Rule         1 iterator(s)
Spider Fusion Rule            1 iterator(s)
Pivot Rule                    1 iterator(s)
Identity Removal Rule         1 iterator(s)
Spider Fusion Rule            2 iterator(s)
Pivot Rule                    1 iterator(s)
Identity Removal Rule         1 iterator(s)
Spider Fusion Rule            1 iterator(s)
Pivot Rule                    1 iterator(s)
Identity Removal Rule         1 iterator(s)
Spider Fusion Rule            1 iterator(s)
Identity Removal Rule         1 iterator(s)
Spider Fusion Rule            2 iterator(s)
Pivot Rule                    1 iterator(s)
Identity Removal Rule         1 iterator(s)
Spider Fusion Rule            1 iterator(s)
Pivot Rule                    2 iterator(s)
Identity Removal Rule         1 iterator(s)
Spider Fusion Rule            1 iterator(s)
Pivot Rule                    1 iterator(s)
Identity Removal Rule         1 iterator(s)
Spider Fusion Rule            2 iterator(s)
Pivot Rule                    1 iterator(s)
Identity Removal Rule         1 iterator(s)
Spider Fusion Rule            1 iterator(s)
Pivot Rule                    2 iterator(s)
Identity Removal Rule         1 iterator(s)
Spider Fusion Rule            1 iterator(s)
Pivot Rule                    1 iterator(s)
Identity Removal Rule         1 iterator(s)
Spider Fusion Rule            3 iterator(s)
Pivot Rule                    1 iterator(s)
Identity Removal Rule         1 iterator(s)
Spider Fusion Rule            1 iterator(s)
Pivot Rule                    1 iterator(s)
Identity Removal Rule         1 iterator(s)
Spider Fusion Rule            1 iterator(s)
Pivot Rule                    2 iterator(s)
Identity Removal Rule         1 iterator(s)
Spider Fusion Rule            2 iterator(s)
Pivot Rule                    1 iterator(s)
Identity Removal Rule         1 iterator(s)
Spider Fusion Rule            1 iterator(s)
Identity Removal Rule         1 iterator(s)
Spider Fusion Rule            2 iterator(s)
Pivot Rule                    1 iterator(s)
Identity Removal Rule         1 iterator(s)
Spider Fusion Rule            1 iterator(s)
Pivot Rule                    2 iterator(s)
Identity Removal Rule         1 iterator(s)
Spider Fusion Rule            1 iterator(s)
Pivot Rule                    1 iterator(s)
Identity Removal Rule         1 iterator(s)
Spider Fusion Rule            2 iterator(s)
Pivot Rule                    1 iterator(s)
Identity Removal Rule         1 iterator(s)
Spider Fusion Rule            1 iterator(s)
Pivot Rule                    2 iterator(s)
Identity Removal Rule         1 iterator(s)
Spider Fusion Rule            1 iterator(s)
Pivot Rule                    1 iterator(s)
Identity Removal Rule         1 iterator(s)
Spider Fusion Rule            2 iterator(s)
Pivot Rule                    1 iterator(s)
Identity Removal Rule         1 iterator(s)
Spider Fusion Rule            1 iterator(s)
Pivot Rule                    1 iterator(s)
Identity Removal Rule         1 iterator(s)
Spider Fusion Rule            2 iterator(s)
Pivot Rule                    2 iterator(s)
Identity Removal Rule         1 iterator(s)
Spider Fusion Rule            2 iterator(s)
Pivot Rule                    1 iterator(s)
Identity Removal Rule         1 iterator(s)
Spider Fusion Rule            1 iterator(s)
Identity Removal Rule         1 iterator(s)
Spider Fusion Rule            1 iterator(s)
Pivot Rule                    1 iterator(s)
Identity Removal Rule         1 iterator(s)
Spider Fusion Rule            1 iterator(s)
Pivot Rule                    2 iterator(s)
Identity Removal Rule         1 iterator(s)
Spider Fusion Rule            1 iterator(s)
Pivot Rule                    1 iterator(s)
Identity Removal Rule         1 iterator(s)
Spider Fusion Rule            2 iterator(s)
Pivot Rule                    1 iterator(s)
Identity Removal Rule         1 iterator(s)
Spider Fusion Rule            1 iterator(s)
Pivot Rule                    2 iterator(s)
Identity Removal Rule         1 iterator(s)
Spider Fusion Rule            1 iterator(s)
Pivot Rule                    1 iterator(s)
Identity Removal Rule         1 iterator(s)
Spider Fusion Rule            3 iterator(s)
Pivot Rule                    1 iterator(s)
Identity Removal Rule         1 iterator(s)
Spider Fusion Rule            1 iterator(s)
Pivot Rule                    1 iterator(s)
Identity Removal Rule         1 iterator(s)
Spider Fusion Rule            1 iterator(s)
Pivot Rule                    2 iterator(s)
Identity Removal Rule         1 iterator(s)
Spider Fusion Rule            2 iterator(s)
Pivot Rule                    1 iterator(s)
Identity Removal Rule         1 iterator(s)
Spider Fusion Rule            1 iterator(s)
Identity Removal Rule         1 iterator(s)
Spider Fusion Rule            1 iterator(s)
Pivot Rule                    1 iterator(s)
Identity Removal Rule         1 iterator(s)
Spider Fusion Rule            1 iterator(s)
Pivot Rule                    2 iterator(s)
Identity Removal Rule         1 iterator(s)
Spider Fusion Rule            1 iterator(s)
Pivot Rule                    1 iterator(s)
Identity Removal Rule         1 iterator(s)
Spider Fusion Rule            2 iterator(s)
Pivot Rule                    1 iterator(s)
Identity Removal Rule         1 iterator(s)
Spider Fusion Rule            1 iterator(s)
Pivot Rule                    2 iterator(s)
Identity Removal Rule         1 iterator(s)
Spider Fusion Rule            1 iterator(s)
Pivot Rule                    1 iterator(s)
Identity Removal Rule         1 iterator(s)
Spider Fusion Rule            3 iterator(s)
Pivot Rule                    1 iterator(s)
Identity Removal Rule         1 iterator(s)
Spider Fusion Rule            1 iterator(s)
Pivot Rule                    1 iterator(s)
Identity Removal Rule         1 iterator(s)
Spider Fusion Rule            2 iterator(s)
Pivot Rule                    2 iterator(s)
Identity Removal Rule         1 iterator(s)
Spider Fusion Rule            2 iterator(s)
Pivot Rule                    1 iterator(s)
Identity Removal Rule         1 iterator(s)
Spider Fusion Rule            1 iterator(s)
Identity Removal Rule         1 iterator(s)
Spider Fusion Rule            2 iterator(s)
Pivot Rule                    1 iterator(s)
Identity Removal Rule         1 iterator(s)
Spider Fusion Rule            1 iterator(s)
Pivot Rule                    2 iterator(s)
Identity Removal Rule         1 iterator(s)
Spider Fusion Rule            1 iterator(s)
Pivot Rule                    1 iterator(s)
Identity Removal Rule         1 iterator(s)
Spider Fusion Rule            2 iterator(s)
Pivot Rule                    1 iterator(s)
Identity Removal Rule         1 iterator(s)
Spider Fusion Rule            1 iterator(s)
Pivot Rule                    3 iterator(s)
Identity Removal Rule         1 iterator(s)
Spider Fusion Rule            1 iterator(s)
Pivot Rule                    1 iterator(s)
Identity Removal Rule         1 iterator(s)
Spider Fusion Rule            3 iterator(s)
Pivot Rule                    1 iterator(s)
Identity Removal Rule         1 iterator(s)
Spider Fusion Rule            1 iterator(s)
Pivot Rule                    1 iterator(s)
Identity Removal Rule         1 iterator(s)
Spider Fusion Rule            1 iterator(s)
Pivot Rule                    2 iterator(s)
Identity Removal Rule         1 iterator(s)
Spider Fusion Rule            2 iterator(s)
Pivot Rule                    1 iterator(s)
Identity Removal Rule         1 iterator(s)
Spider Fusion Rule            1 iterator(s)
Identity Removal Rule         1 iterator(s)
Spider Fusion Rule            2 iterator(s)
Pivot Rule                    1 iterator(s)
Identity Removal Rule         1 iterator(s)
Spider Fusion Rule            1 iterator(s)
Pivot Rule                    2 iterator(s)
Identity Removal Rule         1 iterator(s)
Spider Fusion Rule            1 iterator(s)
Pivot Rule                    1 iterator(s)
Identity Removal Rule         1 iterator(s)
Spider Fusion Rule            2 iterator(s)
Pivot Rule                    1 iterator(s)
Identity Removal Rule         1 iterator(s)
Spider Fusion Rule            1 iterator(s)
Pivot Rule                    2 iterator(s)
Identity Removal Rule         1 iterator(s)
Spider Fusion Rule            1 iterator(s)
Pivot Rule                    1 iterator(s)
Identity Removal Rule         1 iterator(s)
Spider Fusion Rule            3 iterator(s)
Pivot Rule                    1 iterator(s)
Identity Removal Rule         1 iterator(s)
Spider Fusion Rule            1 iterator(s)
Pivot Rule                    1 iterator(s)
Identity Removal Rule         1 iterator(s)
Spider Fusion Rule            2 iterator(s)
Pivot Rule                    2 iterator(s)
Identity Removal Rule         1 iterator(s)
Spider Fusion Rule            2 iterator(s)
Pivot Rule                    1 iterator(s)
Identity Removal Rule         1 iterator(s)
Spider Fusion Rule            1 iterator(s)
Identity Removal Rule         1 iterator(s)
Spider Fusion Rule            2 iterator(s)
Pivot Rule                    1 iterator(s)
Identity Removal Rule         1 iterator(s)
Spider Fusion Rule            1 iterator(s)
Pivot Rule                    2 iterator(s)
Identity Removal Rule         1 iterator(s)
Spider Fusion Rule            1 iterator(s)
Pivot Rule                    1 iterator(s)
Identity Removal Rule         1 iterator(s)
Spider Fusion Rule            2 iterator(s)
Pivot Rule                    1 iterator(s)
Identity Removal Rule         1 iterator(s)
Spider Fusion Rule            1 iterator(s)
Pivot Rule                    2 iterator(s)
Identity Removal Rule         1 iterator(s)
Spider Fusion Rule            1 iterator(s)
Pivot Rule                    1 iterator(s)
Identity Removal Rule         1 iterator(s)
Spider Fusion Rule            2 iterator(s)
Pivot Rule                    1 iterator(s)
Identity Removal Rule         1 iterator(s)
Spider Fusion Rule            1 iterator(s)
Pivot Rule                    1 iterator(s)
Identity Removal Rule         1 iterator(s)
Spider Fusion Rule            1 iterator(s)
Pivot Rule                    2 iterator(s)
Identity Removal Rule         1 iterator(s)
Spider Fusion Rule            2 iterator(s)
Pivot Rule                    1 iterator(s)
Identity Removal Rule         1 iterator(s)
Spider Fusion Rule            1 iterator(s)
Identity Removal Rule         1 iterator(s)
Spider Fusion Rule            2 iterator(s)
Pivot Rule                    1 iterator(s)
Identity Removal Rule         1 iterator(s)
Spider Fusion Rule            1 iterator(s)
Pivot Rule                    2 iterator(s)
Identity Removal Rule         1 iterator(s)
Spider Fusion Rule            1 iterator(s)
Pivot Rule                    1 iterator(s)
Identity Removal Rule         1 iterator(s)
Spider Fusion Rule            2 iterator(s)
Pivot Rule                    1 iterator(s)
Identity Removal Rule         1 iterator(s)
Spider Fusion Rule            1 iterator(s)
Pivot Rule                    1 iterator(s)
Identity Removal Rule         1 iterator(s)
Spider Fusion Rule            1 iterator(s)
Pivot Rule                    2 iterator(s)
Identity Removal Rule         1 iterator(s)
Spider Fusion Rule            1 iterator(s)
Pivot Rule                    1 iterator(s)
Identity Removal Rule         1 iterator(s)
Spider Fusion Rule            2 iterator(s)
Pivot Rule                    1 iterator(s)
Identity Removal Rule         1 iterator(s)
Spider Fusion Rule            1 iterator(s)
Pivot Rule                    1 iterator(s)
Identity Removal Rule         1 iterator(s)
Spider Fusion Rule            1 iterator(s)
Identity Removal Rule         1 iterator(s)
Spider Fusion Rule            2 iterator(s)
Pivot Rule                    1 iterator(s)
Identity Removal Rule         1 iterator(s)
Spider Fusion Rule            1 iterator(s)
Pivot Rule                    2 iterator(s)
Identity Removal Rule         1 iterator(s)
Spider Fusion Rule            1 iterator(s)
Pivot Rule                    1 iterator(s)
Identity Removal Rule         1 iterator(s)
Spider Fusion Rule            2 iterator(s)
Pivot Rule                    1 iterator(s)
Identity Removal Rule         1 iterator(s)
Spider Fusion Rule            1 iterator(s)
Pivot Rule                    1 iterator(s)
Identity Removal Rule         1 iterator(s)
Spider Fusion Rule            1 iterator(s)
Identity Removal Rule         1 iterator(s)
Spider Fusion Rule            1 iterator(s)
Pivot Rule                    1 iterator(s)
Identity Removal Rule         1 iterator(s)
Spider Fusion Rule            1 iterator(s)
Pivot Rule                    2 iterator(s)
Identity Removal Rule         1 iterator(s)
Spider Fusion Rule            1 iterator(s)
Pivot Rule                    1 iterator(s)
Identity Removal Rule         1 iterator(s)
Spider Fusion Rule            2 iterator(s)
Pivot Rule                    1 iterator(s)
Identity Removal Rule         1 iterator(s)
Spider Fusion Rule            1 iterator(s)
Pivot Rule                    1 iterator(s)
Identity Removal Rule         1 iterator(s)
Spider Fusion Rule            1 iterator(s)
Identity Removal Rule         1 iterator(s)
Spider Fusion Rule            2 iterator(s)
Pivot Rule                    1 iterator(s)
Identity Removal Rule         1 iterator(s)
Spider Fusion Rule            1 iterator(s)
Pivot Rule                    2 iterator(s)
Identity Removal Rule         1 iterator(s)
Spider Fusion Rule            1 iterator(s)
Pivot Rule                    1 iterator(s)
Identity Removal Rule         1 iterator(s)
Spider Fusion Rule            2 iterator(s)
Pivot Rule                    1 iterator(s)
Identity Removal Rule         1 iterator(s)
Spider Fusion Rule            1 iterator(s)
Pivot Rule                    2 iterator(s)
Identity Removal Rule         1 iterator(s)
Spider Fusion Rule            1 iterator(s)
Pivot Rule                    1 iterator(s)
Identity Removal Rule         1 iterator(s)
Spider Fusion Rule            2 iterator(s)
Pivot Rule                    2 iterator(s)
Identity Removal Rule         1 iterator(s)
Spider Fusion Rule            1 iterator(s)
Pivot Rule                    2 iterator(s)
Identity Removal Rule         1 iterator(s)
Spider Fusion Rule            1 iterator(s)
Pivot Rule                    1 iterator(s)
Identity Removal Rule         1 iterator(s)
Spider Fusion Rule            2 iterator(s)
Pivot Rule                    1 iterator(s)
Identity Removal Rule         1 iterator(s)
Spider Fusion Rule            1 iterator(s)
Pivot Rule                    1 iterator(s)
Identity Removal Rule         1 iterator(s)
Spider Fusion Rule            1 iterator(s)
Identity Removal Rule         1 iterator(s)
Spider Fusion Rule            2 iterator(s)
Pivot Rule                    1 iterator(s)
Identity Removal Rule         1 iterator(s)
Spider Fusion Rule            1 iterator(s)
Pivot Rule                    2 iterator(s)
Identity Removal Rule         1 iterator(s)
Spider Fusion Rule            1 iterator(s)
Pivot Rule                    1 iterator(s)
Identity Removal Rule         1 iterator(s)
Spider Fusion Rule            1 iterator(s)
Pivot Rule                    1 iterator(s)
Identity Removal Rule         1 iterator(s)
Spider Fusion Rule            1 iterator(s)
Pivot Rule                    3 iterator(s)
Identity Removal Rule         1 iterator(s)
Spider Fusion Rule            1 iterator(s)
Pivot Rule                    1 iterator(s)
Identity Removal Rule         1 iterator(s)
Spider Fusion Rule            3 iterator(s)
Pivot Rule                    1 iterator(s)
Identity Removal Rule         1 iterator(s)
Spider Fusion Rule            1 iterator(s)
Pivot Rule                    1 iterator(s)
Identity Removal Rule         1 iterator(s)
Spider Fusion Rule            1 iterator(s)
Pivot Rule                    2 iterator(s)
Identity Removal Rule         1 iterator(s)
Spider Fusion Rule            2 iterator(s)
Pivot Rule                    1 iterator(s)
Identity Removal Rule         1 iterator(s)
Spider Fusion Rule            1 iterator(s)
Identity Removal Rule         1 iterator(s)
Spider Fusion Rule            2 iterator(s)
Pivot Rule                    1 iterator(s)
Identity Removal Rule         1 iterator(s)
Spider Fusion Rule            1 iterator(s)
Pivot Rule                    2 iterator(s)
Identity Removal Rule         1 iterator(s)
Spider Fusion Rule            1 iterator(s)
Pivot Rule                    1 iterator(s)
Identity Removal Rule         1 iterator(s)
Spider Fusion Rule            2 iterator(s)
Pivot Rule                    1 iterator(s)
Identity Removal Rule         1 iterator(s)
Spider Fusion Rule            1 iterator(s)
Pivot Rule                    2 iterator(s)
Identity Removal Rule         1 iterator(s)
Spider Fusion Rule            1 iterator(s)
Pivot Rule                    1 iterator(s)
Identity Removal Rule         1 iterator(s)
Spider Fusion Rule            2 iterator(s)
Pivot Rule                    1 iterator(s)
Identity Removal Rule         1 iterator(s)
Spider Fusion Rule            1 iterator(s)
Pivot Rule                    1 iterator(s)
Identity Removal Rule         1 iterator(s)
Spider Fusion Rule            1 iterator(s)
Pivot Rule                    2 iterator(s)
Identity Removal Rule         1 iterator(s)
Spider Fusion Rule            2 iterator(s)
Pivot Rule                    1 iterator(s)
Identity Removal Rule         1 iterator(s)
Spider Fusion Rule            1 iterator(s)
Identity Removal Rule         1 iterator(s)
Spider Fusion Rule            1 iterator(s)
Pivot Rule                    1 iterator(s)
Identity Removal Rule         1 iterator(s)
Spider Fusion Rule            1 iterator(s)
Pivot Rule                    2 iterator(s)
Identity Removal Rule         1 iterator(s)
Spider Fusion Rule            1 iterator(s)
Pivot Rule                    1 iterator(s)
Identity Removal Rule         1 iterator(s)
Spider Fusion Rule            2 iterator(s)
Pivot Rule                    1 iterator(s)
Identity Removal Rule         1 iterator(s)
Spider Fusion Rule            1 iterator(s)
Pivot Rule                    2 iterator(s)
Identity Removal Rule         1 iterator(s)
Spider Fusion Rule            1 iterator(s)
Pivot Rule                    1 iterator(s)
Identity Removal Rule         1 iterator(s)
Spider Fusion Rule            3 iterator(s)
Pivot Rule                    1 iterator(s)
Identity Removal Rule         1 iterator(s)
Spider Fusion Rule            1 iterator(s)
Pivot Rule                    1 iterator(s)
Identity Removal Rule         1 iterator(s)
Spider Fusion Rule            1 iterator(s)
Pivot Rule                    2 iterator(s)
Identity Removal Rule         1 iterator(s)
Spider Fusion Rule            2 iterator(s)
Pivot Rule                    1 iterator(s)
Identity Removal Rule         1 iterator(s)
Spider Fusion Rule            1 iterator(s)
Identity Removal Rule         1 iterator(s)
Spider Fusion Rule            1 iterator(s)
Pivot Rule                    1 iterator(s)
Identity Removal Rule         1 iterator(s)
Spider Fusion Rule            1 iterator(s)
Pivot Rule                    2 iterator(s)
Identity Removal Rule         1 iterator(s)
Spider Fusion Rule            1 iterator(s)
Pivot Rule                    2 iterator(s)
Identity Removal Rule         1 iterator(s)
Spider Fusion Rule            1 iterator(s)
Pivot Rule                    1 iterator(s)
Identity Removal Rule         1 iterator(s)
Spider Fusion Rule            2 iterator(s)
Pivot Rule                    2 iterator(s)
Identity Removal Rule         1 iterator(s)
Spider Fusion Rule            1 iterator(s)
Pivot Rule                    2 iterator(s)
Identity Removal Rule         1 iterator(s)
Spider Fusion Rule            1 iterator(s)
Pivot Rule                    1 iterator(s)
Identity Removal Rule         1 iterator(s)
Spider Fusion Rule            2 iterator(s)
Pivot Rule                    1 iterator(s)
Identity Removal Rule         1 iterator(s)
Spider Fusion Rule            1 iterator(s)
Pivot Rule                    3 iterator(s)
Identity Removal Rule         1 iterator(s)
Spider Fusion Rule            1 iterator(s)
Pivot Rule                    1 iterator(s)
Identity Removal Rule         1 iterator(s)
Spider Fusion Rule            2 iterator(s)
Pivot Rule                    1 iterator(s)
Identity Removal Rule         1 iterator(s)
Spider Fusion Rule            1 iterator(s)
Pivot Rule                    1 iterator(s)
Identity Removal Rule         1 iterator(s)
Spider Fusion Rule            1 iterator(s)
Identity Removal Rule         1 iterator(s)
Spider Fusion Rule            1 iterator(s)
Pivot Rule                    1 iterator(s)
Identity Removal Rule         1 iterator(s)
Spider Fusion Rule            1 iterator(s)
Pivot Rule                    2 iterator(s)
Identity Removal Rule         1 iterator(s)
Spider Fusion Rule            1 iterator(s)
Pivot Rule                    1 iterator(s)
Identity Removal Rule         1 iterator(s)
Spider Fusion Rule            2 iterator(s)
Pivot Rule                    1 iterator(s)
Identity Removal Rule         1 iterator(s)
Spider Fusion Rule            1 iterator(s)
Pivot Rule                    1 iterator(s)
Identity Removal Rule         1 iterator(s)
Spider Fusion Rule            1 iterator(s)
Identity Removal Rule         1 iterator(s)
Spider Fusion Rule            1 iterator(s)
Pivot Rule                    1 iterator(s)
Identity Removal Rule         1 iterator(s)
Spider Fusion Rule            1 iterator(s)
Pivot Rule                    2 iterator(s)
Identity Removal Rule         1 iterator(s)
Spider Fusion Rule            1 iterator(s)
Pivot Rule                    1 iterator(s)
Identity Removal Rule         1 iterator(s)
Spider Fusion Rule            2 iterator(s)
Pivot Rule                    1 iterator(s)
Identity Removal Rule         1 iterator(s)
Spider Fusion Rule            1 iterator(s)
Pivot Rule                    2 iterator(s)
Identity Removal Rule         1 iterator(s)
Spider Fusion Rule            1 iterator(s)
Pivot Rule                    1 iterator(s)
Identity Removal Rule         1 iterator(s)
Spider Fusion Rule            2 iterator(s)
Pivot Rule                    2 iterator(s)
Identity Removal Rule         1 iterator(s)
Spider Fusion Rule            1 iterator(s)
Pivot Rule                    2 iterator(s)
Identity Removal Rule         1 iterator(s)
Spider Fusion Rule            1 iterator(s)
Pivot Rule                    1 iterator(s)
Identity Removal Rule         1 iterator(s)
Spider Fusion Rule            1 iterator(s)
Pivot Rule                    1 iterator(s)
Identity Removal Rule         1 iterator(s)
Spider Fusion Rule            2 iterator(s)
Pivot Rule                    1 iterator(s)
Identity Removal Rule         1 iterator(s)
Spider Fusion Rule            1 iterator(s)
Pivot Rule                    1 iterator(s)
Identity Removal Rule         1 iterator(s)
Spider Fusion Rule            1 iterator(s)
Identity Removal Rule         1 iterator(s)
Spider Fusion Rule            1 iterator(s)
Pivot Rule                    1 iterator(s)
Identity Removal Rule         1 iterator(s)
Spider Fusion Rule            1 iterator(s)
Pivot Rule                    2 iterator(s)
Identity Removal Rule         1 iterator(s)
Spider Fusion Rule            1 iterator(s)
Pivot Rule                    1 iterator(s)
Identity Removal Rule         1 iterator(s)
Spider Fusion Rule            2 iterator(s)
Pivot Rule                    1 iterator(s)
Identity Removal Rule         1 iterator(s)
Spider Fusion Rule            1 iterator(s)
Pivot Rule                    2 iterator(s)
Identity Removal Rule         1 iterator(s)
Spider Fusion Rule            1 iterator(s)
Pivot Rule                    1 iterator(s)
Identity Removal Rule         1 iterator(s)
Spider Fusion Rule            2 iterator(s)
Pivot Rule                    1 iterator(s)
Identity Removal Rule         1 iterator(s)
Spider Fusion Rule            1 iterator(s)
Pivot Rule                    1 iterator(s)
Identity Removal Rule         1 iterator(s)
Spider Fusion Rule            2 iterator(s)
Pivot Rule                    2 iterator(s)
Identity Removal Rule         1 iterator(s)
Spider Fusion Rule            2 iterator(s)
Pivot Rule                    1 iterator(s)
Local Complementary Rule      2 iterator(s)
Identity Removal Rule         1 iterator(s)
Spider Fusion Rule            1 iterator(s)
Identity Removal Rule         1 iterator(s)
Spider Fusion Rule            2 iterator(s)
Pivot Rule                    1 iterator(s)
Identity Removal Rule         1 iterator(s)
Spider Fusion Rule            1 iterator(s)
Pivot Rule                    1 iterator(s)
Local Complementary Rule      2 iterator(s)
Identity Removal Rule         1 iterator(s)
Spider Fusion Rule            1 iterator(s)
Pivot Rule                    2 iterator(s)
Identity Removal Rule         1 iterator(s)
Spider Fusion Rule            1 iterator(s)
Pivot Rule                    1 iterator(s)
Identity Removal Rule         1 iterator(s)
Spider Fusion Rule            1 iterator(s)
Pivot Rule                    1 iterator(s)
Identity Removal Rule         1 iterator(s)
Spider Fusion Rule            2 iterator(s)
Pivot Rule                    2 iterator(s)
Identity Removal Rule         1 iterator(s)
Spider Fusion Rule            1 iterator(s)
Pivot Rule                    1 iterator(s)
Identity Removal Rule         1 iterator(s)
Spider Fusion Rule            2 iterator(s)
Pivot Rule                    1 iterator(s)
Identity Removal Rule         1 iterator(s)
Spider Fusion Rule            2 iterator(s)
Pivot Rule                    1 iterator(s)
Identity Removal Rule         1 iterator(s)
Spider Fusion Rule            1 iterator(s)
Identity Removal Rule         1 iterator(s)
Spider Fusion Rule            2 iterator(s)
Pivot Rule                    1 iterator(s)
Identity Removal Rule         1 iterator(s)
Spider Fusion Rule            1 iterator(s)
Pivot Rule                    2 iterator(s)
Identity Removal Rule         1 iterator(s)
Spider Fusion Rule            1 iterator(s)
Pivot Rule                    1 iterator(s)
Identity Removal Rule         1 iterator(s)
Spider Fusion Rule            2 iterator(s)
Pivot Rule                    1 iterator(s)
Identity Removal Rule         1 iterator(s)
Spider Fusion Rule            1 iterator(s)
Pivot Rule                    2 iterator(s)
Identity Removal Rule         1 iterator(s)
Spider Fusion Rule            1 iterator(s)
Pivot Rule                    1 iterator(s)
Identity Removal Rule         1 iterator(s)
Spider Fusion Rule            2 iterator(s)
Pivot Rule                    1 iterator(s)
Identity Removal Rule         1 iterator(s)
Spider Fusion Rule            1 iterator(s)
Pivot Rule                    1 iterator(s)
Identity Removal Rule         1 iterator(s)
Spider Fusion Rule            2 iterator(s)
Pivot Rule                    2 iterator(s)
Identity Removal Rule         1 iterator(s)
Spider Fusion Rule            2 iterator(s)
Pivot Rule                    1 iterator(s)
Identity Removal Rule         1 iterator(s)
Spider Fusion Rule            1 iterator(s)
Identity Removal Rule         1 iterator(s)
Spider Fusion Rule            2 iterator(s)
Pivot Rule                    1 iterator(s)
Identity Removal Rule         1 iterator(s)
Spider Fusion Rule            1 iterator(s)
Pivot Rule                    3 iterator(s)
Identity Removal Rule         1 iterator(s)
Spider Fusion Rule            1 iterator(s)
Pivot Rule                    2 iterator(s)
Identity Removal Rule         1 iterator(s)
Spider Fusion Rule            2 iterator(s)
Pivot Rule                    1 iterator(s)
Identity Removal Rule         1 iterator(s)
Spider Fusion Rule            2 iterator(s)
Pivot Rule                    2 iterator(s)
Identity Removal Rule         1 iterator(s)
Spider Fusion Rule            1 iterator(s)
Pivot Rule                    1 iterator(s)
Identity Removal Rule         1 iterator(s)
Spider Fusion Rule            1 iterator(s)
Identity Removal Rule         1 iterator(s)
Spider Fusion Rule            2 iterator(s)
Pivot Rule                    1 iterator(s)
Identity Removal Rule         1 iterator(s)
Spider Fusion Rule            1 iterator(s)
Pivot Rule                    2 iterator(s)
Identity Removal Rule         1 iterator(s)
Spider Fusion Rule            1 iterator(s)
Pivot Rule                    1 iterator(s)
Identity Removal Rule         1 iterator(s)
Spider Fusion Rule            1 iterator(s)
Pivot Rule                    1 iterator(s)
Identity Removal Rule         1 iterator(s)
Spider Fusion Rule            1 iterator(s)
Pivot Rule                    1 iterator(s)
Identity Removal Rule         1 iterator(s)
Spider Fusion Rule            1 iterator(s)
Identity Removal Rule         1 iterator(s)
Spider Fusion Rule            1 iterator(s)
Pivot Rule                    1 iterator(s)
Identity Removal Rule         1 iterator(s)
Spider Fusion Rule            1 iterator(s)
Pivot Rule                    2 iterator(s)
Identity Removal Rule         1 iterator(s)
Spider Fusion Rule            1 iterator(s)
Pivot Rule                    1 iterator(s)
Identity Removal Rule         1 iterator(s)
Spider Fusion Rule            2 iterator(s)
Pivot Rule                    1 iterator(s)
Identity Removal Rule         1 iterator(s)
Spider Fusion Rule            1 iterator(s)
Pivot Rule                    1 iterator(s)
Identity Removal Rule         1 iterator(s)
Spider Fusion Rule            1 iterator(s)
Identity Removal Rule         1 iterator(s)
Spider Fusion Rule            2 iterator(s)
Pivot Rule                    1 iterator(s)
Identity Removal Rule         1 iterator(s)
Spider Fusion Rule            1 iterator(s)
Pivot Rule                    2 iterator(s)
Identity Removal Rule         1 iterator(s)
Spider Fusion Rule            1 iterator(s)
Pivot Rule                    1 iterator(s)
Identity Removal Rule         1 iterator(s)
Spider Fusion Rule            2 iterator(s)
Pivot Rule                    1 iterator(s)
Identity Removal Rule         1 iterator(s)
Spider Fusion Rule            1 iterator(s)
Pivot Rule                    1 iterator(s)
Identity Removal Rule         1 iterator(s)
Spider Fusion Rule            1 iterator(s)
Pivot Rule                    1 iterator(s)
Identity Removal Rule         1 iterator(s)
Spider Fusion Rule            2 iterator(s)
Pivot Rule                    2 iterator(s)
Identity Removal Rule         1 iterator(s)
Spider Fusion Rule            1 iterator(s)
Pivot Rule                    2 iterator(s)
Identity Removal Rule         1 iterator(s)
Spider Fusion Rule            1 iterator(s)
Pivot Rule                    1 iterator(s)
Identity Removal Rule         1 iterator(s)
Spider Fusion Rule            2 iterator(s)
Pivot Rule                    1 iterator(s)
Identity Removal Rule         1 iterator(s)
Spider Fusion Rule            1 iterator(s)
Pivot Rule                    1 iterator(s)
Identity Removal Rule         1 iterator(s)
Spider Fusion Rule            1 iterator(s)
Identity Removal Rule         1 iterator(s)
Spider Fusion Rule            2 iterator(s)
Pivot Rule                    1 iterator(s)
Identity Removal Rule         1 iterator(s)
Spider Fusion Rule            1 iterator(s)
Pivot Rule                    2 iterator(s)
Identity Removal Rule         1 iterator(s)
Spider Fusion Rule            1 iterator(s)
Pivot Rule                    1 iterator(s)
Identity Removal Rule         1 iterator(s)
Spider Fusion Rule            2 iterator(s)
Pivot Rule                    1 iterator(s)
Identity Removal Rule         1 iterator(s)
Spider Fusion Rule            1 iterator(s)
Pivot Rule                    2 iterator(s)
Identity Removal Rule         1 iterator(s)
Spider Fusion Rule            1 iterator(s)
Pivot Rule                    1 iterator(s)
Identity Removal Rule         1 iterator(s)
Spider Fusion Rule            3 iterator(s)
Pivot Rule                    1 iterator(s)
Identity Removal Rule         1 iterator(s)
Spider Fusion Rule            1 iterator(s)
Pivot Rule                    1 iterator(s)
Identity Removal Rule         1 iterator(s)
Spider Fusion Rule            2 iterator(s)
Pivot Rule                    2 iterator(s)
Identity Removal Rule         1 iterator(s)
Spider Fusion Rule            2 iterator(s)
Pivot Rule                    1 iterator(s)
Identity Removal Rule         1 iterator(s)
Spider Fusion Rule            1 iterator(s)
Identity Removal Rule         1 iterator(s)
Spider Fusion Rule            2 iterator(s)
Pivot Rule                    1 iterator(s)
Identity Removal Rule         1 iterator(s)
Spider Fusion Rule            1 iterator(s)
Pivot Rule                    2 iterator(s)
Identity Removal Rule         1 iterator(s)
Spider Fusion Rule            1 iterator(s)
Pivot Rule                    1 iterator(s)
Identity Removal Rule         1 iterator(s)
Spider Fusion Rule            2 iterator(s)
Pivot Rule                    1 iterator(s)
Identity Removal Rule         1 iterator(s)
Spider Fusion Rule            1 iterator(s)
Pivot Rule                    2 iterator(s)
Identity Removal Rule         1 iterator(s)
Spider Fusion Rule            1 iterator(s)
Pivot Rule                    1 iterator(s)
Identity Removal Rule         1 iterator(s)
Spider Fusion Rule            3 iterator(s)
Pivot Rule                    1 iterator(s)
Identity Removal Rule         1 iterator(s)
Spider Fusion Rule            1 iterator(s)
Pivot Rule                    1 iterator(s)
Identity Removal Rule         1 iterator(s)
Spider Fusion Rule            2 iterator(s)
Pivot Rule                    2 iterator(s)
Identity Removal Rule         1 iterator(s)
Spider Fusion Rule            2 iterator(s)
Pivot Rule                    1 iterator(s)
Identity Removal Rule         1 iterator(s)
Spider Fusion Rule            1 iterator(s)
Identity Removal Rule         1 iterator(s)
Spider Fusion Rule            2 iterator(s)
Pivot Rule                    1 iterator(s)
Identity Removal Rule         1 iterator(s)
Spider Fusion Rule            1 iterator(s)
Pivot Rule                    2 iterator(s)
Identity Removal Rule         1 iterator(s)
Spider Fusion Rule            1 iterator(s)
Pivot Rule                    1 iterator(s)
Identity Removal Rule         1 iterator(s)
Spider Fusion Rule            2 iterator(s)
Pivot Rule                    1 iterator(s)
Identity Removal Rule         1 iterator(s)
Spider Fusion Rule            1 iterator(s)
Pivot Rule                    3 iterator(s)
Identity Removal Rule         1 iterator(s)
Spider Fusion Rule            1 iterator(s)
Pivot Rule                    1 iterator(s)
Identity Removal Rule         1 iterator(s)
Spider Fusion Rule            2 iterator(s)
Pivot Rule                    1 iterator(s)
Identity Removal Rule         1 iterator(s)
Spider Fusion Rule            1 iterator(s)
Pivot Rule                    1 iterator(s)
Identity Removal Rule         1 iterator(s)
Spider Fusion Rule            2 iterator(s)
Pivot Rule                    2 iterator(s)
Identity Removal Rule         1 iterator(s)
Spider Fusion Rule            2 iterator(s)
Pivot Rule                    1 iterator(s)
Identity Removal Rule         1 iterator(s)
Spider Fusion Rule            1 iterator(s)
Identity Removal Rule         1 iterator(s)
Spider Fusion Rule            2 iterator(s)
Pivot Rule                    1 iterator(s)
Identity Removal Rule         1 iterator(s)
Spider Fusion Rule            1 iterator(s)
Pivot Rule                    3 iterator(s)
Identity Removal Rule         1 iterator(s)
Spider Fusion Rule            1 iterator(s)
Pivot Rule                    2 iterator(s)
Identity Removal Rule         2 iterator(s)
Spider Fusion Rule            1 iterator(s)
Pivot Rule                    1 iterator(s)
Identity Removal Rule         1 iterator(s)
Spider Fusion Rule            2 iterator(s)
Pivot Rule                    2 iterator(s)
Identity Removal Rule         1 iterator(s)
Spider Fusion Rule            1 iterator(s)
Pivot Rule                    1 iterator(s)
Identity Removal Rule         1 iterator(s)
Spider Fusion Rule            1 iterator(s)
Identity Removal Rule         1 iterator(s)
Spider Fusion Rule            2 iterator(s)
Pivot Rule                    1 iterator(s)
Identity Removal Rule         1 iterator(s)
Spider Fusion Rule            1 iterator(s)
Pivot Rule                    3 iterator(s)
Identity Removal Rule         1 iterator(s)
Spider Fusion Rule            1 iterator(s)
Pivot Rule                    1 iterator(s)
Identity Removal Rule         1 iterator(s)
Spider Fusion Rule            2 iterator(s)
Pivot Rule                    1 iterator(s)
Identity Removal Rule         1 iterator(s)
Spider Fusion Rule            1 iterator(s)
Pivot Rule                    2 iterator(s)
Identity Removal Rule         1 iterator(s)
Spider Fusion Rule            1 iterator(s)
Pivot Rule                    1 iterator(s)
Identity Removal Rule         1 iterator(s)
Spider Fusion Rule            1 iterator(s)
Pivot Rule                    1 iterator(s)
Identity Removal Rule         1 iterator(s)
Spider Fusion Rule            1 iterator(s)
Pivot Rule                    2 iterator(s)
Identity Removal Rule         1 iterator(s)
Spider Fusion Rule            1 iterator(s)
Pivot Rule                    2 iterator(s)
Identity Removal Rule         2 iterator(s)
Spider Fusion Rule            1 iterator(s)
Pivot Rule                    1 iterator(s)
Identity Removal Rule         1 iterator(s)
Spider Fusion Rule            1 iterator(s)
Pivot Rule                    2 iterator(s)
Identity Removal Rule         1 iterator(s)
Spider Fusion Rule            1 iterator(s)
Pivot Rule                    1 iterator(s)
Identity Removal Rule         1 iterator(s)
Spider Fusion Rule            1 iterator(s)
Pivot Rule                    2 iterator(s)
Identity Removal Rule         2 iterator(s)

qsyn> zxgp
Graph 1
Inputs:        16
Outputs:       16
Vertices:      32
Edges:         16

qsyn> zxgp -v

ID:	1	VertexType:	●	Qubit:	0	Phase:	0	#Neighbors:	1	(2595, -) 
ID:	3	VertexType:	●	Qubit:	1	Phase:	0	#Neighbors:	1	(2596, -) 
ID:	5	VertexType:	●	Qubit:	2	Phase:	0	#Neighbors:	1	(2597, -) 
ID:	7	VertexType:	●	Qubit:	3	Phase:	0	#Neighbors:	1	(2598, -) 
ID:	9	VertexType:	●	Qubit:	4	Phase:	0	#Neighbors:	1	(2599, -) 
ID:	11	VertexType:	●	Qubit:	5	Phase:	0	#Neighbors:	1	(2600, -) 
ID:	13	VertexType:	●	Qubit:	6	Phase:	0	#Neighbors:	1	(2601, -) 
ID:	15	VertexType:	●	Qubit:	7	Phase:	0	#Neighbors:	1	(2602, -) 
ID:	17	VertexType:	●	Qubit:	8	Phase:	0	#Neighbors:	1	(2603, -) 
ID:	19	VertexType:	●	Qubit:	9	Phase:	0	#Neighbors:	1	(2604, -) 
ID:	21	VertexType:	●	Qubit:	10	Phase:	0	#Neighbors:	1	(2605, -) 
ID:	23	VertexType:	●	Qubit:	11	Phase:	0	#Neighbors:	1	(2606, -) 
ID:	25	VertexType:	●	Qubit:	12	Phase:	0	#Neighbors:	1	(2607, -) 
ID:	27	VertexType:	●	Qubit:	13	Phase:	0	#Neighbors:	1	(2608, -) 
ID:	29	VertexType:	●	Qubit:	14	Phase:	0	#Neighbors:	1	(2609, -) 
ID:	31	VertexType:	●	Qubit:	15	Phase:	0	#Neighbors:	1	(2610, -) 
ID:	2595	VertexType:	●	Qubit:	0	Phase:	0	#Neighbors:	1	(1, -) 
ID:	2596	VertexType:	●	Qubit:	1	Phase:	0	#Neighbors:	1	(3, -) 
ID:	2597	VertexType:	●	Qubit:	2	Phase:	0	#Neighbors:	1	(5, -) 
ID:	2598	VertexType:	●	Qubit:	3	Phase:	0	#Neighbors:	1	(7, -) 
ID:	2599	VertexType:	●	Qubit:	4	Phase:	0	#Neighbors:	1	(9, -) 
ID:	2600	VertexType:	●	Qubit:	5	Phase:	0	#Neighbors:	1	(11, -) 
ID:	2601	VertexType:	●	Qubit:	6	Phase:	0	#Neighbors:	1	(13, -) 
ID:	2602	VertexType:	●	Qubit:	7	Phase:	0	#Neighbors:	1	(15, -) 
ID:	2603	VertexType:	●	Qubit:	8	Phase:	0	#Neighbors:	1	(17, -) 
ID:	2604	VertexType:	●	Qubit:	9	Phase:	0	#Neighbors:	1	(19, -) 
ID:	2605	VertexType:	●	Qubit:	10	Phase:	0	#Neighbors:	1	(21, -) 
ID:	2606	VertexType:	●	Qubit:	11	Phase:	0	#Neighbors:	1	(23, -) 
ID:	2607	VertexType:	●	Qubit:	12	Phase:	0	#Neighbors:	1	(25, -) 
ID:	2608	VertexType:	●	Qubit:	13	Phase:	0	#Neighbors:	1	(27, -) 
ID:	2609	VertexType:	●	Qubit:	14	Phase:	0	#Neighbors:	1	(29, -) 
ID:	2610	VertexType:	●	Qubit:	15	Phase:	0	#Neighbors:	1	(31, -) 
Total #Vertices: 32


qsyn> usage
Period time used : 8.23 seconds
Total time used  : 8.23 seconds
Total memory used: 5.781 M Bytes

qsyn> q -f

