DV Lab, NTUEE, Qsyn 0.3.0
qsyn> ver 1
Note: verbose level is set to 1

qsyn> zxm -on
Illegal command!! (zxm)

qsyn> qccread benchmark/benchmark_SABRE/large/adr4_197.qasm
Note: QCir list is empty now. Create a new one.

qsyn> qc2zx

qsyn> zxgp
Graph 0( 16 inputs, 16 outputs, 4969 vertices, 6451 edges )

qsyn> zxcopy

qsyn> zxgadjoint

qsyn> zxcompose 0

qsyn> zxgprint
Graph 1( 16 inputs, 16 outputs, 9938 vertices, 12918 edges )

qsyn> zxgs -fr
Spider Fusion Rule            4 iteration(s)
Identity Removal Rule         1 iteration(s)
Spider Fusion Rule            2 iteration(s)
Pivot Rule                    2 iteration(s)
Identity Removal Rule         1 iteration(s)
Spider Fusion Rule            1 iteration(s)
Pivot Rule                    2 iteration(s)
Identity Removal Rule         1 iteration(s)
Spider Fusion Rule            1 iteration(s)
Pivot Rule                    1 iteration(s)
Identity Removal Rule         1 iteration(s)
Spider Fusion Rule            1 iteration(s)
Pivot Rule                    1 iteration(s)
Identity Removal Rule         1 iteration(s)
Spider Fusion Rule            1 iteration(s)
Pivot Rule                    1 iteration(s)
Identity Removal Rule         1 iteration(s)
Spider Fusion Rule            1 iteration(s)
Identity Removal Rule         1 iteration(s)
Spider Fusion Rule            1 iteration(s)
Pivot Rule                    1 iteration(s)
Identity Removal Rule         1 iteration(s)
Spider Fusion Rule            1 iteration(s)
Pivot Rule                    2 iteration(s)
Identity Removal Rule         1 iteration(s)
Spider Fusion Rule            1 iteration(s)
Pivot Rule                    1 iteration(s)
Identity Removal Rule         1 iteration(s)
Spider Fusion Rule            1 iteration(s)
Pivot Rule                    1 iteration(s)
Identity Removal Rule         1 iteration(s)
Spider Fusion Rule            1 iteration(s)
Pivot Rule                    1 iteration(s)
Identity Removal Rule         1 iteration(s)
Spider Fusion Rule            1 iteration(s)
Identity Removal Rule         1 iteration(s)
Spider Fusion Rule            1 iteration(s)
Pivot Rule                    1 iteration(s)
Identity Removal Rule         1 iteration(s)
Spider Fusion Rule            1 iteration(s)
Pivot Rule                    2 iteration(s)
Identity Removal Rule         1 iteration(s)
Spider Fusion Rule            1 iteration(s)
Pivot Rule                    1 iteration(s)
Identity Removal Rule         1 iteration(s)
Spider Fusion Rule            1 iteration(s)
Pivot Rule                    1 iteration(s)
Identity Removal Rule         1 iteration(s)
Spider Fusion Rule            1 iteration(s)
Pivot Rule                    1 iteration(s)
Identity Removal Rule         1 iteration(s)
Spider Fusion Rule            1 iteration(s)
Identity Removal Rule         1 iteration(s)
Spider Fusion Rule            1 iteration(s)
Pivot Rule                    1 iteration(s)
Identity Removal Rule         1 iteration(s)
Spider Fusion Rule            1 iteration(s)
Pivot Rule                    2 iteration(s)
Identity Removal Rule         1 iteration(s)
Spider Fusion Rule            1 iteration(s)
Pivot Rule                    1 iteration(s)
Identity Removal Rule         1 iteration(s)
Spider Fusion Rule            1 iteration(s)
Pivot Rule                    1 iteration(s)
Identity Removal Rule         1 iteration(s)
Spider Fusion Rule            1 iteration(s)
Pivot Rule                    1 iteration(s)
Identity Removal Rule         1 iteration(s)
Spider Fusion Rule            1 iteration(s)
Pivot Rule                    1 iteration(s)
Identity Removal Rule         1 iteration(s)
Spider Fusion Rule            1 iteration(s)
Pivot Rule                    1 iteration(s)
Identity Removal Rule         1 iteration(s)
Spider Fusion Rule            1 iteration(s)
Pivot Rule                    2 iteration(s)
Identity Removal Rule         1 iteration(s)
Spider Fusion Rule            1 iteration(s)
Pivot Rule                    1 iteration(s)
Identity Removal Rule         1 iteration(s)
Spider Fusion Rule            1 iteration(s)
Pivot Rule                    1 iteration(s)
Identity Removal Rule         1 iteration(s)
Spider Fusion Rule            1 iteration(s)
Pivot Rule                    1 iteration(s)
Identity Removal Rule         1 iteration(s)
Spider Fusion Rule            1 iteration(s)
Pivot Rule                    1 iteration(s)
Identity Removal Rule         1 iteration(s)
Spider Fusion Rule            1 iteration(s)
Identity Removal Rule         1 iteration(s)
Spider Fusion Rule            1 iteration(s)
Pivot Rule                    1 iteration(s)
Identity Removal Rule         1 iteration(s)
Spider Fusion Rule            1 iteration(s)
Pivot Rule                    2 iteration(s)
Identity Removal Rule         1 iteration(s)
Spider Fusion Rule            1 iteration(s)
Pivot Rule                    1 iteration(s)
Identity Removal Rule         1 iteration(s)
Spider Fusion Rule            1 iteration(s)
Pivot Rule                    1 iteration(s)
Identity Removal Rule         1 iteration(s)
Spider Fusion Rule            1 iteration(s)
Pivot Rule                    2 iteration(s)
Identity Removal Rule         1 iteration(s)
Spider Fusion Rule            1 iteration(s)
Pivot Rule                    1 iteration(s)
Identity Removal Rule         1 iteration(s)
Spider Fusion Rule            2 iteration(s)
Pivot Rule                    2 iteration(s)
Identity Removal Rule         1 iteration(s)
Spider Fusion Rule            1 iteration(s)
Pivot Rule                    1 iteration(s)
Identity Removal Rule         1 iteration(s)
Spider Fusion Rule            2 iteration(s)
Pivot Rule                    2 iteration(s)
Identity Removal Rule         1 iteration(s)
Spider Fusion Rule            1 iteration(s)
Pivot Rule                    1 iteration(s)
Identity Removal Rule         1 iteration(s)
Spider Fusion Rule            1 iteration(s)
Identity Removal Rule         1 iteration(s)
Spider Fusion Rule            1 iteration(s)
Pivot Rule                    1 iteration(s)
Identity Removal Rule         1 iteration(s)
Spider Fusion Rule            1 iteration(s)
Pivot Rule                    2 iteration(s)
Identity Removal Rule         1 iteration(s)
Spider Fusion Rule            1 iteration(s)
Pivot Rule                    1 iteration(s)
Identity Removal Rule         1 iteration(s)
Spider Fusion Rule            1 iteration(s)
Pivot Rule                    1 iteration(s)
Identity Removal Rule         1 iteration(s)
Spider Fusion Rule            1 iteration(s)
Pivot Rule                    1 iteration(s)
Identity Removal Rule         1 iteration(s)
Spider Fusion Rule            1 iteration(s)
Pivot Rule                    1 iteration(s)
Local Complementation Rule    2 iteration(s)
Identity Removal Rule         1 iteration(s)
Spider Fusion Rule            1 iteration(s)
Pivot Rule                    2 iteration(s)
Identity Removal Rule         1 iteration(s)
Spider Fusion Rule            1 iteration(s)
Pivot Rule                    1 iteration(s)
Identity Removal Rule         1 iteration(s)
Spider Fusion Rule            1 iteration(s)
Pivot Rule                    2 iteration(s)
Identity Removal Rule         1 iteration(s)
Spider Fusion Rule            1 iteration(s)
Pivot Rule                    1 iteration(s)
Identity Removal Rule         1 iteration(s)
Spider Fusion Rule            1 iteration(s)
Pivot Rule                    2 iteration(s)
Identity Removal Rule         1 iteration(s)
Spider Fusion Rule            1 iteration(s)
Pivot Rule                    1 iteration(s)
Identity Removal Rule         1 iteration(s)
Spider Fusion Rule            1 iteration(s)
Pivot Rule                    2 iteration(s)
Identity Removal Rule         1 iteration(s)
Spider Fusion Rule            1 iteration(s)
Pivot Rule                    1 iteration(s)
Identity Removal Rule         1 iteration(s)
Spider Fusion Rule            1 iteration(s)
Pivot Rule                    2 iteration(s)
Identity Removal Rule         1 iteration(s)
Spider Fusion Rule            1 iteration(s)
Pivot Rule                    1 iteration(s)
Identity Removal Rule         1 iteration(s)
Spider Fusion Rule            1 iteration(s)
Pivot Rule                    2 iteration(s)
Identity Removal Rule         1 iteration(s)
Spider Fusion Rule            1 iteration(s)
Pivot Rule                    1 iteration(s)
Identity Removal Rule         1 iteration(s)
Spider Fusion Rule            1 iteration(s)
Pivot Rule                    2 iteration(s)
Identity Removal Rule         1 iteration(s)
Spider Fusion Rule            1 iteration(s)
Pivot Rule                    1 iteration(s)
Identity Removal Rule         1 iteration(s)
Spider Fusion Rule            1 iteration(s)
Pivot Rule                    1 iteration(s)
Identity Removal Rule         1 iteration(s)
Spider Fusion Rule            1 iteration(s)
Pivot Rule                    1 iteration(s)
Identity Removal Rule         1 iteration(s)
Spider Fusion Rule            1 iteration(s)
Pivot Rule                    1 iteration(s)
Pivot Gadget Rule             13 iteration(s)
Identity Removal Rule         1 iteration(s)
Spider Fusion Rule            39 iteration(s)
Pivot Rule                    5 iteration(s)
Local Complementation Rule    69 iteration(s)
Identity Removal Rule         1 iteration(s)
Spider Fusion Rule            1 iteration(s)
Pivot Rule                    4 iteration(s)
Local Complementation Rule    18 iteration(s)
Identity Removal Rule         1 iteration(s)
Spider Fusion Rule            57 iteration(s)
Pivot Rule                    1 iteration(s)
Local Complementation Rule    6 iteration(s)
Identity Removal Rule         1 iteration(s)
Spider Fusion Rule            1 iteration(s)
Pivot Rule                    1 iteration(s)
Local Complementation Rule    4 iteration(s)
Identity Removal Rule         1 iteration(s)
Spider Fusion Rule            7 iteration(s)
Pivot Rule                    1 iteration(s)
Local Complementation Rule    2 iteration(s)
Identity Removal Rule         1 iteration(s)
Spider Fusion Rule            1 iteration(s)
Pivot Rule                    2 iteration(s)
Identity Removal Rule         1 iteration(s)
Spider Fusion Rule            1 iteration(s)
Local Complementation Rule    2 iteration(s)
Identity Removal Rule         1 iteration(s)
Spider Fusion Rule            1 iteration(s)
Pivot Rule                    2 iteration(s)
Identity Removal Rule         1 iteration(s)
Spider Fusion Rule            33 iteration(s)
Local Complementation Rule    2 iteration(s)
Identity Removal Rule         1 iteration(s)
Spider Fusion Rule            1 iteration(s)
Pivot Boundary Rule           3 iteration(s)
Identity Removal Rule         1 iteration(s)
Spider Fusion Rule            1 iteration(s)
Local Complementation Rule    4 iteration(s)
Phase Gadget Rule             1 iteration(s)
Identity Removal Rule         1 iteration(s)
Spider Fusion Rule            1 iteration(s)
Pivot Rule                    1 iteration(s)
Local Complementation Rule    119 iteration(s)
Pivot Gadget Rule             1 iteration(s)
Identity Removal Rule         1 iteration(s)
Spider Fusion Rule            1 iteration(s)
Pivot Rule                    1 iteration(s)
Identity Removal Rule         1 iteration(s)
Spider Fusion Rule            1 iteration(s)
Pivot Rule                    1 iteration(s)
Identity Removal Rule         1 iteration(s)
Spider Fusion Rule            1 iteration(s)
Pivot Rule                    1 iteration(s)
Identity Removal Rule         1 iteration(s)
Spider Fusion Rule            1 iteration(s)
Pivot Rule                    1 iteration(s)
Identity Removal Rule         1 iteration(s)
Spider Fusion Rule            1 iteration(s)
Pivot Gadget Rule             1 iteration(s)
Identity Removal Rule         1 iteration(s)
Spider Fusion Rule            1 iteration(s)
Pivot Rule                    1 iteration(s)
Identity Removal Rule         1 iteration(s)
Spider Fusion Rule            1 iteration(s)
Pivot Rule                    1 iteration(s)
Identity Removal Rule         1 iteration(s)
Spider Fusion Rule            1 iteration(s)
Pivot Rule                    1 iteration(s)
Pivot Gadget Rule             2 iteration(s)
Identity Removal Rule         1 iteration(s)
Spider Fusion Rule            1 iteration(s)
Pivot Rule                    4 iteration(s)
Local Complementation Rule    2 iteration(s)
Identity Removal Rule         1 iteration(s)
Spider Fusion Rule            1 iteration(s)
Local Complementation Rule    2 iteration(s)
Identity Removal Rule         1 iteration(s)
Spider Fusion Rule            1 iteration(s)
Local Complementation Rule    2 iteration(s)
Pivot Rule                    1 iteration(s)
Identity Removal Rule         1 iteration(s)
Spider Fusion Rule            1 iteration(s)
Identity Removal Rule         1 iteration(s)
Spider Fusion Rule            1 iteration(s)
Local Complementation Rule    2 iteration(s)
Identity Removal Rule         1 iteration(s)
Spider Fusion Rule            1 iteration(s)
Pivot Rule                    2 iteration(s)
Identity Removal Rule         1 iteration(s)
Spider Fusion Rule            1 iteration(s)
Identity Removal Rule         1 iteration(s)
Spider Fusion Rule            1 iteration(s)
Pivot Rule                    1 iteration(s)
Identity Removal Rule         1 iteration(s)
Spider Fusion Rule            1 iteration(s)
Identity Removal Rule         1 iteration(s)
Spider Fusion Rule            1 iteration(s)
Pivot Rule                    1 iteration(s)
Identity Removal Rule         1 iteration(s)
Spider Fusion Rule            1 iteration(s)
Pivot Rule                    3 iteration(s)
Identity Removal Rule         1 iteration(s)
Spider Fusion Rule            1 iteration(s)
Identity Removal Rule         1 iteration(s)
Spider Fusion Rule            1 iteration(s)
Local Complementation Rule    2 iteration(s)
Identity Removal Rule         1 iteration(s)
Spider Fusion Rule            1 iteration(s)
Phase Gadget Rule             1 iteration(s)
Pivot Rule                    1 iteration(s)
Pivot Gadget Rule             1 iteration(s)
Phase Gadget Rule             1 iteration(s)
Identity Removal Rule         1 iteration(s)
Spider Fusion Rule            1 iteration(s)
Pivot Rule                    2 iteration(s)
Local Complementation Rule    2 iteration(s)
Identity Removal Rule         1 iteration(s)
Spider Fusion Rule            1 iteration(s)
Pivot Rule                    1 iteration(s)
Identity Removal Rule         1 iteration(s)
Spider Fusion Rule            1 iteration(s)
Local Complementation Rule    2 iteration(s)
Identity Removal Rule         1 iteration(s)
Spider Fusion Rule            1 iteration(s)
Pivot Rule                    1 iteration(s)
Identity Removal Rule         1 iteration(s)
Spider Fusion Rule            1 iteration(s)
Pivot Rule                    2 iteration(s)
Identity Removal Rule         1 iteration(s)
Spider Fusion Rule            1 iteration(s)
Identity Removal Rule         1 iteration(s)
Spider Fusion Rule            1 iteration(s)
Local Complementation Rule    2 iteration(s)
Identity Removal Rule         1 iteration(s)
Spider Fusion Rule            1 iteration(s)
Pivot Rule                    1 iteration(s)
Identity Removal Rule         1 iteration(s)
Spider Fusion Rule            1 iteration(s)
Identity Removal Rule         1 iteration(s)
Spider Fusion Rule            1 iteration(s)
Pivot Rule                    1 iteration(s)
Identity Removal Rule         1 iteration(s)
Spider Fusion Rule            1 iteration(s)
Pivot Rule                    2 iteration(s)
Identity Removal Rule         1 iteration(s)
Spider Fusion Rule            1 iteration(s)
Pivot Gadget Rule             1 iteration(s)
Identity Removal Rule         1 iteration(s)
Spider Fusion Rule            1 iteration(s)
Pivot Rule                    1 iteration(s)
Pivot Gadget Rule             1 iteration(s)
Phase Gadget Rule             1 iteration(s)
Identity Removal Rule         1 iteration(s)
Spider Fusion Rule            1 iteration(s)
Pivot Rule                    1 iteration(s)
Local Complementation Rule    2 iteration(s)
Pivot Gadget Rule             1 iteration(s)
Identity Removal Rule         1 iteration(s)
Spider Fusion Rule            1 iteration(s)
Pivot Rule                    1 iteration(s)
Identity Removal Rule         1 iteration(s)
Spider Fusion Rule            1 iteration(s)
Identity Removal Rule         1 iteration(s)
Spider Fusion Rule            1 iteration(s)
Pivot Rule                    1 iteration(s)
Identity Removal Rule         1 iteration(s)
Spider Fusion Rule            1 iteration(s)
Pivot Rule                    1 iteration(s)
Identity Removal Rule         1 iteration(s)
Spider Fusion Rule            1 iteration(s)
Pivot Gadget Rule             2 iteration(s)
Identity Removal Rule         1 iteration(s)
Spider Fusion Rule            1 iteration(s)
Pivot Rule                    1 iteration(s)
Local Complementation Rule    4 iteration(s)
Identity Removal Rule         1 iteration(s)
Spider Fusion Rule            1 iteration(s)
Pivot Rule                    1 iteration(s)
Identity Removal Rule         1 iteration(s)
Spider Fusion Rule            2 iteration(s)
Pivot Rule                    1 iteration(s)
Local Complementation Rule    2 iteration(s)
Identity Removal Rule         1 iteration(s)
Spider Fusion Rule            1 iteration(s)
Local Complementation Rule    4 iteration(s)
Pivot Rule                    1 iteration(s)
Identity Removal Rule         1 iteration(s)
Spider Fusion Rule            1 iteration(s)
Identity Removal Rule         1 iteration(s)
Spider Fusion Rule            1 iteration(s)
Pivot Rule                    1 iteration(s)
Identity Removal Rule         1 iteration(s)
Spider Fusion Rule            1 iteration(s)
Pivot Rule                    2 iteration(s)
Identity Removal Rule         1 iteration(s)
Spider Fusion Rule            1 iteration(s)
Identity Removal Rule         1 iteration(s)
Spider Fusion Rule            1 iteration(s)
Pivot Rule                    1 iteration(s)
Identity Removal Rule         1 iteration(s)
Spider Fusion Rule            1 iteration(s)
Pivot Rule                    2 iteration(s)
Identity Removal Rule         1 iteration(s)
Spider Fusion Rule            1 iteration(s)
Pivot Rule                    1 iteration(s)
Identity Removal Rule         1 iteration(s)
Spider Fusion Rule            1 iteration(s)
Pivot Rule                    1 iteration(s)
Identity Removal Rule         1 iteration(s)
Spider Fusion Rule            1 iteration(s)
Pivot Rule                    1 iteration(s)
Identity Removal Rule         1 iteration(s)
Spider Fusion Rule            1 iteration(s)
Identity Removal Rule         1 iteration(s)
Spider Fusion Rule            1 iteration(s)
Local Complementation Rule    2 iteration(s)
Identity Removal Rule         1 iteration(s)
Spider Fusion Rule            1 iteration(s)
Local Complementation Rule    4 iteration(s)
Identity Removal Rule         1 iteration(s)
Spider Fusion Rule            1 iteration(s)
Identity Removal Rule         1 iteration(s)
Spider Fusion Rule            1 iteration(s)
Pivot Rule                    1 iteration(s)
Identity Removal Rule         1 iteration(s)
Spider Fusion Rule            1 iteration(s)
Pivot Rule                    1 iteration(s)
Identity Removal Rule         1 iteration(s)
Spider Fusion Rule            1 iteration(s)
Pivot Rule                    1 iteration(s)
Identity Removal Rule         1 iteration(s)
Spider Fusion Rule            1 iteration(s)
Phase Gadget Rule             1 iteration(s)
Pivot Rule                    1 iteration(s)
Local Complementation Rule    2 iteration(s)
Pivot Gadget Rule             1 iteration(s)
Phase Gadget Rule             1 iteration(s)
Identity Removal Rule         1 iteration(s)
Spider Fusion Rule            1 iteration(s)
Pivot Rule                    1 iteration(s)
Local Complementation Rule    2 iteration(s)
Pivot Gadget Rule             1 iteration(s)
Identity Removal Rule         1 iteration(s)
Spider Fusion Rule            1 iteration(s)
Local Complementation Rule    2 iteration(s)
Identity Removal Rule         1 iteration(s)
Spider Fusion Rule            1 iteration(s)
Local Complementation Rule    2 iteration(s)
Identity Removal Rule         1 iteration(s)
Spider Fusion Rule            1 iteration(s)
Local Complementation Rule    2 iteration(s)
Identity Removal Rule         1 iteration(s)
Spider Fusion Rule            1 iteration(s)
Identity Removal Rule         1 iteration(s)
Spider Fusion Rule            1 iteration(s)
Pivot Rule                    1 iteration(s)
Identity Removal Rule         1 iteration(s)
Spider Fusion Rule            1 iteration(s)
Identity Removal Rule         1 iteration(s)
Spider Fusion Rule            1 iteration(s)
Pivot Rule                    1 iteration(s)
Identity Removal Rule         1 iteration(s)
Spider Fusion Rule            1 iteration(s)
Pivot Rule                    1 iteration(s)
Identity Removal Rule         1 iteration(s)
Spider Fusion Rule            1 iteration(s)
Pivot Rule                    1 iteration(s)
Identity Removal Rule         1 iteration(s)
Spider Fusion Rule            1 iteration(s)
Identity Removal Rule         1 iteration(s)
Spider Fusion Rule            1 iteration(s)
Pivot Rule                    1 iteration(s)
Identity Removal Rule         1 iteration(s)
Spider Fusion Rule            1 iteration(s)
Pivot Gadget Rule             1 iteration(s)
Identity Removal Rule         1 iteration(s)
Spider Fusion Rule            1 iteration(s)
Pivot Rule                    1 iteration(s)
Identity Removal Rule         1 iteration(s)
Spider Fusion Rule            1 iteration(s)
Pivot Rule                    1 iteration(s)
Pivot Gadget Rule             1 iteration(s)
Identity Removal Rule         1 iteration(s)
Spider Fusion Rule            1 iteration(s)
Pivot Rule                    1 iteration(s)
Pivot Gadget Rule             1 iteration(s)
Identity Removal Rule         1 iteration(s)
Spider Fusion Rule            1 iteration(s)
Pivot Rule                    1 iteration(s)
Identity Removal Rule         1 iteration(s)
Spider Fusion Rule            1 iteration(s)
Pivot Rule                    1 iteration(s)
Identity Removal Rule         1 iteration(s)
Spider Fusion Rule            1 iteration(s)
Pivot Rule                    1 iteration(s)
Identity Removal Rule         1 iteration(s)
Spider Fusion Rule            1 iteration(s)
Identity Removal Rule         1 iteration(s)
Spider Fusion Rule            1 iteration(s)
Pivot Rule                    1 iteration(s)
Identity Removal Rule         1 iteration(s)
Spider Fusion Rule            1 iteration(s)
Pivot Rule                    1 iteration(s)
Identity Removal Rule         1 iteration(s)
Spider Fusion Rule            1 iteration(s)
Pivot Gadget Rule             1 iteration(s)
Identity Removal Rule         1 iteration(s)
Spider Fusion Rule            1 iteration(s)
Pivot Rule                    1 iteration(s)
Identity Removal Rule         1 iteration(s)
Spider Fusion Rule            1 iteration(s)
Pivot Rule                    1 iteration(s)
Identity Removal Rule         1 iteration(s)
Spider Fusion Rule            1 iteration(s)
Pivot Rule                    1 iteration(s)
Identity Removal Rule         1 iteration(s)
Spider Fusion Rule            1 iteration(s)
Identity Removal Rule         1 iteration(s)
Spider Fusion Rule            1 iteration(s)
Pivot Rule                    1 iteration(s)
Identity Removal Rule         1 iteration(s)
Spider Fusion Rule            1 iteration(s)
Pivot Rule                    1 iteration(s)
Identity Removal Rule         1 iteration(s)
Spider Fusion Rule            1 iteration(s)
Pivot Rule                    1 iteration(s)
Identity Removal Rule         1 iteration(s)
Spider Fusion Rule            1 iteration(s)
Identity Removal Rule         1 iteration(s)
Spider Fusion Rule            1 iteration(s)
Pivot Rule                    1 iteration(s)
Identity Removal Rule         1 iteration(s)
Spider Fusion Rule            1 iteration(s)
Pivot Rule                    2 iteration(s)
Identity Removal Rule         1 iteration(s)
Spider Fusion Rule            1 iteration(s)
Identity Removal Rule         1 iteration(s)
Spider Fusion Rule            1 iteration(s)
Pivot Rule                    1 iteration(s)
Identity Removal Rule         1 iteration(s)
Spider Fusion Rule            1 iteration(s)
Pivot Rule                    2 iteration(s)
Identity Removal Rule         1 iteration(s)
Spider Fusion Rule            1 iteration(s)
Pivot Gadget Rule             1 iteration(s)
Phase Gadget Rule             1 iteration(s)
Identity Removal Rule         1 iteration(s)
Spider Fusion Rule            1 iteration(s)
Pivot Rule                    2 iteration(s)
Identity Removal Rule         1 iteration(s)
Spider Fusion Rule            1 iteration(s)
Pivot Rule                    1 iteration(s)
Identity Removal Rule         1 iteration(s)
Spider Fusion Rule            1 iteration(s)
Identity Removal Rule         1 iteration(s)
Spider Fusion Rule            1 iteration(s)
Pivot Rule                    1 iteration(s)
Identity Removal Rule         1 iteration(s)
Spider Fusion Rule            1 iteration(s)
Identity Removal Rule         1 iteration(s)
Spider Fusion Rule            1 iteration(s)
Pivot Rule                    1 iteration(s)
Identity Removal Rule         1 iteration(s)
Spider Fusion Rule            1 iteration(s)
Pivot Rule                    1 iteration(s)
Identity Removal Rule         1 iteration(s)
Spider Fusion Rule            1 iteration(s)
Pivot Rule                    1 iteration(s)
Identity Removal Rule         1 iteration(s)
Spider Fusion Rule            1 iteration(s)
Identity Removal Rule         1 iteration(s)
Spider Fusion Rule            1 iteration(s)
Pivot Rule                    1 iteration(s)
Identity Removal Rule         1 iteration(s)
Spider Fusion Rule            1 iteration(s)
Identity Removal Rule         1 iteration(s)
Spider Fusion Rule            1 iteration(s)
Pivot Rule                    1 iteration(s)
Identity Removal Rule         1 iteration(s)
Spider Fusion Rule            1 iteration(s)
Identity Removal Rule         1 iteration(s)
Spider Fusion Rule            1 iteration(s)
Pivot Rule                    1 iteration(s)
Identity Removal Rule         1 iteration(s)
Spider Fusion Rule            1 iteration(s)
Pivot Rule                    1 iteration(s)
Identity Removal Rule         1 iteration(s)
Spider Fusion Rule            1 iteration(s)
Pivot Rule                    1 iteration(s)
Identity Removal Rule         1 iteration(s)
Spider Fusion Rule            1 iteration(s)
Identity Removal Rule         1 iteration(s)
Spider Fusion Rule            1 iteration(s)
Pivot Rule                    1 iteration(s)
Identity Removal Rule         1 iteration(s)
Spider Fusion Rule            1 iteration(s)
Pivot Gadget Rule             1 iteration(s)
Phase Gadget Rule             1 iteration(s)
Identity Removal Rule         1 iteration(s)
Spider Fusion Rule            1 iteration(s)
Pivot Rule                    1 iteration(s)
Identity Removal Rule         1 iteration(s)
Spider Fusion Rule            1 iteration(s)
Pivot Rule                    1 iteration(s)
Identity Removal Rule         1 iteration(s)
Spider Fusion Rule            1 iteration(s)
Pivot Rule                    1 iteration(s)
Identity Removal Rule         1 iteration(s)
Spider Fusion Rule            1 iteration(s)
Pivot Rule                    1 iteration(s)
Identity Removal Rule         1 iteration(s)
Spider Fusion Rule            1 iteration(s)
Pivot Gadget Rule             1 iteration(s)
Phase Gadget Rule             1 iteration(s)
Identity Removal Rule         1 iteration(s)
Spider Fusion Rule            1 iteration(s)
Pivot Rule                    1 iteration(s)
Local Complementation Rule    2 iteration(s)
Pivot Gadget Rule             1 iteration(s)
Phase Gadget Rule             1 iteration(s)
Identity Removal Rule         1 iteration(s)
Spider Fusion Rule            1 iteration(s)
Pivot Rule                    1 iteration(s)
Local Complementation Rule    2 iteration(s)
Identity Removal Rule         1 iteration(s)
Spider Fusion Rule            1 iteration(s)
Pivot Rule                    1 iteration(s)
Identity Removal Rule         1 iteration(s)
Spider Fusion Rule            1 iteration(s)
Pivot Rule                    1 iteration(s)
Identity Removal Rule         1 iteration(s)
Spider Fusion Rule            1 iteration(s)
Pivot Rule                    1 iteration(s)
Identity Removal Rule         1 iteration(s)
Spider Fusion Rule            1 iteration(s)
Pivot Gadget Rule             1 iteration(s)
Identity Removal Rule         1 iteration(s)
Spider Fusion Rule            1 iteration(s)
Local Complementation Rule    2 iteration(s)
Identity Removal Rule         1 iteration(s)
Spider Fusion Rule            1 iteration(s)
Local Complementation Rule    2 iteration(s)
Identity Removal Rule         1 iteration(s)
Spider Fusion Rule            1 iteration(s)
Pivot Gadget Rule             1 iteration(s)
Identity Removal Rule         1 iteration(s)
Spider Fusion Rule            1 iteration(s)
Pivot Rule                    2 iteration(s)
Identity Removal Rule         1 iteration(s)
Spider Fusion Rule            1 iteration(s)
Pivot Rule                    1 iteration(s)
Identity Removal Rule         1 iteration(s)
Spider Fusion Rule            1 iteration(s)
Identity Removal Rule         1 iteration(s)
Spider Fusion Rule            1 iteration(s)
Local Complementation Rule    2 iteration(s)
Identity Removal Rule         1 iteration(s)
Spider Fusion Rule            1 iteration(s)
Identity Removal Rule         1 iteration(s)
Spider Fusion Rule            1 iteration(s)
Pivot Rule                    1 iteration(s)
Identity Removal Rule         1 iteration(s)
Spider Fusion Rule            1 iteration(s)
Identity Removal Rule         1 iteration(s)
Spider Fusion Rule            1 iteration(s)
Pivot Rule                    1 iteration(s)
Identity Removal Rule         1 iteration(s)
Spider Fusion Rule            1 iteration(s)
Pivot Rule                    3 iteration(s)
Identity Removal Rule         1 iteration(s)
Spider Fusion Rule            1 iteration(s)
Identity Removal Rule         1 iteration(s)
Spider Fusion Rule            1 iteration(s)
Pivot Rule                    1 iteration(s)
Identity Removal Rule         1 iteration(s)
Spider Fusion Rule            1 iteration(s)
Pivot Gadget Rule             1 iteration(s)
Identity Removal Rule         1 iteration(s)
Spider Fusion Rule            1 iteration(s)
Local Complementation Rule    2 iteration(s)
Identity Removal Rule         1 iteration(s)
Spider Fusion Rule            1 iteration(s)
Pivot Gadget Rule             1 iteration(s)
Phase Gadget Rule             1 iteration(s)
Identity Removal Rule         1 iteration(s)
Spider Fusion Rule            1 iteration(s)
Pivot Rule                    1 iteration(s)
Pivot Gadget Rule             2 iteration(s)
Identity Removal Rule         1 iteration(s)
Spider Fusion Rule            1 iteration(s)
Pivot Rule                    1 iteration(s)
Identity Removal Rule         1 iteration(s)
Spider Fusion Rule            1 iteration(s)
Identity Removal Rule         1 iteration(s)
Spider Fusion Rule            1 iteration(s)
Pivot Rule                    1 iteration(s)
Identity Removal Rule         1 iteration(s)
Spider Fusion Rule            1 iteration(s)
Pivot Rule                    1 iteration(s)
Phase Gadget Rule             1 iteration(s)
Identity Removal Rule         1 iteration(s)
Spider Fusion Rule            1 iteration(s)
Pivot Rule                    3 iteration(s)
Pivot Gadget Rule             1 iteration(s)
Identity Removal Rule         1 iteration(s)
Spider Fusion Rule            1 iteration(s)
Pivot Rule                    2 iteration(s)
Phase Gadget Rule             1 iteration(s)
Pivot Rule                    1 iteration(s)
Pivot Gadget Rule             1 iteration(s)
Identity Removal Rule         1 iteration(s)
Spider Fusion Rule            1 iteration(s)
Pivot Rule                    2 iteration(s)
Identity Removal Rule         1 iteration(s)
Spider Fusion Rule            1 iteration(s)
Identity Removal Rule         1 iteration(s)
Spider Fusion Rule            1 iteration(s)
Pivot Rule                    1 iteration(s)
Identity Removal Rule         1 iteration(s)
Spider Fusion Rule            1 iteration(s)
Identity Removal Rule         1 iteration(s)
Spider Fusion Rule            1 iteration(s)
Pivot Rule                    1 iteration(s)
Identity Removal Rule         1 iteration(s)
Spider Fusion Rule            1 iteration(s)
Identity Removal Rule         1 iteration(s)
Spider Fusion Rule            1 iteration(s)
Pivot Rule                    1 iteration(s)
Identity Removal Rule         1 iteration(s)
Spider Fusion Rule            1 iteration(s)
Pivot Rule                    2 iteration(s)
Identity Removal Rule         1 iteration(s)
Spider Fusion Rule            1 iteration(s)
Identity Removal Rule         1 iteration(s)
Spider Fusion Rule            1 iteration(s)
Pivot Rule                    1 iteration(s)
Identity Removal Rule         1 iteration(s)
Spider Fusion Rule            1 iteration(s)
Pivot Gadget Rule             1 iteration(s)
Identity Removal Rule         1 iteration(s)
Spider Fusion Rule            1 iteration(s)
Pivot Rule                    1 iteration(s)
Identity Removal Rule         1 iteration(s)
Spider Fusion Rule            1 iteration(s)
Pivot Rule                    1 iteration(s)
Identity Removal Rule         1 iteration(s)
Spider Fusion Rule            1 iteration(s)
Pivot Rule                    1 iteration(s)
Identity Removal Rule         1 iteration(s)
Spider Fusion Rule            1 iteration(s)
Pivot Gadget Rule             1 iteration(s)
Phase Gadget Rule             1 iteration(s)
Identity Removal Rule         1 iteration(s)
Spider Fusion Rule            1 iteration(s)
Pivot Rule                    2 iteration(s)
Identity Removal Rule         1 iteration(s)
Spider Fusion Rule            1 iteration(s)
Pivot Rule                    1 iteration(s)
Identity Removal Rule         1 iteration(s)
Spider Fusion Rule            1 iteration(s)
Pivot Rule                    2 iteration(s)
Identity Removal Rule         1 iteration(s)
Spider Fusion Rule            2 iteration(s)
Pivot Rule                    3 iteration(s)
Identity Removal Rule         1 iteration(s)
Spider Fusion Rule            1 iteration(s)
Pivot Rule                    1 iteration(s)
Identity Removal Rule         1 iteration(s)
Spider Fusion Rule            1 iteration(s)
Pivot Gadget Rule             1 iteration(s)
Phase Gadget Rule             1 iteration(s)
Identity Removal Rule         1 iteration(s)
Spider Fusion Rule            1 iteration(s)
Pivot Rule                    1 iteration(s)
Pivot Gadget Rule             1 iteration(s)
Identity Removal Rule         1 iteration(s)
Spider Fusion Rule            1 iteration(s)
Pivot Rule                    1 iteration(s)
Identity Removal Rule         1 iteration(s)
Spider Fusion Rule            1 iteration(s)
Pivot Rule                    1 iteration(s)
Pivot Gadget Rule             1 iteration(s)
Identity Removal Rule         1 iteration(s)
Spider Fusion Rule            1 iteration(s)
Pivot Rule                    1 iteration(s)
Pivot Gadget Rule             1 iteration(s)
Identity Removal Rule         1 iteration(s)
Spider Fusion Rule            2 iteration(s)
Local Complementation Rule    2 iteration(s)
Pivot Gadget Rule             1 iteration(s)
Phase Gadget Rule             1 iteration(s)
Identity Removal Rule         1 iteration(s)
Spider Fusion Rule            1 iteration(s)
Pivot Rule                    2 iteration(s)
Pivot Gadget Rule             1 iteration(s)
Identity Removal Rule         1 iteration(s)
Spider Fusion Rule            1 iteration(s)
Local Complementation Rule    2 iteration(s)
Pivot Gadget Rule             1 iteration(s)
Phase Gadget Rule             1 iteration(s)
Identity Removal Rule         1 iteration(s)
Spider Fusion Rule            1 iteration(s)
Pivot Rule                    1 iteration(s)
Identity Removal Rule         1 iteration(s)
Spider Fusion Rule            1 iteration(s)
Pivot Rule                    1 iteration(s)
Identity Removal Rule         1 iteration(s)
Spider Fusion Rule            1 iteration(s)
Pivot Gadget Rule             3 iteration(s)
Identity Removal Rule         1 iteration(s)
Spider Fusion Rule            1 iteration(s)
Pivot Rule                    2 iteration(s)
Identity Removal Rule         1 iteration(s)
Spider Fusion Rule            1 iteration(s)
Identity Removal Rule         1 iteration(s)
Spider Fusion Rule            1 iteration(s)
Local Complementation Rule    2 iteration(s)
Identity Removal Rule         1 iteration(s)
Spider Fusion Rule            1 iteration(s)
Pivot Rule                    2 iteration(s)
Identity Removal Rule         1 iteration(s)
Spider Fusion Rule            1 iteration(s)
Pivot Rule                    1 iteration(s)
Identity Removal Rule         1 iteration(s)
Spider Fusion Rule            1 iteration(s)
Pivot Rule                    2 iteration(s)
Identity Removal Rule         2 iteration(s)
Spider Fusion Rule            1 iteration(s)
Phase Gadget Rule             1 iteration(s)
Pivot Rule                    1 iteration(s)
Pivot Gadget Rule             1 iteration(s)
Phase Gadget Rule             1 iteration(s)
Identity Removal Rule         1 iteration(s)
Spider Fusion Rule            1 iteration(s)
Pivot Rule                    2 iteration(s)
Local Complementation Rule    2 iteration(s)
Identity Removal Rule         1 iteration(s)
Spider Fusion Rule            1 iteration(s)
Pivot Rule                    1 iteration(s)
Identity Removal Rule         1 iteration(s)
Spider Fusion Rule            1 iteration(s)
Pivot Rule                    2 iteration(s)
Identity Removal Rule         1 iteration(s)
Spider Fusion Rule            1 iteration(s)
Identity Removal Rule         1 iteration(s)
Spider Fusion Rule            1 iteration(s)
Pivot Rule                    1 iteration(s)
Identity Removal Rule         1 iteration(s)
Spider Fusion Rule            1 iteration(s)
Pivot Rule                    1 iteration(s)
Identity Removal Rule         1 iteration(s)
Spider Fusion Rule            1 iteration(s)
Pivot Rule                    1 iteration(s)
Identity Removal Rule         1 iteration(s)
Spider Fusion Rule            1 iteration(s)
Identity Removal Rule         1 iteration(s)
Spider Fusion Rule            1 iteration(s)
Pivot Rule                    1 iteration(s)
Identity Removal Rule         1 iteration(s)
Spider Fusion Rule            1 iteration(s)
Pivot Rule                    2 iteration(s)
Identity Removal Rule         1 iteration(s)
Spider Fusion Rule            1 iteration(s)
Identity Removal Rule         1 iteration(s)
Spider Fusion Rule            1 iteration(s)
Local Complementation Rule    2 iteration(s)
Identity Removal Rule         1 iteration(s)
Spider Fusion Rule            1 iteration(s)
Pivot Rule                    2 iteration(s)
Identity Removal Rule         1 iteration(s)
Spider Fusion Rule            1 iteration(s)
Identity Removal Rule         1 iteration(s)
Spider Fusion Rule            1 iteration(s)
Pivot Rule                    1 iteration(s)
Identity Removal Rule         1 iteration(s)
Spider Fusion Rule            1 iteration(s)
Pivot Rule                    1 iteration(s)
Identity Removal Rule         1 iteration(s)
Spider Fusion Rule            1 iteration(s)
Identity Removal Rule         1 iteration(s)
Spider Fusion Rule            1 iteration(s)
Local Complementation Rule    2 iteration(s)
Identity Removal Rule         1 iteration(s)
Spider Fusion Rule            1 iteration(s)
Pivot Gadget Rule             2 iteration(s)
Identity Removal Rule         1 iteration(s)
Spider Fusion Rule            1 iteration(s)
Pivot Rule                    1 iteration(s)
Identity Removal Rule         1 iteration(s)
Spider Fusion Rule            1 iteration(s)
Pivot Rule                    1 iteration(s)
Identity Removal Rule         1 iteration(s)
Spider Fusion Rule            1 iteration(s)
Pivot Rule                    1 iteration(s)
Identity Removal Rule         1 iteration(s)
Spider Fusion Rule            1 iteration(s)
Identity Removal Rule         1 iteration(s)
Spider Fusion Rule            1 iteration(s)
Pivot Rule                    1 iteration(s)
Identity Removal Rule         1 iteration(s)
Spider Fusion Rule            1 iteration(s)
Phase Gadget Rule             1 iteration(s)
Pivot Rule                    1 iteration(s)
Pivot Gadget Rule             1 iteration(s)
Phase Gadget Rule             1 iteration(s)
Identity Removal Rule         1 iteration(s)
Spider Fusion Rule            1 iteration(s)
Pivot Rule                    1 iteration(s)
Local Complementation Rule    2 iteration(s)
Identity Removal Rule         1 iteration(s)
Spider Fusion Rule            1 iteration(s)
Local Complementation Rule    2 iteration(s)
Identity Removal Rule         1 iteration(s)
Spider Fusion Rule            1 iteration(s)
Identity Removal Rule         1 iteration(s)
Spider Fusion Rule            1 iteration(s)
Pivot Rule                    1 iteration(s)
Identity Removal Rule         1 iteration(s)
Spider Fusion Rule            1 iteration(s)
Pivot Gadget Rule             1 iteration(s)
Identity Removal Rule         1 iteration(s)
Spider Fusion Rule            1 iteration(s)
Pivot Rule                    3 iteration(s)
Identity Removal Rule         1 iteration(s)
Spider Fusion Rule            1 iteration(s)
Identity Removal Rule         1 iteration(s)
Spider Fusion Rule            1 iteration(s)
Pivot Rule                    1 iteration(s)
Identity Removal Rule         1 iteration(s)
Spider Fusion Rule            1 iteration(s)
Pivot Rule                    1 iteration(s)
Identity Removal Rule         1 iteration(s)
Spider Fusion Rule            1 iteration(s)
Pivot Rule                    1 iteration(s)
Identity Removal Rule         1 iteration(s)
Spider Fusion Rule            1 iteration(s)
Pivot Gadget Rule             2 iteration(s)
Identity Removal Rule         1 iteration(s)
Spider Fusion Rule            1 iteration(s)
Pivot Rule                    1 iteration(s)
Identity Removal Rule         1 iteration(s)
Spider Fusion Rule            1 iteration(s)
Phase Gadget Rule             1 iteration(s)
Identity Removal Rule         1 iteration(s)
Spider Fusion Rule            1 iteration(s)
Pivot Rule                    1 iteration(s)
Identity Removal Rule         1 iteration(s)
Spider Fusion Rule            1 iteration(s)
Local Complementation Rule    2 iteration(s)
Identity Removal Rule         1 iteration(s)
Spider Fusion Rule            1 iteration(s)
Pivot Rule                    2 iteration(s)
Pivot Gadget Rule             1 iteration(s)
Identity Removal Rule         1 iteration(s)
Spider Fusion Rule            1 iteration(s)
Pivot Rule                    1 iteration(s)
Local Complementation Rule    4 iteration(s)
Identity Removal Rule         1 iteration(s)
Spider Fusion Rule            1 iteration(s)
Pivot Gadget Rule             1 iteration(s)
Identity Removal Rule         1 iteration(s)
Spider Fusion Rule            1 iteration(s)
Pivot Rule                    1 iteration(s)
Identity Removal Rule         1 iteration(s)
Spider Fusion Rule            1 iteration(s)
Pivot Gadget Rule             1 iteration(s)
Identity Removal Rule         1 iteration(s)
Spider Fusion Rule            1 iteration(s)
Pivot Rule                    1 iteration(s)
Identity Removal Rule         1 iteration(s)
Spider Fusion Rule            1 iteration(s)
Pivot Rule                    1 iteration(s)
Identity Removal Rule         1 iteration(s)
Spider Fusion Rule            1 iteration(s)
Pivot Rule                    2 iteration(s)
Identity Removal Rule         1 iteration(s)
Spider Fusion Rule            1 iteration(s)
Pivot Gadget Rule             1 iteration(s)
Identity Removal Rule         1 iteration(s)
Spider Fusion Rule            1 iteration(s)
Pivot Rule                    1 iteration(s)
Identity Removal Rule         1 iteration(s)
Spider Fusion Rule            1 iteration(s)
Pivot Rule                    1 iteration(s)
Identity Removal Rule         1 iteration(s)
Spider Fusion Rule            1 iteration(s)
Identity Removal Rule         1 iteration(s)
Spider Fusion Rule            1 iteration(s)
Local Complementation Rule    2 iteration(s)
Identity Removal Rule         1 iteration(s)
Spider Fusion Rule            1 iteration(s)
Local Complementation Rule    2 iteration(s)
Pivot Rule                    1 iteration(s)
Identity Removal Rule         1 iteration(s)
Spider Fusion Rule            1 iteration(s)
Pivot Gadget Rule             1 iteration(s)
Identity Removal Rule         1 iteration(s)
Spider Fusion Rule            1 iteration(s)
Pivot Rule                    1 iteration(s)
Identity Removal Rule         1 iteration(s)
Spider Fusion Rule            1 iteration(s)
Local Complementation Rule    2 iteration(s)
Identity Removal Rule         1 iteration(s)
Spider Fusion Rule            1 iteration(s)
Local Complementation Rule    2 iteration(s)
Pivot Rule                    1 iteration(s)
Identity Removal Rule         1 iteration(s)
Spider Fusion Rule            1 iteration(s)
Identity Removal Rule         1 iteration(s)
Spider Fusion Rule            1 iteration(s)
Pivot Rule                    1 iteration(s)
Identity Removal Rule         1 iteration(s)
Spider Fusion Rule            1 iteration(s)
Pivot Rule                    1 iteration(s)
Identity Removal Rule         1 iteration(s)
Spider Fusion Rule            1 iteration(s)
Pivot Rule                    1 iteration(s)
Identity Removal Rule         1 iteration(s)
Spider Fusion Rule            1 iteration(s)
Identity Removal Rule         1 iteration(s)
Spider Fusion Rule            1 iteration(s)
Local Complementation Rule    2 iteration(s)
Identity Removal Rule         1 iteration(s)
Spider Fusion Rule            1 iteration(s)
Local Complementation Rule    2 iteration(s)
Pivot Rule                    1 iteration(s)
Identity Removal Rule         1 iteration(s)
Spider Fusion Rule            1 iteration(s)
Phase Gadget Rule             1 iteration(s)
Pivot Rule                    1 iteration(s)
Pivot Gadget Rule             1 iteration(s)
Identity Removal Rule         1 iteration(s)
Spider Fusion Rule            1 iteration(s)
Pivot Rule                    1 iteration(s)
Identity Removal Rule         1 iteration(s)
Spider Fusion Rule            1 iteration(s)
Pivot Rule                    1 iteration(s)
Identity Removal Rule         1 iteration(s)
Spider Fusion Rule            1 iteration(s)
Pivot Rule                    1 iteration(s)
Identity Removal Rule         1 iteration(s)
Spider Fusion Rule            1 iteration(s)
Phase Gadget Rule             1 iteration(s)
Identity Removal Rule         1 iteration(s)
Spider Fusion Rule            1 iteration(s)
Pivot Rule                    2 iteration(s)
Identity Removal Rule         1 iteration(s)
Spider Fusion Rule            1 iteration(s)
Local Complementation Rule    2 iteration(s)
Pivot Gadget Rule             1 iteration(s)
Phase Gadget Rule             1 iteration(s)
Identity Removal Rule         1 iteration(s)
Spider Fusion Rule            1 iteration(s)
Pivot Rule                    1 iteration(s)
Local Complementation Rule    2 iteration(s)
Identity Removal Rule         1 iteration(s)
Spider Fusion Rule            1 iteration(s)
Local Complementation Rule    2 iteration(s)
Identity Removal Rule         1 iteration(s)
Spider Fusion Rule            1 iteration(s)
Local Complementation Rule    2 iteration(s)
Pivot Rule                    1 iteration(s)
Identity Removal Rule         1 iteration(s)
Spider Fusion Rule            1 iteration(s)
Identity Removal Rule         1 iteration(s)
Spider Fusion Rule            1 iteration(s)
Local Complementation Rule    2 iteration(s)
Identity Removal Rule         1 iteration(s)
Spider Fusion Rule            1 iteration(s)
Local Complementation Rule    2 iteration(s)
Pivot Rule                    1 iteration(s)
Identity Removal Rule         1 iteration(s)
Spider Fusion Rule            1 iteration(s)
Identity Removal Rule         1 iteration(s)
Spider Fusion Rule            1 iteration(s)
Local Complementation Rule    2 iteration(s)
Identity Removal Rule         1 iteration(s)
Spider Fusion Rule            1 iteration(s)
Local Complementation Rule    2 iteration(s)
Pivot Rule                    1 iteration(s)
Identity Removal Rule         1 iteration(s)
Spider Fusion Rule            1 iteration(s)
Identity Removal Rule         1 iteration(s)
Spider Fusion Rule            1 iteration(s)
Pivot Rule                    1 iteration(s)
Identity Removal Rule         1 iteration(s)
Spider Fusion Rule            1 iteration(s)
Pivot Gadget Rule             1 iteration(s)
Phase Gadget Rule             1 iteration(s)
Identity Removal Rule         1 iteration(s)
Spider Fusion Rule            1 iteration(s)
Pivot Rule                    1 iteration(s)
Local Complementation Rule    2 iteration(s)
Identity Removal Rule         1 iteration(s)
Spider Fusion Rule            1 iteration(s)
Pivot Rule                    1 iteration(s)
Identity Removal Rule         1 iteration(s)
Spider Fusion Rule            1 iteration(s)
Identity Removal Rule         1 iteration(s)
Spider Fusion Rule            1 iteration(s)
Local Complementation Rule    2 iteration(s)
Identity Removal Rule         1 iteration(s)
Spider Fusion Rule            1 iteration(s)
Pivot Rule                    1 iteration(s)
Identity Removal Rule         1 iteration(s)
Spider Fusion Rule            1 iteration(s)
Pivot Rule                    1 iteration(s)
Identity Removal Rule         1 iteration(s)
Spider Fusion Rule            1 iteration(s)
Identity Removal Rule         1 iteration(s)
Spider Fusion Rule            1 iteration(s)
Pivot Rule                    1 iteration(s)
Identity Removal Rule         1 iteration(s)
Spider Fusion Rule            1 iteration(s)
Identity Removal Rule         1 iteration(s)
Spider Fusion Rule            1 iteration(s)
Local Complementation Rule    2 iteration(s)
Identity Removal Rule         1 iteration(s)
Spider Fusion Rule            1 iteration(s)
Pivot Rule                    1 iteration(s)
Identity Removal Rule         1 iteration(s)
Spider Fusion Rule            1 iteration(s)
Pivot Rule                    1 iteration(s)
Identity Removal Rule         1 iteration(s)
Spider Fusion Rule            1 iteration(s)
Identity Removal Rule         1 iteration(s)
Spider Fusion Rule            1 iteration(s)
Pivot Rule                    1 iteration(s)
Identity Removal Rule         1 iteration(s)
Spider Fusion Rule            1 iteration(s)
Pivot Rule                    1 iteration(s)
Identity Removal Rule         2 iteration(s)
Spider Fusion Rule            1 iteration(s)
Identity Removal Rule         1 iteration(s)
Spider Fusion Rule            1 iteration(s)
Pivot Rule                    1 iteration(s)
Identity Removal Rule         1 iteration(s)
Spider Fusion Rule            1 iteration(s)
Pivot Rule                    2 iteration(s)
Identity Removal Rule         1 iteration(s)
Spider Fusion Rule            1 iteration(s)
Identity Removal Rule         1 iteration(s)
Spider Fusion Rule            1 iteration(s)
Local Complementation Rule    2 iteration(s)
Identity Removal Rule         1 iteration(s)
Spider Fusion Rule            1 iteration(s)
Identity Removal Rule         1 iteration(s)
Spider Fusion Rule            1 iteration(s)
Local Complementation Rule    2 iteration(s)
Identity Removal Rule         1 iteration(s)
Spider Fusion Rule            1 iteration(s)
Local Complementation Rule    2 iteration(s)
Pivot Rule                    1 iteration(s)
Identity Removal Rule         1 iteration(s)
Spider Fusion Rule            1 iteration(s)
Pivot Gadget Rule             1 iteration(s)
Identity Removal Rule         1 iteration(s)
Spider Fusion Rule            1 iteration(s)
Pivot Rule                    2 iteration(s)
Phase Gadget Rule             1 iteration(s)
Pivot Rule                    1 iteration(s)
Pivot Gadget Rule             1 iteration(s)
Phase Gadget Rule             1 iteration(s)
Identity Removal Rule         1 iteration(s)
Spider Fusion Rule            1 iteration(s)
Pivot Rule                    2 iteration(s)
Identity Removal Rule         2 iteration(s)
Pivot Gadget Rule             1 iteration(s)
Identity Removal Rule         1 iteration(s)
Spider Fusion Rule            1 iteration(s)
Local Complementation Rule    2 iteration(s)
Pivot Gadget Rule             1 iteration(s)
Phase Gadget Rule             1 iteration(s)
Identity Removal Rule         1 iteration(s)
Spider Fusion Rule            1 iteration(s)
Local Complementation Rule    6 iteration(s)
Identity Removal Rule         1 iteration(s)
Spider Fusion Rule            1 iteration(s)
Pivot Rule                    1 iteration(s)
Identity Removal Rule         1 iteration(s)
Spider Fusion Rule            1 iteration(s)
Pivot Rule                    1 iteration(s)
Pivot Gadget Rule             1 iteration(s)
Phase Gadget Rule             1 iteration(s)
Identity Removal Rule         1 iteration(s)
Spider Fusion Rule            1 iteration(s)
Pivot Rule                    3 iteration(s)
Local Complementation Rule    2 iteration(s)
Pivot Gadget Rule             1 iteration(s)
Identity Removal Rule         1 iteration(s)
Spider Fusion Rule            1 iteration(s)
Pivot Rule                    1 iteration(s)
Pivot Gadget Rule             1 iteration(s)
Identity Removal Rule         1 iteration(s)
Spider Fusion Rule            1 iteration(s)
Pivot Rule                    1 iteration(s)
Identity Removal Rule         1 iteration(s)
Spider Fusion Rule            1 iteration(s)
Pivot Gadget Rule             1 iteration(s)
Phase Gadget Rule             1 iteration(s)
Identity Removal Rule         1 iteration(s)
Spider Fusion Rule            1 iteration(s)
Pivot Rule                    3 iteration(s)
Identity Removal Rule         1 iteration(s)
Spider Fusion Rule            1 iteration(s)
Local Complementation Rule    2 iteration(s)
Identity Removal Rule         1 iteration(s)
Spider Fusion Rule            1 iteration(s)
Identity Removal Rule         1 iteration(s)
Spider Fusion Rule            1 iteration(s)
Pivot Rule                    1 iteration(s)
Identity Removal Rule         1 iteration(s)
Spider Fusion Rule            1 iteration(s)
Identity Removal Rule         1 iteration(s)
Spider Fusion Rule            1 iteration(s)
Pivot Rule                    1 iteration(s)
Identity Removal Rule         1 iteration(s)
Spider Fusion Rule            1 iteration(s)
Pivot Rule                    1 iteration(s)
Identity Removal Rule         1 iteration(s)
Spider Fusion Rule            1 iteration(s)
Pivot Rule                    1 iteration(s)
Identity Removal Rule         1 iteration(s)
Spider Fusion Rule            1 iteration(s)
Pivot Gadget Rule             1 iteration(s)
Identity Removal Rule         1 iteration(s)
Spider Fusion Rule            1 iteration(s)
Local Complementation Rule    2 iteration(s)
Identity Removal Rule         1 iteration(s)
Spider Fusion Rule            1 iteration(s)
Pivot Rule                    1 iteration(s)
Identity Removal Rule         1 iteration(s)
Spider Fusion Rule            1 iteration(s)
Pivot Gadget Rule             1 iteration(s)
Phase Gadget Rule             1 iteration(s)
Identity Removal Rule         1 iteration(s)
Spider Fusion Rule            1 iteration(s)
Pivot Rule                    2 iteration(s)
Identity Removal Rule         1 iteration(s)
Spider Fusion Rule            1 iteration(s)
Pivot Rule                    1 iteration(s)
Identity Removal Rule         1 iteration(s)
Spider Fusion Rule            1 iteration(s)
Pivot Rule                    1 iteration(s)
Pivot Gadget Rule             1 iteration(s)
Phase Gadget Rule             1 iteration(s)
Identity Removal Rule         1 iteration(s)
Spider Fusion Rule            1 iteration(s)
Pivot Rule                    2 iteration(s)
Local Complementation Rule    2 iteration(s)
Identity Removal Rule         2 iteration(s)
Spider Fusion Rule            1 iteration(s)
Pivot Rule                    1 iteration(s)
Identity Removal Rule         1 iteration(s)
Spider Fusion Rule            1 iteration(s)
Pivot Rule                    2 iteration(s)
Identity Removal Rule         1 iteration(s)
Spider Fusion Rule            1 iteration(s)
Pivot Gadget Rule             1 iteration(s)
Identity Removal Rule         1 iteration(s)
Spider Fusion Rule            1 iteration(s)
Pivot Rule                    1 iteration(s)
Identity Removal Rule         1 iteration(s)
Spider Fusion Rule            1 iteration(s)
Pivot Rule                    1 iteration(s)
Identity Removal Rule         1 iteration(s)
Spider Fusion Rule            1 iteration(s)
Pivot Rule                    2 iteration(s)
Identity Removal Rule         1 iteration(s)
Spider Fusion Rule            1 iteration(s)
Identity Removal Rule         1 iteration(s)
Spider Fusion Rule            1 iteration(s)
Pivot Rule                    1 iteration(s)
Identity Removal Rule         1 iteration(s)
Spider Fusion Rule            1 iteration(s)
Identity Removal Rule         1 iteration(s)
Spider Fusion Rule            1 iteration(s)
Pivot Rule                    1 iteration(s)
Identity Removal Rule         1 iteration(s)
Spider Fusion Rule            1 iteration(s)
Pivot Rule                    2 iteration(s)
Identity Removal Rule         1 iteration(s)
Spider Fusion Rule            1 iteration(s)
Identity Removal Rule         1 iteration(s)
Spider Fusion Rule            1 iteration(s)
Pivot Rule                    1 iteration(s)
Identity Removal Rule         1 iteration(s)
Spider Fusion Rule            1 iteration(s)
Identity Removal Rule         1 iteration(s)
Spider Fusion Rule            1 iteration(s)
Pivot Rule                    1 iteration(s)
Identity Removal Rule         1 iteration(s)
Spider Fusion Rule            1 iteration(s)
Pivot Rule                    2 iteration(s)
Identity Removal Rule         1 iteration(s)
Spider Fusion Rule            1 iteration(s)
Identity Removal Rule         1 iteration(s)
Spider Fusion Rule            1 iteration(s)
Pivot Rule                    1 iteration(s)
Identity Removal Rule         1 iteration(s)
Spider Fusion Rule            1 iteration(s)
Identity Removal Rule         1 iteration(s)
Spider Fusion Rule            1 iteration(s)
Pivot Rule                    1 iteration(s)
Identity Removal Rule         1 iteration(s)
Spider Fusion Rule            1 iteration(s)
Pivot Rule                    2 iteration(s)
Identity Removal Rule         1 iteration(s)
Spider Fusion Rule            1 iteration(s)
Identity Removal Rule         1 iteration(s)
Spider Fusion Rule            1 iteration(s)
Pivot Rule                    1 iteration(s)
Identity Removal Rule         1 iteration(s)
Spider Fusion Rule            1 iteration(s)
Pivot Rule                    1 iteration(s)
Identity Removal Rule         1 iteration(s)
Spider Fusion Rule            1 iteration(s)
Pivot Rule                    1 iteration(s)
Identity Removal Rule         1 iteration(s)
Spider Fusion Rule            1 iteration(s)
Identity Removal Rule         1 iteration(s)
Spider Fusion Rule            1 iteration(s)
Pivot Rule                    1 iteration(s)
Identity Removal Rule         1 iteration(s)
Spider Fusion Rule            1 iteration(s)
Pivot Rule                    2 iteration(s)
Identity Removal Rule         1 iteration(s)
Spider Fusion Rule            1 iteration(s)
Pivot Rule                    1 iteration(s)
Identity Removal Rule         1 iteration(s)
Spider Fusion Rule            1 iteration(s)
Pivot Rule                    1 iteration(s)
Identity Removal Rule         1 iteration(s)
Spider Fusion Rule            1 iteration(s)
Pivot Rule                    1 iteration(s)
Identity Removal Rule         1 iteration(s)
Spider Fusion Rule            1 iteration(s)
Identity Removal Rule         1 iteration(s)
Spider Fusion Rule            1 iteration(s)
Pivot Rule                    1 iteration(s)
Identity Removal Rule         1 iteration(s)
Spider Fusion Rule            1 iteration(s)
Pivot Rule                    2 iteration(s)
Identity Removal Rule         1 iteration(s)
Spider Fusion Rule            1 iteration(s)
Pivot Gadget Rule             1 iteration(s)
Identity Removal Rule         1 iteration(s)
Spider Fusion Rule            1 iteration(s)
Pivot Rule                    1 iteration(s)
Identity Removal Rule         1 iteration(s)
Spider Fusion Rule            1 iteration(s)
Pivot Gadget Rule             1 iteration(s)
Phase Gadget Rule             1 iteration(s)
Identity Removal Rule         1 iteration(s)
Spider Fusion Rule            1 iteration(s)
Pivot Rule                    1 iteration(s)
Identity Removal Rule         1 iteration(s)
Spider Fusion Rule            1 iteration(s)
Pivot Rule                    1 iteration(s)
Identity Removal Rule         1 iteration(s)
Spider Fusion Rule            1 iteration(s)
Pivot Rule                    2 iteration(s)
Identity Removal Rule         1 iteration(s)
Spider Fusion Rule            1 iteration(s)
Identity Removal Rule         1 iteration(s)
Spider Fusion Rule            1 iteration(s)
Pivot Rule                    1 iteration(s)
Identity Removal Rule         1 iteration(s)
Spider Fusion Rule            1 iteration(s)
Identity Removal Rule         1 iteration(s)
Spider Fusion Rule            1 iteration(s)
Pivot Rule                    1 iteration(s)
Identity Removal Rule         1 iteration(s)
Spider Fusion Rule            1 iteration(s)
Identity Removal Rule         1 iteration(s)
Spider Fusion Rule            1 iteration(s)
Pivot Rule                    1 iteration(s)
Identity Removal Rule         1 iteration(s)
Spider Fusion Rule            1 iteration(s)
Pivot Rule                    1 iteration(s)
Identity Removal Rule         2 iteration(s)
Pivot Gadget Rule             1 iteration(s)
Identity Removal Rule         1 iteration(s)
Spider Fusion Rule            1 iteration(s)
Pivot Rule                    1 iteration(s)
Identity Removal Rule         1 iteration(s)
Spider Fusion Rule            1 iteration(s)
Identity Removal Rule         1 iteration(s)
Spider Fusion Rule            1 iteration(s)
Pivot Rule                    1 iteration(s)
Identity Removal Rule         1 iteration(s)
Spider Fusion Rule            1 iteration(s)
Identity Removal Rule         1 iteration(s)
Spider Fusion Rule            1 iteration(s)
Pivot Rule                    2 iteration(s)
Identity Removal Rule         1 iteration(s)
Spider Fusion Rule            1 iteration(s)
Pivot Rule                    1 iteration(s)
Identity Removal Rule         2 iteration(s)
Pivot Gadget Rule             1 iteration(s)
Identity Removal Rule         1 iteration(s)
Phase Gadget Rule             1 iteration(s)
Identity Removal Rule         1 iteration(s)
Spider Fusion Rule            1 iteration(s)
Pivot Rule                    2 iteration(s)
Identity Removal Rule         2 iteration(s)
Pivot Gadget Rule             1 iteration(s)
Identity Removal Rule         1 iteration(s)
Phase Gadget Rule             1 iteration(s)
Identity Removal Rule         1 iteration(s)
Spider Fusion Rule            1 iteration(s)
Pivot Rule                    2 iteration(s)
Identity Removal Rule         2 iteration(s)

qsyn> zxgp 
Graph 1( 16 inputs, 16 outputs, 32 vertices, 16 edges )

qsyn> zxgp -q 

ID:	1	VertexType:		Qubit:	0	Phase:	0	#Neighbors:	1	(4970, -) 
ID:	4970	VertexType:		Qubit:	0	Phase:	0	#Neighbors:	1	(1, -) 


ID:	3	VertexType:		Qubit:	1	Phase:	0	#Neighbors:	1	(4972, -) 
ID:	4972	VertexType:		Qubit:	1	Phase:	0	#Neighbors:	1	(3, -) 


ID:	5	VertexType:		Qubit:	2	Phase:	0	#Neighbors:	1	(4974, -) 
ID:	4974	VertexType:		Qubit:	2	Phase:	0	#Neighbors:	1	(5, -) 


ID:	7	VertexType:		Qubit:	3	Phase:	0	#Neighbors:	1	(4976, -) 
ID:	4976	VertexType:		Qubit:	3	Phase:	0	#Neighbors:	1	(7, -) 


ID:	9	VertexType:		Qubit:	4	Phase:	0	#Neighbors:	1	(4978, -) 
ID:	4978	VertexType:		Qubit:	4	Phase:	0	#Neighbors:	1	(9, -) 


ID:	11	VertexType:		Qubit:	5	Phase:	0	#Neighbors:	1	(4980, -) 
ID:	4980	VertexType:		Qubit:	5	Phase:	0	#Neighbors:	1	(11, -) 


ID:	13	VertexType:		Qubit:	6	Phase:	0	#Neighbors:	1	(4982, -) 
ID:	4982	VertexType:		Qubit:	6	Phase:	0	#Neighbors:	1	(13, -) 


ID:	15	VertexType:		Qubit:	7	Phase:	0	#Neighbors:	1	(4984, -) 
ID:	4984	VertexType:		Qubit:	7	Phase:	0	#Neighbors:	1	(15, -) 


ID:	17	VertexType:		Qubit:	8	Phase:	0	#Neighbors:	1	(4986, -) 
ID:	4986	VertexType:		Qubit:	8	Phase:	0	#Neighbors:	1	(17, -) 


ID:	19	VertexType:		Qubit:	9	Phase:	0	#Neighbors:	1	(4988, -) 
ID:	4988	VertexType:		Qubit:	9	Phase:	0	#Neighbors:	1	(19, -) 


ID:	21	VertexType:		Qubit:	10	Phase:	0	#Neighbors:	1	(4990, -) 
ID:	4990	VertexType:		Qubit:	10	Phase:	0	#Neighbors:	1	(21, -) 


ID:	23	VertexType:		Qubit:	11	Phase:	0	#Neighbors:	1	(4992, -) 
ID:	4992	VertexType:		Qubit:	11	Phase:	0	#Neighbors:	1	(23, -) 


ID:	25	VertexType:		Qubit:	12	Phase:	0	#Neighbors:	1	(4994, -) 
ID:	4994	VertexType:		Qubit:	12	Phase:	0	#Neighbors:	1	(25, -) 


ID:	27	VertexType:		Qubit:	13	Phase:	0	#Neighbors:	1	(4996, -) 
ID:	4996	VertexType:		Qubit:	13	Phase:	0	#Neighbors:	1	(27, -) 


ID:	29	VertexType:		Qubit:	14	Phase:	0	#Neighbors:	1	(4998, -) 
ID:	4998	VertexType:		Qubit:	14	Phase:	0	#Neighbors:	1	(29, -) 


ID:	31	VertexType:		Qubit:	15	Phase:	0	#Neighbors:	1	(5000, -) 
ID:	5000	VertexType:		Qubit:	15	Phase:	0	#Neighbors:	1	(31, -) 


qsyn> usage
Period time used : 8.63 seconds
Total time used  : 8.63 seconds
Total memory used: 182.1 M Bytes

qsyn> qq -f

