DV Lab, NTUEE, Qsyn 0.3.0
qsyn> ver 1
Note: verbose level is set to 1

qsyn> zxm -on
Illegal command!! (zxm)

qsyn> qccread benchmark/benchmark_SABRE/large/cm42a_207.qasm
Note: QCir list is empty now. Create a new one.

qsyn> qc2zx

qsyn> zxgp
Graph 0( 16 inputs, 16 outputs, 2579 vertices, 3334 edges )

qsyn> zxcopy

qsyn> zxgadjoint

qsyn> zxcompose 0

qsyn> zxgprint
Graph 1( 16 inputs, 16 outputs, 5158 vertices, 6684 edges )

qsyn> zxgs -fr
Spider Fusion Rule            4 iteration(s)
Identity Removal Rule         1 iteration(s)
Spider Fusion Rule            2 iteration(s)
Pivot Rule                    1 iteration(s)
Identity Removal Rule         1 iteration(s)
Spider Fusion Rule            1 iteration(s)
Pivot Rule                    2 iteration(s)
Identity Removal Rule         1 iteration(s)
Spider Fusion Rule            1 iteration(s)
Pivot Rule                    2 iteration(s)
Identity Removal Rule         1 iteration(s)
Spider Fusion Rule            1 iteration(s)
Pivot Rule                    1 iteration(s)
Local Complementation Rule    2 iteration(s)
Identity Removal Rule         1 iteration(s)
Spider Fusion Rule            1 iteration(s)
Pivot Rule                    1 iteration(s)
Identity Removal Rule         1 iteration(s)
Spider Fusion Rule            2 iteration(s)
Pivot Rule                    2 iteration(s)
Identity Removal Rule         1 iteration(s)
Spider Fusion Rule            1 iteration(s)
Pivot Rule                    1 iteration(s)
Identity Removal Rule         1 iteration(s)
Spider Fusion Rule            1 iteration(s)
Identity Removal Rule         1 iteration(s)
Spider Fusion Rule            1 iteration(s)
Pivot Rule                    1 iteration(s)
Identity Removal Rule         1 iteration(s)
Spider Fusion Rule            1 iteration(s)
Pivot Rule                    2 iteration(s)
Identity Removal Rule         1 iteration(s)
Spider Fusion Rule            1 iteration(s)
Pivot Rule                    1 iteration(s)
Identity Removal Rule         1 iteration(s)
Spider Fusion Rule            1 iteration(s)
Pivot Rule                    1 iteration(s)
Identity Removal Rule         1 iteration(s)
Spider Fusion Rule            1 iteration(s)
Pivot Rule                    2 iteration(s)
Identity Removal Rule         1 iteration(s)
Spider Fusion Rule            1 iteration(s)
Pivot Rule                    1 iteration(s)
Identity Removal Rule         1 iteration(s)
Spider Fusion Rule            2 iteration(s)
Pivot Rule                    1 iteration(s)
Identity Removal Rule         1 iteration(s)
Spider Fusion Rule            1 iteration(s)
Pivot Rule                    1 iteration(s)
Identity Removal Rule         1 iteration(s)
Spider Fusion Rule            2 iteration(s)
Pivot Rule                    2 iteration(s)
Identity Removal Rule         1 iteration(s)
Spider Fusion Rule            1 iteration(s)
Pivot Rule                    1 iteration(s)
Identity Removal Rule         1 iteration(s)
Spider Fusion Rule            1 iteration(s)
Identity Removal Rule         1 iteration(s)
Spider Fusion Rule            1 iteration(s)
Pivot Rule                    1 iteration(s)
Identity Removal Rule         1 iteration(s)
Spider Fusion Rule            1 iteration(s)
Pivot Rule                    2 iteration(s)
Identity Removal Rule         1 iteration(s)
Spider Fusion Rule            1 iteration(s)
Pivot Rule                    1 iteration(s)
Identity Removal Rule         1 iteration(s)
Spider Fusion Rule            1 iteration(s)
Pivot Rule                    1 iteration(s)
Identity Removal Rule         1 iteration(s)
Spider Fusion Rule            1 iteration(s)
Pivot Rule                    2 iteration(s)
Identity Removal Rule         1 iteration(s)
Spider Fusion Rule            1 iteration(s)
Pivot Rule                    1 iteration(s)
Identity Removal Rule         1 iteration(s)
Spider Fusion Rule            2 iteration(s)
Pivot Rule                    1 iteration(s)
Identity Removal Rule         1 iteration(s)
Spider Fusion Rule            1 iteration(s)
Pivot Rule                    1 iteration(s)
Identity Removal Rule         1 iteration(s)
Spider Fusion Rule            2 iteration(s)
Pivot Rule                    2 iteration(s)
Identity Removal Rule         1 iteration(s)
Spider Fusion Rule            1 iteration(s)
Pivot Rule                    1 iteration(s)
Identity Removal Rule         1 iteration(s)
Spider Fusion Rule            1 iteration(s)
Identity Removal Rule         1 iteration(s)
Spider Fusion Rule            1 iteration(s)
Pivot Rule                    1 iteration(s)
Identity Removal Rule         1 iteration(s)
Spider Fusion Rule            1 iteration(s)
Pivot Rule                    2 iteration(s)
Identity Removal Rule         1 iteration(s)
Spider Fusion Rule            1 iteration(s)
Pivot Rule                    1 iteration(s)
Identity Removal Rule         1 iteration(s)
Spider Fusion Rule            1 iteration(s)
Pivot Rule                    1 iteration(s)
Identity Removal Rule         1 iteration(s)
Spider Fusion Rule            1 iteration(s)
Pivot Rule                    2 iteration(s)
Identity Removal Rule         1 iteration(s)
Spider Fusion Rule            1 iteration(s)
Pivot Rule                    1 iteration(s)
Identity Removal Rule         1 iteration(s)
Spider Fusion Rule            2 iteration(s)
Pivot Rule                    1 iteration(s)
Identity Removal Rule         1 iteration(s)
Spider Fusion Rule            1 iteration(s)
Pivot Rule                    1 iteration(s)
Identity Removal Rule         1 iteration(s)
Spider Fusion Rule            2 iteration(s)
Pivot Rule                    2 iteration(s)
Identity Removal Rule         1 iteration(s)
Spider Fusion Rule            1 iteration(s)
Pivot Rule                    1 iteration(s)
Identity Removal Rule         1 iteration(s)
Spider Fusion Rule            1 iteration(s)
Identity Removal Rule         1 iteration(s)
Spider Fusion Rule            1 iteration(s)
Pivot Rule                    1 iteration(s)
Identity Removal Rule         1 iteration(s)
Spider Fusion Rule            1 iteration(s)
Pivot Rule                    2 iteration(s)
Identity Removal Rule         1 iteration(s)
Spider Fusion Rule            1 iteration(s)
Pivot Rule                    1 iteration(s)
Identity Removal Rule         1 iteration(s)
Spider Fusion Rule            1 iteration(s)
Pivot Rule                    1 iteration(s)
Identity Removal Rule         1 iteration(s)
Spider Fusion Rule            1 iteration(s)
Pivot Rule                    2 iteration(s)
Identity Removal Rule         1 iteration(s)
Spider Fusion Rule            1 iteration(s)
Pivot Rule                    1 iteration(s)
Identity Removal Rule         1 iteration(s)
Spider Fusion Rule            2 iteration(s)
Pivot Rule                    1 iteration(s)
Identity Removal Rule         1 iteration(s)
Spider Fusion Rule            1 iteration(s)
Pivot Rule                    1 iteration(s)
Identity Removal Rule         1 iteration(s)
Spider Fusion Rule            2 iteration(s)
Pivot Rule                    2 iteration(s)
Identity Removal Rule         1 iteration(s)
Spider Fusion Rule            1 iteration(s)
Pivot Rule                    1 iteration(s)
Identity Removal Rule         1 iteration(s)
Spider Fusion Rule            1 iteration(s)
Identity Removal Rule         1 iteration(s)
Spider Fusion Rule            1 iteration(s)
Pivot Rule                    1 iteration(s)
Identity Removal Rule         1 iteration(s)
Spider Fusion Rule            1 iteration(s)
Pivot Rule                    2 iteration(s)
Identity Removal Rule         1 iteration(s)
Spider Fusion Rule            1 iteration(s)
Pivot Rule                    1 iteration(s)
Identity Removal Rule         1 iteration(s)
Spider Fusion Rule            1 iteration(s)
Pivot Rule                    1 iteration(s)
Identity Removal Rule         1 iteration(s)
Spider Fusion Rule            1 iteration(s)
Pivot Rule                    3 iteration(s)
Identity Removal Rule         1 iteration(s)
Spider Fusion Rule            1 iteration(s)
Pivot Rule                    1 iteration(s)
Identity Removal Rule         1 iteration(s)
Spider Fusion Rule            2 iteration(s)
Pivot Rule                    1 iteration(s)
Identity Removal Rule         1 iteration(s)
Spider Fusion Rule            1 iteration(s)
Pivot Rule                    1 iteration(s)
Identity Removal Rule         1 iteration(s)
Spider Fusion Rule            2 iteration(s)
Pivot Rule                    2 iteration(s)
Identity Removal Rule         1 iteration(s)
Spider Fusion Rule            1 iteration(s)
Pivot Rule                    1 iteration(s)
Identity Removal Rule         1 iteration(s)
Spider Fusion Rule            1 iteration(s)
Identity Removal Rule         1 iteration(s)
Spider Fusion Rule            1 iteration(s)
Pivot Rule                    1 iteration(s)
Identity Removal Rule         1 iteration(s)
Spider Fusion Rule            1 iteration(s)
Pivot Rule                    2 iteration(s)
Identity Removal Rule         1 iteration(s)
Spider Fusion Rule            1 iteration(s)
Pivot Rule                    1 iteration(s)
Identity Removal Rule         1 iteration(s)
Spider Fusion Rule            1 iteration(s)
Pivot Rule                    1 iteration(s)
Identity Removal Rule         1 iteration(s)
Spider Fusion Rule            1 iteration(s)
Pivot Rule                    2 iteration(s)
Identity Removal Rule         1 iteration(s)
Spider Fusion Rule            1 iteration(s)
Pivot Rule                    1 iteration(s)
Identity Removal Rule         1 iteration(s)
Spider Fusion Rule            2 iteration(s)
Pivot Rule                    1 iteration(s)
Identity Removal Rule         1 iteration(s)
Spider Fusion Rule            1 iteration(s)
Pivot Rule                    1 iteration(s)
Identity Removal Rule         1 iteration(s)
Spider Fusion Rule            2 iteration(s)
Pivot Rule                    2 iteration(s)
Identity Removal Rule         1 iteration(s)
Spider Fusion Rule            1 iteration(s)
Pivot Rule                    1 iteration(s)
Identity Removal Rule         1 iteration(s)
Spider Fusion Rule            1 iteration(s)
Identity Removal Rule         1 iteration(s)
Spider Fusion Rule            1 iteration(s)
Pivot Rule                    1 iteration(s)
Identity Removal Rule         1 iteration(s)
Spider Fusion Rule            1 iteration(s)
Pivot Rule                    2 iteration(s)
Identity Removal Rule         1 iteration(s)
Spider Fusion Rule            1 iteration(s)
Pivot Rule                    1 iteration(s)
Identity Removal Rule         1 iteration(s)
Spider Fusion Rule            1 iteration(s)
Pivot Rule                    1 iteration(s)
Identity Removal Rule         1 iteration(s)
Spider Fusion Rule            1 iteration(s)
Pivot Rule                    2 iteration(s)
Identity Removal Rule         1 iteration(s)
Spider Fusion Rule            1 iteration(s)
Pivot Rule                    1 iteration(s)
Identity Removal Rule         1 iteration(s)
Spider Fusion Rule            2 iteration(s)
Pivot Rule                    1 iteration(s)
Identity Removal Rule         1 iteration(s)
Spider Fusion Rule            1 iteration(s)
Pivot Rule                    1 iteration(s)
Identity Removal Rule         1 iteration(s)
Spider Fusion Rule            2 iteration(s)
Pivot Rule                    2 iteration(s)
Identity Removal Rule         1 iteration(s)
Spider Fusion Rule            1 iteration(s)
Pivot Rule                    1 iteration(s)
Identity Removal Rule         1 iteration(s)
Spider Fusion Rule            1 iteration(s)
Identity Removal Rule         1 iteration(s)
Spider Fusion Rule            1 iteration(s)
Pivot Rule                    1 iteration(s)
Identity Removal Rule         1 iteration(s)
Spider Fusion Rule            1 iteration(s)
Pivot Rule                    2 iteration(s)
Identity Removal Rule         1 iteration(s)
Spider Fusion Rule            1 iteration(s)
Pivot Rule                    1 iteration(s)
Identity Removal Rule         1 iteration(s)
Spider Fusion Rule            1 iteration(s)
Pivot Rule                    1 iteration(s)
Identity Removal Rule         1 iteration(s)
Spider Fusion Rule            1 iteration(s)
Pivot Rule                    1 iteration(s)
Identity Removal Rule         1 iteration(s)
Spider Fusion Rule            1 iteration(s)
Pivot Rule                    2 iteration(s)
Identity Removal Rule         1 iteration(s)
Spider Fusion Rule            1 iteration(s)
Pivot Rule                    1 iteration(s)
Identity Removal Rule         1 iteration(s)
Spider Fusion Rule            1 iteration(s)
Pivot Rule                    1 iteration(s)
Identity Removal Rule         1 iteration(s)
Spider Fusion Rule            1 iteration(s)
Pivot Rule                    1 iteration(s)
Identity Removal Rule         1 iteration(s)
Spider Fusion Rule            1 iteration(s)
Identity Removal Rule         1 iteration(s)
Spider Fusion Rule            1 iteration(s)
Pivot Rule                    1 iteration(s)
Identity Removal Rule         1 iteration(s)
Spider Fusion Rule            1 iteration(s)
Pivot Rule                    2 iteration(s)
Identity Removal Rule         1 iteration(s)
Spider Fusion Rule            1 iteration(s)
Pivot Rule                    1 iteration(s)
Identity Removal Rule         1 iteration(s)
Spider Fusion Rule            1 iteration(s)
Pivot Rule                    1 iteration(s)
Identity Removal Rule         1 iteration(s)
Spider Fusion Rule            1 iteration(s)
Pivot Rule                    1 iteration(s)
Identity Removal Rule         1 iteration(s)
Spider Fusion Rule            1 iteration(s)
Identity Removal Rule         1 iteration(s)
Spider Fusion Rule            1 iteration(s)
Pivot Rule                    1 iteration(s)
Identity Removal Rule         1 iteration(s)
Spider Fusion Rule            1 iteration(s)
Pivot Rule                    2 iteration(s)
Identity Removal Rule         1 iteration(s)
Spider Fusion Rule            1 iteration(s)
Pivot Rule                    1 iteration(s)
Identity Removal Rule         1 iteration(s)
Spider Fusion Rule            1 iteration(s)
Pivot Rule                    1 iteration(s)
Identity Removal Rule         1 iteration(s)
Spider Fusion Rule            1 iteration(s)
Pivot Rule                    1 iteration(s)
Identity Removal Rule         1 iteration(s)
Spider Fusion Rule            1 iteration(s)
Identity Removal Rule         1 iteration(s)
Spider Fusion Rule            1 iteration(s)
Pivot Rule                    1 iteration(s)
Identity Removal Rule         1 iteration(s)
Spider Fusion Rule            1 iteration(s)
Pivot Rule                    2 iteration(s)
Identity Removal Rule         1 iteration(s)
Spider Fusion Rule            1 iteration(s)
Pivot Rule                    1 iteration(s)
Identity Removal Rule         1 iteration(s)
Spider Fusion Rule            1 iteration(s)
Pivot Rule                    1 iteration(s)
Identity Removal Rule         1 iteration(s)
Spider Fusion Rule            1 iteration(s)
Pivot Rule                    2 iteration(s)
Identity Removal Rule         1 iteration(s)
Spider Fusion Rule            1 iteration(s)
Pivot Rule                    1 iteration(s)
Identity Removal Rule         1 iteration(s)
Spider Fusion Rule            2 iteration(s)
Pivot Rule                    2 iteration(s)
Identity Removal Rule         1 iteration(s)
Spider Fusion Rule            1 iteration(s)
Pivot Rule                    2 iteration(s)
Identity Removal Rule         1 iteration(s)
Spider Fusion Rule            1 iteration(s)
Pivot Rule                    1 iteration(s)
Identity Removal Rule         1 iteration(s)
Spider Fusion Rule            1 iteration(s)
Pivot Rule                    1 iteration(s)
Identity Removal Rule         1 iteration(s)
Spider Fusion Rule            1 iteration(s)
Pivot Rule                    1 iteration(s)
Identity Removal Rule         1 iteration(s)
Spider Fusion Rule            1 iteration(s)
Identity Removal Rule         1 iteration(s)
Spider Fusion Rule            1 iteration(s)
Pivot Rule                    1 iteration(s)
Identity Removal Rule         1 iteration(s)
Spider Fusion Rule            1 iteration(s)
Pivot Rule                    2 iteration(s)
Identity Removal Rule         1 iteration(s)
Spider Fusion Rule            1 iteration(s)
Pivot Rule                    1 iteration(s)
Identity Removal Rule         1 iteration(s)
Spider Fusion Rule            1 iteration(s)
Pivot Rule                    1 iteration(s)
Identity Removal Rule         1 iteration(s)
Spider Fusion Rule            1 iteration(s)
Pivot Rule                    3 iteration(s)
Identity Removal Rule         1 iteration(s)
Spider Fusion Rule            1 iteration(s)
Pivot Rule                    1 iteration(s)
Identity Removal Rule         1 iteration(s)
Spider Fusion Rule            2 iteration(s)
Pivot Rule                    1 iteration(s)
Identity Removal Rule         1 iteration(s)
Spider Fusion Rule            1 iteration(s)
Pivot Rule                    1 iteration(s)
Identity Removal Rule         1 iteration(s)
Spider Fusion Rule            2 iteration(s)
Pivot Rule                    2 iteration(s)
Identity Removal Rule         1 iteration(s)
Spider Fusion Rule            1 iteration(s)
Pivot Rule                    1 iteration(s)
Identity Removal Rule         1 iteration(s)
Spider Fusion Rule            1 iteration(s)
Identity Removal Rule         1 iteration(s)
Spider Fusion Rule            1 iteration(s)
Pivot Rule                    1 iteration(s)
Identity Removal Rule         1 iteration(s)
Spider Fusion Rule            1 iteration(s)
Pivot Rule                    2 iteration(s)
Identity Removal Rule         1 iteration(s)
Spider Fusion Rule            1 iteration(s)
Pivot Rule                    1 iteration(s)
Identity Removal Rule         1 iteration(s)
Spider Fusion Rule            1 iteration(s)
Pivot Rule                    1 iteration(s)
Identity Removal Rule         1 iteration(s)
Spider Fusion Rule            1 iteration(s)
Pivot Rule                    2 iteration(s)
Identity Removal Rule         1 iteration(s)
Spider Fusion Rule            1 iteration(s)
Pivot Rule                    1 iteration(s)
Identity Removal Rule         1 iteration(s)
Spider Fusion Rule            2 iteration(s)
Pivot Rule                    1 iteration(s)
Identity Removal Rule         1 iteration(s)
Spider Fusion Rule            1 iteration(s)
Pivot Rule                    1 iteration(s)
Identity Removal Rule         1 iteration(s)
Spider Fusion Rule            2 iteration(s)
Pivot Rule                    2 iteration(s)
Identity Removal Rule         1 iteration(s)
Spider Fusion Rule            1 iteration(s)
Pivot Rule                    1 iteration(s)
Identity Removal Rule         1 iteration(s)
Spider Fusion Rule            1 iteration(s)
Identity Removal Rule         1 iteration(s)
Spider Fusion Rule            1 iteration(s)
Pivot Rule                    1 iteration(s)
Identity Removal Rule         1 iteration(s)
Spider Fusion Rule            1 iteration(s)
Pivot Rule                    2 iteration(s)
Identity Removal Rule         1 iteration(s)
Spider Fusion Rule            1 iteration(s)
Pivot Rule                    1 iteration(s)
Identity Removal Rule         1 iteration(s)
Spider Fusion Rule            1 iteration(s)
Pivot Rule                    1 iteration(s)
Identity Removal Rule         1 iteration(s)
Spider Fusion Rule            1 iteration(s)
Pivot Rule                    2 iteration(s)
Identity Removal Rule         1 iteration(s)
Spider Fusion Rule            1 iteration(s)
Pivot Rule                    1 iteration(s)
Identity Removal Rule         1 iteration(s)
Spider Fusion Rule            2 iteration(s)
Pivot Rule                    1 iteration(s)
Identity Removal Rule         1 iteration(s)
Spider Fusion Rule            1 iteration(s)
Pivot Rule                    1 iteration(s)
Identity Removal Rule         1 iteration(s)
Spider Fusion Rule            2 iteration(s)
Pivot Rule                    2 iteration(s)
Identity Removal Rule         1 iteration(s)
Spider Fusion Rule            1 iteration(s)
Pivot Rule                    1 iteration(s)
Identity Removal Rule         1 iteration(s)
Spider Fusion Rule            1 iteration(s)
Identity Removal Rule         1 iteration(s)
Spider Fusion Rule            1 iteration(s)
Pivot Rule                    1 iteration(s)
Identity Removal Rule         1 iteration(s)
Spider Fusion Rule            1 iteration(s)
Pivot Rule                    2 iteration(s)
Identity Removal Rule         1 iteration(s)
Spider Fusion Rule            1 iteration(s)
Pivot Rule                    2 iteration(s)
Identity Removal Rule         1 iteration(s)
Spider Fusion Rule            1 iteration(s)
Pivot Rule                    2 iteration(s)
Identity Removal Rule         1 iteration(s)
Spider Fusion Rule            1 iteration(s)
Pivot Rule                    2 iteration(s)
Identity Removal Rule         1 iteration(s)
Spider Fusion Rule            1 iteration(s)
Pivot Rule                    2 iteration(s)
Identity Removal Rule         1 iteration(s)
Spider Fusion Rule            1 iteration(s)
Pivot Rule                    1 iteration(s)
Identity Removal Rule         1 iteration(s)
Spider Fusion Rule            1 iteration(s)
Pivot Rule                    1 iteration(s)
Identity Removal Rule         1 iteration(s)
Spider Fusion Rule            1 iteration(s)
Pivot Rule                    3 iteration(s)
Identity Removal Rule         1 iteration(s)
Spider Fusion Rule            1 iteration(s)
Pivot Rule                    1 iteration(s)
Identity Removal Rule         1 iteration(s)
Spider Fusion Rule            1 iteration(s)
Pivot Rule                    1 iteration(s)
Identity Removal Rule         1 iteration(s)
Spider Fusion Rule            1 iteration(s)
Pivot Rule                    1 iteration(s)
Identity Removal Rule         1 iteration(s)
Spider Fusion Rule            1 iteration(s)
Identity Removal Rule         1 iteration(s)
Spider Fusion Rule            1 iteration(s)
Pivot Rule                    1 iteration(s)
Identity Removal Rule         1 iteration(s)
Spider Fusion Rule            1 iteration(s)
Pivot Rule                    2 iteration(s)
Identity Removal Rule         1 iteration(s)
Spider Fusion Rule            1 iteration(s)
Pivot Rule                    1 iteration(s)
Identity Removal Rule         1 iteration(s)
Spider Fusion Rule            1 iteration(s)
Pivot Rule                    1 iteration(s)
Identity Removal Rule         1 iteration(s)
Spider Fusion Rule            1 iteration(s)
Pivot Rule                    1 iteration(s)
Identity Removal Rule         1 iteration(s)
Spider Fusion Rule            1 iteration(s)
Identity Removal Rule         1 iteration(s)
Spider Fusion Rule            1 iteration(s)
Pivot Rule                    1 iteration(s)
Identity Removal Rule         1 iteration(s)
Spider Fusion Rule            1 iteration(s)
Pivot Rule                    2 iteration(s)
Identity Removal Rule         1 iteration(s)
Spider Fusion Rule            1 iteration(s)
Pivot Rule                    1 iteration(s)
Identity Removal Rule         1 iteration(s)
Spider Fusion Rule            1 iteration(s)
Pivot Rule                    1 iteration(s)
Identity Removal Rule         1 iteration(s)
Spider Fusion Rule            1 iteration(s)
Pivot Rule                    2 iteration(s)
Identity Removal Rule         1 iteration(s)
Spider Fusion Rule            1 iteration(s)
Pivot Rule                    1 iteration(s)
Identity Removal Rule         1 iteration(s)
Spider Fusion Rule            2 iteration(s)
Pivot Rule                    2 iteration(s)
Identity Removal Rule         1 iteration(s)
Spider Fusion Rule            1 iteration(s)
Pivot Rule                    2 iteration(s)
Identity Removal Rule         1 iteration(s)
Spider Fusion Rule            1 iteration(s)
Pivot Rule                    1 iteration(s)
Identity Removal Rule         1 iteration(s)
Spider Fusion Rule            1 iteration(s)
Pivot Rule                    1 iteration(s)
Identity Removal Rule         1 iteration(s)
Spider Fusion Rule            1 iteration(s)
Pivot Rule                    1 iteration(s)
Identity Removal Rule         1 iteration(s)
Spider Fusion Rule            1 iteration(s)
Identity Removal Rule         1 iteration(s)
Spider Fusion Rule            1 iteration(s)
Pivot Rule                    1 iteration(s)
Identity Removal Rule         1 iteration(s)
Spider Fusion Rule            1 iteration(s)
Pivot Rule                    2 iteration(s)
Identity Removal Rule         1 iteration(s)
Spider Fusion Rule            1 iteration(s)
Pivot Rule                    1 iteration(s)
Identity Removal Rule         1 iteration(s)
Spider Fusion Rule            1 iteration(s)
Pivot Rule                    1 iteration(s)
Identity Removal Rule         1 iteration(s)
Spider Fusion Rule            1 iteration(s)
Pivot Rule                    2 iteration(s)
Identity Removal Rule         1 iteration(s)
Spider Fusion Rule            1 iteration(s)
Pivot Rule                    1 iteration(s)
Identity Removal Rule         1 iteration(s)
Spider Fusion Rule            2 iteration(s)
Pivot Rule                    1 iteration(s)
Identity Removal Rule         1 iteration(s)
Spider Fusion Rule            1 iteration(s)
Pivot Rule                    1 iteration(s)
Identity Removal Rule         1 iteration(s)
Spider Fusion Rule            2 iteration(s)
Pivot Rule                    2 iteration(s)
Identity Removal Rule         1 iteration(s)
Spider Fusion Rule            1 iteration(s)
Pivot Rule                    1 iteration(s)
Local Complementation Rule    2 iteration(s)
Identity Removal Rule         1 iteration(s)
Spider Fusion Rule            1 iteration(s)
Identity Removal Rule         1 iteration(s)
Spider Fusion Rule            1 iteration(s)
Pivot Rule                    1 iteration(s)
Identity Removal Rule         1 iteration(s)
Spider Fusion Rule            1 iteration(s)
Pivot Rule                    1 iteration(s)
Local Complementation Rule    2 iteration(s)
Identity Removal Rule         1 iteration(s)
Spider Fusion Rule            1 iteration(s)
Pivot Rule                    2 iteration(s)
Identity Removal Rule         1 iteration(s)
Spider Fusion Rule            1 iteration(s)
Pivot Rule                    1 iteration(s)
Identity Removal Rule         1 iteration(s)
Spider Fusion Rule            1 iteration(s)
Pivot Rule                    1 iteration(s)
Identity Removal Rule         1 iteration(s)
Spider Fusion Rule            1 iteration(s)
Pivot Rule                    1 iteration(s)
Identity Removal Rule         1 iteration(s)
Spider Fusion Rule            1 iteration(s)
Local Complementation Rule    2 iteration(s)
Pivot Gadget Rule             9 iteration(s)
Identity Removal Rule         1 iteration(s)
Spider Fusion Rule            21 iteration(s)
Pivot Rule                    2 iteration(s)
Local Complementation Rule    16 iteration(s)
Identity Removal Rule         1 iteration(s)
Spider Fusion Rule            5 iteration(s)
Pivot Rule                    3 iteration(s)
Local Complementation Rule    2 iteration(s)
Identity Removal Rule         2 iteration(s)
Spider Fusion Rule            2 iteration(s)
Pivot Rule                    1 iteration(s)
Local Complementation Rule    2 iteration(s)
Identity Removal Rule         1 iteration(s)
Spider Fusion Rule            1 iteration(s)
Local Complementation Rule    2 iteration(s)
Identity Removal Rule         1 iteration(s)
Spider Fusion Rule            2 iteration(s)
Pivot Rule                    2 iteration(s)
Identity Removal Rule         1 iteration(s)
Spider Fusion Rule            1 iteration(s)
Pivot Rule                    2 iteration(s)
Local Complementation Rule    2 iteration(s)
Identity Removal Rule         1 iteration(s)
Spider Fusion Rule            1 iteration(s)
Identity Removal Rule         1 iteration(s)
Spider Fusion Rule            1 iteration(s)
Local Complementation Rule    2 iteration(s)
Identity Removal Rule         1 iteration(s)
Spider Fusion Rule            37 iteration(s)
Pivot Rule                    1 iteration(s)
Identity Removal Rule         1 iteration(s)
Spider Fusion Rule            1 iteration(s)
Pivot Boundary Rule           2 iteration(s)
Identity Removal Rule         1 iteration(s)
Spider Fusion Rule            1 iteration(s)
Pivot Rule                    2 iteration(s)
Local Complementation Rule    2 iteration(s)
Phase Gadget Rule             1 iteration(s)
Pivot Rule                    1 iteration(s)
Local Complementation Rule    8 iteration(s)
Pivot Gadget Rule             1 iteration(s)
Identity Removal Rule         1 iteration(s)
Spider Fusion Rule            1 iteration(s)
Pivot Rule                    3 iteration(s)
Identity Removal Rule         1 iteration(s)
Spider Fusion Rule            1 iteration(s)
Identity Removal Rule         1 iteration(s)
Spider Fusion Rule            1 iteration(s)
Pivot Rule                    1 iteration(s)
Identity Removal Rule         1 iteration(s)
Spider Fusion Rule            1 iteration(s)
Identity Removal Rule         1 iteration(s)
Spider Fusion Rule            1 iteration(s)
Pivot Rule                    1 iteration(s)
Identity Removal Rule         1 iteration(s)
Spider Fusion Rule            1 iteration(s)
Pivot Rule                    1 iteration(s)
Identity Removal Rule         1 iteration(s)
Spider Fusion Rule            1 iteration(s)
Identity Removal Rule         1 iteration(s)
Spider Fusion Rule            1 iteration(s)
Pivot Rule                    1 iteration(s)
Identity Removal Rule         1 iteration(s)
Spider Fusion Rule            1 iteration(s)
Pivot Rule                    1 iteration(s)
Identity Removal Rule         1 iteration(s)
Spider Fusion Rule            1 iteration(s)
Pivot Rule                    1 iteration(s)
Identity Removal Rule         1 iteration(s)
Spider Fusion Rule            1 iteration(s)
Pivot Gadget Rule             1 iteration(s)
Identity Removal Rule         1 iteration(s)
Spider Fusion Rule            1 iteration(s)
Pivot Rule                    2 iteration(s)
Identity Removal Rule         1 iteration(s)
Spider Fusion Rule            2 iteration(s)
Pivot Rule                    1 iteration(s)
Identity Removal Rule         1 iteration(s)
Spider Fusion Rule            1 iteration(s)
Pivot Rule                    1 iteration(s)
Identity Removal Rule         1 iteration(s)
Spider Fusion Rule            1 iteration(s)
Pivot Rule                    1 iteration(s)
Identity Removal Rule         1 iteration(s)
Spider Fusion Rule            1 iteration(s)
Identity Removal Rule         1 iteration(s)
Spider Fusion Rule            1 iteration(s)
Pivot Rule                    1 iteration(s)
Identity Removal Rule         1 iteration(s)
Spider Fusion Rule            1 iteration(s)
Pivot Rule                    1 iteration(s)
Identity Removal Rule         1 iteration(s)
Spider Fusion Rule            1 iteration(s)
Pivot Gadget Rule             1 iteration(s)
Identity Removal Rule         1 iteration(s)
Spider Fusion Rule            1 iteration(s)
Pivot Rule                    2 iteration(s)
Identity Removal Rule         1 iteration(s)
Spider Fusion Rule            1 iteration(s)
Pivot Rule                    3 iteration(s)
Identity Removal Rule         1 iteration(s)
Spider Fusion Rule            1 iteration(s)
Pivot Gadget Rule             1 iteration(s)
Identity Removal Rule         1 iteration(s)
Spider Fusion Rule            1 iteration(s)
Pivot Rule                    1 iteration(s)
Identity Removal Rule         1 iteration(s)
Spider Fusion Rule            1 iteration(s)
Pivot Rule                    2 iteration(s)
Pivot Gadget Rule             1 iteration(s)
Identity Removal Rule         1 iteration(s)
Spider Fusion Rule            1 iteration(s)
Pivot Rule                    1 iteration(s)
Identity Removal Rule         1 iteration(s)
Spider Fusion Rule            1 iteration(s)
Pivot Rule                    1 iteration(s)
Pivot Gadget Rule             1 iteration(s)
Identity Removal Rule         1 iteration(s)
Spider Fusion Rule            1 iteration(s)
Pivot Rule                    1 iteration(s)
Identity Removal Rule         1 iteration(s)
Spider Fusion Rule            1 iteration(s)
Pivot Rule                    1 iteration(s)
Identity Removal Rule         2 iteration(s)
Pivot Gadget Rule             1 iteration(s)
Identity Removal Rule         1 iteration(s)
Spider Fusion Rule            1 iteration(s)
Pivot Rule                    1 iteration(s)
Identity Removal Rule         1 iteration(s)
Spider Fusion Rule            1 iteration(s)
Pivot Rule                    1 iteration(s)
Identity Removal Rule         1 iteration(s)
Spider Fusion Rule            1 iteration(s)
Pivot Rule                    1 iteration(s)
Identity Removal Rule         1 iteration(s)
Spider Fusion Rule            2 iteration(s)
Pivot Rule                    2 iteration(s)
Identity Removal Rule         1 iteration(s)
Spider Fusion Rule            1 iteration(s)
Pivot Rule                    1 iteration(s)
Identity Removal Rule         1 iteration(s)
Spider Fusion Rule            1 iteration(s)
Identity Removal Rule         1 iteration(s)
Spider Fusion Rule            1 iteration(s)
Pivot Rule                    1 iteration(s)
Identity Removal Rule         1 iteration(s)
Spider Fusion Rule            1 iteration(s)
Pivot Rule                    2 iteration(s)
Identity Removal Rule         1 iteration(s)
Spider Fusion Rule            1 iteration(s)
Identity Removal Rule         1 iteration(s)
Spider Fusion Rule            1 iteration(s)
Pivot Rule                    1 iteration(s)
Identity Removal Rule         1 iteration(s)
Spider Fusion Rule            1 iteration(s)
Pivot Rule                    1 iteration(s)
Identity Removal Rule         1 iteration(s)
Spider Fusion Rule            1 iteration(s)
Pivot Rule                    1 iteration(s)
Identity Removal Rule         1 iteration(s)
Spider Fusion Rule            2 iteration(s)
Pivot Rule                    3 iteration(s)
Identity Removal Rule         1 iteration(s)
Spider Fusion Rule            1 iteration(s)
Pivot Gadget Rule             1 iteration(s)
Identity Removal Rule         1 iteration(s)
Spider Fusion Rule            1 iteration(s)
Pivot Rule                    1 iteration(s)
Identity Removal Rule         1 iteration(s)
Spider Fusion Rule            1 iteration(s)
Identity Removal Rule         1 iteration(s)
Spider Fusion Rule            1 iteration(s)
Pivot Rule                    1 iteration(s)
Identity Removal Rule         1 iteration(s)
Spider Fusion Rule            1 iteration(s)
Pivot Rule                    1 iteration(s)
Identity Removal Rule         1 iteration(s)
Spider Fusion Rule            1 iteration(s)
Pivot Rule                    1 iteration(s)
Identity Removal Rule         1 iteration(s)
Spider Fusion Rule            1 iteration(s)
Pivot Gadget Rule             1 iteration(s)
Identity Removal Rule         1 iteration(s)
Spider Fusion Rule            1 iteration(s)
Pivot Rule                    1 iteration(s)
Identity Removal Rule         1 iteration(s)
Spider Fusion Rule            1 iteration(s)
Identity Removal Rule         1 iteration(s)
Spider Fusion Rule            1 iteration(s)
Pivot Rule                    1 iteration(s)
Identity Removal Rule         1 iteration(s)
Spider Fusion Rule            1 iteration(s)
Pivot Rule                    2 iteration(s)
Identity Removal Rule         1 iteration(s)
Spider Fusion Rule            1 iteration(s)
Identity Removal Rule         1 iteration(s)
Spider Fusion Rule            1 iteration(s)
Pivot Rule                    1 iteration(s)
Identity Removal Rule         1 iteration(s)
Spider Fusion Rule            1 iteration(s)
Identity Removal Rule         1 iteration(s)
Spider Fusion Rule            1 iteration(s)
Pivot Rule                    1 iteration(s)
Identity Removal Rule         1 iteration(s)
Spider Fusion Rule            1 iteration(s)
Pivot Rule                    2 iteration(s)
Identity Removal Rule         1 iteration(s)
Spider Fusion Rule            1 iteration(s)
Pivot Gadget Rule             1 iteration(s)
Identity Removal Rule         1 iteration(s)
Spider Fusion Rule            1 iteration(s)
Pivot Rule                    1 iteration(s)
Identity Removal Rule         1 iteration(s)
Spider Fusion Rule            1 iteration(s)
Identity Removal Rule         1 iteration(s)
Spider Fusion Rule            1 iteration(s)
Pivot Rule                    1 iteration(s)
Identity Removal Rule         1 iteration(s)
Spider Fusion Rule            2 iteration(s)
Pivot Rule                    1 iteration(s)
Identity Removal Rule         1 iteration(s)
Pivot Boundary Rule           1 iteration(s)
Identity Removal Rule         1 iteration(s)
Pivot Boundary Rule           1 iteration(s)
Identity Removal Rule         1 iteration(s)
Spider Fusion Rule            1 iteration(s)
Pivot Rule                    1 iteration(s)
Identity Removal Rule         1 iteration(s)
Spider Fusion Rule            2 iteration(s)
Pivot Rule                    2 iteration(s)
Identity Removal Rule         1 iteration(s)
Spider Fusion Rule            1 iteration(s)
Pivot Rule                    3 iteration(s)
Identity Removal Rule         2 iteration(s)
Spider Fusion Rule            1 iteration(s)
Pivot Rule                    2 iteration(s)
Identity Removal Rule         2 iteration(s)
Spider Fusion Rule            1 iteration(s)
Pivot Rule                    2 iteration(s)
Identity Removal Rule         1 iteration(s)
Spider Fusion Rule            1 iteration(s)
Pivot Rule                    2 iteration(s)
Identity Removal Rule         2 iteration(s)

qsyn> zxgp 
Graph 1( 16 inputs, 16 outputs, 32 vertices, 16 edges )

qsyn> zxgp -q 

ID:	1	VertexType:	●	Qubit:	0	Phase:	0	#Neighbors:	1	(2580, -) 
ID:	2580	VertexType:	●	Qubit:	0	Phase:	0	#Neighbors:	1	(1, -) 


ID:	3	VertexType:	●	Qubit:	1	Phase:	0	#Neighbors:	1	(2582, -) 
ID:	2582	VertexType:	●	Qubit:	1	Phase:	0	#Neighbors:	1	(3, -) 


ID:	5	VertexType:	●	Qubit:	2	Phase:	0	#Neighbors:	1	(2584, -) 
ID:	2584	VertexType:	●	Qubit:	2	Phase:	0	#Neighbors:	1	(5, -) 


ID:	7	VertexType:	●	Qubit:	3	Phase:	0	#Neighbors:	1	(2586, -) 
ID:	2586	VertexType:	●	Qubit:	3	Phase:	0	#Neighbors:	1	(7, -) 


ID:	9	VertexType:	●	Qubit:	4	Phase:	0	#Neighbors:	1	(2588, -) 
ID:	2588	VertexType:	●	Qubit:	4	Phase:	0	#Neighbors:	1	(9, -) 


ID:	11	VertexType:	●	Qubit:	5	Phase:	0	#Neighbors:	1	(2590, -) 
ID:	2590	VertexType:	●	Qubit:	5	Phase:	0	#Neighbors:	1	(11, -) 


ID:	13	VertexType:	●	Qubit:	6	Phase:	0	#Neighbors:	1	(2592, -) 
ID:	2592	VertexType:	●	Qubit:	6	Phase:	0	#Neighbors:	1	(13, -) 


ID:	15	VertexType:	●	Qubit:	7	Phase:	0	#Neighbors:	1	(2594, -) 
ID:	2594	VertexType:	●	Qubit:	7	Phase:	0	#Neighbors:	1	(15, -) 


ID:	17	VertexType:	●	Qubit:	8	Phase:	0	#Neighbors:	1	(2596, -) 
ID:	2596	VertexType:	●	Qubit:	8	Phase:	0	#Neighbors:	1	(17, -) 


ID:	19	VertexType:	●	Qubit:	9	Phase:	0	#Neighbors:	1	(2598, -) 
ID:	2598	VertexType:	●	Qubit:	9	Phase:	0	#Neighbors:	1	(19, -) 


ID:	21	VertexType:	●	Qubit:	10	Phase:	0	#Neighbors:	1	(2600, -) 
ID:	2600	VertexType:	●	Qubit:	10	Phase:	0	#Neighbors:	1	(21, -) 


ID:	23	VertexType:	●	Qubit:	11	Phase:	0	#Neighbors:	1	(2602, -) 
ID:	2602	VertexType:	●	Qubit:	11	Phase:	0	#Neighbors:	1	(23, -) 


ID:	25	VertexType:	●	Qubit:	12	Phase:	0	#Neighbors:	1	(2604, -) 
ID:	2604	VertexType:	●	Qubit:	12	Phase:	0	#Neighbors:	1	(25, -) 


ID:	27	VertexType:	●	Qubit:	13	Phase:	0	#Neighbors:	1	(2606, -) 
ID:	2606	VertexType:	●	Qubit:	13	Phase:	0	#Neighbors:	1	(27, -) 


ID:	29	VertexType:	●	Qubit:	14	Phase:	0	#Neighbors:	1	(2608, -) 
ID:	2608	VertexType:	●	Qubit:	14	Phase:	0	#Neighbors:	1	(29, -) 


ID:	31	VertexType:	●	Qubit:	15	Phase:	0	#Neighbors:	1	(2610, -) 
ID:	2610	VertexType:	●	Qubit:	15	Phase:	0	#Neighbors:	1	(31, -) 


qsyn> usage
Period time used : 0.36 seconds
Total time used  : 0.36 seconds
Total memory used: 16.5 M Bytes

qsyn> q -f

