DV Lab, NTUEE, Qsyn 0.3.0
qsyn> color 0
Note: colored is set to 0

qsyn> ver 0
Note: verbose level is set to 0

qsyn> qccr ../../benchmark/benchmark_SABRE/large/ham15_107.qasm
Note: QCir list is empty now. Create a new one.

qsyn> qccp -a
───── Quantum Circuit Analysis ─────

> Decompose into basic gate set

Clifford: 4948
└── CX: 3858
T-family: 3815
Others  : 0


qsyn> qc2zx

qsyn> zxgs -fr

qsyn> usage
Period time used : 1.25 seconds
Total time used  : 1.25 seconds
Total memory used: 47.91 M Bytes

qsyn> zx2qc
Finish extracting!

qsyn> usage
Period time used : 1.83 seconds
Total time used  : 3.08 seconds
Total memory used: 47.91 M Bytes

qsyn> qcp
-> #QCir: 2
-> Now focus on: 1

qsyn> qccp -a
───── Quantum Circuit Analysis ─────

> Decompose into basic gate set

Clifford: 11297
└── CX: 7685
T-family: 1805
Others  : 0


qsyn> qc2zx

qsyn> zxgadj

qsyn> zxcomp 0

qsyn> zxgs -fr

qsyn> usage
Period time used : 6.5 seconds
Total time used  : 9.58 seconds
Total memory used: 47.91 M Bytes

qsyn> zxgt -id 
The graph is an identity!

qsyn> qq -f

