DV Lab, NTUEE, Qsyn 0.4.2
qsyn> color off
Note: color mode is set to off

qsyn> verbose 0
Note: verbose level is set to 0

qsyn> qccr ../../benchmark/benchmark_SABRE/large/9symml_195.qasm

qsyn> qc2zx

qsyn> zxgsimp -fr

qsyn> zx2qc
Finish extracting!

qsyn> optimize -ph

qsyn> qc2zx

qsyn> zxgadj

qsyn> usage
Period time used : 56.23 seconds
Total time used  : 56.23 seconds
Total memory used: 968.4 M Bytes

qsyn> zxcomp 0

qsyn> usage
Period time used : 0.05 seconds
Total time used  : 56.28 seconds
Total memory used: 968.4 M Bytes

qsyn> zxgs -fr

qsyn> zxgp -a
#T-gate:                      0
#Non-(Clifford+T)-gate:       0
#Non-Clifford-gate:           0

qsyn> zxgt -id
The graph is an identity!

qsyn> qq -f

DV Lab, NTUEE, Qsyn 0.4.2
qsyn> color off
Note: color mode is set to off

qsyn> verbose 0
Note: verbose level is set to 0

qsyn> qccr ../../benchmark/benchmark_SABRE/large/adr4_197.qasm

qsyn> qc2zx

qsyn> zxgsimp -fr

qsyn> zx2qc
Finish extracting!

qsyn> optimize -ph

qsyn> qc2zx

qsyn> zxgadj

qsyn> usage
Period time used : 1.46 seconds
Total time used  : 1.46 seconds
Total memory used: 24.52 M Bytes

qsyn> zxcomp 0

qsyn> usage
Period time used : 0.01 seconds
Total time used  : 1.47 seconds
Total memory used: 24.52 M Bytes

qsyn> zxgs -fr

qsyn> zxgp -a
#T-gate:                      0
#Non-(Clifford+T)-gate:       0
#Non-Clifford-gate:           0

qsyn> zxgt -id
The graph is an identity!

qsyn> qq -f

DV Lab, NTUEE, Qsyn 0.4.2
qsyn> color off
Note: color mode is set to off

qsyn> verbose 0
Note: verbose level is set to 0

qsyn> qccr ../../benchmark/benchmark_SABRE/large/cm42a_207.qasm

qsyn> qc2zx

qsyn> zxgsimp -fr

qsyn> zx2qc
Finish extracting!

qsyn> optimize -ph

qsyn> qc2zx

qsyn> zxgadj

qsyn> usage
Period time used : 0.64 seconds
Total time used  : 0.64 seconds
Total memory used: 17.75 M Bytes

qsyn> zxcomp 0

qsyn> usage
Period time used : 0.01 seconds
Total time used  : 0.65 seconds
Total memory used: 17.75 M Bytes

qsyn> zxgs -fr

qsyn> zxgp -a
#T-gate:                      0
#Non-(Clifford+T)-gate:       0
#Non-Clifford-gate:           0

qsyn> zxgt -id
The graph is an identity!

qsyn> qq -f

DV Lab, NTUEE, Qsyn 0.4.2
qsyn> color off
Note: color mode is set to off

qsyn> verbose 0
Note: verbose level is set to 0

qsyn> qccr ../../benchmark/benchmark_SABRE/large/cm82a_208.qasm

qsyn> qc2zx

qsyn> zxgsimp -fr

qsyn> zx2qc
Finish extracting!

qsyn> optimize -ph

qsyn> qc2zx

qsyn> zxgadj

qsyn> usage
Period time used : 0.09 seconds
Total time used  : 0.09 seconds
Total memory used: 3.609 M Bytes

qsyn> zxcomp 0

qsyn> usage
Period time used : 0 seconds
Total time used  : 0.09 seconds
Total memory used: 3.609 M Bytes

qsyn> zxgs -fr

qsyn> zxgp -a
#T-gate:                      0
#Non-(Clifford+T)-gate:       0
#Non-Clifford-gate:           0

qsyn> zxgt -id
The graph is an identity!

qsyn> qq -f

DV Lab, NTUEE, Qsyn 0.4.2
qsyn> color off
Note: color mode is set to off

qsyn> verbose 0
Note: verbose level is set to 0

qsyn> qccr ../../benchmark/benchmark_SABRE/large/cm85a_209.qasm

qsyn> qc2zx

qsyn> zxgsimp -fr

qsyn> zx2qc
Finish extracting!

qsyn> optimize -ph

qsyn> qc2zx

qsyn> zxgadj

qsyn> usage
Period time used : 13.38 seconds
Total time used  : 13.38 seconds
Total memory used: 201.6 M Bytes

qsyn> zxcomp 0

qsyn> usage
Period time used : 0.02 seconds
Total time used  : 13.4 seconds
Total memory used: 201.6 M Bytes

qsyn> zxgs -fr

qsyn> zxgp -a
#T-gate:                      0
#Non-(Clifford+T)-gate:       0
#Non-Clifford-gate:           0

qsyn> zxgt -id
The graph is an identity!

qsyn> qq -f

DV Lab, NTUEE, Qsyn 0.4.2
qsyn> color off
Note: color mode is set to off

qsyn> verbose 0
Note: verbose level is set to 0

qsyn> qccr ../../benchmark/benchmark_SABRE/large/cycle10_2_110.qasm

qsyn> qc2zx

qsyn> zxgsimp -fr

qsyn> zx2qc
Finish extracting!

qsyn> optimize -ph

qsyn> qc2zx

qsyn> zxgadj

qsyn> usage
Period time used : 4.64 seconds
Total time used  : 4.64 seconds
Total memory used: 96.52 M Bytes

qsyn> zxcomp 0

qsyn> usage
Period time used : 0.01 seconds
Total time used  : 4.65 seconds
Total memory used: 96.52 M Bytes

qsyn> zxgs -fr

qsyn> zxgp -a
#T-gate:                      0
#Non-(Clifford+T)-gate:       0
#Non-Clifford-gate:           0

qsyn> zxgt -id
The graph is an identity!

qsyn> qq -f

DV Lab, NTUEE, Qsyn 0.4.2
qsyn> color off
Note: color mode is set to off

qsyn> verbose 0
Note: verbose level is set to 0

qsyn> qccr ../../benchmark/benchmark_SABRE/large/dc2_222.qasm

qsyn> qc2zx

qsyn> zxgsimp -fr

qsyn> zx2qc
Finish extracting!

qsyn> optimize -ph

qsyn> qc2zx

qsyn> zxgadj

qsyn> usage
Period time used : 8.02 seconds
Total time used  : 8.02 seconds
Total memory used: 144.7 M Bytes

qsyn> zxcomp 0

qsyn> usage
Period time used : 0 seconds
Total time used  : 8.02 seconds
Total memory used: 144.7 M Bytes

qsyn> zxgs -fr

qsyn> zxgp -a
#T-gate:                      0
#Non-(Clifford+T)-gate:       0
#Non-Clifford-gate:           0

qsyn> zxgt -id
The graph is an identity!

qsyn> qq -f

DV Lab, NTUEE, Qsyn 0.4.2
qsyn> color off
Note: color mode is set to off

qsyn> verbose 0
Note: verbose level is set to 0

qsyn> qccr ../../benchmark/benchmark_SABRE/large/dist_223.qasm

qsyn> qc2zx

qsyn> zxgsimp -fr

qsyn> zx2qc
Finish extracting!

qsyn> optimize -ph

qsyn> qc2zx

qsyn> zxgadj

qsyn> usage
Period time used : 75.54 seconds
Total time used  : 75.54 seconds
Total memory used: 1101 M Bytes

qsyn> zxcomp 0

qsyn> usage
Period time used : 0.05 seconds
Total time used  : 75.59 seconds
Total memory used: 1101 M Bytes

qsyn> zxgs -fr

qsyn> zxgp -a
#T-gate:                      0
#Non-(Clifford+T)-gate:       0
#Non-Clifford-gate:           0

qsyn> zxgt -id
The graph is an identity!

qsyn> qq -f

DV Lab, NTUEE, Qsyn 0.4.2
qsyn> color off
Note: color mode is set to off

qsyn> verbose 0
Note: verbose level is set to 0

qsyn> qccr ../../benchmark/benchmark_SABRE/large/ham15_107.qasm

qsyn> qc2zx

qsyn> zxgsimp -fr

qsyn> zx2qc
Finish extracting!

qsyn> optimize -ph

qsyn> qc2zx

qsyn> zxgadj

qsyn> usage
Period time used : 4.14 seconds
Total time used  : 4.14 seconds
Total memory used: 47.57 M Bytes

qsyn> zxcomp 0

qsyn> usage
Period time used : 0 seconds
Total time used  : 4.14 seconds
Total memory used: 47.57 M Bytes

qsyn> zxgs -fr

qsyn> zxgp -a
#T-gate:                      0
#Non-(Clifford+T)-gate:       0
#Non-Clifford-gate:           0

qsyn> zxgt -id
The graph is an identity!

qsyn> qq -f

DV Lab, NTUEE, Qsyn 0.4.2
qsyn> color off
Note: color mode is set to off

qsyn> verbose 0
Note: verbose level is set to 0

qsyn> qccr ../../benchmark/benchmark_SABRE/large/hwb8_113.qasm

qsyn> qc2zx

qsyn> zxgsimp -fr

qsyn> zx2qc
Finish extracting!

qsyn> optimize -ph

qsyn> qc2zx

qsyn> zxgadj

qsyn> usage
Period time used : 52.59 seconds
Total time used  : 52.59 seconds
Total memory used: 707.8 M Bytes

qsyn> zxcomp 0

qsyn> usage
Period time used : 0.08 seconds
Total time used  : 52.67 seconds
Total memory used: 707.8 M Bytes

qsyn> zxgs -fr

qsyn> zxgp -a
#T-gate:                      0
#Non-(Clifford+T)-gate:       0
#Non-Clifford-gate:           0

qsyn> zxgt -id
The graph is an identity!

qsyn> qq -f

DV Lab, NTUEE, Qsyn 0.4.2
qsyn> color off
Note: color mode is set to off

qsyn> verbose 0
Note: verbose level is set to 0

qsyn> qccr ../../benchmark/benchmark_SABRE/large/inc_237.qasm

qsyn> qc2zx

qsyn> zxgsimp -fr

qsyn> zx2qc
Finish extracting!

qsyn> optimize -ph

qsyn> qc2zx

qsyn> zxgadj

qsyn> usage
Period time used : 11.31 seconds
Total time used  : 11.31 seconds
Total memory used: 279.2 M Bytes

qsyn> zxcomp 0

qsyn> usage
Period time used : 0.01 seconds
Total time used  : 11.32 seconds
Total memory used: 279.2 M Bytes

qsyn> zxgs -fr

qsyn> zxgp -a
#T-gate:                      0
#Non-(Clifford+T)-gate:       0
#Non-Clifford-gate:           0

qsyn> zxgt -id
The graph is an identity!

qsyn> qq -f

DV Lab, NTUEE, Qsyn 0.4.2
qsyn> color off
Note: color mode is set to off

qsyn> verbose 0
Note: verbose level is set to 0

qsyn> qccr ../../benchmark/benchmark_SABRE/large/life_238.qasm

qsyn> qc2zx

qsyn> zxgsimp -fr

qsyn> zx2qc
Finish extracting!

qsyn> optimize -ph

qsyn> qc2zx

qsyn> zxgadj

qsyn> usage
Period time used : 23.85 seconds
Total time used  : 23.85 seconds
Total memory used: 373.5 M Bytes

qsyn> zxcomp 0

qsyn> usage
Period time used : 0.03 seconds
Total time used  : 23.88 seconds
Total memory used: 373.5 M Bytes

qsyn> zxgs -fr

qsyn> zxgp -a
#T-gate:                      0
#Non-(Clifford+T)-gate:       0
#Non-Clifford-gate:           0

qsyn> zxgt -id
The graph is an identity!

qsyn> qq -f

DV Lab, NTUEE, Qsyn 0.4.2
qsyn> color off
Note: color mode is set to off

qsyn> verbose 0
Note: verbose level is set to 0

qsyn> qccr ../../benchmark/benchmark_SABRE/large/mlp4_245.qasm

qsyn> qc2zx

qsyn> zxgsimp -fr

qsyn> zx2qc
Finish extracting!

qsyn> optimize -ph

qsyn> qc2zx

qsyn> zxgadj

qsyn> usage
Period time used : 44.63 seconds
Total time used  : 44.63 seconds
Total memory used: 836 M Bytes

qsyn> zxcomp 0

qsyn> usage
Period time used : 0.04 seconds
Total time used  : 44.67 seconds
Total memory used: 836 M Bytes

qsyn> zxgs -fr

qsyn> zxgp -a
#T-gate:                      0
#Non-(Clifford+T)-gate:       0
#Non-Clifford-gate:           0

qsyn> zxgt -id
The graph is an identity!

qsyn> qq -f

DV Lab, NTUEE, Qsyn 0.4.2
qsyn> color off
Note: color mode is set to off

qsyn> verbose 0
Note: verbose level is set to 0

qsyn> qccr ../../benchmark/benchmark_SABRE/large/pm1_249.qasm

qsyn> qc2zx

qsyn> zxgsimp -fr

qsyn> zx2qc
Finish extracting!

qsyn> optimize -ph

qsyn> qc2zx

qsyn> zxgadj

qsyn> usage
Period time used : 0.69 seconds
Total time used  : 0.69 seconds
Total memory used: 17.72 M Bytes

qsyn> zxcomp 0

qsyn> usage
Period time used : 0 seconds
Total time used  : 0.69 seconds
Total memory used: 17.72 M Bytes

qsyn> zxgs -fr

qsyn> zxgp -a
#T-gate:                      0
#Non-(Clifford+T)-gate:       0
#Non-Clifford-gate:           0

qsyn> zxgt -id
The graph is an identity!

qsyn> qq -f

DV Lab, NTUEE, Qsyn 0.4.2
qsyn> color off
Note: color mode is set to off

qsyn> verbose 0
Note: verbose level is set to 0

qsyn> qccr ../../benchmark/benchmark_SABRE/large/qft_10.qasm

qsyn> qc2zx

qsyn> zxgsimp -fr

qsyn> zx2qc
Finish extracting!

qsyn> optimize -ph

qsyn> qc2zx

qsyn> zxgadj

qsyn> usage
Period time used : 0 seconds
Total time used  : 0 seconds
Total memory used: 1.703 M Bytes

qsyn> zxcomp 0

qsyn> usage
Period time used : 0.01 seconds
Total time used  : 0.01 seconds
Total memory used: 1.703 M Bytes

qsyn> zxgs -fr

qsyn> zxgp -a
#T-gate:                      0
#Non-(Clifford+T)-gate:       0
#Non-Clifford-gate:           0

qsyn> zxgt -id
The graph is an identity!

qsyn> qq -f

DV Lab, NTUEE, Qsyn 0.4.2
qsyn> color off
Note: color mode is set to off

qsyn> verbose 0
Note: verbose level is set to 0

qsyn> qccr ../../benchmark/benchmark_SABRE/large/qft_n20.qasm

qsyn> qc2zx

qsyn> zxgsimp -fr

qsyn> zx2qc
Finish extracting!

qsyn> optimize -ph

qsyn> qc2zx

qsyn> zxgadj

qsyn> usage
Period time used : 0.13 seconds
Total time used  : 0.13 seconds
Total memory used: 4.43 M Bytes

qsyn> zxcomp 0

qsyn> usage
Period time used : 0 seconds
Total time used  : 0.13 seconds
Total memory used: 4.805 M Bytes

qsyn> zxgs -fr

qsyn> zxgp -a
#T-gate:                      30
#Non-(Clifford+T)-gate:       204
#Non-Clifford-gate:           234

qsyn> zxgt -id
The graph is not an identity!

qsyn> qq -f

DV Lab, NTUEE, Qsyn 0.4.2
qsyn> color off
Note: color mode is set to off

qsyn> verbose 0
Note: verbose level is set to 0

qsyn> qccr ../../benchmark/benchmark_SABRE/large/rd53_251.qasm

qsyn> qc2zx

qsyn> zxgsimp -fr

qsyn> zx2qc
Finish extracting!

qsyn> optimize -ph

qsyn> qc2zx

qsyn> zxgadj

qsyn> usage
Period time used : 0.22 seconds
Total time used  : 0.22 seconds
Total memory used: 5.352 M Bytes

qsyn> zxcomp 0

qsyn> usage
Period time used : 0 seconds
Total time used  : 0.22 seconds
Total memory used: 5.844 M Bytes

qsyn> zxgs -fr

qsyn> zxgp -a
#T-gate:                      0
#Non-(Clifford+T)-gate:       0
#Non-Clifford-gate:           0

qsyn> zxgt -id
The graph is an identity!

qsyn> qq -f

DV Lab, NTUEE, Qsyn 0.4.2
qsyn> color off
Note: color mode is set to off

qsyn> verbose 0
Note: verbose level is set to 0

qsyn> qccr ../../benchmark/benchmark_SABRE/large/rd73_252.qasm

qsyn> qc2zx

qsyn> zxgsimp -fr

qsyn> zx2qc
Finish extracting!

qsyn> optimize -ph

qsyn> qc2zx

qsyn> zxgadj

qsyn> usage
Period time used : 1.76 seconds
Total time used  : 1.76 seconds
Total memory used: 25.96 M Bytes

qsyn> zxcomp 0

qsyn> usage
Period time used : 0 seconds
Total time used  : 1.76 seconds
Total memory used: 25.96 M Bytes

qsyn> zxgs -fr

qsyn> zxgp -a
#T-gate:                      0
#Non-(Clifford+T)-gate:       0
#Non-Clifford-gate:           0

qsyn> zxgt -id
The graph is an identity!

qsyn> qq -f

DV Lab, NTUEE, Qsyn 0.4.2
qsyn> color off
Note: color mode is set to off

qsyn> verbose 0
Note: verbose level is set to 0

qsyn> qccr ../../benchmark/benchmark_SABRE/large/rd84_253.qasm

qsyn> qc2zx

qsyn> zxgsimp -fr

qsyn> zx2qc
Finish extracting!

qsyn> optimize -ph

qsyn> qc2zx

qsyn> zxgadj

qsyn> usage
Period time used : 13.06 seconds
Total time used  : 13.06 seconds
Total memory used: 276.5 M Bytes

qsyn> zxcomp 0

qsyn> usage
Period time used : 0.02 seconds
Total time used  : 13.08 seconds
Total memory used: 276.9 M Bytes

qsyn> zxgs -fr

qsyn> zxgp -a
#T-gate:                      0
#Non-(Clifford+T)-gate:       0
#Non-Clifford-gate:           0

qsyn> zxgt -id
The graph is an identity!

qsyn> qq -f

DV Lab, NTUEE, Qsyn 0.4.2
qsyn> color off
Note: color mode is set to off

qsyn> verbose 0
Note: verbose level is set to 0

qsyn> qccr ../../benchmark/benchmark_SABRE/large/root_255.qasm

qsyn> qc2zx

qsyn> zxgsimp -fr

qsyn> zx2qc
Finish extracting!

qsyn> optimize -ph

qsyn> qc2zx

qsyn> zxgadj

qsyn> usage
Period time used : 22.86 seconds
Total time used  : 22.86 seconds
Total memory used: 536.9 M Bytes

qsyn> zxcomp 0

qsyn> usage
Period time used : 0.03 seconds
Total time used  : 22.89 seconds
Total memory used: 536.9 M Bytes

qsyn> zxgs -fr

qsyn> zxgp -a
#T-gate:                      0
#Non-(Clifford+T)-gate:       0
#Non-Clifford-gate:           0

qsyn> zxgt -id
The graph is an identity!

qsyn> qq -f

DV Lab, NTUEE, Qsyn 0.4.2
qsyn> color off
Note: color mode is set to off

qsyn> verbose 0
Note: verbose level is set to 0

qsyn> qccr ../../benchmark/benchmark_SABRE/large/sqn_258.qasm

qsyn> qc2zx

qsyn> zxgsimp -fr

qsyn> zx2qc
Finish extracting!

qsyn> optimize -ph

qsyn> qc2zx

qsyn> zxgadj

qsyn> usage
Period time used : 7.73 seconds
Total time used  : 7.73 seconds
Total memory used: 196.5 M Bytes

qsyn> zxcomp 0

qsyn> usage
Period time used : 0.02 seconds
Total time used  : 7.75 seconds
Total memory used: 196.5 M Bytes

qsyn> zxgs -fr

qsyn> zxgp -a
#T-gate:                      0
#Non-(Clifford+T)-gate:       0
#Non-Clifford-gate:           0

qsyn> zxgt -id
The graph is an identity!

qsyn> qq -f

DV Lab, NTUEE, Qsyn 0.4.2
qsyn> color off
Note: color mode is set to off

qsyn> verbose 0
Note: verbose level is set to 0

qsyn> qccr ../../benchmark/benchmark_SABRE/large/sqrt8_260.qasm

qsyn> qc2zx

qsyn> zxgsimp -fr

qsyn> zx2qc
Finish extracting!

qsyn> optimize -ph

qsyn> qc2zx

qsyn> zxgadj

qsyn> usage
Period time used : 1.47 seconds
Total time used  : 1.47 seconds
Total memory used: 33.1 M Bytes

qsyn> zxcomp 0

qsyn> usage
Period time used : 0.01 seconds
Total time used  : 1.48 seconds
Total memory used: 33.1 M Bytes

qsyn> zxgs -fr

qsyn> zxgp -a
#T-gate:                      0
#Non-(Clifford+T)-gate:       0
#Non-Clifford-gate:           0

qsyn> zxgt -id
The graph is an identity!

qsyn> qq -f

DV Lab, NTUEE, Qsyn 0.4.2
qsyn> color off
Note: color mode is set to off

qsyn> verbose 0
Note: verbose level is set to 0

qsyn> qccr ../../benchmark/benchmark_SABRE/large/square_root_7.qasm

qsyn> qc2zx

qsyn> zxgsimp -fr

qsyn> zx2qc
Finish extracting!

qsyn> optimize -ph

qsyn> qc2zx

qsyn> zxgadj

qsyn> usage
Period time used : 1.62 seconds
Total time used  : 1.62 seconds
Total memory used: 21.98 M Bytes

qsyn> zxcomp 0

qsyn> usage
Period time used : 0 seconds
Total time used  : 1.62 seconds
Total memory used: 24 M Bytes

qsyn> zxgs -fr

qsyn> zxgp -a
#T-gate:                      0
#Non-(Clifford+T)-gate:       0
#Non-Clifford-gate:           0

qsyn> zxgt -id
The graph is an identity!

qsyn> qq -f

DV Lab, NTUEE, Qsyn 0.4.2
qsyn> color off
Note: color mode is set to off

qsyn> verbose 0
Note: verbose level is set to 0

qsyn> qccr ../../benchmark/benchmark_SABRE/large/urf1_149.qasm

qsyn> qc2zx

qsyn> zxgsimp -fr

qsyn> zx2qc
Finish extracting!

qsyn> optimize -ph

qsyn> qc2zx

qsyn> zxgadj

qsyn> usage
Period time used : 95.19 seconds
Total time used  : 95.19 seconds
Total memory used: 853.7 M Bytes

qsyn> zxcomp 0

qsyn> usage
Period time used : 0.2 seconds
Total time used  : 95.39 seconds
Total memory used: 880.4 M Bytes

qsyn> zxgs -fr

qsyn> zxgp -a
#T-gate:                      0
#Non-(Clifford+T)-gate:       0
#Non-Clifford-gate:           0

qsyn> zxgt -id
The graph is an identity!

qsyn> qq -f

DV Lab, NTUEE, Qsyn 0.4.2
qsyn> color off
Note: color mode is set to off

qsyn> verbose 0
Note: verbose level is set to 0

qsyn> qccr ../../benchmark/benchmark_SABRE/large/urf1_278.qasm

qsyn> qc2zx

qsyn> zxgsimp -fr

qsyn> zx2qc
Finish extracting!

qsyn> optimize -ph

qsyn> qc2zx

qsyn> zxgadj

qsyn> usage
Period time used : 25.89 seconds
Total time used  : 25.89 seconds
Total memory used: 377.1 M Bytes

qsyn> zxcomp 0

qsyn> usage
Period time used : 0.1 seconds
Total time used  : 25.99 seconds
Total memory used: 380.3 M Bytes

qsyn> zxgs -fr

qsyn> zxgp -a
#T-gate:                      0
#Non-(Clifford+T)-gate:       0
#Non-Clifford-gate:           0

qsyn> zxgt -id
The graph is an identity!

qsyn> qq -f

DV Lab, NTUEE, Qsyn 0.4.2
qsyn> color off
Note: color mode is set to off

qsyn> verbose 0
Note: verbose level is set to 0

qsyn> qccr ../../benchmark/benchmark_SABRE/large/urf2_277.qasm

qsyn> qc2zx

qsyn> zxgsimp -fr

qsyn> zx2qc
Finish extracting!

qsyn> optimize -ph

qsyn> qc2zx

qsyn> zxgadj

qsyn> usage
Period time used : 5.02 seconds
Total time used  : 5.02 seconds
Total memory used: 99.52 M Bytes

qsyn> zxcomp 0

qsyn> usage
Period time used : 0.03 seconds
Total time used  : 5.05 seconds
Total memory used: 110.1 M Bytes

qsyn> zxgs -fr

qsyn> zxgp -a
#T-gate:                      0
#Non-(Clifford+T)-gate:       0
#Non-Clifford-gate:           0

qsyn> zxgt -id
The graph is an identity!

qsyn> qq -f

DV Lab, NTUEE, Qsyn 0.4.2
qsyn> color off
Note: color mode is set to off

qsyn> verbose 0
Note: verbose level is set to 0

qsyn> qccr ../../benchmark/benchmark_SABRE/large/z4_268.qasm

qsyn> qc2zx

qsyn> zxgsimp -fr

qsyn> zx2qc
Finish extracting!

qsyn> optimize -ph

qsyn> qc2zx

qsyn> zxgadj

qsyn> usage
Period time used : 0.98 seconds
Total time used  : 0.98 seconds
Total memory used: 12.79 M Bytes

qsyn> zxcomp 0

qsyn> usage
Period time used : 0 seconds
Total time used  : 0.98 seconds
Total memory used: 13.84 M Bytes

qsyn> zxgs -fr

qsyn> zxgp -a
#T-gate:                      0
#Non-(Clifford+T)-gate:       0
#Non-Clifford-gate:           0

qsyn> zxgt -id
The graph is an identity!

qsyn> qq -f

