DV Lab, NTUEE, Qsyn 0.3.0
qsyn> color 0
Note: colored is set to 0

qsyn> ver 0
Note: verbose level is set to 0

qsyn> qccr ../../benchmark/benchmark_SABRE/large/cm85a_209.qasm
Note: QCir list is empty now. Create a new one.

qsyn> qccp -a
───── Quantum Circuit Analysis ─────

> Decompose into basic gate set

Clifford: 6430
└── CX: 4986
T-family: 4984
Others  : 0


qsyn> qc2zx

qsyn> zxgs -fr

qsyn> usage
Period time used : 7.51 seconds
Total time used  : 7.51 seconds
Total memory used: 203.2 M Bytes

qsyn> zx2qc
Finish extracting!

qsyn> usage
Period time used : 2.89 seconds
Total time used  : 10.4 seconds
Total memory used: 203.2 M Bytes

qsyn> qcp
-> #QCir: 2
-> Now focus on: 1

qsyn> qccp -a
───── Quantum Circuit Analysis ─────

> Decompose into basic gate set

Clifford: 16209
└── CX: 12595
T-family: 1950
Others  : 0


qsyn> qc2zx

qsyn> zxgadj

qsyn> zxcomp 0

qsyn> zxgs -fr

qsyn> usage
Period time used : 13.63 seconds
Total time used  : 24.03 seconds
Total memory used: 203.2 M Bytes

qsyn> zxgt -id 
The graph is an identity!

qsyn> qq -f

