DV Lab, NTUEE, Qsyn 0.3.0
qsyn> color 0
Note: colored is set to 0

qsyn> ver 0
Note: verbose level is set to 0

qsyn> qccr ../../benchmark/benchmark_SABRE/large/urf1_149.qasm
Note: QCir list is empty now. Create a new one.

qsyn> qccp -a
───── Quantum Circuit Analysis ─────

> Decompose into basic gate set

Clifford: 103986
└── CX: 80878
T-family: 80878
Others  : 0


qsyn> qc2zx

qsyn> zxgs -fr

qsyn> usage
Period time used : 30.86 seconds
Total time used  : 30.86 seconds
Total memory used: 853.6 M Bytes

qsyn> zx2qc
Finish extracting!

qsyn> usage
Period time used : 29.54 seconds
Total time used  : 60.4 seconds
Total memory used: 853.6 M Bytes

qsyn> qcp
-> #QCir: 2
-> Now focus on: 1

qsyn> qccp -a
───── Quantum Circuit Analysis ─────

> Decompose into basic gate set

Clifford: 221428
└── CX: 121832
T-family: 40380
Others  : 0


qsyn> qc2zx

qsyn> zxgadj

qsyn> zxcomp 0

qsyn> zxgs -fr

qsyn> usage
Period time used : 2584 seconds
Total time used  : 2644 seconds
Total memory used: 854.7 M Bytes

qsyn> zxgt -id 
The graph is an identity!

qsyn> qq -f

