DV Lab, NTUEE, Qsyn 0.4.2
qsyn> color off
Note: color mode is set to off

qsyn> ver 0
Note: verbose level is set to 0

qsyn> qccread benchmark/benchmark_SABRE/large/life_238.qasm

qsyn> qc2zx

qsyn> qccr ref/optimize/circuit/iter0.qasm 

qsyn> qc2zx

qsyn> zxgadj

qsyn> zxcomp 0 

qsyn> zxgs -fr  

qsyn> zxgp -s  
Graph 1( 16 inputs, 16 outputs, 32 vertices, 16 edges )
#T-gate:                      0
#Non-(Clifford+T)-gate:       0
#Non-Clifford-gate:           0

qsyn> zxgt -id
The graph is an identity!

qsyn> qccr ref/optimize/circuit/iter1.qasm

qsyn> qc2zx 

qsyn> zxgadj

qsyn> zxcomp 0 

qsyn> zxgs -fr  

qsyn> zxgp -s       
Graph 2( 16 inputs, 16 outputs, 32 vertices, 16 edges )
#T-gate:                      0
#Non-(Clifford+T)-gate:       0
#Non-Clifford-gate:           0

qsyn> zxgt -id
The graph is an identity!

qsyn> qq -f

