DV Lab, NTUEE, Qsyn 0.3.0
qsyn> color 0
Note: colored is set to 0

qsyn> qccr ../../../pyzx/demos/extracted_circuit_opt2/9symml_195.qasm
Create and checkout to QCir 0

qsyn> qccp -a
───── Quantum Circuit Analysis ─────

> Decompose into basic gate set

Clifford: 30409
└── CX: 14257
T-family: 6450
Others  : 0


qsyn> qq -f

DV Lab, NTUEE, Qsyn 0.3.0
qsyn> color 0
Note: colored is set to 0

qsyn> qccr ../../../pyzx/demos/extracted_circuit_opt2/adr4_197.qasm
Create and checkout to QCir 0

qsyn> qccp -a
───── Quantum Circuit Analysis ─────

> Decompose into basic gate set

Clifford: 3260
└── CX: 1436
T-family: 692
Others  : 0


qsyn> qq -f

DV Lab, NTUEE, Qsyn 0.3.0
qsyn> color 0
Note: colored is set to 0

qsyn> qccr ../../../pyzx/demos/extracted_circuit_opt2/cm42a_207.qasm
Create and checkout to QCir 0

qsyn> qccp -a
───── Quantum Circuit Analysis ─────

> Decompose into basic gate set

Clifford: 1676
└── CX: 667
T-family: 370
Others  : 0


qsyn> qq -f

DV Lab, NTUEE, Qsyn 0.3.0
qsyn> color 0
Note: colored is set to 0

qsyn> qccr ../../../pyzx/demos/extracted_circuit_opt2/cm82a_208.qasm
Create and checkout to QCir 0

qsyn> qccp -a
───── Quantum Circuit Analysis ─────

> Decompose into basic gate set

Clifford: 714
└── CX: 276
T-family: 122
Others  : 0


qsyn> qq -f

DV Lab, NTUEE, Qsyn 0.3.0
qsyn> color 0
Note: colored is set to 0

qsyn> qccr ../../../pyzx/demos/extracted_circuit_opt2/cm85a_209.qasm
Create and checkout to QCir 0

qsyn> qccp -a
───── Quantum Circuit Analysis ─────

> Decompose into basic gate set

Clifford: 9929
└── CX: 4967
T-family: 1950
Others  : 0


qsyn> qq -f

DV Lab, NTUEE, Qsyn 0.3.0
qsyn> color 0
Note: colored is set to 0

qsyn> qccr ../../../pyzx/demos/extracted_circuit_opt2/cycle10_2_110.qasm
Create and checkout to QCir 0

qsyn> qccp -a
───── Quantum Circuit Analysis ─────

> Decompose into basic gate set

Clifford: 5689
└── CX: 2477
T-family: 1160
Others  : 0


qsyn> qq -f

DV Lab, NTUEE, Qsyn 0.3.0
qsyn> color 0
Note: colored is set to 0

qsyn> qccr ../../../pyzx/demos/extracted_circuit_opt2/dc2_222.qasm
Create and checkout to QCir 0

qsyn> qccp -a
───── Quantum Circuit Analysis ─────

> Decompose into basic gate set

Clifford: 8315
└── CX: 3813
T-family: 1758
Others  : 0


qsyn> qq -f

DV Lab, NTUEE, Qsyn 0.3.0
qsyn> color 0
Note: colored is set to 0

qsyn> qccr ../../../pyzx/demos/extracted_circuit_opt2/dist_223.qasm
Create and checkout to QCir 0

qsyn> qccp -a
───── Quantum Circuit Analysis ─────

> Decompose into basic gate set

Clifford: 34364
└── CX: 15344
T-family: 6868
Others  : 0


qsyn> qq -f

DV Lab, NTUEE, Qsyn 0.3.0
qsyn> color 0
Note: colored is set to 0

qsyn> qccr ../../../pyzx/demos/extracted_circuit_opt2/ham15_107.qasm
Create and checkout to QCir 0

qsyn> qccp -a
───── Quantum Circuit Analysis ─────

> Decompose into basic gate set

Clifford: 8506
└── CX: 3602
T-family: 1805
Others  : 0


qsyn> qq -f

DV Lab, NTUEE, Qsyn 0.3.0
qsyn> color 0
Note: colored is set to 0

qsyn> qccr ../../../pyzx/demos/extracted_circuit_opt2/hwb8_113.qasm
Create and checkout to QCir 0

qsyn> qccp -a
───── Quantum Circuit Analysis ─────

> Decompose into basic gate set

Clifford: 65684
└── CX: 26692
T-family: 14934
Others  : 0


qsyn> qq -f

DV Lab, NTUEE, Qsyn 0.3.0
qsyn> color 0
Note: colored is set to 0

qsyn> qccr ../../../pyzx/demos/extracted_circuit_opt2/inc_237.qasm
Create and checkout to QCir 0

qsyn> qccp -a
───── Quantum Circuit Analysis ─────

> Decompose into basic gate set

Clifford: 8689
└── CX: 3893
T-family: 1942
Others  : 0


qsyn> qq -f

DV Lab, NTUEE, Qsyn 0.3.0
qsyn> color 0
Note: colored is set to 0

qsyn> qccr ../../../pyzx/demos/extracted_circuit_opt2/life_238.qasm
Create and checkout to QCir 0

qsyn> qccp -a
───── Quantum Circuit Analysis ─────

> Decompose into basic gate set

Clifford: 19614
└── CX: 9367
T-family: 4152
Others  : 0


qsyn> qq -f

DV Lab, NTUEE, Qsyn 0.3.0
qsyn> color 0
Note: colored is set to 0

qsyn> qccr ../../../pyzx/demos/extracted_circuit_opt2/mlp4_245.qasm
Create and checkout to QCir 0

qsyn> qccp -a
───── Quantum Circuit Analysis ─────

> Decompose into basic gate set

Clifford: 16132
└── CX: 7478
T-family: 3324
Others  : 0


qsyn> qq -f

DV Lab, NTUEE, Qsyn 0.3.0
qsyn> color 0
Note: colored is set to 0

qsyn> qccr ../../../pyzx/demos/extracted_circuit_opt2/pm1_249.qasm
Create and checkout to QCir 0

qsyn> qccp -a
───── Quantum Circuit Analysis ─────

> Decompose into basic gate set

Clifford: 1676
└── CX: 667
T-family: 370
Others  : 0


qsyn> qq -f

DV Lab, NTUEE, Qsyn 0.3.0
qsyn> color 0
Note: colored is set to 0

qsyn> qccr ../../../pyzx/demos/extracted_circuit_opt2/qft_10.qasm
Create and checkout to QCir 0

qsyn> qccp -a
───── Quantum Circuit Analysis ─────

> Decompose into basic gate set

Clifford: 0
└── CX: 0
T-family: 0
Others  : 0


qsyn> qq -f

DV Lab, NTUEE, Qsyn 0.3.0
qsyn> color 0
Note: colored is set to 0

qsyn> qccr ../../../pyzx/demos/extracted_circuit_opt2/qft_n20.qasm
Create and checkout to QCir 0

qsyn> qccp -a
───── Quantum Circuit Analysis ─────

> Decompose into basic gate set

Clifford: 1417
└── CX: 530
T-family: 21
Others  : 174


qsyn> qq -f

DV Lab, NTUEE, Qsyn 0.3.0
qsyn> color 0
Note: colored is set to 0

qsyn> qccr ../../../pyzx/demos/extracted_circuit_opt2/rd53_251.qasm
Create and checkout to QCir 0

qsyn> qccp -a
───── Quantum Circuit Analysis ─────

> Decompose into basic gate set

Clifford: 1256
└── CX: 506
T-family: 280
Others  : 0


qsyn> qq -f

DV Lab, NTUEE, Qsyn 0.3.0
qsyn> color 0
Note: colored is set to 0

qsyn> qccr ../../../pyzx/demos/extracted_circuit_opt2/rd73_252.qasm
Create and checkout to QCir 0

qsyn> qccp -a
───── Quantum Circuit Analysis ─────

> Decompose into basic gate set

Clifford: 5048
└── CX: 2229
T-family: 1045
Others  : 0


qsyn> qq -f

DV Lab, NTUEE, Qsyn 0.3.0
qsyn> color 0
Note: colored is set to 0

qsyn> qccr ../../../pyzx/demos/extracted_circuit_opt2/rd84_253.qasm
Create and checkout to QCir 0

qsyn> qccp -a
───── Quantum Circuit Analysis ─────

> Decompose into basic gate set

Clifford: 12349
└── CX: 5599
T-family: 2625
Others  : 0


qsyn> qq -f

DV Lab, NTUEE, Qsyn 0.3.0
qsyn> color 0
Note: colored is set to 0

qsyn> qccr ../../../pyzx/demos/extracted_circuit_opt2/root_255.qasm
Create and checkout to QCir 0

qsyn> qccp -a
───── Quantum Circuit Analysis ─────

> Decompose into basic gate set

Clifford: 15403
└── CX: 6981
T-family: 3114
Others  : 0


qsyn> qq -f

DV Lab, NTUEE, Qsyn 0.3.0
qsyn> color 0
Note: colored is set to 0

qsyn> qccr ../../../pyzx/demos/extracted_circuit_opt2/sqn_258.qasm
Create and checkout to QCir 0

qsyn> qccp -a
───── Quantum Circuit Analysis ─────

> Decompose into basic gate set

Clifford: 9913
└── CX: 4159
T-family: 2097
Others  : 0


qsyn> qq -f

DV Lab, NTUEE, Qsyn 0.3.0
qsyn> color 0
Note: colored is set to 0

qsyn> qccr ../../../pyzx/demos/extracted_circuit_opt2/sqrt8_260.qasm
Create and checkout to QCir 0

qsyn> qccp -a
───── Quantum Circuit Analysis ─────

> Decompose into basic gate set

Clifford: 2881
└── CX: 1204
T-family: 581
Others  : 0


qsyn> qq -f

DV Lab, NTUEE, Qsyn 0.3.0
qsyn> color 0
Note: colored is set to 0

qsyn> qccr ../../../pyzx/demos/extracted_circuit_opt2/square_root_7.qasm
Create and checkout to QCir 0

qsyn> qccp -a
───── Quantum Circuit Analysis ─────

> Decompose into basic gate set

Clifford: 6008
└── CX: 2559
T-family: 1109
Others  : 0


qsyn> qq -f

DV Lab, NTUEE, Qsyn 0.3.0
qsyn> color 0
Note: colored is set to 0

qsyn> qccr ../../../pyzx/demos/extracted_circuit_opt2/urf1_149.qasm
Create and checkout to QCir 0

qsyn> qccp -a
───── Quantum Circuit Analysis ─────

> Decompose into basic gate set

Clifford: 228451
└── CX: 81241
T-family: 40380
Others  : 0


qsyn> qq -f

DV Lab, NTUEE, Qsyn 0.3.0
qsyn> color 0
Note: colored is set to 0

qsyn> qccr ../../../pyzx/demos/extracted_circuit_opt2/urf1_278.qasm
Create and checkout to QCir 0

qsyn> qccp -a
───── Quantum Circuit Analysis ─────

> Decompose into basic gate set

Clifford: 70753
└── CX: 27615
T-family: 12772
Others  : 0


qsyn> qq -f

DV Lab, NTUEE, Qsyn 0.3.0
qsyn> color 0
Note: colored is set to 0

qsyn> qccr ../../../pyzx/demos/extracted_circuit_opt2/urf2_277.qasm
Create and checkout to QCir 0

qsyn> qccp -a
───── Quantum Circuit Analysis ─────

> Decompose into basic gate set

Clifford: 29734
└── CX: 10933
T-family: 5063
Others  : 0


qsyn> qq -f

DV Lab, NTUEE, Qsyn 0.3.0
qsyn> color 0
Note: colored is set to 0

qsyn> qccr ../../../pyzx/demos/extracted_circuit_opt2/z4_268.qasm
Create and checkout to QCir 0

qsyn> qccp -a
───── Quantum Circuit Analysis ─────

> Decompose into basic gate set

Clifford: 2919
└── CX: 1289
T-family: 631
Others  : 0


qsyn> qq -f

